[35m[1mConsolidate compiler generated dependencies of target oreyard[0m
[ 50%] Built target miner
[ 75%] [32mBuilding CXX object CMakeFiles/oreyard.dir/src/publisher_oreyard.cpp.o[0m
In file included from [01m[K/home/dl/ROSHW_ws/src/mine_pubsub/src/publisher_oreyard.cpp:1[m[K:
[01m[K/home/dl/ROSHW_ws/src/mine_pubsub/include/mine_pubsub/publisher_oreyard.hpp:36:40:[m[K [01;31m[Kerror: [m[K‘[01m[Ksrv[m[K’ is not a member of ‘[01m[Kmy_interfaces[m[K’; did you mean ‘[01m[Krcl_interfaces::srv[m[K’?
   36 |         rclcpp::Service<my_interfaces::[01;31m[Ksrv[m[K::Digging>::SharedPtr oreyard_server_;
      |                                        [01;31m[K^~~[m[K
In file included from [01m[K/opt/ros/humble/include/rcl_interfaces/rcl_interfaces/srv/describe_parameters.hpp:7[m[K,
                 from [01m[K/opt/ros/humble/include/rclcpp/rclcpp/parameter_client.hpp:28[m[K,
                 from [01m[K/opt/ros/humble/include/rclcpp/rclcpp/rclcpp.hpp:159[m[K,
                 from [01m[K/home/dl/ROSHW_ws/src/mine_pubsub/include/mine_pubsub/publisher_oreyard.hpp:9[m[K,
                 from [01m[K/home/dl/ROSHW_ws/src/mine_pubsub/src/publisher_oreyard.cpp:1[m[K:
[01m[K/opt/ros/humble/include/rcl_interfaces/rcl_interfaces/srv/detail/describe_parameters__struct.hpp:27:11:[m[K [01;36m[Knote: [m[K‘[01m[Krcl_interfaces::srv[m[K’ declared here
   27 | namespace [01;36m[Ksrv[m[K
      |           [01;36m[K^~~[m[K
In file included from [01m[K/home/dl/ROSHW_ws/src/mine_pubsub/src/publisher_oreyard.cpp:1[m[K:
[01m[K/home/dl/ROSHW_ws/src/mine_pubsub/include/mine_pubsub/publisher_oreyard.hpp:36:52:[m[K [01;31m[Kerror: [m[Ktemplate argument 1 is invalid
   36 |         rclcpp::Service<my_interfaces::srv::Digging[01;31m[K>[m[K::SharedPtr oreyard_server_;
      |                                                    [01;31m[K^[m[K
[01m[K/home/dl/ROSHW_ws/src/mine_pubsub/include/mine_pubsub/publisher_oreyard.hpp:36:55:[m[K [01;31m[Kerror: [m[Kexpected ‘[01m[K;[m[K’ at end of member declaration
   36 |         rclcpp::Service<my_interfaces::srv::Digging>::[01;31m[KSharedPtr[m[K oreyard_server_;
      |                                                       [01;31m[K^~~~~~~~~[m[K
      |                                                                [32m[K;[m[K
[01m[K/home/dl/ROSHW_ws/src/mine_pubsub/include/mine_pubsub/publisher_oreyard.hpp:36:65:[m[K [01;31m[Kerror: [m[K‘[01m[Koreyard_server_[m[K’ does not name a type
   36 |         rclcpp::Service<my_interfaces::srv::Digging>::SharedPtr [01;31m[Koreyard_server_[m[K;
      |                                                                 [01;31m[K^~~~~~~~~~~~~~~[m[K
gmake[2]: *** [CMakeFiles/oreyard.dir/build.make:76：CMakeFiles/oreyard.dir/src/publisher_oreyard.cpp.o] 错误 1
gmake[1]: *** [CMakeFiles/Makefile2:139：CMakeFiles/oreyard.dir/all] 错误 2
gmake: *** [Makefile:146：all] 错误 2
