[0.006s] Invoking command in '/home/dl/ROSHW_ws/build/mine_pubsub': AMENT_PREFIX_PATH=/home/dl/ROSHW_ws/install/my_interfaces:${AMENT_PREFIX_PATH} CMAKE_PREFIX_PATH=/home/dl/ROSHW_ws/install/my_interfaces:/opt/ros/humble LD_LIBRARY_PATH=/home/dl/ROSHW_ws/install/my_interfaces/lib:${LD_LIBRARY_PATH} PYTHONPATH=/home/dl/ROSHW_ws/install/my_interfaces/local/lib/python3.10/dist-packages:${PYTHONPATH} /usr/bin/cmake --build /home/dl/ROSHW_ws/build/mine_pubsub -- -j16 -l16
[0.037s] [35m[1mConsolidate compiler generated dependencies of target oreyard[0m
[0.047s] [ 50%] Built target miner
[0.050s] [ 75%] [32mBuilding CXX object CMakeFiles/oreyard.dir/src/publisher_oreyard.cpp.o[0m
[1.769s] In file included from [01m[K/home/dl/ROSHW_ws/src/mine_pubsub/src/publisher_oreyard.cpp:1[m[K:
[1.769s] [01m[K/home/dl/ROSHW_ws/src/mine_pubsub/include/mine_pubsub/publisher_oreyard.hpp:36:40:[m[K [01;31m[Kerror: [m[K‘[01m[Ksrv[m[K’ is not a member of ‘[01m[Kmy_interfaces[m[K’; did you mean ‘[01m[Krcl_interfaces::srv[m[K’?
[1.769s]    36 |         rclcpp::Service<my_interfaces::[01;31m[Ksrv[m[K::Digging>::SharedPtr oreyard_server_;
[1.769s]       |                                        [01;31m[K^~~[m[K
[1.769s] In file included from [01m[K/opt/ros/humble/include/rcl_interfaces/rcl_interfaces/srv/describe_parameters.hpp:7[m[K,
[1.769s]                  from [01m[K/opt/ros/humble/include/rclcpp/rclcpp/parameter_client.hpp:28[m[K,
[1.769s]                  from [01m[K/opt/ros/humble/include/rclcpp/rclcpp/rclcpp.hpp:159[m[K,
[1.769s]                  from [01m[K/home/dl/ROSHW_ws/src/mine_pubsub/include/mine_pubsub/publisher_oreyard.hpp:9[m[K,
[1.769s]                  from [01m[K/home/dl/ROSHW_ws/src/mine_pubsub/src/publisher_oreyard.cpp:1[m[K:
[1.769s] [01m[K/opt/ros/humble/include/rcl_interfaces/rcl_interfaces/srv/detail/describe_parameters__struct.hpp:27:11:[m[K [01;36m[Knote: [m[K‘[01m[Krcl_interfaces::srv[m[K’ declared here
[1.769s]    27 | namespace [01;36m[Ksrv[m[K
[1.769s]       |           [01;36m[K^~~[m[K
[1.770s] In file included from [01m[K/home/dl/ROSHW_ws/src/mine_pubsub/src/publisher_oreyard.cpp:1[m[K:
[1.770s] [01m[K/home/dl/ROSHW_ws/src/mine_pubsub/include/mine_pubsub/publisher_oreyard.hpp:36:52:[m[K [01;31m[Kerror: [m[Ktemplate argument 1 is invalid
[1.770s]    36 |         rclcpp::Service<my_interfaces::srv::Digging[01;31m[K>[m[K::SharedPtr oreyard_server_;
[1.770s]       |                                                    [01;31m[K^[m[K
[1.770s] [01m[K/home/dl/ROSHW_ws/src/mine_pubsub/include/mine_pubsub/publisher_oreyard.hpp:36:55:[m[K [01;31m[Kerror: [m[Kexpected ‘[01m[K;[m[K’ at end of member declaration
[1.770s]    36 |         rclcpp::Service<my_interfaces::srv::Digging>::[01;31m[KSharedPtr[m[K oreyard_server_;
[1.770s]       |                                                       [01;31m[K^~~~~~~~~[m[K
[1.770s]       |                                                                [32m[K;[m[K
[1.771s] [01m[K/home/dl/ROSHW_ws/src/mine_pubsub/include/mine_pubsub/publisher_oreyard.hpp:36:65:[m[K [01;31m[Kerror: [m[K‘[01m[Koreyard_server_[m[K’ does not name a type
[1.771s]    36 |         rclcpp::Service<my_interfaces::srv::Digging>::SharedPtr [01;31m[Koreyard_server_[m[K;
[1.771s]       |                                                                 [01;31m[K^~~~~~~~~~~~~~~[m[K
[1.783s] In file included from [01m[K/opt/ros/humble/include/rclcpp/rclcpp/logging.hpp:24[m[K,
[1.783s]                  from [01m[K/opt/ros/humble/include/rclcpp/rclcpp/client.hpp:40[m[K,
[1.784s]                  from [01m[K/opt/ros/humble/include/rclcpp/rclcpp/callback_group.hpp:24[m[K,
[1.784s]                  from [01m[K/opt/ros/humble/include/rclcpp/rclcpp/any_executable.hpp:20[m[K,
[1.784s]                  from [01m[K/opt/ros/humble/include/rclcpp/rclcpp/memory_strategy.hpp:25[m[K,
[1.784s]                  from [01m[K/opt/ros/humble/include/rclcpp/rclcpp/memory_strategies.hpp:18[m[K,
[1.784s]                  from [01m[K/opt/ros/humble/include/rclcpp/rclcpp/executor_options.hpp:20[m[K,
[1.784s]                  from [01m[K/opt/ros/humble/include/rclcpp/rclcpp/executor.hpp:37[m[K,
[1.784s]                  from [01m[K/opt/ros/humble/include/rclcpp/rclcpp/executors/multi_threaded_executor.hpp:25[m[K,
[1.784s]                  from [01m[K/opt/ros/humble/include/rclcpp/rclcpp/executors.hpp:21[m[K,
[1.784s]                  from [01m[K/opt/ros/humble/include/rclcpp/rclcpp/rclcpp.hpp:155[m[K,
[1.784s]                  from [01m[K/home/dl/ROSHW_ws/src/mine_pubsub/include/mine_pubsub/publisher_oreyard.hpp:9[m[K,
[1.784s]                  from [01m[K/home/dl/ROSHW_ws/src/mine_pubsub/src/publisher_oreyard.cpp:1[m[K:
[1.784s] [01m[K/home/dl/ROSHW_ws/src/mine_pubsub/src/publisher_oreyard.cpp:[m[K In member function ‘[01m[Kvoid Mine::OreyardPublisher::timer_callback()[m[K’:
[1.784s] [01m[K/home/dl/ROSHW_ws/src/mine_pubsub/src/publisher_oreyard.cpp:37:83:[m[K [01;31m[Kerror: [m[Kinvalid operands of types ‘[01m[Kconst char [40][m[K’ and ‘[01m[Kstd::vector<my_interfaces::msg::Mineral_<std::allocator<void> >, std::allocator<my_interfaces::msg::Mineral_<std::allocator<void> > > >::size_type[m[K’ {aka ‘[01m[Klong unsigned int[m[K’} to binary ‘[01m[Koperator<<[m[K’
[1.784s]    37 |         RCLCPP_INFO(this->get_logger(), [32m[K"Publishing: The number of minerals is '"[m[K [01;31m[K<<[m[K [34m[Kthis->mineral_list_.minerals.size()[m[K << "'");
[1.784s]       |                                         [32m[K~~~~~~~~~~~~~~~~~~~~~~~~~~~~~~~~~~~~~~~~~[m[K [01;31m[K^~[m[K [34m[K~~~~~~~~~~~~~~~~~~~~~~~~~~~~~~~~~~~[m[K
[1.784s]       |                                         [32m[K|[m[K                                                                             [34m[K|[m[K
[1.784s]       |                                         [32m[Kconst char [40][m[K                                                               [34m[Kstd::vector<my_interfaces::msg::Mineral_<std::allocator<void> >, std::allocator<my_interfaces::msg::Mineral_<std::allocator<void> > > >::size_type {aka long unsigned int}[m[K
[2.385s] gmake[2]: *** [CMakeFiles/oreyard.dir/build.make:76：CMakeFiles/oreyard.dir/src/publisher_oreyard.cpp.o] 错误 1
[2.385s] gmake[1]: *** [CMakeFiles/Makefile2:139：CMakeFiles/oreyard.dir/all] 错误 2
[2.385s] gmake: *** [Makefile:146：all] 错误 2
[2.386s] Invoked command in '/home/dl/ROSHW_ws/build/mine_pubsub' returned '2': AMENT_PREFIX_PATH=/home/dl/ROSHW_ws/install/my_interfaces:${AMENT_PREFIX_PATH} CMAKE_PREFIX_PATH=/home/dl/ROSHW_ws/install/my_interfaces:/opt/ros/humble LD_LIBRARY_PATH=/home/dl/ROSHW_ws/install/my_interfaces/lib:${LD_LIBRARY_PATH} PYTHONPATH=/home/dl/ROSHW_ws/install/my_interfaces/local/lib/python3.10/dist-packages:${PYTHONPATH} /usr/bin/cmake --build /home/dl/ROSHW_ws/build/mine_pubsub -- -j16 -l16
