[0.009s] Invoking command in '/home/dl/ROSHW_ws/build/my_interfaces': CMAKE_PREFIX_PATH=/opt/ros/humble /usr/bin/cmake /home/dl/ROSHW_ws/src/my_interfaces -DAMENT_CMAKE_SYMLINK_INSTALL=1 -DCMAKE_INSTALL_PREFIX=/home/dl/ROSHW_ws/install/my_interfaces
[0.044s] -- The C compiler identification is GNU 11.4.0
[0.084s] -- The CXX compiler identification is GNU 11.4.0
[0.089s] -- Detecting C compiler ABI info
[0.135s] -- Detecting C compiler ABI info - done
[0.143s] -- Check for working C compiler: /usr/bin/cc - skipped
[0.144s] -- Detecting C compile features
[0.144s] -- Detecting C compile features - done
[0.146s] -- Detecting CXX compiler ABI info
[0.195s] -- Detecting CXX compiler ABI info - done
[0.203s] -- Check for working CXX compiler: /usr/bin/c++ - skipped
[0.204s] -- Detecting CXX compile features
[0.205s] -- Detecting CXX compile features - done
[0.207s] -- Found ament_cmake: 1.3.5 (/opt/ros/humble/share/ament_cmake/cmake)
[0.321s] -- Found Python3: /usr/bin/python3.10 (found version "3.10.12") found components: Interpreter 
[0.368s] -- Override CMake install command with custom implementation using symlinks instead of copying resources
[0.390s] -- Found rosidl_default_generators: 1.2.0 (/opt/ros/humble/share/rosidl_default_generators/cmake)
[0.392s] -- Using all available rosidl_typesupport_c: rosidl_typesupport_fastrtps_c;rosidl_typesupport_introspection_c
[0.396s] -- Found rosidl_adapter: 3.1.5 (/opt/ros/humble/share/rosidl_adapter/cmake)
[0.426s] -- Using all available rosidl_typesupport_cpp: rosidl_typesupport_fastrtps_cpp;rosidl_typesupport_introspection_cpp
[0.451s] -- Found geometry_msgs: 4.2.3 (/opt/ros/humble/share/geometry_msgs/cmake)
[0.758s] -- Found ament_cmake_ros: 0.10.0 (/opt/ros/humble/share/ament_cmake_ros/cmake)
[0.934s] -- Using all available rosidl_typesupport_c: rosidl_typesupport_fastrtps_c;rosidl_typesupport_introspection_c
[1.163s] -- Using all available rosidl_typesupport_cpp: rosidl_typesupport_fastrtps_cpp;rosidl_typesupport_introspection_cpp
[1.178s] -- Found PythonInterp: /usr/bin/python3 (found suitable version "3.10.12", minimum required is "3.6") 
[1.179s] -- Found python_cmake_module: 0.10.0 (/opt/ros/humble/share/python_cmake_module/cmake)
[1.199s] -- Found PythonLibs: /usr/lib/x86_64-linux-gnu/libpython3.10.so (found suitable version "3.10.12", minimum required is "3.5") 
[1.199s] -- Using PYTHON_EXECUTABLE: /usr/bin/python3
[1.199s] -- Using PYTHON_INCLUDE_DIRS: /usr/include/python3.10
[1.199s] -- Using PYTHON_LIBRARIES: /usr/lib/x86_64-linux-gnu/libpython3.10.so
[1.215s] -- Found PythonExtra: .so  
[1.263s] -- Configuring done
[1.288s] -- Generating done
[1.290s] -- Build files have been written to: /home/dl/ROSHW_ws/build/my_interfaces
[1.300s] Invoked command in '/home/dl/ROSHW_ws/build/my_interfaces' returned '0': CMAKE_PREFIX_PATH=/opt/ros/humble /usr/bin/cmake /home/dl/ROSHW_ws/src/my_interfaces -DAMENT_CMAKE_SYMLINK_INSTALL=1 -DCMAKE_INSTALL_PREFIX=/home/dl/ROSHW_ws/install/my_interfaces
[1.301s] Invoking command in '/home/dl/ROSHW_ws/build/my_interfaces': CMAKE_PREFIX_PATH=/opt/ros/humble /usr/bin/cmake --build /home/dl/ROSHW_ws/build/my_interfaces -- -j16 -l16
[1.329s] [  2%] [34m[1mGenerating C code for ROS interfaces[0m
[1.336s] [  5%] [34m[1mGenerating C++ code for ROS interfaces[0m
[1.342s] [  5%] Built target ament_cmake_python_symlink_my_interfaces
[1.560s] running egg_info
[1.561s] creating my_interfaces.egg-info
[1.561s] writing my_interfaces.egg-info/PKG-INFO
[1.561s] writing dependency_links to my_interfaces.egg-info/dependency_links.txt
[1.561s] writing top-level names to my_interfaces.egg-info/top_level.txt
[1.562s] writing manifest file 'my_interfaces.egg-info/SOURCES.txt'
[1.564s] reading manifest file 'my_interfaces.egg-info/SOURCES.txt'
[1.564s] writing manifest file 'my_interfaces.egg-info/SOURCES.txt'
[1.565s] [  5%] Built target my_interfaces__cpp
[1.566s] [ 10%] [32mBuilding C object CMakeFiles/my_interfaces__rosidl_generator_c.dir/rosidl_generator_c/my_interfaces/msg/detail/mineral_array__functions.c.o[0m
[1.566s] [ 10%] [32mBuilding C object CMakeFiles/my_interfaces__rosidl_generator_c.dir/rosidl_generator_c/my_interfaces/msg/detail/mineral__functions.c.o[0m
[1.573s] [ 17%] [34m[1mGenerating C++ type support dispatch for ROS interfaces[0m
[1.573s] [ 17%] [34m[1mGenerating C++ introspection for ROS interfaces[0m
[1.573s] [ 17%] [34m[1mGenerating C++ type support for eProsima Fast-RTPS[0m
[1.600s] [ 20%] Built target ament_cmake_python_build_my_interfaces_egg
[1.600s] [ 20%] [32m[1mLinking C shared library libmy_interfaces__rosidl_generator_c.so[0m
[1.630s] [ 20%] Built target my_interfaces__rosidl_generator_c
[1.638s] [ 28%] [34m[1mGenerating C introspection for ROS interfaces[0m
[1.638s] [ 28%] [34m[1mGenerating C type support dispatch for ROS interfaces[0m
[1.638s] [ 28%] [34m[1mGenerating C type support for eProsima Fast-RTPS[0m
[1.775s] [ 33%] [32mBuilding CXX object CMakeFiles/my_interfaces__rosidl_typesupport_cpp.dir/rosidl_typesupport_cpp/my_interfaces/msg/mineral__type_support.cpp.o[0m
[1.776s] [ 33%] [32mBuilding CXX object CMakeFiles/my_interfaces__rosidl_typesupport_cpp.dir/rosidl_typesupport_cpp/my_interfaces/msg/mineral_array__type_support.cpp.o[0m
[1.800s] [ 35%] [32mBuilding CXX object CMakeFiles/my_interfaces__rosidl_typesupport_introspection_cpp.dir/rosidl_typesupport_introspection_cpp/my_interfaces/msg/detail/mineral__type_support.cpp.o[0m
[1.801s] [ 38%] [32mBuilding CXX object CMakeFiles/my_interfaces__rosidl_typesupport_introspection_cpp.dir/rosidl_typesupport_introspection_cpp/my_interfaces/msg/detail/mineral_array__type_support.cpp.o[0m
[1.815s] [ 43%] [32mBuilding CXX object CMakeFiles/my_interfaces__rosidl_typesupport_fastrtps_cpp.dir/rosidl_typesupport_fastrtps_cpp/my_interfaces/msg/detail/dds_fastrtps/mineral_array__type_support.cpp.o[0m
[1.815s] [ 43%] [32mBuilding CXX object CMakeFiles/my_interfaces__rosidl_typesupport_fastrtps_cpp.dir/rosidl_typesupport_fastrtps_cpp/my_interfaces/msg/detail/dds_fastrtps/mineral__type_support.cpp.o[0m
[1.872s] [ 46%] [32mBuilding CXX object CMakeFiles/my_interfaces__rosidl_typesupport_c.dir/rosidl_typesupport_c/my_interfaces/msg/mineral__type_support.cpp.o[0m
[1.873s] [ 48%] [32mBuilding CXX object CMakeFiles/my_interfaces__rosidl_typesupport_c.dir/rosidl_typesupport_c/my_interfaces/msg/mineral_array__type_support.cpp.o[0m
[1.896s] [ 53%] [32mBuilding C object CMakeFiles/my_interfaces__rosidl_typesupport_introspection_c.dir/rosidl_typesupport_introspection_c/my_interfaces/msg/detail/mineral_array__type_support.c.o[0m
[1.896s] [ 53%] [32mBuilding C object CMakeFiles/my_interfaces__rosidl_typesupport_introspection_c.dir/rosidl_typesupport_introspection_c/my_interfaces/msg/detail/mineral__type_support.c.o[0m
[1.900s] [ 56%] [32mBuilding CXX object CMakeFiles/my_interfaces__rosidl_typesupport_fastrtps_c.dir/rosidl_typesupport_fastrtps_c/my_interfaces/msg/detail/mineral__type_support_c.cpp.o[0m
[1.903s] [ 58%] [32mBuilding CXX object CMakeFiles/my_interfaces__rosidl_typesupport_fastrtps_c.dir/rosidl_typesupport_fastrtps_c/my_interfaces/msg/detail/mineral_array__type_support_c.cpp.o[0m
[1.903s] [ 61%] [32m[1mLinking CXX shared library libmy_interfaces__rosidl_typesupport_c.so[0m
[1.942s] [ 64%] [32m[1mLinking C shared library libmy_interfaces__rosidl_typesupport_introspection_c.so[0m
[1.943s] [ 64%] Built target my_interfaces__rosidl_typesupport_c
[1.971s] [ 64%] Built target my_interfaces__rosidl_typesupport_introspection_c
[2.041s] [ 66%] [32m[1mLinking CXX shared library libmy_interfaces__rosidl_typesupport_cpp.so[0m
[2.072s] [ 66%] Built target my_interfaces__rosidl_typesupport_cpp
[2.206s] [ 69%] [32m[1mLinking CXX shared library libmy_interfaces__rosidl_typesupport_fastrtps_cpp.so[0m
[2.212s] [ 71%] [32m[1mLinking CXX shared library libmy_interfaces__rosidl_typesupport_introspection_cpp.so[0m
[2.227s] [ 74%] [32m[1mLinking CXX shared library libmy_interfaces__rosidl_typesupport_fastrtps_c.so[0m
[2.281s] [ 74%] Built target my_interfaces__rosidl_typesupport_fastrtps_cpp
[2.286s] [ 74%] Built target my_interfaces__rosidl_typesupport_introspection_cpp
[2.294s] [ 74%] Built target my_interfaces__rosidl_typesupport_fastrtps_c
[2.306s] [ 74%] Built target my_interfaces
[2.321s] [ 76%] [34m[1mGenerating Python code for ROS interfaces[0m
[2.590s] [ 76%] Built target my_interfaces__py
[2.602s] [ 82%] [32mBuilding C object CMakeFiles/my_interfaces__rosidl_generator_py.dir/rosidl_generator_py/my_interfaces/msg/_mineral_array_s.c.o[0m
[2.602s] [ 82%] [32mBuilding C object CMakeFiles/my_interfaces__rosidl_generator_py.dir/rosidl_generator_py/my_interfaces/msg/_mineral_s.c.o[0m
[2.670s] [ 84%] [32m[1mLinking C shared library rosidl_generator_py/my_interfaces/libmy_interfaces__rosidl_generator_py.so[0m
[2.698s] [ 84%] Built target my_interfaces__rosidl_generator_py
[2.711s] [ 92%] [32mBuilding C object CMakeFiles/my_interfaces__rosidl_typesupport_introspection_c__pyext.dir/rosidl_generator_py/my_interfaces/_my_interfaces_s.ep.rosidl_typesupport_introspection_c.c.o[0m
[2.711s] [ 92%] [32mBuilding C object CMakeFiles/my_interfaces__rosidl_typesupport_c__pyext.dir/rosidl_generator_py/my_interfaces/_my_interfaces_s.ep.rosidl_typesupport_c.c.o[0m
[2.711s] [ 92%] [32mBuilding C object CMakeFiles/my_interfaces__rosidl_typesupport_fastrtps_c__pyext.dir/rosidl_generator_py/my_interfaces/_my_interfaces_s.ep.rosidl_typesupport_fastrtps_c.c.o[0m
[2.781s] [ 97%] [32m[1mLinking C shared library rosidl_generator_py/my_interfaces/my_interfaces_s__rosidl_typesupport_introspection_c.cpython-310-x86_64-linux-gnu.so[0m
[2.781s] [ 97%] [32m[1mLinking C shared library rosidl_generator_py/my_interfaces/my_interfaces_s__rosidl_typesupport_c.cpython-310-x86_64-linux-gnu.so[0m
[2.795s] [100%] [32m[1mLinking C shared library rosidl_generator_py/my_interfaces/my_interfaces_s__rosidl_typesupport_fastrtps_c.cpython-310-x86_64-linux-gnu.so[0m
[2.809s] [100%] Built target my_interfaces__rosidl_typesupport_c__pyext
[2.809s] [100%] Built target my_interfaces__rosidl_typesupport_introspection_c__pyext
[2.823s] [100%] Built target my_interfaces__rosidl_typesupport_fastrtps_c__pyext
[2.832s] Invoked command in '/home/dl/ROSHW_ws/build/my_interfaces' returned '0': CMAKE_PREFIX_PATH=/opt/ros/humble /usr/bin/cmake --build /home/dl/ROSHW_ws/build/my_interfaces -- -j16 -l16
[2.879s] Invoking command in '/home/dl/ROSHW_ws/build/my_interfaces': CMAKE_PREFIX_PATH=/opt/ros/humble /usr/bin/cmake --install /home/dl/ROSHW_ws/build/my_interfaces
[2.883s] -- Install configuration: ""
[2.884s] -- Execute custom install script
[2.884s] -- Symlinking: /home/dl/ROSHW_ws/install/my_interfaces/share/ament_index/resource_index/rosidl_interfaces/my_interfaces
[2.890s] -- Symlinking: /home/dl/ROSHW_ws/install/my_interfaces/include/my_interfaces/my_interfaces/msg/detail/mineral__functions.h
[2.895s] -- Symlinking: /home/dl/ROSHW_ws/install/my_interfaces/include/my_interfaces/my_interfaces/msg/detail/mineral__struct.h
[2.900s] -- Symlinking: /home/dl/ROSHW_ws/install/my_interfaces/include/my_interfaces/my_interfaces/msg/detail/mineral__type_support.h
[2.905s] -- Symlinking: /home/dl/ROSHW_ws/install/my_interfaces/include/my_interfaces/my_interfaces/msg/detail/mineral_array__functions.h
[2.910s] -- Symlinking: /home/dl/ROSHW_ws/install/my_interfaces/include/my_interfaces/my_interfaces/msg/detail/mineral_array__struct.h
[2.916s] -- Symlinking: /home/dl/ROSHW_ws/install/my_interfaces/include/my_interfaces/my_interfaces/msg/detail/mineral_array__type_support.h
[2.922s] -- Symlinking: /home/dl/ROSHW_ws/install/my_interfaces/include/my_interfaces/my_interfaces/msg/mineral.h
[2.927s] -- Symlinking: /home/dl/ROSHW_ws/install/my_interfaces/include/my_interfaces/my_interfaces/msg/mineral_array.h
[2.933s] -- Symlinking: /home/dl/ROSHW_ws/install/my_interfaces/include/my_interfaces/my_interfaces/msg/rosidl_generator_c__visibility_control.h
[2.938s] -- Symlinking: /home/dl/ROSHW_ws/install/my_interfaces/share/my_interfaces/environment/library_path.sh
[2.943s] -- Symlinking: /home/dl/ROSHW_ws/install/my_interfaces/share/my_interfaces/environment/library_path.dsv
[2.948s] -- Symlinking: /home/dl/ROSHW_ws/install/my_interfaces/include/my_interfaces/my_interfaces/msg/detail/mineral__rosidl_typesupport_fastrtps_c.h
[2.953s] -- Symlinking: /home/dl/ROSHW_ws/install/my_interfaces/include/my_interfaces/my_interfaces/msg/detail/mineral_array__rosidl_typesupport_fastrtps_c.h
[2.958s] -- Symlinking: /home/dl/ROSHW_ws/install/my_interfaces/include/my_interfaces/my_interfaces/msg/rosidl_typesupport_fastrtps_c__visibility_control.h
[2.963s] -- Symlinking: /home/dl/ROSHW_ws/install/my_interfaces/include/my_interfaces/my_interfaces/msg/detail/mineral__rosidl_typesupport_introspection_c.h
[2.968s] -- Symlinking: /home/dl/ROSHW_ws/install/my_interfaces/include/my_interfaces/my_interfaces/msg/detail/mineral_array__rosidl_typesupport_introspection_c.h
[2.973s] -- Symlinking: /home/dl/ROSHW_ws/install/my_interfaces/include/my_interfaces/my_interfaces/msg/rosidl_typesupport_introspection_c__visibility_control.h
[2.978s] -- Symlinking: /home/dl/ROSHW_ws/install/my_interfaces/include/my_interfaces/my_interfaces/msg/detail/mineral__builder.hpp
[2.983s] -- Symlinking: /home/dl/ROSHW_ws/install/my_interfaces/include/my_interfaces/my_interfaces/msg/detail/mineral__struct.hpp
[2.988s] -- Symlinking: /home/dl/ROSHW_ws/install/my_interfaces/include/my_interfaces/my_interfaces/msg/detail/mineral__traits.hpp
[2.994s] -- Symlinking: /home/dl/ROSHW_ws/install/my_interfaces/include/my_interfaces/my_interfaces/msg/detail/mineral_array__builder.hpp
[2.998s] -- Symlinking: /home/dl/ROSHW_ws/install/my_interfaces/include/my_interfaces/my_interfaces/msg/detail/mineral_array__struct.hpp
[3.003s] -- Symlinking: /home/dl/ROSHW_ws/install/my_interfaces/include/my_interfaces/my_interfaces/msg/detail/mineral_array__traits.hpp
[3.008s] -- Symlinking: /home/dl/ROSHW_ws/install/my_interfaces/include/my_interfaces/my_interfaces/msg/mineral.hpp
[3.015s] -- Symlinking: /home/dl/ROSHW_ws/install/my_interfaces/include/my_interfaces/my_interfaces/msg/mineral_array.hpp
[3.021s] -- Symlinking: /home/dl/ROSHW_ws/install/my_interfaces/include/my_interfaces/my_interfaces/msg/detail/mineral__rosidl_typesupport_fastrtps_cpp.hpp
[3.026s] -- Symlinking: /home/dl/ROSHW_ws/install/my_interfaces/include/my_interfaces/my_interfaces/msg/detail/mineral_array__rosidl_typesupport_fastrtps_cpp.hpp
[3.032s] -- Symlinking: /home/dl/ROSHW_ws/install/my_interfaces/include/my_interfaces/my_interfaces/msg/rosidl_typesupport_fastrtps_cpp__visibility_control.h
[3.037s] -- Symlinking: /home/dl/ROSHW_ws/install/my_interfaces/include/my_interfaces/my_interfaces/msg/detail/mineral__rosidl_typesupport_introspection_cpp.hpp
[3.043s] -- Symlinking: /home/dl/ROSHW_ws/install/my_interfaces/include/my_interfaces/my_interfaces/msg/detail/mineral_array__rosidl_typesupport_introspection_cpp.hpp
[3.048s] -- Symlinking: /home/dl/ROSHW_ws/install/my_interfaces/share/my_interfaces/environment/pythonpath.sh
[3.054s] -- Symlinking: /home/dl/ROSHW_ws/install/my_interfaces/share/my_interfaces/environment/pythonpath.dsv
[3.061s] -- Symlinking: /home/dl/ROSHW_ws/install/my_interfaces/local/lib/python3.10/dist-packages/my_interfaces-0.0.0-py3.10.egg-info/PKG-INFO
[3.066s] -- Symlinking: /home/dl/ROSHW_ws/install/my_interfaces/local/lib/python3.10/dist-packages/my_interfaces-0.0.0-py3.10.egg-info/SOURCES.txt
[3.072s] -- Symlinking: /home/dl/ROSHW_ws/install/my_interfaces/local/lib/python3.10/dist-packages/my_interfaces-0.0.0-py3.10.egg-info/dependency_links.txt
[3.079s] -- Symlinking: /home/dl/ROSHW_ws/install/my_interfaces/local/lib/python3.10/dist-packages/my_interfaces-0.0.0-py3.10.egg-info/top_level.txt
[3.085s] -- Symlinking: /home/dl/ROSHW_ws/install/my_interfaces/local/lib/python3.10/dist-packages/my_interfaces/__init__.py
[3.092s] -- Symlinking: /home/dl/ROSHW_ws/install/my_interfaces/local/lib/python3.10/dist-packages/my_interfaces/_my_interfaces_s.ep.rosidl_typesupport_c.c
[3.098s] -- Symlinking: /home/dl/ROSHW_ws/install/my_interfaces/local/lib/python3.10/dist-packages/my_interfaces/_my_interfaces_s.ep.rosidl_typesupport_fastrtps_c.c
[3.103s] -- Symlinking: /home/dl/ROSHW_ws/install/my_interfaces/local/lib/python3.10/dist-packages/my_interfaces/_my_interfaces_s.ep.rosidl_typesupport_introspection_c.c
[3.108s] -- Symlinking: /home/dl/ROSHW_ws/install/my_interfaces/local/lib/python3.10/dist-packages/my_interfaces/libmy_interfaces__rosidl_generator_py.so
[3.113s] -- Symlinking: /home/dl/ROSHW_ws/install/my_interfaces/local/lib/python3.10/dist-packages/my_interfaces/msg/__init__.py
[3.119s] -- Symlinking: /home/dl/ROSHW_ws/install/my_interfaces/local/lib/python3.10/dist-packages/my_interfaces/msg/_mineral.py
[3.125s] -- Symlinking: /home/dl/ROSHW_ws/install/my_interfaces/local/lib/python3.10/dist-packages/my_interfaces/msg/_mineral_array.py
[3.130s] -- Symlinking: /home/dl/ROSHW_ws/install/my_interfaces/local/lib/python3.10/dist-packages/my_interfaces/msg/_mineral_array_s.c
[3.136s] -- Symlinking: /home/dl/ROSHW_ws/install/my_interfaces/local/lib/python3.10/dist-packages/my_interfaces/msg/_mineral_s.c
[3.141s] -- Symlinking: /home/dl/ROSHW_ws/install/my_interfaces/local/lib/python3.10/dist-packages/my_interfaces/my_interfaces_s__rosidl_typesupport_c.cpython-310-x86_64-linux-gnu.so
[3.146s] -- Symlinking: /home/dl/ROSHW_ws/install/my_interfaces/local/lib/python3.10/dist-packages/my_interfaces/my_interfaces_s__rosidl_typesupport_fastrtps_c.cpython-310-x86_64-linux-gnu.so
[3.151s] -- Symlinking: /home/dl/ROSHW_ws/install/my_interfaces/local/lib/python3.10/dist-packages/my_interfaces/my_interfaces_s__rosidl_typesupport_introspection_c.cpython-310-x86_64-linux-gnu.so
[3.155s] -- Up-to-date symlink: /home/dl/ROSHW_ws/install/my_interfaces/local/lib/python3.10/dist-packages/my_interfaces/my_interfaces_s__rosidl_typesupport_fastrtps_c.cpython-310-x86_64-linux-gnu.so
[3.156s] -- Up-to-date symlink: /home/dl/ROSHW_ws/install/my_interfaces/local/lib/python3.10/dist-packages/my_interfaces/my_interfaces_s__rosidl_typesupport_introspection_c.cpython-310-x86_64-linux-gnu.so
[3.156s] -- Up-to-date symlink: /home/dl/ROSHW_ws/install/my_interfaces/local/lib/python3.10/dist-packages/my_interfaces/my_interfaces_s__rosidl_typesupport_c.cpython-310-x86_64-linux-gnu.so
[3.156s] -- Symlinking: /home/dl/ROSHW_ws/install/my_interfaces/share/my_interfaces/msg/Mineral.idl
[3.161s] -- Symlinking: /home/dl/ROSHW_ws/install/my_interfaces/share/my_interfaces/msg/MineralArray.idl
[3.166s] -- Symlinking: /home/dl/ROSHW_ws/install/my_interfaces/share/my_interfaces/msg/Mineral.msg
[3.170s] -- Symlinking: /home/dl/ROSHW_ws/install/my_interfaces/share/my_interfaces/msg/MineralArray.msg
[3.175s] -- Symlinking: /home/dl/ROSHW_ws/install/my_interfaces/share/ament_index/resource_index/package_run_dependencies/my_interfaces
[3.180s] -- Symlinking: /home/dl/ROSHW_ws/install/my_interfaces/share/ament_index/resource_index/parent_prefix_path/my_interfaces
[3.186s] -- Symlinking: /home/dl/ROSHW_ws/install/my_interfaces/share/my_interfaces/environment/ament_prefix_path.sh
[3.192s] -- Symlinking: /home/dl/ROSHW_ws/install/my_interfaces/share/my_interfaces/environment/ament_prefix_path.dsv
[3.197s] -- Symlinking: /home/dl/ROSHW_ws/install/my_interfaces/share/my_interfaces/environment/path.sh
[3.202s] -- Symlinking: /home/dl/ROSHW_ws/install/my_interfaces/share/my_interfaces/environment/path.dsv
[3.208s] -- Symlinking: /home/dl/ROSHW_ws/install/my_interfaces/share/my_interfaces/local_setup.bash
[3.213s] -- Symlinking: /home/dl/ROSHW_ws/install/my_interfaces/share/my_interfaces/local_setup.sh
[3.218s] -- Symlinking: /home/dl/ROSHW_ws/install/my_interfaces/share/my_interfaces/local_setup.zsh
[3.225s] -- Symlinking: /home/dl/ROSHW_ws/install/my_interfaces/share/my_interfaces/local_setup.dsv
[3.231s] -- Symlinking: /home/dl/ROSHW_ws/install/my_interfaces/share/my_interfaces/package.dsv
[3.237s] -- Symlinking: /home/dl/ROSHW_ws/install/my_interfaces/share/ament_index/resource_index/packages/my_interfaces
[3.242s] -- Symlinking: /home/dl/ROSHW_ws/install/my_interfaces/share/my_interfaces/cmake/rosidl_cmake-extras.cmake
[3.247s] -- Symlinking: /home/dl/ROSHW_ws/install/my_interfaces/share/my_interfaces/cmake/ament_cmake_export_dependencies-extras.cmake
[3.252s] -- Symlinking: /home/dl/ROSHW_ws/install/my_interfaces/share/my_interfaces/cmake/ament_cmake_export_include_directories-extras.cmake
[3.257s] -- Symlinking: /home/dl/ROSHW_ws/install/my_interfaces/share/my_interfaces/cmake/ament_cmake_export_libraries-extras.cmake
[3.262s] -- Symlinking: /home/dl/ROSHW_ws/install/my_interfaces/share/my_interfaces/cmake/ament_cmake_export_targets-extras.cmake
[3.267s] -- Symlinking: /home/dl/ROSHW_ws/install/my_interfaces/share/my_interfaces/cmake/rosidl_cmake_export_typesupport_targets-extras.cmake
[3.272s] -- Symlinking: /home/dl/ROSHW_ws/install/my_interfaces/share/my_interfaces/cmake/rosidl_cmake_export_typesupport_libraries-extras.cmake
[3.276s] -- Symlinking: /home/dl/ROSHW_ws/install/my_interfaces/share/my_interfaces/cmake/my_interfacesConfig.cmake
[3.281s] -- Symlinking: /home/dl/ROSHW_ws/install/my_interfaces/share/my_interfaces/cmake/my_interfacesConfig-version.cmake
[3.286s] -- Symlinking: /home/dl/ROSHW_ws/install/my_interfaces/share/my_interfaces/package.xml
[3.291s] -- Installing: /home/dl/ROSHW_ws/install/my_interfaces/lib/libmy_interfaces__rosidl_generator_c.so
[3.291s] -- Set runtime path of "/home/dl/ROSHW_ws/install/my_interfaces/lib/libmy_interfaces__rosidl_generator_c.so" to ""
[3.291s] -- Installing: /home/dl/ROSHW_ws/install/my_interfaces/lib/libmy_interfaces__rosidl_typesupport_fastrtps_c.so
[3.291s] -- Set runtime path of "/home/dl/ROSHW_ws/install/my_interfaces/lib/libmy_interfaces__rosidl_typesupport_fastrtps_c.so" to ""
[3.291s] -- Installing: /home/dl/ROSHW_ws/install/my_interfaces/lib/libmy_interfaces__rosidl_typesupport_introspection_c.so
[3.292s] -- Set runtime path of "/home/dl/ROSHW_ws/install/my_interfaces/lib/libmy_interfaces__rosidl_typesupport_introspection_c.so" to ""
[3.292s] -- Installing: /home/dl/ROSHW_ws/install/my_interfaces/lib/libmy_interfaces__rosidl_typesupport_c.so
[3.292s] -- Set runtime path of "/home/dl/ROSHW_ws/install/my_interfaces/lib/libmy_interfaces__rosidl_typesupport_c.so" to ""
[3.292s] -- Installing: /home/dl/ROSHW_ws/install/my_interfaces/lib/libmy_interfaces__rosidl_typesupport_fastrtps_cpp.so
[3.292s] -- Set runtime path of "/home/dl/ROSHW_ws/install/my_interfaces/lib/libmy_interfaces__rosidl_typesupport_fastrtps_cpp.so" to ""
[3.292s] -- Installing: /home/dl/ROSHW_ws/install/my_interfaces/lib/libmy_interfaces__rosidl_typesupport_introspection_cpp.so
[3.292s] -- Set runtime path of "/home/dl/ROSHW_ws/install/my_interfaces/lib/libmy_interfaces__rosidl_typesupport_introspection_cpp.so" to ""
[3.292s] -- Installing: /home/dl/ROSHW_ws/install/my_interfaces/lib/libmy_interfaces__rosidl_typesupport_cpp.so
[3.293s] -- Set runtime path of "/home/dl/ROSHW_ws/install/my_interfaces/lib/libmy_interfaces__rosidl_typesupport_cpp.so" to ""
[3.316s] Listing '/home/dl/ROSHW_ws/install/my_interfaces/local/lib/python3.10/dist-packages/my_interfaces'...
[3.316s] Compiling '/home/dl/ROSHW_ws/install/my_interfaces/local/lib/python3.10/dist-packages/my_interfaces/__init__.py'...
[3.316s] Listing '/home/dl/ROSHW_ws/install/my_interfaces/local/lib/python3.10/dist-packages/my_interfaces/msg'...
[3.316s] Compiling '/home/dl/ROSHW_ws/install/my_interfaces/local/lib/python3.10/dist-packages/my_interfaces/msg/__init__.py'...
[3.316s] Compiling '/home/dl/ROSHW_ws/install/my_interfaces/local/lib/python3.10/dist-packages/my_interfaces/msg/_mineral.py'...
[3.316s] Compiling '/home/dl/ROSHW_ws/install/my_interfaces/local/lib/python3.10/dist-packages/my_interfaces/msg/_mineral_array.py'...
[3.320s] -- Installing: /home/dl/ROSHW_ws/install/my_interfaces/lib/libmy_interfaces__rosidl_generator_py.so
[3.320s] -- Set runtime path of "/home/dl/ROSHW_ws/install/my_interfaces/lib/libmy_interfaces__rosidl_generator_py.so" to ""
[3.320s] -- Installing: /home/dl/ROSHW_ws/install/my_interfaces/share/my_interfaces/cmake/export_my_interfaces__rosidl_generator_cExport.cmake
[3.320s] -- Installing: /home/dl/ROSHW_ws/install/my_interfaces/share/my_interfaces/cmake/export_my_interfaces__rosidl_generator_cExport-noconfig.cmake
[3.320s] -- Installing: /home/dl/ROSHW_ws/install/my_interfaces/share/my_interfaces/cmake/export_my_interfaces__rosidl_typesupport_fastrtps_cExport.cmake
[3.320s] -- Installing: /home/dl/ROSHW_ws/install/my_interfaces/share/my_interfaces/cmake/export_my_interfaces__rosidl_typesupport_fastrtps_cExport-noconfig.cmake
[3.320s] -- Installing: /home/dl/ROSHW_ws/install/my_interfaces/share/my_interfaces/cmake/my_interfaces__rosidl_typesupport_introspection_cExport.cmake
[3.321s] -- Installing: /home/dl/ROSHW_ws/install/my_interfaces/share/my_interfaces/cmake/my_interfaces__rosidl_typesupport_introspection_cExport-noconfig.cmake
[3.321s] -- Installing: /home/dl/ROSHW_ws/install/my_interfaces/share/my_interfaces/cmake/my_interfaces__rosidl_typesupport_cExport.cmake
[3.321s] -- Installing: /home/dl/ROSHW_ws/install/my_interfaces/share/my_interfaces/cmake/my_interfaces__rosidl_typesupport_cExport-noconfig.cmake
[3.321s] -- Installing: /home/dl/ROSHW_ws/install/my_interfaces/share/my_interfaces/cmake/export_my_interfaces__rosidl_generator_cppExport.cmake
[3.321s] -- Installing: /home/dl/ROSHW_ws/install/my_interfaces/share/my_interfaces/cmake/export_my_interfaces__rosidl_typesupport_fastrtps_cppExport.cmake
[3.321s] -- Installing: /home/dl/ROSHW_ws/install/my_interfaces/share/my_interfaces/cmake/export_my_interfaces__rosidl_typesupport_fastrtps_cppExport-noconfig.cmake
[3.321s] -- Installing: /home/dl/ROSHW_ws/install/my_interfaces/share/my_interfaces/cmake/my_interfaces__rosidl_typesupport_introspection_cppExport.cmake
[3.321s] -- Installing: /home/dl/ROSHW_ws/install/my_interfaces/share/my_interfaces/cmake/my_interfaces__rosidl_typesupport_introspection_cppExport-noconfig.cmake
[3.321s] -- Installing: /home/dl/ROSHW_ws/install/my_interfaces/share/my_interfaces/cmake/my_interfaces__rosidl_typesupport_cppExport.cmake
[3.321s] -- Installing: /home/dl/ROSHW_ws/install/my_interfaces/share/my_interfaces/cmake/my_interfaces__rosidl_typesupport_cppExport-noconfig.cmake
[3.322s] -- Installing: /home/dl/ROSHW_ws/install/my_interfaces/share/my_interfaces/cmake/export_my_interfaces__rosidl_generator_pyExport.cmake
[3.322s] -- Installing: /home/dl/ROSHW_ws/install/my_interfaces/share/my_interfaces/cmake/export_my_interfaces__rosidl_generator_pyExport-noconfig.cmake
[3.324s] Invoked command in '/home/dl/ROSHW_ws/build/my_interfaces' returned '0': CMAKE_PREFIX_PATH=/opt/ros/humble /usr/bin/cmake --install /home/dl/ROSHW_ws/build/my_interfaces
