[0.007s] Invoking command in '/home/dl/ROSHW_ws/build/mine_pubsub': AMENT_PREFIX_PATH=/home/dl/ROSHW_ws/install/my_interfaces:${AMENT_PREFIX_PATH} CMAKE_PREFIX_PATH=/home/dl/ROSHW_ws/install/my_interfaces:/opt/ros/humble LD_LIBRARY_PATH=/home/dl/ROSHW_ws/install/my_interfaces/lib:${LD_LIBRARY_PATH} PYTHONPATH=/home/dl/ROSHW_ws/install/my_interfaces/local/lib/python3.10/dist-packages:${PYTHONPATH} /usr/bin/cmake --build /home/dl/ROSHW_ws/build/mine_pubsub -- -j16 -l16
[0.038s] [35m[1mConsolidate compiler generated dependencies of target miner[0m
[0.038s] [35m[1mConsolidate compiler generated dependencies of target oreyard[0m
[0.052s] [ 50%] [32mBuilding CXX object CMakeFiles/miner.dir/src/subscriber_miner.cpp.o[0m
[0.052s] [ 75%] Built target oreyard
[1.761s] [01m[K/home/dl/ROSHW_ws/src/mine_pubsub/src/subscriber_miner.cpp:[m[K In member function ‘[01m[Kvoid Mine::MinerSubscriber::topic_callback(my_interfaces::msg::MineralArray)[m[K’:
[1.761s] [01m[K/home/dl/ROSHW_ws/src/mine_pubsub/src/subscriber_miner.cpp:20:13:[m[K [01;35m[Kwarning: [m[Kthis ‘[01m[Kif[m[K’ clause does not guard... [[01;35m[K]8;;https://gcc.gnu.org/onlinedocs/gcc/Warning-Options.html#index-Wmisleading-indentation-Wmisleading-indentation]8;;[m[K]
[1.761s]    20 |             [01;35m[Kif[m[K (distance >= max_distance)
[1.761s]       |             [01;35m[K^~[m[K
[1.761s] [01m[K/home/dl/ROSHW_ws/src/mine_pubsub/src/subscriber_miner.cpp:22:17:[m[K [01;36m[Knote: [m[K...this statement, but the latter is misleadingly indented as if it were guarded by the ‘[01m[Kif[m[K’
[1.761s]    22 |                 [01;36m[Kreq[m[K->id = mineral.id;
[1.761s]       |                 [01;36m[K^~~[m[K
[1.837s] In file included from [01m[K/opt/ros/humble/include/rclcpp/rclcpp/rclcpp.hpp:155[m[K,
[1.837s]                  from [01m[K/home/dl/ROSHW_ws/src/mine_pubsub/include/mine_pubsub/subscriber_miner.hpp:8[m[K,
[1.837s]                  from [01m[K/home/dl/ROSHW_ws/src/mine_pubsub/src/subscriber_miner.cpp:1[m[K:
[1.837s] /opt/ros/humble/include/rclcpp/rclcpp/executors.hpp: In instantiation of ‘[01m[Krclcpp::FutureReturnCode rclcpp::spin_until_future_complete(std::shared_ptr<_Tp>, const FutureT&, std::chrono::duration<_Rep2, _Period2>) [with NodeT = rclcpp::Subscription<my_interfaces::msg::MineralArray_<std::allocator<void> > >; FutureT = rclcpp::Client<my_interfaces::srv::Digging>::FutureAndRequestId; TimeRepT = long int; TimeT = std::ratio<1, 1000>][m[K’:
[1.837s] [01m[K/home/dl/ROSHW_ws/src/mine_pubsub/src/subscriber_miner.cpp:27:47:[m[K   required from here
[1.837s] [01m[K/opt/ros/humble/include/rclcpp/rclcpp/executors.hpp:122:55:[m[K [01;31m[Kerror: [m[K‘[01m[Kusing element_type = class rclcpp::Subscription<my_interfaces::msg::MineralArray_<std::allocator<void> > >[m[K’ {aka ‘[01m[Kclass rclcpp::Subscription<my_interfaces::msg::MineralArray_<std::allocator<void> > >[m[K’} has no member named ‘[01m[Kget_node_base_interface[m[K’
[1.837s]   122 |   return rclcpp::spin_until_future_complete([01;31m[Knode_ptr->get_node_base_interface[m[K(), future, timeout);
[1.837s]       |                                             [01;31m[K~~~~~~~~~~^~~~~~~~~~~~~~~~~~~~~~~[m[K
[3.676s] gmake[2]: *** [CMakeFiles/miner.dir/build.make:76：CMakeFiles/miner.dir/src/subscriber_miner.cpp.o] 错误 1
[3.676s] gmake[1]: *** [CMakeFiles/Makefile2:165：CMakeFiles/miner.dir/all] 错误 2
[3.677s] gmake: *** [Makefile:146：all] 错误 2
[3.678s] Invoked command in '/home/dl/ROSHW_ws/build/mine_pubsub' returned '2': AMENT_PREFIX_PATH=/home/dl/ROSHW_ws/install/my_interfaces:${AMENT_PREFIX_PATH} CMAKE_PREFIX_PATH=/home/dl/ROSHW_ws/install/my_interfaces:/opt/ros/humble LD_LIBRARY_PATH=/home/dl/ROSHW_ws/install/my_interfaces/lib:${LD_LIBRARY_PATH} PYTHONPATH=/home/dl/ROSHW_ws/install/my_interfaces/local/lib/python3.10/dist-packages:${PYTHONPATH} /usr/bin/cmake --build /home/dl/ROSHW_ws/build/mine_pubsub -- -j16 -l16
