[0.010s] Invoking command in '/home/dl/ROSHW_ws/build/buffertransform': CMAKE_PREFIX_PATH=/opt/ros/humble /usr/bin/cmake --build /home/dl/ROSHW_ws/build/buffertransform -- -j16 -l16
[0.052s] [35m[1mConsolidate compiler generated dependencies of target buffertransform[0m
[0.072s] [ 50%] [32mBuilding CXX object CMakeFiles/buffertransform.dir/src/buffertransform.cpp.o[0m
[2.557s] [100%] [32m[1mLinking CXX executable buffertransform[0m
[2.685s] [100%] Built target buffertransform
[2.696s] Invoked command in '/home/dl/ROSHW_ws/build/buffertransform' returned '0': CMAKE_PREFIX_PATH=/opt/ros/humble /usr/bin/cmake --build /home/dl/ROSHW_ws/build/buffertransform -- -j16 -l16
[2.720s] Invoking command in '/home/dl/ROSHW_ws/build/buffertransform': CMAKE_PREFIX_PATH=/opt/ros/humble /usr/bin/cmake --install /home/dl/ROSHW_ws/build/buffertransform
[2.726s] -- Install configuration: ""
[2.726s] -- Installing: /home/dl/ROSHW_ws/install/buffertransform/lib/buffertransform/buffertransform
[2.727s] -- Set runtime path of "/home/dl/ROSHW_ws/install/buffertransform/lib/buffertransform/buffertransform" to ""
[2.727s] -- Up-to-date: /home/dl/ROSHW_ws/install/buffertransform/share/ament_index/resource_index/package_run_dependencies/buffertransform
[2.727s] -- Up-to-date: /home/dl/ROSHW_ws/install/buffertransform/share/ament_index/resource_index/parent_prefix_path/buffertransform
[2.727s] -- Up-to-date: /home/dl/ROSHW_ws/install/buffertransform/share/buffertransform/environment/ament_prefix_path.sh
[2.727s] -- Up-to-date: /home/dl/ROSHW_ws/install/buffertransform/share/buffertransform/environment/ament_prefix_path.dsv
[2.727s] -- Up-to-date: /home/dl/ROSHW_ws/install/buffertransform/share/buffertransform/environment/path.sh
[2.727s] -- Up-to-date: /home/dl/ROSHW_ws/install/buffertransform/share/buffertransform/environment/path.dsv
[2.727s] -- Up-to-date: /home/dl/ROSHW_ws/install/buffertransform/share/buffertransform/local_setup.bash
[2.727s] -- Up-to-date: /home/dl/ROSHW_ws/install/buffertransform/share/buffertransform/local_setup.sh
[2.727s] -- Up-to-date: /home/dl/ROSHW_ws/install/buffertransform/share/buffertransform/local_setup.zsh
[2.727s] -- Up-to-date: /home/dl/ROSHW_ws/install/buffertransform/share/buffertransform/local_setup.dsv
[2.727s] -- Installing: /home/dl/ROSHW_ws/install/buffertransform/share/buffertransform/package.dsv
[2.727s] -- Up-to-date: /home/dl/ROSHW_ws/install/buffertransform/share/ament_index/resource_index/packages/buffertransform
[2.727s] -- Up-to-date: /home/dl/ROSHW_ws/install/buffertransform/share/buffertransform/cmake/buffertransformConfig.cmake
[2.727s] -- Up-to-date: /home/dl/ROSHW_ws/install/buffertransform/share/buffertransform/cmake/buffertransformConfig-version.cmake
[2.727s] -- Up-to-date: /home/dl/ROSHW_ws/install/buffertransform/share/buffertransform/package.xml
[2.729s] Invoked command in '/home/dl/ROSHW_ws/build/buffertransform' returned '0': CMAKE_PREFIX_PATH=/opt/ros/humble /usr/bin/cmake --install /home/dl/ROSHW_ws/build/buffertransform
