[0.006s] Invoking command in '/home/dl/ROSHW_ws/build/mine_pubsub': AMENT_PREFIX_PATH=/home/dl/ROSHW_ws/install/my_interfaces:${AMENT_PREFIX_PATH} CMAKE_PREFIX_PATH=/home/dl/ROSHW_ws/install/my_interfaces:/opt/ros/humble LD_LIBRARY_PATH=/home/dl/ROSHW_ws/install/my_interfaces/lib:${LD_LIBRARY_PATH} PYTHONPATH=/home/dl/ROSHW_ws/install/my_interfaces/local/lib/python3.10/dist-packages:${PYTHONPATH} /usr/bin/cmake --build /home/dl/ROSHW_ws/build/mine_pubsub -- -j16 -l16
[0.039s] [35m[1mConsolidate compiler generated dependencies of target miner[0m
[0.039s] [35m[1mConsolidate compiler generated dependencies of target oreyard[0m
[0.052s] [ 75%] [32mBuilding CXX object CMakeFiles/miner.dir/src/subscriber_miner.cpp.o[0m
[0.052s] [ 75%] Built target oreyard
[6.495s] [100%] [32m[1mLinking CXX executable miner[0m
[6.763s] [100%] Built target miner
[6.771s] Invoked command in '/home/dl/ROSHW_ws/build/mine_pubsub' returned '0': AMENT_PREFIX_PATH=/home/dl/ROSHW_ws/install/my_interfaces:${AMENT_PREFIX_PATH} CMAKE_PREFIX_PATH=/home/dl/ROSHW_ws/install/my_interfaces:/opt/ros/humble LD_LIBRARY_PATH=/home/dl/ROSHW_ws/install/my_interfaces/lib:${LD_LIBRARY_PATH} PYTHONPATH=/home/dl/ROSHW_ws/install/my_interfaces/local/lib/python3.10/dist-packages:${PYTHONPATH} /usr/bin/cmake --build /home/dl/ROSHW_ws/build/mine_pubsub -- -j16 -l16
[6.789s] Invoking command in '/home/dl/ROSHW_ws/build/mine_pubsub': AMENT_PREFIX_PATH=/home/dl/ROSHW_ws/install/my_interfaces:${AMENT_PREFIX_PATH} CMAKE_PREFIX_PATH=/home/dl/ROSHW_ws/install/my_interfaces:/opt/ros/humble LD_LIBRARY_PATH=/home/dl/ROSHW_ws/install/my_interfaces/lib:${LD_LIBRARY_PATH} PYTHONPATH=/home/dl/ROSHW_ws/install/my_interfaces/local/lib/python3.10/dist-packages:${PYTHONPATH} /usr/bin/cmake --install /home/dl/ROSHW_ws/build/mine_pubsub
[6.794s] -- Install configuration: ""
[6.795s] -- Execute custom install script
[6.795s] -- Up-to-date symlink: /home/dl/ROSHW_ws/install/mine_pubsub/share/mine_pubsub/launch/mine_pubsub.launch.py
[6.795s] -- Up-to-date symlink: /home/dl/ROSHW_ws/install/mine_pubsub/share/mine_pubsub/config/params.yaml
[6.795s] -- Up-to-date symlink: /home/dl/ROSHW_ws/install/mine_pubsub/lib/mine_pubsub/oreyard
[6.795s] -- Up-to-date symlink: /home/dl/ROSHW_ws/install/mine_pubsub/lib/mine_pubsub/miner
[6.796s] -- Up-to-date symlink: /home/dl/ROSHW_ws/install/mine_pubsub/share/ament_index/resource_index/package_run_dependencies/mine_pubsub
[6.796s] -- Up-to-date symlink: /home/dl/ROSHW_ws/install/mine_pubsub/share/ament_index/resource_index/parent_prefix_path/mine_pubsub
[6.796s] -- Up-to-date symlink: /home/dl/ROSHW_ws/install/mine_pubsub/share/mine_pubsub/environment/ament_prefix_path.sh
[6.796s] -- Up-to-date symlink: /home/dl/ROSHW_ws/install/mine_pubsub/share/mine_pubsub/environment/ament_prefix_path.dsv
[6.796s] -- Up-to-date symlink: /home/dl/ROSHW_ws/install/mine_pubsub/share/mine_pubsub/environment/path.sh
[6.796s] -- Up-to-date symlink: /home/dl/ROSHW_ws/install/mine_pubsub/share/mine_pubsub/environment/path.dsv
[6.796s] -- Up-to-date symlink: /home/dl/ROSHW_ws/install/mine_pubsub/share/mine_pubsub/local_setup.bash
[6.796s] -- Up-to-date symlink: /home/dl/ROSHW_ws/install/mine_pubsub/share/mine_pubsub/local_setup.sh
[6.796s] -- Up-to-date symlink: /home/dl/ROSHW_ws/install/mine_pubsub/share/mine_pubsub/local_setup.zsh
[6.796s] -- Up-to-date symlink: /home/dl/ROSHW_ws/install/mine_pubsub/share/mine_pubsub/local_setup.dsv
[6.796s] -- Symlinking: /home/dl/ROSHW_ws/install/mine_pubsub/share/mine_pubsub/package.dsv
[6.802s] -- Up-to-date symlink: /home/dl/ROSHW_ws/install/mine_pubsub/share/ament_index/resource_index/packages/mine_pubsub
[6.802s] -- Up-to-date symlink: /home/dl/ROSHW_ws/install/mine_pubsub/share/mine_pubsub/cmake/mine_pubsubConfig.cmake
[6.802s] -- Up-to-date symlink: /home/dl/ROSHW_ws/install/mine_pubsub/share/mine_pubsub/cmake/mine_pubsubConfig-version.cmake
[6.802s] -- Up-to-date symlink: /home/dl/ROSHW_ws/install/mine_pubsub/share/mine_pubsub/package.xml
[6.805s] Invoked command in '/home/dl/ROSHW_ws/build/mine_pubsub' returned '0': AMENT_PREFIX_PATH=/home/dl/ROSHW_ws/install/my_interfaces:${AMENT_PREFIX_PATH} CMAKE_PREFIX_PATH=/home/dl/ROSHW_ws/install/my_interfaces:/opt/ros/humble LD_LIBRARY_PATH=/home/dl/ROSHW_ws/install/my_interfaces/lib:${LD_LIBRARY_PATH} PYTHONPATH=/home/dl/ROSHW_ws/install/my_interfaces/local/lib/python3.10/dist-packages:${PYTHONPATH} /usr/bin/cmake --install /home/dl/ROSHW_ws/build/mine_pubsub
