[ 50%] [32mBuilding CXX object CMakeFiles/hero_tf2_listener.dir/src/hero_tf2_listener.cpp.o[0m
[100%] [32m[1mLinking CXX executable hero_tf2_listener[0m
[100%] Built target hero_tf2_listener
-- Install configuration: ""
-- Installing: /home/dl/ROSHW_ws/install/learning_tf2_cpp/lib/learning_tf2_cpp/hero_tf2_listener
-- Set runtime path of "/home/dl/ROSHW_ws/install/learning_tf2_cpp/lib/learning_tf2_cpp/hero_tf2_listener" to ""
-- Installing: /home/dl/ROSHW_ws/install/learning_tf2_cpp/share/learning_tf2_cpp/launch
-- Installing: /home/dl/ROSHW_ws/install/learning_tf2_cpp/share/learning_tf2_cpp/launch/hero_tf2_listener.launch.py
-- Installing: /home/dl/ROSHW_ws/install/learning_tf2_cpp/share/ament_index/resource_index/package_run_dependencies/learning_tf2_cpp
-- Installing: /home/dl/ROSHW_ws/install/learning_tf2_cpp/share/ament_index/resource_index/parent_prefix_path/learning_tf2_cpp
-- Installing: /home/dl/ROSHW_ws/install/learning_tf2_cpp/share/learning_tf2_cpp/environment/ament_prefix_path.sh
-- Installing: /home/dl/ROSHW_ws/install/learning_tf2_cpp/share/learning_tf2_cpp/environment/ament_prefix_path.dsv
-- Installing: /home/dl/ROSHW_ws/install/learning_tf2_cpp/share/learning_tf2_cpp/environment/path.sh
-- Installing: /home/dl/ROSHW_ws/install/learning_tf2_cpp/share/learning_tf2_cpp/environment/path.dsv
-- Installing: /home/dl/ROSHW_ws/install/learning_tf2_cpp/share/learning_tf2_cpp/local_setup.bash
-- Installing: /home/dl/ROSHW_ws/install/learning_tf2_cpp/share/learning_tf2_cpp/local_setup.sh
-- Installing: /home/dl/ROSHW_ws/install/learning_tf2_cpp/share/learning_tf2_cpp/local_setup.zsh
-- Installing: /home/dl/ROSHW_ws/install/learning_tf2_cpp/share/learning_tf2_cpp/local_setup.dsv
-- Up-to-date: /home/dl/ROSHW_ws/install/learning_tf2_cpp/share/learning_tf2_cpp/package.dsv
-- Installing: /home/dl/ROSHW_ws/install/learning_tf2_cpp/share/ament_index/resource_index/packages/learning_tf2_cpp
-- Installing: /home/dl/ROSHW_ws/install/learning_tf2_cpp/share/learning_tf2_cpp/cmake/learning_tf2_cppConfig.cmake
-- Installing: /home/dl/ROSHW_ws/install/learning_tf2_cpp/share/learning_tf2_cpp/cmake/learning_tf2_cppConfig-version.cmake
-- Installing: /home/dl/ROSHW_ws/install/learning_tf2_cpp/share/learning_tf2_cpp/package.xml
