[0.249s] DEBUG:colcon:Command line arguments: ['/usr/bin/colcon', 'build']
[0.249s] DEBUG:colcon:Parsed command line arguments: Namespace(log_base=None, log_level=None, verb_name='build', build_base='build', install_base='install', merge_install=False, symlink_install=False, test_result_base=None, continue_on_error=False, executor='parallel', parallel_workers=16, event_handlers=None, ignore_user_meta=False, metas=['./colcon.meta'], base_paths=['.'], packages_ignore=None, packages_ignore_regex=None, paths=None, packages_up_to=None, packages_up_to_regex=None, packages_above=None, packages_above_and_dependencies=None, packages_above_depth=None, packages_select_by_dep=None, packages_skip_by_dep=None, packages_skip_up_to=None, packages_select_build_failed=False, packages_skip_build_finished=False, packages_select_test_failures=False, packages_skip_test_passed=False, packages_select=None, packages_skip=None, packages_select_regex=None, packages_skip_regex=None, packages_start=None, packages_end=None, allow_overriding=[], cmake_args=None, cmake_target=None, cmake_target_skip_unavailable=False, cmake_clean_cache=False, cmake_clean_first=False, cmake_force_configure=False, ament_cmake_args=None, catkin_cmake_args=None, catkin_skip_building_tests=False, verb_parser=<colcon_defaults.argument_parser.defaults.DefaultArgumentsDecorator object at 0x7ff46aaab7c0>, verb_extension=<colcon_core.verb.build.BuildVerb object at 0x7ff46aaab250>, main=<bound method BuildVerb.main of <colcon_core.verb.build.BuildVerb object at 0x7ff46aaab250>>)
[0.266s] Level 1:colcon.colcon_core.package_discovery:discover_packages(colcon_meta) check parameters
[0.266s] Level 1:colcon.colcon_core.package_discovery:discover_packages(recursive) check parameters
[0.266s] Level 1:colcon.colcon_core.package_discovery:discover_packages(ignore) check parameters
[0.266s] Level 1:colcon.colcon_core.package_discovery:discover_packages(path) check parameters
[0.266s] Level 1:colcon.colcon_core.package_discovery:discover_packages(colcon_meta) discover
[0.266s] Level 1:colcon.colcon_core.package_discovery:discover_packages(recursive) discover
[0.266s] INFO:colcon.colcon_core.package_discovery:Crawling recursively for packages in '/home/dl/ignition_ws'
[0.266s] Level 1:colcon.colcon_core.package_identification:_identify(.) by extensions ['ignore', 'ignore_ament_install']
[0.266s] Level 1:colcon.colcon_core.package_identification:_identify(.) by extension 'ignore'
[0.266s] Level 1:colcon.colcon_core.package_identification:_identify(.) by extension 'ignore_ament_install'
[0.266s] Level 1:colcon.colcon_core.package_identification:_identify(.) by extensions ['colcon_pkg']
[0.266s] Level 1:colcon.colcon_core.package_identification:_identify(.) by extension 'colcon_pkg'
[0.266s] Level 1:colcon.colcon_core.package_identification:_identify(.) by extensions ['colcon_meta']
[0.266s] Level 1:colcon.colcon_core.package_identification:_identify(.) by extension 'colcon_meta'
[0.267s] Level 1:colcon.colcon_core.package_identification:_identify(.) by extensions ['ros']
[0.267s] Level 1:colcon.colcon_core.package_identification:_identify(.) by extension 'ros'
[0.274s] Level 1:colcon.colcon_core.package_identification:_identify(.) by extensions ['cmake', 'python']
[0.274s] Level 1:colcon.colcon_core.package_identification:_identify(.) by extension 'cmake'
[0.275s] Level 1:colcon.colcon_core.package_identification:_identify(.) by extension 'python'
[0.275s] Level 1:colcon.colcon_core.package_identification:_identify(.) by extensions ['python_setup_py']
[0.275s] Level 1:colcon.colcon_core.package_identification:_identify(.) by extension 'python_setup_py'
[0.275s] Level 1:colcon.colcon_core.package_identification:_identify(build) by extensions ['ignore', 'ignore_ament_install']
[0.275s] Level 1:colcon.colcon_core.package_identification:_identify(build) by extension 'ignore'
[0.275s] Level 1:colcon.colcon_core.package_identification:_identify(build) ignored
[0.275s] Level 1:colcon.colcon_core.package_identification:_identify(install) by extensions ['ignore', 'ignore_ament_install']
[0.275s] Level 1:colcon.colcon_core.package_identification:_identify(install) by extension 'ignore'
[0.275s] Level 1:colcon.colcon_core.package_identification:_identify(install) ignored
[0.275s] Level 1:colcon.colcon_core.package_identification:_identify(log) by extensions ['ignore', 'ignore_ament_install']
[0.275s] Level 1:colcon.colcon_core.package_identification:_identify(log) by extension 'ignore'
[0.275s] Level 1:colcon.colcon_core.package_identification:_identify(log) ignored
[0.275s] Level 1:colcon.colcon_core.package_identification:_identify(src) by extensions ['ignore', 'ignore_ament_install']
[0.275s] Level 1:colcon.colcon_core.package_identification:_identify(src) by extension 'ignore'
[0.275s] Level 1:colcon.colcon_core.package_identification:_identify(src) by extension 'ignore_ament_install'
[0.275s] Level 1:colcon.colcon_core.package_identification:_identify(src) by extensions ['colcon_pkg']
[0.275s] Level 1:colcon.colcon_core.package_identification:_identify(src) by extension 'colcon_pkg'
[0.275s] Level 1:colcon.colcon_core.package_identification:_identify(src) by extensions ['colcon_meta']
[0.275s] Level 1:colcon.colcon_core.package_identification:_identify(src) by extension 'colcon_meta'
[0.275s] Level 1:colcon.colcon_core.package_identification:_identify(src) by extensions ['ros']
[0.276s] Level 1:colcon.colcon_core.package_identification:_identify(src) by extension 'ros'
[0.276s] Level 1:colcon.colcon_core.package_identification:_identify(src) by extensions ['cmake', 'python']
[0.276s] Level 1:colcon.colcon_core.package_identification:_identify(src) by extension 'cmake'
[0.276s] Level 1:colcon.colcon_core.package_identification:_identify(src) by extension 'python'
[0.276s] Level 1:colcon.colcon_core.package_identification:_identify(src) by extensions ['python_setup_py']
[0.276s] Level 1:colcon.colcon_core.package_identification:_identify(src) by extension 'python_setup_py'
[0.276s] Level 1:colcon.colcon_core.package_identification:_identify(src/my_ignition_demo) by extensions ['ignore', 'ignore_ament_install']
[0.276s] Level 1:colcon.colcon_core.package_identification:_identify(src/my_ignition_demo) by extension 'ignore'
[0.276s] Level 1:colcon.colcon_core.package_identification:_identify(src/my_ignition_demo) by extension 'ignore_ament_install'
[0.276s] Level 1:colcon.colcon_core.package_identification:_identify(src/my_ignition_demo) by extensions ['colcon_pkg']
[0.276s] Level 1:colcon.colcon_core.package_identification:_identify(src/my_ignition_demo) by extension 'colcon_pkg'
[0.276s] Level 1:colcon.colcon_core.package_identification:_identify(src/my_ignition_demo) by extensions ['colcon_meta']
[0.276s] Level 1:colcon.colcon_core.package_identification:_identify(src/my_ignition_demo) by extension 'colcon_meta'
[0.276s] Level 1:colcon.colcon_core.package_identification:_identify(src/my_ignition_demo) by extensions ['ros']
[0.276s] Level 1:colcon.colcon_core.package_identification:_identify(src/my_ignition_demo) by extension 'ros'
[0.278s] DEBUG:colcon.colcon_core.package_identification:Package 'src/my_ignition_demo' with type 'ros.ament_cmake' and name 'my_ignition_demo'
[0.278s] Level 1:colcon.colcon_core.package_discovery:discover_packages(recursive) using defaults
[0.278s] Level 1:colcon.colcon_core.package_discovery:discover_packages(ignore) discover
[0.278s] Level 1:colcon.colcon_core.package_discovery:discover_packages(ignore) using defaults
[0.278s] Level 1:colcon.colcon_core.package_discovery:discover_packages(path) discover
[0.278s] Level 1:colcon.colcon_core.package_discovery:discover_packages(path) using defaults
[0.294s] Level 1:colcon.colcon_core.package_discovery:discover_packages(prefix_path) check parameters
[0.294s] Level 1:colcon.colcon_core.package_discovery:discover_packages(prefix_path) discover
[0.296s] DEBUG:colcon.colcon_installed_package_information.package_discovery:Found 413 installed packages in /opt/ros/humble
[0.298s] Level 1:colcon.colcon_core.package_discovery:discover_packages(prefix_path) using defaults
[0.352s] Level 5:colcon.colcon_core.verb:set package 'my_ignition_demo' build argument 'cmake_args' from command line to 'None'
[0.352s] Level 5:colcon.colcon_core.verb:set package 'my_ignition_demo' build argument 'cmake_target' from command line to 'None'
[0.353s] Level 5:colcon.colcon_core.verb:set package 'my_ignition_demo' build argument 'cmake_target_skip_unavailable' from command line to 'False'
[0.353s] Level 5:colcon.colcon_core.verb:set package 'my_ignition_demo' build argument 'cmake_clean_cache' from command line to 'False'
[0.353s] Level 5:colcon.colcon_core.verb:set package 'my_ignition_demo' build argument 'cmake_clean_first' from command line to 'False'
[0.353s] Level 5:colcon.colcon_core.verb:set package 'my_ignition_demo' build argument 'cmake_force_configure' from command line to 'False'
[0.353s] Level 5:colcon.colcon_core.verb:set package 'my_ignition_demo' build argument 'ament_cmake_args' from command line to 'None'
[0.353s] Level 5:colcon.colcon_core.verb:set package 'my_ignition_demo' build argument 'catkin_cmake_args' from command line to 'None'
[0.353s] Level 5:colcon.colcon_core.verb:set package 'my_ignition_demo' build argument 'catkin_skip_building_tests' from command line to 'False'
[0.353s] DEBUG:colcon.colcon_core.verb:Building package 'my_ignition_demo' with the following arguments: {'ament_cmake_args': None, 'build_base': '/home/dl/ignition_ws/build/my_ignition_demo', 'catkin_cmake_args': None, 'catkin_skip_building_tests': False, 'cmake_args': None, 'cmake_clean_cache': False, 'cmake_clean_first': False, 'cmake_force_configure': False, 'cmake_target': None, 'cmake_target_skip_unavailable': False, 'install_base': '/home/dl/ignition_ws/install/my_ignition_demo', 'merge_install': False, 'path': '/home/dl/ignition_ws/src/my_ignition_demo', 'symlink_install': False, 'test_result_base': None}
[0.353s] INFO:colcon.colcon_core.executor:Executing jobs using 'parallel' executor
[0.356s] DEBUG:colcon.colcon_parallel_executor.executor.parallel:run_until_complete
[0.356s] INFO:colcon.colcon_ros.task.ament_cmake.build:Building ROS package in '/home/dl/ignition_ws/src/my_ignition_demo' with build type 'ament_cmake'
[0.356s] INFO:colcon.colcon_cmake.task.cmake.build:Building CMake package in '/home/dl/ignition_ws/src/my_ignition_demo'
[0.359s] INFO:colcon.colcon_core.plugin_system:Skipping extension 'colcon_core.shell.bat': Not used on non-Windows systems
[0.359s] INFO:colcon.colcon_core.shell:Skip shell extension 'powershell' for command environment: Not usable outside of PowerShell
[0.359s] DEBUG:colcon.colcon_core.shell:Skip shell extension 'dsv' for command environment
[0.367s] DEBUG:colcon.colcon_core.event_handler.log_command:Invoking command in '/home/dl/ignition_ws/build/my_ignition_demo': CMAKE_PREFIX_PATH=/opt/ros/humble /usr/bin/cmake --build /home/dl/ignition_ws/build/my_ignition_demo -- -j16 -l16
[0.413s] DEBUG:colcon.colcon_core.event_handler.log_command:Invoked command in '/home/dl/ignition_ws/build/my_ignition_demo' returned '0': CMAKE_PREFIX_PATH=/opt/ros/humble /usr/bin/cmake --build /home/dl/ignition_ws/build/my_ignition_demo -- -j16 -l16
[0.435s] DEBUG:colcon.colcon_core.event_handler.log_command:Invoking command in '/home/dl/ignition_ws/build/my_ignition_demo': CMAKE_PREFIX_PATH=/opt/ros/humble /usr/bin/cmake --install /home/dl/ignition_ws/build/my_ignition_demo
[0.441s] Level 1:colcon.colcon_core.environment:create_environment_scripts_only(my_ignition_demo)
[0.442s] DEBUG:colcon.colcon_core.event_handler.log_command:Invoked command in '/home/dl/ignition_ws/build/my_ignition_demo' returned '0': CMAKE_PREFIX_PATH=/opt/ros/humble /usr/bin/cmake --install /home/dl/ignition_ws/build/my_ignition_demo
[0.445s] Level 1:colcon.colcon_core.environment:checking '/home/dl/ignition_ws/install/my_ignition_demo' for CMake module files
[0.445s] Level 1:colcon.colcon_core.environment:checking '/home/dl/ignition_ws/install/my_ignition_demo' for CMake config files
[0.445s] Level 1:colcon.colcon_core.shell:create_environment_hook('my_ignition_demo', 'cmake_prefix_path')
[0.446s] INFO:colcon.colcon_core.shell:Creating environment hook '/home/dl/ignition_ws/install/my_ignition_demo/share/my_ignition_demo/hook/cmake_prefix_path.ps1'
[0.447s] INFO:colcon.colcon_core.shell:Creating environment descriptor '/home/dl/ignition_ws/install/my_ignition_demo/share/my_ignition_demo/hook/cmake_prefix_path.dsv'
[0.447s] INFO:colcon.colcon_core.shell:Creating environment hook '/home/dl/ignition_ws/install/my_ignition_demo/share/my_ignition_demo/hook/cmake_prefix_path.sh'
[0.448s] Level 1:colcon.colcon_core.environment:checking '/home/dl/ignition_ws/install/my_ignition_demo/lib'
[0.448s] Level 1:colcon.colcon_core.environment:checking '/home/dl/ignition_ws/install/my_ignition_demo/bin'
[0.448s] Level 1:colcon.colcon_core.environment:checking '/home/dl/ignition_ws/install/my_ignition_demo/lib/pkgconfig/my_ignition_demo.pc'
[0.448s] Level 1:colcon.colcon_core.environment:checking '/home/dl/ignition_ws/install/my_ignition_demo/lib/python3.10/site-packages'
[0.448s] Level 1:colcon.colcon_core.environment:checking '/home/dl/ignition_ws/install/my_ignition_demo/bin'
[0.449s] INFO:colcon.colcon_core.shell:Creating package script '/home/dl/ignition_ws/install/my_ignition_demo/share/my_ignition_demo/package.ps1'
[0.449s] INFO:colcon.colcon_core.shell:Creating package descriptor '/home/dl/ignition_ws/install/my_ignition_demo/share/my_ignition_demo/package.dsv'
[0.450s] INFO:colcon.colcon_core.shell:Creating package script '/home/dl/ignition_ws/install/my_ignition_demo/share/my_ignition_demo/package.sh'
[0.450s] INFO:colcon.colcon_core.shell:Creating package script '/home/dl/ignition_ws/install/my_ignition_demo/share/my_ignition_demo/package.bash'
[0.451s] INFO:colcon.colcon_core.shell:Creating package script '/home/dl/ignition_ws/install/my_ignition_demo/share/my_ignition_demo/package.zsh'
[0.451s] Level 1:colcon.colcon_core.environment:create_file_with_runtime_dependencies(/home/dl/ignition_ws/install/my_ignition_demo/share/colcon-core/packages/my_ignition_demo)
[0.468s] Level 1:colcon.colcon_core.environment:create_environment_scripts_only(my_ignition_demo)
[0.470s] Level 1:colcon.colcon_core.environment:checking '/home/dl/ignition_ws/install/my_ignition_demo' for CMake module files
[0.470s] Level 1:colcon.colcon_core.environment:checking '/home/dl/ignition_ws/install/my_ignition_demo' for CMake config files
[0.470s] Level 1:colcon.colcon_core.shell:create_environment_hook('my_ignition_demo', 'cmake_prefix_path')
[0.471s] INFO:colcon.colcon_core.shell:Creating environment hook '/home/dl/ignition_ws/install/my_ignition_demo/share/my_ignition_demo/hook/cmake_prefix_path.ps1'
[0.472s] INFO:colcon.colcon_core.shell:Creating environment descriptor '/home/dl/ignition_ws/install/my_ignition_demo/share/my_ignition_demo/hook/cmake_prefix_path.dsv'
[0.472s] INFO:colcon.colcon_core.shell:Creating environment hook '/home/dl/ignition_ws/install/my_ignition_demo/share/my_ignition_demo/hook/cmake_prefix_path.sh'
[0.472s] Level 1:colcon.colcon_core.environment:checking '/home/dl/ignition_ws/install/my_ignition_demo/lib'
[0.472s] Level 1:colcon.colcon_core.environment:checking '/home/dl/ignition_ws/install/my_ignition_demo/bin'
[0.472s] Level 1:colcon.colcon_core.environment:checking '/home/dl/ignition_ws/install/my_ignition_demo/lib/pkgconfig/my_ignition_demo.pc'
[0.472s] Level 1:colcon.colcon_core.environment:checking '/home/dl/ignition_ws/install/my_ignition_demo/lib/python3.10/site-packages'
[0.473s] Level 1:colcon.colcon_core.environment:checking '/home/dl/ignition_ws/install/my_ignition_demo/bin'
[0.473s] INFO:colcon.colcon_core.shell:Creating package script '/home/dl/ignition_ws/install/my_ignition_demo/share/my_ignition_demo/package.ps1'
[0.474s] INFO:colcon.colcon_core.shell:Creating package descriptor '/home/dl/ignition_ws/install/my_ignition_demo/share/my_ignition_demo/package.dsv'
[0.474s] INFO:colcon.colcon_core.shell:Creating package script '/home/dl/ignition_ws/install/my_ignition_demo/share/my_ignition_demo/package.sh'
[0.474s] INFO:colcon.colcon_core.shell:Creating package script '/home/dl/ignition_ws/install/my_ignition_demo/share/my_ignition_demo/package.bash'
[0.475s] INFO:colcon.colcon_core.shell:Creating package script '/home/dl/ignition_ws/install/my_ignition_demo/share/my_ignition_demo/package.zsh'
[0.475s] Level 1:colcon.colcon_core.environment:create_file_with_runtime_dependencies(/home/dl/ignition_ws/install/my_ignition_demo/share/colcon-core/packages/my_ignition_demo)
[0.475s] DEBUG:colcon.colcon_parallel_executor.executor.parallel:closing loop
[0.475s] DEBUG:colcon.colcon_parallel_executor.executor.parallel:loop closed
[0.475s] DEBUG:colcon.colcon_parallel_executor.executor.parallel:run_until_complete finished with '0'
[0.475s] DEBUG:colcon.colcon_core.event_reactor:joining thread
[0.479s] INFO:colcon.colcon_core.plugin_system:Skipping extension 'colcon_notification.desktop_notification.terminal_notifier': Not used on non-Darwin systems
[0.480s] INFO:colcon.colcon_core.plugin_system:Skipping extension 'colcon_notification.desktop_notification.win32': Not used on non-Windows systems
[0.480s] INFO:colcon.colcon_notification.desktop_notification:Sending desktop notification using 'notify2'
[0.488s] DEBUG:colcon.colcon_core.event_reactor:joined thread
[0.489s] INFO:colcon.colcon_core.shell:Creating prefix script '/home/dl/ignition_ws/install/local_setup.ps1'
[0.490s] INFO:colcon.colcon_core.shell:Creating prefix util module '/home/dl/ignition_ws/install/_local_setup_util_ps1.py'
[0.491s] INFO:colcon.colcon_core.shell:Creating prefix chain script '/home/dl/ignition_ws/install/setup.ps1'
[0.492s] INFO:colcon.colcon_core.shell:Creating prefix script '/home/dl/ignition_ws/install/local_setup.sh'
[0.492s] INFO:colcon.colcon_core.shell:Creating prefix util module '/home/dl/ignition_ws/install/_local_setup_util_sh.py'
[0.493s] INFO:colcon.colcon_core.shell:Creating prefix chain script '/home/dl/ignition_ws/install/setup.sh'
[0.493s] INFO:colcon.colcon_core.shell:Creating prefix script '/home/dl/ignition_ws/install/local_setup.bash'
[0.494s] INFO:colcon.colcon_core.shell:Creating prefix chain script '/home/dl/ignition_ws/install/setup.bash'
[0.495s] INFO:colcon.colcon_core.shell:Creating prefix script '/home/dl/ignition_ws/install/local_setup.zsh'
[0.495s] INFO:colcon.colcon_core.shell:Creating prefix chain script '/home/dl/ignition_ws/install/setup.zsh'
