[0.250s] DEBUG:colcon:Command line arguments: ['/usr/bin/colcon', 'build', '--symlink-install']
[0.250s] DEBUG:colcon:Parsed command line arguments: Namespace(log_base=None, log_level=None, verb_name='build', build_base='build', install_base='install', merge_install=False, symlink_install=True, test_result_base=None, continue_on_error=False, executor='parallel', parallel_workers=16, event_handlers=None, ignore_user_meta=False, metas=['./colcon.meta'], base_paths=['.'], packages_ignore=None, packages_ignore_regex=None, paths=None, packages_up_to=None, packages_up_to_regex=None, packages_above=None, packages_above_and_dependencies=None, packages_above_depth=None, packages_select_by_dep=None, packages_skip_by_dep=None, packages_skip_up_to=None, packages_select_build_failed=False, packages_skip_build_finished=False, packages_select_test_failures=False, packages_skip_test_passed=False, packages_select=None, packages_skip=None, packages_select_regex=None, packages_skip_regex=None, packages_start=None, packages_end=None, allow_overriding=[], cmake_args=None, cmake_target=None, cmake_target_skip_unavailable=False, cmake_clean_cache=False, cmake_clean_first=False, cmake_force_configure=False, ament_cmake_args=None, catkin_cmake_args=None, catkin_skip_building_tests=False, verb_parser=<colcon_defaults.argument_parser.defaults.DefaultArgumentsDecorator object at 0x7f2e33c93730>, verb_extension=<colcon_core.verb.build.BuildVerb object at 0x7f2e33c931c0>, main=<bound method BuildVerb.main of <colcon_core.verb.build.BuildVerb object at 0x7f2e33c931c0>>)
[0.281s] Level 1:colcon.colcon_core.package_discovery:discover_packages(colcon_meta) check parameters
[0.281s] Level 1:colcon.colcon_core.package_discovery:discover_packages(recursive) check parameters
[0.281s] Level 1:colcon.colcon_core.package_discovery:discover_packages(ignore) check parameters
[0.281s] Level 1:colcon.colcon_core.package_discovery:discover_packages(path) check parameters
[0.281s] Level 1:colcon.colcon_core.package_discovery:discover_packages(colcon_meta) discover
[0.281s] Level 1:colcon.colcon_core.package_discovery:discover_packages(recursive) discover
[0.281s] INFO:colcon.colcon_core.package_discovery:Crawling recursively for packages in '/home/dl/ROSHW_ws'
[0.281s] Level 1:colcon.colcon_core.package_identification:_identify(.) by extensions ['ignore', 'ignore_ament_install']
[0.281s] Level 1:colcon.colcon_core.package_identification:_identify(.) by extension 'ignore'
[0.281s] Level 1:colcon.colcon_core.package_identification:_identify(.) by extension 'ignore_ament_install'
[0.281s] Level 1:colcon.colcon_core.package_identification:_identify(.) by extensions ['colcon_pkg']
[0.281s] Level 1:colcon.colcon_core.package_identification:_identify(.) by extension 'colcon_pkg'
[0.281s] Level 1:colcon.colcon_core.package_identification:_identify(.) by extensions ['colcon_meta']
[0.282s] Level 1:colcon.colcon_core.package_identification:_identify(.) by extension 'colcon_meta'
[0.282s] Level 1:colcon.colcon_core.package_identification:_identify(.) by extensions ['ros']
[0.282s] Level 1:colcon.colcon_core.package_identification:_identify(.) by extension 'ros'
[0.291s] Level 1:colcon.colcon_core.package_identification:_identify(.) by extensions ['cmake', 'python']
[0.291s] Level 1:colcon.colcon_core.package_identification:_identify(.) by extension 'cmake'
[0.291s] Level 1:colcon.colcon_core.package_identification:_identify(.) by extension 'python'
[0.291s] Level 1:colcon.colcon_core.package_identification:_identify(.) by extensions ['python_setup_py']
[0.291s] Level 1:colcon.colcon_core.package_identification:_identify(.) by extension 'python_setup_py'
[0.291s] Level 1:colcon.colcon_core.package_identification:_identify(build) by extensions ['ignore', 'ignore_ament_install']
[0.291s] Level 1:colcon.colcon_core.package_identification:_identify(build) by extension 'ignore'
[0.291s] Level 1:colcon.colcon_core.package_identification:_identify(build) ignored
[0.292s] Level 1:colcon.colcon_core.package_identification:_identify(install) by extensions ['ignore', 'ignore_ament_install']
[0.292s] Level 1:colcon.colcon_core.package_identification:_identify(install) by extension 'ignore'
[0.292s] Level 1:colcon.colcon_core.package_identification:_identify(install) ignored
[0.292s] Level 1:colcon.colcon_core.package_identification:_identify(log) by extensions ['ignore', 'ignore_ament_install']
[0.292s] Level 1:colcon.colcon_core.package_identification:_identify(log) by extension 'ignore'
[0.292s] Level 1:colcon.colcon_core.package_identification:_identify(log) ignored
[0.292s] Level 1:colcon.colcon_core.package_identification:_identify(src) by extensions ['ignore', 'ignore_ament_install']
[0.292s] Level 1:colcon.colcon_core.package_identification:_identify(src) by extension 'ignore'
[0.292s] Level 1:colcon.colcon_core.package_identification:_identify(src) by extension 'ignore_ament_install'
[0.292s] Level 1:colcon.colcon_core.package_identification:_identify(src) by extensions ['colcon_pkg']
[0.292s] Level 1:colcon.colcon_core.package_identification:_identify(src) by extension 'colcon_pkg'
[0.292s] Level 1:colcon.colcon_core.package_identification:_identify(src) by extensions ['colcon_meta']
[0.292s] Level 1:colcon.colcon_core.package_identification:_identify(src) by extension 'colcon_meta'
[0.292s] Level 1:colcon.colcon_core.package_identification:_identify(src) by extensions ['ros']
[0.292s] Level 1:colcon.colcon_core.package_identification:_identify(src) by extension 'ros'
[0.292s] Level 1:colcon.colcon_core.package_identification:_identify(src) by extensions ['cmake', 'python']
[0.292s] Level 1:colcon.colcon_core.package_identification:_identify(src) by extension 'cmake'
[0.292s] Level 1:colcon.colcon_core.package_identification:_identify(src) by extension 'python'
[0.292s] Level 1:colcon.colcon_core.package_identification:_identify(src) by extensions ['python_setup_py']
[0.292s] Level 1:colcon.colcon_core.package_identification:_identify(src) by extension 'python_setup_py'
[0.292s] Level 1:colcon.colcon_core.package_identification:_identify(src/Mine_pubsub) by extensions ['ignore', 'ignore_ament_install']
[0.293s] Level 1:colcon.colcon_core.package_identification:_identify(src/Mine_pubsub) by extension 'ignore'
[0.293s] Level 1:colcon.colcon_core.package_identification:_identify(src/Mine_pubsub) by extension 'ignore_ament_install'
[0.293s] Level 1:colcon.colcon_core.package_identification:_identify(src/Mine_pubsub) by extensions ['colcon_pkg']
[0.293s] Level 1:colcon.colcon_core.package_identification:_identify(src/Mine_pubsub) by extension 'colcon_pkg'
[0.293s] Level 1:colcon.colcon_core.package_identification:_identify(src/Mine_pubsub) by extensions ['colcon_meta']
[0.293s] Level 1:colcon.colcon_core.package_identification:_identify(src/Mine_pubsub) by extension 'colcon_meta'
[0.293s] Level 1:colcon.colcon_core.package_identification:_identify(src/Mine_pubsub) by extensions ['ros']
[0.293s] Level 1:colcon.colcon_core.package_identification:_identify(src/Mine_pubsub) by extension 'ros'
[0.295s] DEBUG:colcon.colcon_core.package_identification:Package 'src/Mine_pubsub' with type 'ros.ament_cmake' and name 'Mine_pubsub'
[0.295s] Level 1:colcon.colcon_core.package_identification:_identify(src/my_interfaces) by extensions ['ignore', 'ignore_ament_install']
[0.295s] Level 1:colcon.colcon_core.package_identification:_identify(src/my_interfaces) by extension 'ignore'
[0.295s] Level 1:colcon.colcon_core.package_identification:_identify(src/my_interfaces) by extension 'ignore_ament_install'
[0.296s] Level 1:colcon.colcon_core.package_identification:_identify(src/my_interfaces) by extensions ['colcon_pkg']
[0.296s] Level 1:colcon.colcon_core.package_identification:_identify(src/my_interfaces) by extension 'colcon_pkg'
[0.296s] Level 1:colcon.colcon_core.package_identification:_identify(src/my_interfaces) by extensions ['colcon_meta']
[0.296s] Level 1:colcon.colcon_core.package_identification:_identify(src/my_interfaces) by extension 'colcon_meta'
[0.296s] Level 1:colcon.colcon_core.package_identification:_identify(src/my_interfaces) by extensions ['ros']
[0.296s] Level 1:colcon.colcon_core.package_identification:_identify(src/my_interfaces) by extension 'ros'
[0.296s] DEBUG:colcon.colcon_core.package_identification:Package 'src/my_interfaces' with type 'ros.ament_cmake' and name 'my_interfaces'
[0.297s] Level 1:colcon.colcon_core.package_discovery:discover_packages(recursive) using defaults
[0.297s] Level 1:colcon.colcon_core.package_discovery:discover_packages(ignore) discover
[0.297s] Level 1:colcon.colcon_core.package_discovery:discover_packages(ignore) using defaults
[0.297s] Level 1:colcon.colcon_core.package_discovery:discover_packages(path) discover
[0.297s] Level 1:colcon.colcon_core.package_discovery:discover_packages(path) using defaults
[0.317s] Level 1:colcon.colcon_core.package_discovery:discover_packages(prefix_path) check parameters
[0.317s] Level 1:colcon.colcon_core.package_discovery:discover_packages(prefix_path) discover
[0.319s] DEBUG:colcon.colcon_installed_package_information.package_discovery:Found 1 installed packages in /home/dl/ROSHW_ws/install
[0.321s] DEBUG:colcon.colcon_installed_package_information.package_discovery:Found 413 installed packages in /opt/ros/humble
[0.323s] Level 1:colcon.colcon_core.package_discovery:discover_packages(prefix_path) using defaults
[0.377s] Level 5:colcon.colcon_core.verb:set package 'my_interfaces' build argument 'cmake_args' from command line to 'None'
[0.377s] Level 5:colcon.colcon_core.verb:set package 'my_interfaces' build argument 'cmake_target' from command line to 'None'
[0.377s] Level 5:colcon.colcon_core.verb:set package 'my_interfaces' build argument 'cmake_target_skip_unavailable' from command line to 'False'
[0.377s] Level 5:colcon.colcon_core.verb:set package 'my_interfaces' build argument 'cmake_clean_cache' from command line to 'False'
[0.377s] Level 5:colcon.colcon_core.verb:set package 'my_interfaces' build argument 'cmake_clean_first' from command line to 'False'
[0.377s] Level 5:colcon.colcon_core.verb:set package 'my_interfaces' build argument 'cmake_force_configure' from command line to 'False'
[0.377s] Level 5:colcon.colcon_core.verb:set package 'my_interfaces' build argument 'ament_cmake_args' from command line to 'None'
[0.377s] Level 5:colcon.colcon_core.verb:set package 'my_interfaces' build argument 'catkin_cmake_args' from command line to 'None'
[0.377s] Level 5:colcon.colcon_core.verb:set package 'my_interfaces' build argument 'catkin_skip_building_tests' from command line to 'False'
[0.377s] DEBUG:colcon.colcon_core.verb:Building package 'my_interfaces' with the following arguments: {'ament_cmake_args': None, 'build_base': '/home/dl/ROSHW_ws/build/my_interfaces', 'catkin_cmake_args': None, 'catkin_skip_building_tests': False, 'cmake_args': None, 'cmake_clean_cache': False, 'cmake_clean_first': False, 'cmake_force_configure': False, 'cmake_target': None, 'cmake_target_skip_unavailable': False, 'install_base': '/home/dl/ROSHW_ws/install/my_interfaces', 'merge_install': False, 'path': '/home/dl/ROSHW_ws/src/my_interfaces', 'symlink_install': True, 'test_result_base': None}
[0.377s] Level 5:colcon.colcon_core.verb:set package 'Mine_pubsub' build argument 'cmake_args' from command line to 'None'
[0.377s] Level 5:colcon.colcon_core.verb:set package 'Mine_pubsub' build argument 'cmake_target' from command line to 'None'
[0.378s] Level 5:colcon.colcon_core.verb:set package 'Mine_pubsub' build argument 'cmake_target_skip_unavailable' from command line to 'False'
[0.378s] Level 5:colcon.colcon_core.verb:set package 'Mine_pubsub' build argument 'cmake_clean_cache' from command line to 'False'
[0.378s] Level 5:colcon.colcon_core.verb:set package 'Mine_pubsub' build argument 'cmake_clean_first' from command line to 'False'
[0.378s] Level 5:colcon.colcon_core.verb:set package 'Mine_pubsub' build argument 'cmake_force_configure' from command line to 'False'
[0.378s] Level 5:colcon.colcon_core.verb:set package 'Mine_pubsub' build argument 'ament_cmake_args' from command line to 'None'
[0.378s] Level 5:colcon.colcon_core.verb:set package 'Mine_pubsub' build argument 'catkin_cmake_args' from command line to 'None'
[0.378s] Level 5:colcon.colcon_core.verb:set package 'Mine_pubsub' build argument 'catkin_skip_building_tests' from command line to 'False'
[0.378s] DEBUG:colcon.colcon_core.verb:Building package 'Mine_pubsub' with the following arguments: {'ament_cmake_args': None, 'build_base': '/home/dl/ROSHW_ws/build/Mine_pubsub', 'catkin_cmake_args': None, 'catkin_skip_building_tests': False, 'cmake_args': None, 'cmake_clean_cache': False, 'cmake_clean_first': False, 'cmake_force_configure': False, 'cmake_target': None, 'cmake_target_skip_unavailable': False, 'install_base': '/home/dl/ROSHW_ws/install/Mine_pubsub', 'merge_install': False, 'path': '/home/dl/ROSHW_ws/src/Mine_pubsub', 'symlink_install': True, 'test_result_base': None}
[0.378s] INFO:colcon.colcon_core.executor:Executing jobs using 'parallel' executor
[0.381s] DEBUG:colcon.colcon_parallel_executor.executor.parallel:run_until_complete
[0.381s] INFO:colcon.colcon_ros.task.ament_cmake.build:Building ROS package in '/home/dl/ROSHW_ws/src/my_interfaces' with build type 'ament_cmake'
[0.381s] INFO:colcon.colcon_cmake.task.cmake.build:Building CMake package in '/home/dl/ROSHW_ws/src/my_interfaces'
[0.386s] INFO:colcon.colcon_core.plugin_system:Skipping extension 'colcon_core.shell.bat': Not used on non-Windows systems
[0.386s] INFO:colcon.colcon_core.shell:Skip shell extension 'powershell' for command environment: Not usable outside of PowerShell
[0.386s] DEBUG:colcon.colcon_core.shell:Skip shell extension 'dsv' for command environment
[0.395s] DEBUG:colcon.colcon_core.event_handler.log_command:Invoking command in '/home/dl/ROSHW_ws/build/my_interfaces': CMAKE_PREFIX_PATH=${CMAKE_PREFIX_PATH}:/opt/ros/humble /usr/bin/cmake --build /home/dl/ROSHW_ws/build/my_interfaces -- -j16 -l16
[1.709s] DEBUG:colcon.colcon_core.event_handler.log_command:Invoked command in '/home/dl/ROSHW_ws/build/my_interfaces' returned '0': CMAKE_PREFIX_PATH=${CMAKE_PREFIX_PATH}:/opt/ros/humble /usr/bin/cmake --build /home/dl/ROSHW_ws/build/my_interfaces -- -j16 -l16
[1.762s] DEBUG:colcon.colcon_core.event_handler.log_command:Invoking command in '/home/dl/ROSHW_ws/build/my_interfaces': CMAKE_PREFIX_PATH=${CMAKE_PREFIX_PATH}:/opt/ros/humble /usr/bin/cmake --install /home/dl/ROSHW_ws/build/my_interfaces
[1.815s] Level 1:colcon.colcon_core.environment:create_environment_scripts_only(my_interfaces)
[1.816s] DEBUG:colcon.colcon_core.event_handler.log_command:Invoked command in '/home/dl/ROSHW_ws/build/my_interfaces' returned '0': CMAKE_PREFIX_PATH=${CMAKE_PREFIX_PATH}:/opt/ros/humble /usr/bin/cmake --install /home/dl/ROSHW_ws/build/my_interfaces
[1.821s] Level 1:colcon.colcon_core.environment:checking '/home/dl/ROSHW_ws/install/my_interfaces' for CMake module files
[1.822s] Level 1:colcon.colcon_core.environment:checking '/home/dl/ROSHW_ws/install/my_interfaces' for CMake config files
[1.822s] Level 1:colcon.colcon_core.shell:create_environment_hook('my_interfaces', 'cmake_prefix_path')
[1.823s] INFO:colcon.colcon_core.shell:Creating environment hook '/home/dl/ROSHW_ws/install/my_interfaces/share/my_interfaces/hook/cmake_prefix_path.ps1'
[1.823s] INFO:colcon.colcon_core.shell:Creating environment descriptor '/home/dl/ROSHW_ws/install/my_interfaces/share/my_interfaces/hook/cmake_prefix_path.dsv'
[1.824s] INFO:colcon.colcon_core.shell:Creating environment hook '/home/dl/ROSHW_ws/install/my_interfaces/share/my_interfaces/hook/cmake_prefix_path.sh'
[1.825s] Level 1:colcon.colcon_core.environment:checking '/home/dl/ROSHW_ws/install/my_interfaces/lib'
[1.825s] Level 1:colcon.colcon_core.shell:create_environment_hook('my_interfaces', 'ld_library_path_lib')
[1.826s] INFO:colcon.colcon_core.shell:Creating environment hook '/home/dl/ROSHW_ws/install/my_interfaces/share/my_interfaces/hook/ld_library_path_lib.ps1'
[1.826s] INFO:colcon.colcon_core.shell:Creating environment descriptor '/home/dl/ROSHW_ws/install/my_interfaces/share/my_interfaces/hook/ld_library_path_lib.dsv'
[1.826s] INFO:colcon.colcon_core.shell:Creating environment hook '/home/dl/ROSHW_ws/install/my_interfaces/share/my_interfaces/hook/ld_library_path_lib.sh'
[1.826s] Level 1:colcon.colcon_core.environment:checking '/home/dl/ROSHW_ws/install/my_interfaces/bin'
[1.827s] Level 1:colcon.colcon_core.environment:checking '/home/dl/ROSHW_ws/install/my_interfaces/lib/pkgconfig/my_interfaces.pc'
[1.827s] Level 1:colcon.colcon_core.environment:checking '/home/dl/ROSHW_ws/install/my_interfaces/lib/python3.10/site-packages'
[1.827s] Level 1:colcon.colcon_core.environment:checking '/home/dl/ROSHW_ws/install/my_interfaces/bin'
[1.828s] INFO:colcon.colcon_core.shell:Creating package script '/home/dl/ROSHW_ws/install/my_interfaces/share/my_interfaces/package.ps1'
[1.828s] INFO:colcon.colcon_core.shell:Creating package descriptor '/home/dl/ROSHW_ws/install/my_interfaces/share/my_interfaces/package.dsv'
[1.829s] INFO:colcon.colcon_core.shell:Creating package script '/home/dl/ROSHW_ws/install/my_interfaces/share/my_interfaces/package.sh'
[1.829s] INFO:colcon.colcon_core.shell:Creating package script '/home/dl/ROSHW_ws/install/my_interfaces/share/my_interfaces/package.bash'
[1.830s] INFO:colcon.colcon_core.shell:Creating package script '/home/dl/ROSHW_ws/install/my_interfaces/share/my_interfaces/package.zsh'
[1.830s] Level 1:colcon.colcon_core.environment:create_file_with_runtime_dependencies(/home/dl/ROSHW_ws/install/my_interfaces/share/colcon-core/packages/my_interfaces)
[1.877s] Level 1:colcon.colcon_core.environment:create_environment_scripts_only(my_interfaces)
[1.878s] Level 1:colcon.colcon_core.environment:checking '/home/dl/ROSHW_ws/install/my_interfaces' for CMake module files
[1.879s] Level 1:colcon.colcon_core.environment:checking '/home/dl/ROSHW_ws/install/my_interfaces' for CMake config files
[1.879s] Level 1:colcon.colcon_core.shell:create_environment_hook('my_interfaces', 'cmake_prefix_path')
[1.880s] INFO:colcon.colcon_core.shell:Creating environment hook '/home/dl/ROSHW_ws/install/my_interfaces/share/my_interfaces/hook/cmake_prefix_path.ps1'
[1.880s] INFO:colcon.colcon_core.shell:Creating environment descriptor '/home/dl/ROSHW_ws/install/my_interfaces/share/my_interfaces/hook/cmake_prefix_path.dsv'
[1.881s] INFO:colcon.colcon_core.shell:Creating environment hook '/home/dl/ROSHW_ws/install/my_interfaces/share/my_interfaces/hook/cmake_prefix_path.sh'
[1.881s] Level 1:colcon.colcon_core.environment:checking '/home/dl/ROSHW_ws/install/my_interfaces/lib'
[1.881s] Level 1:colcon.colcon_core.shell:create_environment_hook('my_interfaces', 'ld_library_path_lib')
[1.882s] INFO:colcon.colcon_core.shell:Creating environment hook '/home/dl/ROSHW_ws/install/my_interfaces/share/my_interfaces/hook/ld_library_path_lib.ps1'
[1.882s] INFO:colcon.colcon_core.shell:Creating environment descriptor '/home/dl/ROSHW_ws/install/my_interfaces/share/my_interfaces/hook/ld_library_path_lib.dsv'
[1.882s] INFO:colcon.colcon_core.shell:Creating environment hook '/home/dl/ROSHW_ws/install/my_interfaces/share/my_interfaces/hook/ld_library_path_lib.sh'
[1.882s] Level 1:colcon.colcon_core.environment:checking '/home/dl/ROSHW_ws/install/my_interfaces/bin'
[1.883s] Level 1:colcon.colcon_core.environment:checking '/home/dl/ROSHW_ws/install/my_interfaces/lib/pkgconfig/my_interfaces.pc'
[1.883s] Level 1:colcon.colcon_core.environment:checking '/home/dl/ROSHW_ws/install/my_interfaces/lib/python3.10/site-packages'
[1.883s] Level 1:colcon.colcon_core.environment:checking '/home/dl/ROSHW_ws/install/my_interfaces/bin'
[1.884s] INFO:colcon.colcon_core.shell:Creating package script '/home/dl/ROSHW_ws/install/my_interfaces/share/my_interfaces/package.ps1'
[1.884s] INFO:colcon.colcon_core.shell:Creating package descriptor '/home/dl/ROSHW_ws/install/my_interfaces/share/my_interfaces/package.dsv'
[1.885s] INFO:colcon.colcon_core.shell:Creating package script '/home/dl/ROSHW_ws/install/my_interfaces/share/my_interfaces/package.sh'
[1.885s] INFO:colcon.colcon_core.shell:Creating package script '/home/dl/ROSHW_ws/install/my_interfaces/share/my_interfaces/package.bash'
[1.885s] INFO:colcon.colcon_core.shell:Creating package script '/home/dl/ROSHW_ws/install/my_interfaces/share/my_interfaces/package.zsh'
[1.885s] Level 1:colcon.colcon_core.environment:create_file_with_runtime_dependencies(/home/dl/ROSHW_ws/install/my_interfaces/share/colcon-core/packages/my_interfaces)
[1.886s] INFO:colcon.colcon_ros.task.ament_cmake.build:Building ROS package in '/home/dl/ROSHW_ws/src/Mine_pubsub' with build type 'ament_cmake'
[1.886s] INFO:colcon.colcon_cmake.task.cmake.build:Building CMake package in '/home/dl/ROSHW_ws/src/Mine_pubsub'
[1.887s] INFO:colcon.colcon_core.shell:Skip shell extension 'powershell' for command environment: Not usable outside of PowerShell
[1.887s] DEBUG:colcon.colcon_core.shell:Skip shell extension 'dsv' for command environment
[1.894s] DEBUG:colcon.colcon_core.event_handler.log_command:Invoking command in '/home/dl/ROSHW_ws/build/Mine_pubsub': CMAKE_PREFIX_PATH=${CMAKE_PREFIX_PATH}:/opt/ros/humble /usr/bin/cmake /home/dl/ROSHW_ws/src/Mine_pubsub -DAMENT_CMAKE_SYMLINK_INSTALL=1 -DCMAKE_INSTALL_PREFIX=/home/dl/ROSHW_ws/install/Mine_pubsub
[3.028s] DEBUG:colcon.colcon_core.event_handler.log_command:Invoked command in '/home/dl/ROSHW_ws/build/Mine_pubsub' returned '0': CMAKE_PREFIX_PATH=${CMAKE_PREFIX_PATH}:/opt/ros/humble /usr/bin/cmake /home/dl/ROSHW_ws/src/Mine_pubsub -DAMENT_CMAKE_SYMLINK_INSTALL=1 -DCMAKE_INSTALL_PREFIX=/home/dl/ROSHW_ws/install/Mine_pubsub
[3.029s] DEBUG:colcon.colcon_core.event_handler.log_command:Invoking command in '/home/dl/ROSHW_ws/build/Mine_pubsub': CMAKE_PREFIX_PATH=${CMAKE_PREFIX_PATH}:/opt/ros/humble /usr/bin/cmake --build /home/dl/ROSHW_ws/build/Mine_pubsub -- -j16 -l16
[6.478s] DEBUG:colcon.colcon_core.event_handler.log_command:Invoked command in '/home/dl/ROSHW_ws/build/Mine_pubsub' returned '2': CMAKE_PREFIX_PATH=${CMAKE_PREFIX_PATH}:/opt/ros/humble /usr/bin/cmake --build /home/dl/ROSHW_ws/build/Mine_pubsub -- -j16 -l16
[6.496s] Level 1:colcon.colcon_core.environment:create_environment_scripts_only(Mine_pubsub)
[6.498s] Level 1:colcon.colcon_core.environment:checking '/home/dl/ROSHW_ws/install/Mine_pubsub' for CMake module files
[6.498s] Level 1:colcon.colcon_core.environment:checking '/home/dl/ROSHW_ws/install/Mine_pubsub' for CMake config files
[6.498s] Level 1:colcon.colcon_core.environment:checking '/home/dl/ROSHW_ws/install/Mine_pubsub/bin'
[6.498s] Level 1:colcon.colcon_core.environment:checking '/home/dl/ROSHW_ws/install/Mine_pubsub/lib/pkgconfig/Mine_pubsub.pc'
[6.498s] Level 1:colcon.colcon_core.environment:checking '/home/dl/ROSHW_ws/install/Mine_pubsub/lib/python3.10/site-packages'
[6.499s] Level 1:colcon.colcon_core.environment:checking '/home/dl/ROSHW_ws/install/Mine_pubsub/bin'
[6.499s] INFO:colcon.colcon_core.shell:Creating package script '/home/dl/ROSHW_ws/install/Mine_pubsub/share/Mine_pubsub/package.ps1'
[6.500s] INFO:colcon.colcon_core.shell:Creating package descriptor '/home/dl/ROSHW_ws/install/Mine_pubsub/share/Mine_pubsub/package.dsv'
[6.500s] INFO:colcon.colcon_core.shell:Creating package script '/home/dl/ROSHW_ws/install/Mine_pubsub/share/Mine_pubsub/package.sh'
[6.500s] INFO:colcon.colcon_core.shell:Creating package script '/home/dl/ROSHW_ws/install/Mine_pubsub/share/Mine_pubsub/package.bash'
[6.501s] INFO:colcon.colcon_core.shell:Creating package script '/home/dl/ROSHW_ws/install/Mine_pubsub/share/Mine_pubsub/package.zsh'
[6.501s] Level 1:colcon.colcon_core.environment:create_file_with_runtime_dependencies(/home/dl/ROSHW_ws/install/Mine_pubsub/share/colcon-core/packages/Mine_pubsub)
[6.511s] DEBUG:colcon.colcon_parallel_executor.executor.parallel:closing loop
[6.511s] DEBUG:colcon.colcon_parallel_executor.executor.parallel:loop closed
[6.511s] DEBUG:colcon.colcon_parallel_executor.executor.parallel:run_until_complete finished with '2'
[6.512s] DEBUG:colcon.colcon_core.event_reactor:joining thread
[6.517s] INFO:colcon.colcon_core.plugin_system:Skipping extension 'colcon_notification.desktop_notification.terminal_notifier': Not used on non-Darwin systems
[6.517s] INFO:colcon.colcon_core.plugin_system:Skipping extension 'colcon_notification.desktop_notification.win32': Not used on non-Windows systems
[6.517s] INFO:colcon.colcon_notification.desktop_notification:Sending desktop notification using 'notify2'
[6.531s] DEBUG:colcon.colcon_core.event_reactor:joined thread
[6.532s] INFO:colcon.colcon_core.shell:Creating prefix script '/home/dl/ROSHW_ws/install/local_setup.ps1'
[6.533s] INFO:colcon.colcon_core.shell:Creating prefix util module '/home/dl/ROSHW_ws/install/_local_setup_util_ps1.py'
[6.534s] INFO:colcon.colcon_core.shell:Creating prefix chain script '/home/dl/ROSHW_ws/install/setup.ps1'
[6.536s] INFO:colcon.colcon_core.shell:Creating prefix script '/home/dl/ROSHW_ws/install/local_setup.sh'
[6.537s] INFO:colcon.colcon_core.shell:Creating prefix util module '/home/dl/ROSHW_ws/install/_local_setup_util_sh.py'
[6.537s] INFO:colcon.colcon_core.shell:Creating prefix chain script '/home/dl/ROSHW_ws/install/setup.sh'
[6.538s] INFO:colcon.colcon_core.shell:Creating prefix script '/home/dl/ROSHW_ws/install/local_setup.bash'
[6.539s] INFO:colcon.colcon_core.shell:Creating prefix chain script '/home/dl/ROSHW_ws/install/setup.bash'
[6.540s] INFO:colcon.colcon_core.shell:Creating prefix script '/home/dl/ROSHW_ws/install/local_setup.zsh'
[6.540s] INFO:colcon.colcon_core.shell:Creating prefix chain script '/home/dl/ROSHW_ws/install/setup.zsh'
