[0.259s] DEBUG:colcon:Command line arguments: ['/usr/bin/colcon', 'build', '--symlink-install']
[0.259s] DEBUG:colcon:Parsed command line arguments: Namespace(log_base=None, log_level=None, verb_name='build', build_base='build', install_base='install', merge_install=False, symlink_install=True, test_result_base=None, continue_on_error=False, executor='parallel', parallel_workers=16, event_handlers=None, ignore_user_meta=False, metas=['./colcon.meta'], base_paths=['.'], packages_ignore=None, packages_ignore_regex=None, paths=None, packages_up_to=None, packages_up_to_regex=None, packages_above=None, packages_above_and_dependencies=None, packages_above_depth=None, packages_select_by_dep=None, packages_skip_by_dep=None, packages_skip_up_to=None, packages_select_build_failed=False, packages_skip_build_finished=False, packages_select_test_failures=False, packages_skip_test_passed=False, packages_select=None, packages_skip=None, packages_select_regex=None, packages_skip_regex=None, packages_start=None, packages_end=None, allow_overriding=[], cmake_args=None, cmake_target=None, cmake_target_skip_unavailable=False, cmake_clean_cache=False, cmake_clean_first=False, cmake_force_configure=False, ament_cmake_args=None, catkin_cmake_args=None, catkin_skip_building_tests=False, verb_parser=<colcon_defaults.argument_parser.defaults.DefaultArgumentsDecorator object at 0x7f0fae7d3490>, verb_extension=<colcon_core.verb.build.BuildVerb object at 0x7f0fae7d2f20>, main=<bound method BuildVerb.main of <colcon_core.verb.build.BuildVerb object at 0x7f0fae7d2f20>>)
[0.277s] Level 1:colcon.colcon_core.package_discovery:discover_packages(colcon_meta) check parameters
[0.277s] Level 1:colcon.colcon_core.package_discovery:discover_packages(recursive) check parameters
[0.277s] Level 1:colcon.colcon_core.package_discovery:discover_packages(ignore) check parameters
[0.277s] Level 1:colcon.colcon_core.package_discovery:discover_packages(path) check parameters
[0.277s] Level 1:colcon.colcon_core.package_discovery:discover_packages(colcon_meta) discover
[0.277s] Level 1:colcon.colcon_core.package_discovery:discover_packages(recursive) discover
[0.277s] INFO:colcon.colcon_core.package_discovery:Crawling recursively for packages in '/home/dl/ROSHW_ws'
[0.277s] Level 1:colcon.colcon_core.package_identification:_identify(.) by extensions ['ignore', 'ignore_ament_install']
[0.277s] Level 1:colcon.colcon_core.package_identification:_identify(.) by extension 'ignore'
[0.277s] Level 1:colcon.colcon_core.package_identification:_identify(.) by extension 'ignore_ament_install'
[0.277s] Level 1:colcon.colcon_core.package_identification:_identify(.) by extensions ['colcon_pkg']
[0.278s] Level 1:colcon.colcon_core.package_identification:_identify(.) by extension 'colcon_pkg'
[0.278s] Level 1:colcon.colcon_core.package_identification:_identify(.) by extensions ['colcon_meta']
[0.278s] Level 1:colcon.colcon_core.package_identification:_identify(.) by extension 'colcon_meta'
[0.278s] Level 1:colcon.colcon_core.package_identification:_identify(.) by extensions ['ros']
[0.278s] Level 1:colcon.colcon_core.package_identification:_identify(.) by extension 'ros'
[0.286s] Level 1:colcon.colcon_core.package_identification:_identify(.) by extensions ['cmake', 'python']
[0.286s] Level 1:colcon.colcon_core.package_identification:_identify(.) by extension 'cmake'
[0.286s] Level 1:colcon.colcon_core.package_identification:_identify(.) by extension 'python'
[0.286s] Level 1:colcon.colcon_core.package_identification:_identify(.) by extensions ['python_setup_py']
[0.286s] Level 1:colcon.colcon_core.package_identification:_identify(.) by extension 'python_setup_py'
[0.286s] Level 1:colcon.colcon_core.package_identification:_identify(build) by extensions ['ignore', 'ignore_ament_install']
[0.286s] Level 1:colcon.colcon_core.package_identification:_identify(build) by extension 'ignore'
[0.286s] Level 1:colcon.colcon_core.package_identification:_identify(build) ignored
[0.286s] Level 1:colcon.colcon_core.package_identification:_identify(install) by extensions ['ignore', 'ignore_ament_install']
[0.286s] Level 1:colcon.colcon_core.package_identification:_identify(install) by extension 'ignore'
[0.286s] Level 1:colcon.colcon_core.package_identification:_identify(install) ignored
[0.287s] Level 1:colcon.colcon_core.package_identification:_identify(log) by extensions ['ignore', 'ignore_ament_install']
[0.287s] Level 1:colcon.colcon_core.package_identification:_identify(log) by extension 'ignore'
[0.287s] Level 1:colcon.colcon_core.package_identification:_identify(log) ignored
[0.287s] Level 1:colcon.colcon_core.package_identification:_identify(src) by extensions ['ignore', 'ignore_ament_install']
[0.287s] Level 1:colcon.colcon_core.package_identification:_identify(src) by extension 'ignore'
[0.287s] Level 1:colcon.colcon_core.package_identification:_identify(src) by extension 'ignore_ament_install'
[0.287s] Level 1:colcon.colcon_core.package_identification:_identify(src) by extensions ['colcon_pkg']
[0.287s] Level 1:colcon.colcon_core.package_identification:_identify(src) by extension 'colcon_pkg'
[0.287s] Level 1:colcon.colcon_core.package_identification:_identify(src) by extensions ['colcon_meta']
[0.287s] Level 1:colcon.colcon_core.package_identification:_identify(src) by extension 'colcon_meta'
[0.287s] Level 1:colcon.colcon_core.package_identification:_identify(src) by extensions ['ros']
[0.287s] Level 1:colcon.colcon_core.package_identification:_identify(src) by extension 'ros'
[0.287s] Level 1:colcon.colcon_core.package_identification:_identify(src) by extensions ['cmake', 'python']
[0.287s] Level 1:colcon.colcon_core.package_identification:_identify(src) by extension 'cmake'
[0.287s] Level 1:colcon.colcon_core.package_identification:_identify(src) by extension 'python'
[0.287s] Level 1:colcon.colcon_core.package_identification:_identify(src) by extensions ['python_setup_py']
[0.287s] Level 1:colcon.colcon_core.package_identification:_identify(src) by extension 'python_setup_py'
[0.287s] Level 1:colcon.colcon_core.package_identification:_identify(src/mine_pubsub) by extensions ['ignore', 'ignore_ament_install']
[0.288s] Level 1:colcon.colcon_core.package_identification:_identify(src/mine_pubsub) by extension 'ignore'
[0.288s] Level 1:colcon.colcon_core.package_identification:_identify(src/mine_pubsub) by extension 'ignore_ament_install'
[0.288s] Level 1:colcon.colcon_core.package_identification:_identify(src/mine_pubsub) by extensions ['colcon_pkg']
[0.288s] Level 1:colcon.colcon_core.package_identification:_identify(src/mine_pubsub) by extension 'colcon_pkg'
[0.288s] Level 1:colcon.colcon_core.package_identification:_identify(src/mine_pubsub) by extensions ['colcon_meta']
[0.288s] Level 1:colcon.colcon_core.package_identification:_identify(src/mine_pubsub) by extension 'colcon_meta'
[0.288s] Level 1:colcon.colcon_core.package_identification:_identify(src/mine_pubsub) by extensions ['ros']
[0.288s] Level 1:colcon.colcon_core.package_identification:_identify(src/mine_pubsub) by extension 'ros'
[0.290s] DEBUG:colcon.colcon_core.package_identification:Package 'src/mine_pubsub' with type 'ros.ament_cmake' and name 'mine_pubsub'
[0.290s] Level 1:colcon.colcon_core.package_identification:_identify(src/my_interfaces) by extensions ['ignore', 'ignore_ament_install']
[0.290s] Level 1:colcon.colcon_core.package_identification:_identify(src/my_interfaces) by extension 'ignore'
[0.290s] Level 1:colcon.colcon_core.package_identification:_identify(src/my_interfaces) by extension 'ignore_ament_install'
[0.290s] Level 1:colcon.colcon_core.package_identification:_identify(src/my_interfaces) by extensions ['colcon_pkg']
[0.290s] Level 1:colcon.colcon_core.package_identification:_identify(src/my_interfaces) by extension 'colcon_pkg'
[0.290s] Level 1:colcon.colcon_core.package_identification:_identify(src/my_interfaces) by extensions ['colcon_meta']
[0.290s] Level 1:colcon.colcon_core.package_identification:_identify(src/my_interfaces) by extension 'colcon_meta'
[0.290s] Level 1:colcon.colcon_core.package_identification:_identify(src/my_interfaces) by extensions ['ros']
[0.290s] Level 1:colcon.colcon_core.package_identification:_identify(src/my_interfaces) by extension 'ros'
[0.291s] DEBUG:colcon.colcon_core.package_identification:Package 'src/my_interfaces' with type 'ros.ament_cmake' and name 'my_interfaces'
[0.291s] Level 1:colcon.colcon_core.package_discovery:discover_packages(recursive) using defaults
[0.291s] Level 1:colcon.colcon_core.package_discovery:discover_packages(ignore) discover
[0.291s] Level 1:colcon.colcon_core.package_discovery:discover_packages(ignore) using defaults
[0.291s] Level 1:colcon.colcon_core.package_discovery:discover_packages(path) discover
[0.291s] Level 1:colcon.colcon_core.package_discovery:discover_packages(path) using defaults
[0.307s] Level 1:colcon.colcon_core.package_discovery:discover_packages(prefix_path) check parameters
[0.307s] Level 1:colcon.colcon_core.package_discovery:discover_packages(prefix_path) discover
[0.309s] DEBUG:colcon.colcon_installed_package_information.package_discovery:Found 413 installed packages in /opt/ros/humble
[0.311s] Level 1:colcon.colcon_core.package_discovery:discover_packages(prefix_path) using defaults
[0.365s] Level 5:colcon.colcon_core.verb:set package 'my_interfaces' build argument 'cmake_args' from command line to 'None'
[0.365s] Level 5:colcon.colcon_core.verb:set package 'my_interfaces' build argument 'cmake_target' from command line to 'None'
[0.365s] Level 5:colcon.colcon_core.verb:set package 'my_interfaces' build argument 'cmake_target_skip_unavailable' from command line to 'False'
[0.365s] Level 5:colcon.colcon_core.verb:set package 'my_interfaces' build argument 'cmake_clean_cache' from command line to 'False'
[0.365s] Level 5:colcon.colcon_core.verb:set package 'my_interfaces' build argument 'cmake_clean_first' from command line to 'False'
[0.365s] Level 5:colcon.colcon_core.verb:set package 'my_interfaces' build argument 'cmake_force_configure' from command line to 'False'
[0.365s] Level 5:colcon.colcon_core.verb:set package 'my_interfaces' build argument 'ament_cmake_args' from command line to 'None'
[0.365s] Level 5:colcon.colcon_core.verb:set package 'my_interfaces' build argument 'catkin_cmake_args' from command line to 'None'
[0.365s] Level 5:colcon.colcon_core.verb:set package 'my_interfaces' build argument 'catkin_skip_building_tests' from command line to 'False'
[0.365s] DEBUG:colcon.colcon_core.verb:Building package 'my_interfaces' with the following arguments: {'ament_cmake_args': None, 'build_base': '/home/dl/ROSHW_ws/build/my_interfaces', 'catkin_cmake_args': None, 'catkin_skip_building_tests': False, 'cmake_args': None, 'cmake_clean_cache': False, 'cmake_clean_first': False, 'cmake_force_configure': False, 'cmake_target': None, 'cmake_target_skip_unavailable': False, 'install_base': '/home/dl/ROSHW_ws/install/my_interfaces', 'merge_install': False, 'path': '/home/dl/ROSHW_ws/src/my_interfaces', 'symlink_install': True, 'test_result_base': None}
[0.366s] Level 5:colcon.colcon_core.verb:set package 'mine_pubsub' build argument 'cmake_args' from command line to 'None'
[0.366s] Level 5:colcon.colcon_core.verb:set package 'mine_pubsub' build argument 'cmake_target' from command line to 'None'
[0.366s] Level 5:colcon.colcon_core.verb:set package 'mine_pubsub' build argument 'cmake_target_skip_unavailable' from command line to 'False'
[0.366s] Level 5:colcon.colcon_core.verb:set package 'mine_pubsub' build argument 'cmake_clean_cache' from command line to 'False'
[0.366s] Level 5:colcon.colcon_core.verb:set package 'mine_pubsub' build argument 'cmake_clean_first' from command line to 'False'
[0.366s] Level 5:colcon.colcon_core.verb:set package 'mine_pubsub' build argument 'cmake_force_configure' from command line to 'False'
[0.366s] Level 5:colcon.colcon_core.verb:set package 'mine_pubsub' build argument 'ament_cmake_args' from command line to 'None'
[0.366s] Level 5:colcon.colcon_core.verb:set package 'mine_pubsub' build argument 'catkin_cmake_args' from command line to 'None'
[0.366s] Level 5:colcon.colcon_core.verb:set package 'mine_pubsub' build argument 'catkin_skip_building_tests' from command line to 'False'
[0.366s] DEBUG:colcon.colcon_core.verb:Building package 'mine_pubsub' with the following arguments: {'ament_cmake_args': None, 'build_base': '/home/dl/ROSHW_ws/build/mine_pubsub', 'catkin_cmake_args': None, 'catkin_skip_building_tests': False, 'cmake_args': None, 'cmake_clean_cache': False, 'cmake_clean_first': False, 'cmake_force_configure': False, 'cmake_target': None, 'cmake_target_skip_unavailable': False, 'install_base': '/home/dl/ROSHW_ws/install/mine_pubsub', 'merge_install': False, 'path': '/home/dl/ROSHW_ws/src/mine_pubsub', 'symlink_install': True, 'test_result_base': None}
[0.366s] INFO:colcon.colcon_core.executor:Executing jobs using 'parallel' executor
[0.369s] DEBUG:colcon.colcon_parallel_executor.executor.parallel:run_until_complete
[0.369s] INFO:colcon.colcon_ros.task.ament_cmake.build:Building ROS package in '/home/dl/ROSHW_ws/src/my_interfaces' with build type 'ament_cmake'
[0.369s] INFO:colcon.colcon_cmake.task.cmake.build:Building CMake package in '/home/dl/ROSHW_ws/src/my_interfaces'
[0.372s] INFO:colcon.colcon_core.plugin_system:Skipping extension 'colcon_core.shell.bat': Not used on non-Windows systems
[0.372s] INFO:colcon.colcon_core.shell:Skip shell extension 'powershell' for command environment: Not usable outside of PowerShell
[0.372s] DEBUG:colcon.colcon_core.shell:Skip shell extension 'dsv' for command environment
[0.380s] DEBUG:colcon.colcon_core.event_handler.log_command:Invoking command in '/home/dl/ROSHW_ws/build/my_interfaces': CMAKE_PREFIX_PATH=/opt/ros/humble /usr/bin/cmake --build /home/dl/ROSHW_ws/build/my_interfaces -- -j16 -l16
[0.650s] DEBUG:colcon.colcon_core.event_handler.log_command:Invoked command in '/home/dl/ROSHW_ws/build/my_interfaces' returned '0': CMAKE_PREFIX_PATH=/opt/ros/humble /usr/bin/cmake --build /home/dl/ROSHW_ws/build/my_interfaces -- -j16 -l16
[0.708s] DEBUG:colcon.colcon_core.event_handler.log_command:Invoking command in '/home/dl/ROSHW_ws/build/my_interfaces': CMAKE_PREFIX_PATH=/opt/ros/humble /usr/bin/cmake --install /home/dl/ROSHW_ws/build/my_interfaces
[0.754s] Level 1:colcon.colcon_core.environment:create_environment_scripts_only(my_interfaces)
[0.755s] DEBUG:colcon.colcon_core.event_handler.log_command:Invoked command in '/home/dl/ROSHW_ws/build/my_interfaces' returned '0': CMAKE_PREFIX_PATH=/opt/ros/humble /usr/bin/cmake --install /home/dl/ROSHW_ws/build/my_interfaces
[0.758s] Level 1:colcon.colcon_core.environment:checking '/home/dl/ROSHW_ws/install/my_interfaces' for CMake module files
[0.758s] Level 1:colcon.colcon_core.environment:checking '/home/dl/ROSHW_ws/install/my_interfaces' for CMake config files
[0.759s] Level 1:colcon.colcon_core.shell:create_environment_hook('my_interfaces', 'cmake_prefix_path')
[0.760s] INFO:colcon.colcon_core.shell:Creating environment hook '/home/dl/ROSHW_ws/install/my_interfaces/share/my_interfaces/hook/cmake_prefix_path.ps1'
[0.760s] INFO:colcon.colcon_core.shell:Creating environment descriptor '/home/dl/ROSHW_ws/install/my_interfaces/share/my_interfaces/hook/cmake_prefix_path.dsv'
[0.760s] INFO:colcon.colcon_core.shell:Creating environment hook '/home/dl/ROSHW_ws/install/my_interfaces/share/my_interfaces/hook/cmake_prefix_path.sh'
[0.761s] Level 1:colcon.colcon_core.environment:checking '/home/dl/ROSHW_ws/install/my_interfaces/lib'
[0.761s] Level 1:colcon.colcon_core.shell:create_environment_hook('my_interfaces', 'ld_library_path_lib')
[0.762s] INFO:colcon.colcon_core.shell:Creating environment hook '/home/dl/ROSHW_ws/install/my_interfaces/share/my_interfaces/hook/ld_library_path_lib.ps1'
[0.762s] INFO:colcon.colcon_core.shell:Creating environment descriptor '/home/dl/ROSHW_ws/install/my_interfaces/share/my_interfaces/hook/ld_library_path_lib.dsv'
[0.762s] INFO:colcon.colcon_core.shell:Creating environment hook '/home/dl/ROSHW_ws/install/my_interfaces/share/my_interfaces/hook/ld_library_path_lib.sh'
[0.763s] Level 1:colcon.colcon_core.environment:checking '/home/dl/ROSHW_ws/install/my_interfaces/bin'
[0.763s] Level 1:colcon.colcon_core.environment:checking '/home/dl/ROSHW_ws/install/my_interfaces/lib/pkgconfig/my_interfaces.pc'
[0.763s] Level 1:colcon.colcon_core.environment:checking '/home/dl/ROSHW_ws/install/my_interfaces/lib/python3.10/site-packages'
[0.763s] Level 1:colcon.colcon_core.environment:checking '/home/dl/ROSHW_ws/install/my_interfaces/bin'
[0.764s] INFO:colcon.colcon_core.shell:Creating package script '/home/dl/ROSHW_ws/install/my_interfaces/share/my_interfaces/package.ps1'
[0.765s] INFO:colcon.colcon_core.shell:Creating package descriptor '/home/dl/ROSHW_ws/install/my_interfaces/share/my_interfaces/package.dsv'
[0.765s] INFO:colcon.colcon_core.shell:Creating package script '/home/dl/ROSHW_ws/install/my_interfaces/share/my_interfaces/package.sh'
[0.765s] INFO:colcon.colcon_core.shell:Creating package script '/home/dl/ROSHW_ws/install/my_interfaces/share/my_interfaces/package.bash'
[0.766s] INFO:colcon.colcon_core.shell:Creating package script '/home/dl/ROSHW_ws/install/my_interfaces/share/my_interfaces/package.zsh'
[0.766s] Level 1:colcon.colcon_core.environment:create_file_with_runtime_dependencies(/home/dl/ROSHW_ws/install/my_interfaces/share/colcon-core/packages/my_interfaces)
[0.820s] Level 1:colcon.colcon_core.environment:create_environment_scripts_only(my_interfaces)
[0.822s] Level 1:colcon.colcon_core.environment:checking '/home/dl/ROSHW_ws/install/my_interfaces' for CMake module files
[0.822s] Level 1:colcon.colcon_core.environment:checking '/home/dl/ROSHW_ws/install/my_interfaces' for CMake config files
[0.822s] Level 1:colcon.colcon_core.shell:create_environment_hook('my_interfaces', 'cmake_prefix_path')
[0.823s] INFO:colcon.colcon_core.shell:Creating environment hook '/home/dl/ROSHW_ws/install/my_interfaces/share/my_interfaces/hook/cmake_prefix_path.ps1'
[0.824s] INFO:colcon.colcon_core.shell:Creating environment descriptor '/home/dl/ROSHW_ws/install/my_interfaces/share/my_interfaces/hook/cmake_prefix_path.dsv'
[0.824s] INFO:colcon.colcon_core.shell:Creating environment hook '/home/dl/ROSHW_ws/install/my_interfaces/share/my_interfaces/hook/cmake_prefix_path.sh'
[0.824s] Level 1:colcon.colcon_core.environment:checking '/home/dl/ROSHW_ws/install/my_interfaces/lib'
[0.824s] Level 1:colcon.colcon_core.shell:create_environment_hook('my_interfaces', 'ld_library_path_lib')
[0.825s] INFO:colcon.colcon_core.shell:Creating environment hook '/home/dl/ROSHW_ws/install/my_interfaces/share/my_interfaces/hook/ld_library_path_lib.ps1'
[0.826s] INFO:colcon.colcon_core.shell:Creating environment descriptor '/home/dl/ROSHW_ws/install/my_interfaces/share/my_interfaces/hook/ld_library_path_lib.dsv'
[0.826s] INFO:colcon.colcon_core.shell:Creating environment hook '/home/dl/ROSHW_ws/install/my_interfaces/share/my_interfaces/hook/ld_library_path_lib.sh'
[0.826s] Level 1:colcon.colcon_core.environment:checking '/home/dl/ROSHW_ws/install/my_interfaces/bin'
[0.826s] Level 1:colcon.colcon_core.environment:checking '/home/dl/ROSHW_ws/install/my_interfaces/lib/pkgconfig/my_interfaces.pc'
[0.826s] Level 1:colcon.colcon_core.environment:checking '/home/dl/ROSHW_ws/install/my_interfaces/lib/python3.10/site-packages'
[0.826s] Level 1:colcon.colcon_core.environment:checking '/home/dl/ROSHW_ws/install/my_interfaces/bin'
[0.827s] INFO:colcon.colcon_core.shell:Creating package script '/home/dl/ROSHW_ws/install/my_interfaces/share/my_interfaces/package.ps1'
[0.828s] INFO:colcon.colcon_core.shell:Creating package descriptor '/home/dl/ROSHW_ws/install/my_interfaces/share/my_interfaces/package.dsv'
[0.828s] INFO:colcon.colcon_core.shell:Creating package script '/home/dl/ROSHW_ws/install/my_interfaces/share/my_interfaces/package.sh'
[0.828s] INFO:colcon.colcon_core.shell:Creating package script '/home/dl/ROSHW_ws/install/my_interfaces/share/my_interfaces/package.bash'
[0.828s] INFO:colcon.colcon_core.shell:Creating package script '/home/dl/ROSHW_ws/install/my_interfaces/share/my_interfaces/package.zsh'
[0.829s] Level 1:colcon.colcon_core.environment:create_file_with_runtime_dependencies(/home/dl/ROSHW_ws/install/my_interfaces/share/colcon-core/packages/my_interfaces)
[0.829s] INFO:colcon.colcon_ros.task.ament_cmake.build:Building ROS package in '/home/dl/ROSHW_ws/src/mine_pubsub' with build type 'ament_cmake'
[0.829s] INFO:colcon.colcon_cmake.task.cmake.build:Building CMake package in '/home/dl/ROSHW_ws/src/mine_pubsub'
[0.830s] INFO:colcon.colcon_core.shell:Skip shell extension 'powershell' for command environment: Not usable outside of PowerShell
[0.830s] DEBUG:colcon.colcon_core.shell:Skip shell extension 'dsv' for command environment
[0.838s] DEBUG:colcon.colcon_core.event_handler.log_command:Invoking command in '/home/dl/ROSHW_ws/build/mine_pubsub': AMENT_PREFIX_PATH=/home/dl/ROSHW_ws/install/my_interfaces:${AMENT_PREFIX_PATH} CMAKE_PREFIX_PATH=/home/dl/ROSHW_ws/install/my_interfaces:/opt/ros/humble LD_LIBRARY_PATH=/home/dl/ROSHW_ws/install/my_interfaces/lib:${LD_LIBRARY_PATH} PYTHONPATH=/home/dl/ROSHW_ws/install/my_interfaces/local/lib/python3.10/dist-packages:${PYTHONPATH} /usr/bin/cmake --build /home/dl/ROSHW_ws/build/mine_pubsub -- -j16 -l16
[4.237s] DEBUG:colcon.colcon_core.event_handler.log_command:Invoked command in '/home/dl/ROSHW_ws/build/mine_pubsub' returned '0': AMENT_PREFIX_PATH=/home/dl/ROSHW_ws/install/my_interfaces:${AMENT_PREFIX_PATH} CMAKE_PREFIX_PATH=/home/dl/ROSHW_ws/install/my_interfaces:/opt/ros/humble LD_LIBRARY_PATH=/home/dl/ROSHW_ws/install/my_interfaces/lib:${LD_LIBRARY_PATH} PYTHONPATH=/home/dl/ROSHW_ws/install/my_interfaces/local/lib/python3.10/dist-packages:${PYTHONPATH} /usr/bin/cmake --build /home/dl/ROSHW_ws/build/mine_pubsub -- -j16 -l16
[4.255s] DEBUG:colcon.colcon_core.event_handler.log_command:Invoking command in '/home/dl/ROSHW_ws/build/mine_pubsub': AMENT_PREFIX_PATH=/home/dl/ROSHW_ws/install/my_interfaces:${AMENT_PREFIX_PATH} CMAKE_PREFIX_PATH=/home/dl/ROSHW_ws/install/my_interfaces:/opt/ros/humble LD_LIBRARY_PATH=/home/dl/ROSHW_ws/install/my_interfaces/lib:${LD_LIBRARY_PATH} PYTHONPATH=/home/dl/ROSHW_ws/install/my_interfaces/local/lib/python3.10/dist-packages:${PYTHONPATH} /usr/bin/cmake --install /home/dl/ROSHW_ws/build/mine_pubsub
[4.269s] Level 1:colcon.colcon_core.environment:create_environment_scripts_only(mine_pubsub)
[4.271s] Level 1:colcon.colcon_core.environment:checking '/home/dl/ROSHW_ws/install/mine_pubsub' for CMake module files
[4.271s] DEBUG:colcon.colcon_core.event_handler.log_command:Invoked command in '/home/dl/ROSHW_ws/build/mine_pubsub' returned '0': AMENT_PREFIX_PATH=/home/dl/ROSHW_ws/install/my_interfaces:${AMENT_PREFIX_PATH} CMAKE_PREFIX_PATH=/home/dl/ROSHW_ws/install/my_interfaces:/opt/ros/humble LD_LIBRARY_PATH=/home/dl/ROSHW_ws/install/my_interfaces/lib:${LD_LIBRARY_PATH} PYTHONPATH=/home/dl/ROSHW_ws/install/my_interfaces/local/lib/python3.10/dist-packages:${PYTHONPATH} /usr/bin/cmake --install /home/dl/ROSHW_ws/build/mine_pubsub
[4.272s] Level 1:colcon.colcon_core.environment:checking '/home/dl/ROSHW_ws/install/mine_pubsub' for CMake config files
[4.272s] Level 1:colcon.colcon_core.shell:create_environment_hook('mine_pubsub', 'cmake_prefix_path')
[4.273s] INFO:colcon.colcon_core.shell:Creating environment hook '/home/dl/ROSHW_ws/install/mine_pubsub/share/mine_pubsub/hook/cmake_prefix_path.ps1'
[4.273s] INFO:colcon.colcon_core.shell:Creating environment descriptor '/home/dl/ROSHW_ws/install/mine_pubsub/share/mine_pubsub/hook/cmake_prefix_path.dsv'
[4.273s] INFO:colcon.colcon_core.shell:Creating environment hook '/home/dl/ROSHW_ws/install/mine_pubsub/share/mine_pubsub/hook/cmake_prefix_path.sh'
[4.274s] Level 1:colcon.colcon_core.environment:checking '/home/dl/ROSHW_ws/install/mine_pubsub/lib'
[4.274s] Level 1:colcon.colcon_core.environment:checking '/home/dl/ROSHW_ws/install/mine_pubsub/bin'
[4.274s] Level 1:colcon.colcon_core.environment:checking '/home/dl/ROSHW_ws/install/mine_pubsub/lib/pkgconfig/mine_pubsub.pc'
[4.274s] Level 1:colcon.colcon_core.environment:checking '/home/dl/ROSHW_ws/install/mine_pubsub/lib/python3.10/site-packages'
[4.274s] Level 1:colcon.colcon_core.environment:checking '/home/dl/ROSHW_ws/install/mine_pubsub/bin'
[4.275s] INFO:colcon.colcon_core.shell:Creating package script '/home/dl/ROSHW_ws/install/mine_pubsub/share/mine_pubsub/package.ps1'
[4.275s] INFO:colcon.colcon_core.shell:Creating package descriptor '/home/dl/ROSHW_ws/install/mine_pubsub/share/mine_pubsub/package.dsv'
[4.275s] INFO:colcon.colcon_core.shell:Creating package script '/home/dl/ROSHW_ws/install/mine_pubsub/share/mine_pubsub/package.sh'
[4.276s] INFO:colcon.colcon_core.shell:Creating package script '/home/dl/ROSHW_ws/install/mine_pubsub/share/mine_pubsub/package.bash'
[4.276s] INFO:colcon.colcon_core.shell:Creating package script '/home/dl/ROSHW_ws/install/mine_pubsub/share/mine_pubsub/package.zsh'
[4.276s] Level 1:colcon.colcon_core.environment:create_file_with_runtime_dependencies(/home/dl/ROSHW_ws/install/mine_pubsub/share/colcon-core/packages/mine_pubsub)
[4.296s] Level 1:colcon.colcon_core.environment:create_environment_scripts_only(mine_pubsub)
[4.298s] Level 1:colcon.colcon_core.environment:checking '/home/dl/ROSHW_ws/install/mine_pubsub' for CMake module files
[4.299s] Level 1:colcon.colcon_core.environment:checking '/home/dl/ROSHW_ws/install/mine_pubsub' for CMake config files
[4.299s] Level 1:colcon.colcon_core.shell:create_environment_hook('mine_pubsub', 'cmake_prefix_path')
[4.301s] INFO:colcon.colcon_core.shell:Creating environment hook '/home/dl/ROSHW_ws/install/mine_pubsub/share/mine_pubsub/hook/cmake_prefix_path.ps1'
[4.302s] INFO:colcon.colcon_core.shell:Creating environment descriptor '/home/dl/ROSHW_ws/install/mine_pubsub/share/mine_pubsub/hook/cmake_prefix_path.dsv'
[4.302s] INFO:colcon.colcon_core.shell:Creating environment hook '/home/dl/ROSHW_ws/install/mine_pubsub/share/mine_pubsub/hook/cmake_prefix_path.sh'
[4.303s] Level 1:colcon.colcon_core.environment:checking '/home/dl/ROSHW_ws/install/mine_pubsub/lib'
[4.303s] Level 1:colcon.colcon_core.environment:checking '/home/dl/ROSHW_ws/install/mine_pubsub/bin'
[4.303s] Level 1:colcon.colcon_core.environment:checking '/home/dl/ROSHW_ws/install/mine_pubsub/lib/pkgconfig/mine_pubsub.pc'
[4.303s] Level 1:colcon.colcon_core.environment:checking '/home/dl/ROSHW_ws/install/mine_pubsub/lib/python3.10/site-packages'
[4.303s] Level 1:colcon.colcon_core.environment:checking '/home/dl/ROSHW_ws/install/mine_pubsub/bin'
[4.305s] INFO:colcon.colcon_core.shell:Creating package script '/home/dl/ROSHW_ws/install/mine_pubsub/share/mine_pubsub/package.ps1'
[4.305s] INFO:colcon.colcon_core.shell:Creating package descriptor '/home/dl/ROSHW_ws/install/mine_pubsub/share/mine_pubsub/package.dsv'
[4.306s] INFO:colcon.colcon_core.shell:Creating package script '/home/dl/ROSHW_ws/install/mine_pubsub/share/mine_pubsub/package.sh'
[4.306s] INFO:colcon.colcon_core.shell:Creating package script '/home/dl/ROSHW_ws/install/mine_pubsub/share/mine_pubsub/package.bash'
[4.307s] INFO:colcon.colcon_core.shell:Creating package script '/home/dl/ROSHW_ws/install/mine_pubsub/share/mine_pubsub/package.zsh'
[4.307s] Level 1:colcon.colcon_core.environment:create_file_with_runtime_dependencies(/home/dl/ROSHW_ws/install/mine_pubsub/share/colcon-core/packages/mine_pubsub)
[4.307s] DEBUG:colcon.colcon_parallel_executor.executor.parallel:closing loop
[4.308s] DEBUG:colcon.colcon_parallel_executor.executor.parallel:loop closed
[4.308s] DEBUG:colcon.colcon_parallel_executor.executor.parallel:run_until_complete finished with '0'
[4.308s] DEBUG:colcon.colcon_core.event_reactor:joining thread
[4.312s] INFO:colcon.colcon_core.plugin_system:Skipping extension 'colcon_notification.desktop_notification.terminal_notifier': Not used on non-Darwin systems
[4.312s] INFO:colcon.colcon_core.plugin_system:Skipping extension 'colcon_notification.desktop_notification.win32': Not used on non-Windows systems
[4.312s] INFO:colcon.colcon_notification.desktop_notification:Sending desktop notification using 'notify2'
[4.321s] DEBUG:colcon.colcon_core.event_reactor:joined thread
[4.322s] INFO:colcon.colcon_core.shell:Creating prefix script '/home/dl/ROSHW_ws/install/local_setup.ps1'
[4.323s] INFO:colcon.colcon_core.shell:Creating prefix util module '/home/dl/ROSHW_ws/install/_local_setup_util_ps1.py'
[4.324s] INFO:colcon.colcon_core.shell:Creating prefix chain script '/home/dl/ROSHW_ws/install/setup.ps1'
[4.325s] INFO:colcon.colcon_core.shell:Creating prefix script '/home/dl/ROSHW_ws/install/local_setup.sh'
[4.326s] INFO:colcon.colcon_core.shell:Creating prefix util module '/home/dl/ROSHW_ws/install/_local_setup_util_sh.py'
[4.326s] INFO:colcon.colcon_core.shell:Creating prefix chain script '/home/dl/ROSHW_ws/install/setup.sh'
[4.327s] INFO:colcon.colcon_core.shell:Creating prefix script '/home/dl/ROSHW_ws/install/local_setup.bash'
[4.327s] INFO:colcon.colcon_core.shell:Creating prefix chain script '/home/dl/ROSHW_ws/install/setup.bash'
[4.328s] INFO:colcon.colcon_core.shell:Creating prefix script '/home/dl/ROSHW_ws/install/local_setup.zsh'
[4.328s] INFO:colcon.colcon_core.shell:Creating prefix chain script '/home/dl/ROSHW_ws/install/setup.zsh'
