[0.008s] Invoking command in '/home/dl/ROSHW_ws/build/Mine_pubsub': AMENT_PREFIX_PATH=/home/dl/ROSHW_ws/install/my_interfaces:${AMENT_PREFIX_PATH} CMAKE_PREFIX_PATH=/home/dl/ROSHW_ws/install/my_interfaces:/opt/ros/humble LD_LIBRARY_PATH=/home/dl/ROSHW_ws/install/my_interfaces/lib:${LD_LIBRARY_PATH} PYTHONPATH=/home/dl/ROSHW_ws/install/my_interfaces/local/lib/python3.10/dist-packages:${PYTHONPATH} /usr/bin/cmake --build /home/dl/ROSHW_ws/build/Mine_pubsub -- -j16 -l16
[0.043s] [35m[1mConsolidate compiler generated dependencies of target miner[0m
[0.043s] [35m[1mConsolidate compiler generated dependencies of target oreyard[0m
[0.056s] [ 75%] [32mBuilding CXX object CMakeFiles/miner.dir/src/subscriber_miner.cpp.o[0m
[0.056s] [ 75%] Built target oreyard
[6.168s] [100%] [32m[1mLinking CXX executable miner[0m
[6.424s] [100%] Built target miner
[6.431s] Invoked command in '/home/dl/ROSHW_ws/build/Mine_pubsub' returned '0': AMENT_PREFIX_PATH=/home/dl/ROSHW_ws/install/my_interfaces:${AMENT_PREFIX_PATH} CMAKE_PREFIX_PATH=/home/dl/ROSHW_ws/install/my_interfaces:/opt/ros/humble LD_LIBRARY_PATH=/home/dl/ROSHW_ws/install/my_interfaces/lib:${LD_LIBRARY_PATH} PYTHONPATH=/home/dl/ROSHW_ws/install/my_interfaces/local/lib/python3.10/dist-packages:${PYTHONPATH} /usr/bin/cmake --build /home/dl/ROSHW_ws/build/Mine_pubsub -- -j16 -l16
[6.448s] Invoking command in '/home/dl/ROSHW_ws/build/Mine_pubsub': AMENT_PREFIX_PATH=/home/dl/ROSHW_ws/install/my_interfaces:${AMENT_PREFIX_PATH} CMAKE_PREFIX_PATH=/home/dl/ROSHW_ws/install/my_interfaces:/opt/ros/humble LD_LIBRARY_PATH=/home/dl/ROSHW_ws/install/my_interfaces/lib:${LD_LIBRARY_PATH} PYTHONPATH=/home/dl/ROSHW_ws/install/my_interfaces/local/lib/python3.10/dist-packages:${PYTHONPATH} /usr/bin/cmake --install /home/dl/ROSHW_ws/build/Mine_pubsub
[6.453s] -- Install configuration: ""
[6.453s] -- Execute custom install script
[6.453s] -- Up-to-date symlink: /home/dl/ROSHW_ws/install/Mine_pubsub/lib/Mine_pubsub/oreyard
[6.454s] -- Up-to-date symlink: /home/dl/ROSHW_ws/install/Mine_pubsub/lib/Mine_pubsub/miner
[6.454s] -- Up-to-date symlink: /home/dl/ROSHW_ws/install/Mine_pubsub/share/ament_index/resource_index/package_run_dependencies/Mine_pubsub
[6.454s] -- Up-to-date symlink: /home/dl/ROSHW_ws/install/Mine_pubsub/share/ament_index/resource_index/parent_prefix_path/Mine_pubsub
[6.454s] -- Up-to-date symlink: /home/dl/ROSHW_ws/install/Mine_pubsub/share/Mine_pubsub/environment/ament_prefix_path.sh
[6.454s] -- Up-to-date symlink: /home/dl/ROSHW_ws/install/Mine_pubsub/share/Mine_pubsub/environment/ament_prefix_path.dsv
[6.454s] -- Up-to-date symlink: /home/dl/ROSHW_ws/install/Mine_pubsub/share/Mine_pubsub/environment/path.sh
[6.454s] -- Up-to-date symlink: /home/dl/ROSHW_ws/install/Mine_pubsub/share/Mine_pubsub/environment/path.dsv
[6.454s] -- Up-to-date symlink: /home/dl/ROSHW_ws/install/Mine_pubsub/share/Mine_pubsub/local_setup.bash
[6.454s] -- Up-to-date symlink: /home/dl/ROSHW_ws/install/Mine_pubsub/share/Mine_pubsub/local_setup.sh
[6.454s] -- Up-to-date symlink: /home/dl/ROSHW_ws/install/Mine_pubsub/share/Mine_pubsub/local_setup.zsh
[6.455s] -- Up-to-date symlink: /home/dl/ROSHW_ws/install/Mine_pubsub/share/Mine_pubsub/local_setup.dsv
[6.455s] -- Symlinking: /home/dl/ROSHW_ws/install/Mine_pubsub/share/Mine_pubsub/package.dsv
[6.461s] -- Up-to-date symlink: /home/dl/ROSHW_ws/install/Mine_pubsub/share/ament_index/resource_index/packages/Mine_pubsub
[6.461s] -- Up-to-date symlink: /home/dl/ROSHW_ws/install/Mine_pubsub/share/Mine_pubsub/cmake/Mine_pubsubConfig.cmake
[6.461s] -- Up-to-date symlink: /home/dl/ROSHW_ws/install/Mine_pubsub/share/Mine_pubsub/cmake/Mine_pubsubConfig-version.cmake
[6.461s] -- Up-to-date symlink: /home/dl/ROSHW_ws/install/Mine_pubsub/share/Mine_pubsub/package.xml
[6.464s] Invoked command in '/home/dl/ROSHW_ws/build/Mine_pubsub' returned '0': AMENT_PREFIX_PATH=/home/dl/ROSHW_ws/install/my_interfaces:${AMENT_PREFIX_PATH} CMAKE_PREFIX_PATH=/home/dl/ROSHW_ws/install/my_interfaces:/opt/ros/humble LD_LIBRARY_PATH=/home/dl/ROSHW_ws/install/my_interfaces/lib:${LD_LIBRARY_PATH} PYTHONPATH=/home/dl/ROSHW_ws/install/my_interfaces/local/lib/python3.10/dist-packages:${PYTHONPATH} /usr/bin/cmake --install /home/dl/ROSHW_ws/build/Mine_pubsub
