[01m[K/home/dl/ROSHW_ws/src/buffertransform/src/buffertransform.cpp:[m[K In function ‘[01m[Kint main(int, char**)[m[K’:
[01m[K/home/dl/ROSHW_ws/src/buffertransform/src/buffertransform.cpp:39:33:[m[K [01;31m[Kerror: [m[K‘[01m[KFrameListener[m[K’ was not declared in this scope
   39 |   rclcpp::spin(std::make_shared<[01;31m[KFrameListener[m[K>());
      |                                 [01;31m[K^~~~~~~~~~~~~[m[K
[01m[K/home/dl/ROSHW_ws/src/buffertransform/src/buffertransform.cpp:39:47:[m[K [01;31m[Kerror: [m[Kno matching function for call to ‘[01m[Kmake_shared<<expression error> >()[m[K’
   39 |   rclcpp::spin([01;31m[Kstd::make_shared<FrameListener>()[m[K);
      |                [01;31m[K~~~~~~~~~~~~~~~~~~~~~~~~~~~~~~~^~[m[K
In file included from [01m[K/usr/include/c++/11/memory:77[m[K,
                 from [01m[K/home/dl/ROSHW_ws/src/buffertransform/include/buffertransform/buffertransform.hpp:3[m[K,
                 from [01m[K/home/dl/ROSHW_ws/src/buffertransform/src/buffertransform.cpp:1[m[K:
[01m[K/usr/include/c++/11/bits/shared_ptr.h:875:5:[m[K [01;36m[Knote: [m[Kcandidate: ‘[01m[Ktemplate<class _Tp, class ... _Args> std::shared_ptr<_Tp> std::make_shared(_Args&& ...)[m[K’
  875 |     [01;36m[Kmake_shared[m[K(_Args&&... __args)
      |     [01;36m[K^~~~~~~~~~~[m[K
[01m[K/usr/include/c++/11/bits/shared_ptr.h:875:5:[m[K [01;36m[Knote: [m[K  template argument deduction/substitution failed:
[01m[K/home/dl/ROSHW_ws/src/buffertransform/src/buffertransform.cpp:39:47:[m[K [01;31m[Kerror: [m[Ktemplate argument 1 is invalid
   39 |   rclcpp::spin([01;31m[Kstd::make_shared<FrameListener>()[m[K);
      |                [01;31m[K~~~~~~~~~~~~~~~~~~~~~~~~~~~~~~~^~[m[K
gmake[2]: *** [CMakeFiles/buffertransform.dir/build.make:76：CMakeFiles/buffertransform.dir/src/buffertransform.cpp.o] 错误 1
gmake[1]: *** [CMakeFiles/Makefile2:137：CMakeFiles/buffertransform.dir/all] 错误 2
gmake: *** [Makefile:146：all] 错误 2
