[0.020s] Invoking command in '/media/dl/dlssd/Ubuntu/Hotpot/2024SeasonExam/2024_vision_secondtest/ROS2TF2andCpp_homework/ROSHW_ws/build/buffertransform': CMAKE_PREFIX_PATH=/opt/ros/humble /usr/bin/cmake /media/dl/dlssd/Ubuntu/Hotpot/2024SeasonExam/2024_vision_secondtest/ROS2TF2andCpp_homework/ROSHW_ws/src/buffertransform -DCMAKE_INSTALL_PREFIX=/media/dl/dlssd/Ubuntu/Hotpot/2024SeasonExam/2024_vision_secondtest/ROS2TF2andCpp_homework/ROSHW_ws/install/buffertransform
[0.124s] -- The C compiler identification is GNU 11.4.0
[0.178s] -- The CXX compiler identification is GNU 11.4.0
[0.192s] -- Detecting C compiler ABI info
[0.305s] -- Detecting C compiler ABI info - done
[0.313s] -- Check for working C compiler: /usr/bin/cc - skipped
[0.317s] -- Detecting C compile features
[0.318s] -- Detecting C compile features - done
[0.326s] -- Detecting CXX compiler ABI info
[0.477s] -- Detecting CXX compiler ABI info - done
[0.487s] -- Check for working CXX compiler: /usr/bin/c++ - skipped
[0.487s] -- Detecting CXX compile features
[0.488s] -- Detecting CXX compile features - done
[0.509s] -- Found ament_cmake: 1.3.5 (/opt/ros/humble/share/ament_cmake/cmake)
[0.672s] -- Found Python3: /usr/bin/python3.10 (found version "3.10.12") found components: Interpreter 
[0.780s] -- Found geometry_msgs: 4.2.3 (/opt/ros/humble/share/geometry_msgs/cmake)
[0.827s] -- Found rosidl_generator_c: 3.1.5 (/opt/ros/humble/share/rosidl_generator_c/cmake)
[0.831s] -- Found rosidl_adapter: 3.1.5 (/opt/ros/humble/share/rosidl_adapter/cmake)
[0.838s] -- Found rosidl_generator_cpp: 3.1.5 (/opt/ros/humble/share/rosidl_generator_cpp/cmake)
[0.848s] -- Using all available rosidl_typesupport_c: rosidl_typesupport_fastrtps_c;rosidl_typesupport_introspection_c
[0.864s] -- Using all available rosidl_typesupport_cpp: rosidl_typesupport_fastrtps_cpp;rosidl_typesupport_introspection_cpp
[0.960s] -- Found rclcpp: 16.0.5 (/opt/ros/humble/share/rclcpp/cmake)
[1.035s] -- Found rmw_implementation_cmake: 6.1.1 (/opt/ros/humble/share/rmw_implementation_cmake/cmake)
[1.038s] -- Found rmw_fastrtps_cpp: 6.2.3 (/opt/ros/humble/share/rmw_fastrtps_cpp/cmake)
[1.117s] -- Found OpenSSL: /usr/lib/x86_64-linux-gnu/libcrypto.so (found version "3.0.2")  
[1.149s] -- Found FastRTPS: /opt/ros/humble/include  
[1.199s] -- Using RMW implementation 'rmw_fastrtps_cpp' as default
[1.220s] -- Looking for pthread.h
[1.336s] -- Looking for pthread.h - found
[1.337s] -- Performing Test CMAKE_HAVE_LIBC_PTHREAD
[1.432s] -- Performing Test CMAKE_HAVE_LIBC_PTHREAD - Success
[1.433s] -- Found Threads: TRUE  
[1.541s] -- Found tf2: 0.25.3 (/opt/ros/humble/share/tf2/cmake)
[1.555s] -- Found tf2_ros: 0.25.3 (/opt/ros/humble/share/tf2_ros/cmake)
[1.881s] -- Found tf2_geometry_msgs: 0.25.3 (/opt/ros/humble/share/tf2_geometry_msgs/cmake)
[1.901s] -- Found eigen3_cmake_module: 0.1.1 (/opt/ros/humble/share/eigen3_cmake_module/cmake)
[1.903s] -- Found Eigen3: TRUE (found version "3.4.0") 
[1.903s] -- Ensuring Eigen3 include directory is part of orocos-kdl CMake target
[1.994s] -- Configuring done
[2.037s] -- Generating done
[2.045s] -- Build files have been written to: /media/dl/dlssd/Ubuntu/Hotpot/2024SeasonExam/2024_vision_secondtest/ROS2TF2andCpp_homework/ROSHW_ws/build/buffertransform
[2.057s] Invoked command in '/media/dl/dlssd/Ubuntu/Hotpot/2024SeasonExam/2024_vision_secondtest/ROS2TF2andCpp_homework/ROSHW_ws/build/buffertransform' returned '0': CMAKE_PREFIX_PATH=/opt/ros/humble /usr/bin/cmake /media/dl/dlssd/Ubuntu/Hotpot/2024SeasonExam/2024_vision_secondtest/ROS2TF2andCpp_homework/ROSHW_ws/src/buffertransform -DCMAKE_INSTALL_PREFIX=/media/dl/dlssd/Ubuntu/Hotpot/2024SeasonExam/2024_vision_secondtest/ROS2TF2andCpp_homework/ROSHW_ws/install/buffertransform
[2.058s] Invoking command in '/media/dl/dlssd/Ubuntu/Hotpot/2024SeasonExam/2024_vision_secondtest/ROS2TF2andCpp_homework/ROSHW_ws/build/buffertransform': CMAKE_PREFIX_PATH=/opt/ros/humble /usr/bin/cmake --build /media/dl/dlssd/Ubuntu/Hotpot/2024SeasonExam/2024_vision_secondtest/ROS2TF2andCpp_homework/ROSHW_ws/build/buffertransform -- -j16 -l16
[2.102s] [ 50%] [32mBuilding CXX object CMakeFiles/buffertransform.dir/src/buffertransform.cpp.o[0m
[5.601s] [100%] [32m[1mLinking CXX executable buffertransform[0m
[5.764s] [100%] Built target buffertransform
[5.772s] Invoked command in '/media/dl/dlssd/Ubuntu/Hotpot/2024SeasonExam/2024_vision_secondtest/ROS2TF2andCpp_homework/ROSHW_ws/build/buffertransform' returned '0': CMAKE_PREFIX_PATH=/opt/ros/humble /usr/bin/cmake --build /media/dl/dlssd/Ubuntu/Hotpot/2024SeasonExam/2024_vision_secondtest/ROS2TF2andCpp_homework/ROSHW_ws/build/buffertransform -- -j16 -l16
[5.791s] Invoking command in '/media/dl/dlssd/Ubuntu/Hotpot/2024SeasonExam/2024_vision_secondtest/ROS2TF2andCpp_homework/ROSHW_ws/build/buffertransform': CMAKE_PREFIX_PATH=/opt/ros/humble /usr/bin/cmake --install /media/dl/dlssd/Ubuntu/Hotpot/2024SeasonExam/2024_vision_secondtest/ROS2TF2andCpp_homework/ROSHW_ws/build/buffertransform
[5.796s] -- Install configuration: ""
[5.797s] -- Installing: /media/dl/dlssd/Ubuntu/Hotpot/2024SeasonExam/2024_vision_secondtest/ROS2TF2andCpp_homework/ROSHW_ws/install/buffertransform/lib/buffertransform/buffertransform
[5.801s] -- Set runtime path of "/media/dl/dlssd/Ubuntu/Hotpot/2024SeasonExam/2024_vision_secondtest/ROS2TF2andCpp_homework/ROSHW_ws/install/buffertransform/lib/buffertransform/buffertransform" to ""
[5.802s] -- Installing: /media/dl/dlssd/Ubuntu/Hotpot/2024SeasonExam/2024_vision_secondtest/ROS2TF2andCpp_homework/ROSHW_ws/install/buffertransform/share/ament_index/resource_index/package_run_dependencies/buffertransform
[5.805s] -- Installing: /media/dl/dlssd/Ubuntu/Hotpot/2024SeasonExam/2024_vision_secondtest/ROS2TF2andCpp_homework/ROSHW_ws/install/buffertransform/share/ament_index/resource_index/parent_prefix_path/buffertransform
[5.810s] -- Installing: /media/dl/dlssd/Ubuntu/Hotpot/2024SeasonExam/2024_vision_secondtest/ROS2TF2andCpp_homework/ROSHW_ws/install/buffertransform/share/buffertransform/environment/ament_prefix_path.sh
[5.810s] -- Installing: /media/dl/dlssd/Ubuntu/Hotpot/2024SeasonExam/2024_vision_secondtest/ROS2TF2andCpp_homework/ROSHW_ws/install/buffertransform/share/buffertransform/environment/ament_prefix_path.dsv
[5.812s] -- Installing: /media/dl/dlssd/Ubuntu/Hotpot/2024SeasonExam/2024_vision_secondtest/ROS2TF2andCpp_homework/ROSHW_ws/install/buffertransform/share/buffertransform/environment/path.sh
[5.815s] -- Installing: /media/dl/dlssd/Ubuntu/Hotpot/2024SeasonExam/2024_vision_secondtest/ROS2TF2andCpp_homework/ROSHW_ws/install/buffertransform/share/buffertransform/environment/path.dsv
[5.816s] -- Installing: /media/dl/dlssd/Ubuntu/Hotpot/2024SeasonExam/2024_vision_secondtest/ROS2TF2andCpp_homework/ROSHW_ws/install/buffertransform/share/buffertransform/local_setup.bash
[5.818s] -- Installing: /media/dl/dlssd/Ubuntu/Hotpot/2024SeasonExam/2024_vision_secondtest/ROS2TF2andCpp_homework/ROSHW_ws/install/buffertransform/share/buffertransform/local_setup.sh
[5.821s] -- Installing: /media/dl/dlssd/Ubuntu/Hotpot/2024SeasonExam/2024_vision_secondtest/ROS2TF2andCpp_homework/ROSHW_ws/install/buffertransform/share/buffertransform/local_setup.zsh
[5.823s] -- Installing: /media/dl/dlssd/Ubuntu/Hotpot/2024SeasonExam/2024_vision_secondtest/ROS2TF2andCpp_homework/ROSHW_ws/install/buffertransform/share/buffertransform/local_setup.dsv
[5.824s] -- Installing: /media/dl/dlssd/Ubuntu/Hotpot/2024SeasonExam/2024_vision_secondtest/ROS2TF2andCpp_homework/ROSHW_ws/install/buffertransform/share/buffertransform/package.dsv
[5.827s] -- Installing: /media/dl/dlssd/Ubuntu/Hotpot/2024SeasonExam/2024_vision_secondtest/ROS2TF2andCpp_homework/ROSHW_ws/install/buffertransform/share/ament_index/resource_index/packages/buffertransform
[5.829s] -- Installing: /media/dl/dlssd/Ubuntu/Hotpot/2024SeasonExam/2024_vision_secondtest/ROS2TF2andCpp_homework/ROSHW_ws/install/buffertransform/share/buffertransform/cmake/buffertransformConfig.cmake
[5.831s] -- Installing: /media/dl/dlssd/Ubuntu/Hotpot/2024SeasonExam/2024_vision_secondtest/ROS2TF2andCpp_homework/ROSHW_ws/install/buffertransform/share/buffertransform/cmake/buffertransformConfig-version.cmake
[5.833s] -- Installing: /media/dl/dlssd/Ubuntu/Hotpot/2024SeasonExam/2024_vision_secondtest/ROS2TF2andCpp_homework/ROSHW_ws/install/buffertransform/share/buffertransform/package.xml
