[35m[1mConsolidate compiler generated dependencies of target buffertransform[0m
[ 50%] [32mBuilding CXX object CMakeFiles/buffertransform.dir/src/buffertransform.cpp.o[0m
[100%] [32m[1mLinking CXX executable buffertransform[0m
[100%] Built target buffertransform
-- Install configuration: ""
-- Installing: /home/dl/ROSHW_ws/install/buffertransform/lib/buffertransform/buffertransform
-- Set runtime path of "/home/dl/ROSHW_ws/install/buffertransform/lib/buffertransform/buffertransform" to ""
-- Installing: /home/dl/ROSHW_ws/install/buffertransform/share/ament_index/resource_index/package_run_dependencies/buffertransform
-- Installing: /home/dl/ROSHW_ws/install/buffertransform/share/ament_index/resource_index/parent_prefix_path/buffertransform
-- Installing: /home/dl/ROSHW_ws/install/buffertransform/share/buffertransform/environment/ament_prefix_path.sh
-- Installing: /home/dl/ROSHW_ws/install/buffertransform/share/buffertransform/environment/ament_prefix_path.dsv
-- Installing: /home/dl/ROSHW_ws/install/buffertransform/share/buffertransform/environment/path.sh
-- Installing: /home/dl/ROSHW_ws/install/buffertransform/share/buffertransform/environment/path.dsv
-- Installing: /home/dl/ROSHW_ws/install/buffertransform/share/buffertransform/local_setup.bash
-- Installing: /home/dl/ROSHW_ws/install/buffertransform/share/buffertransform/local_setup.sh
-- Installing: /home/dl/ROSHW_ws/install/buffertransform/share/buffertransform/local_setup.zsh
-- Installing: /home/dl/ROSHW_ws/install/buffertransform/share/buffertransform/local_setup.dsv
-- Installing: /home/dl/ROSHW_ws/install/buffertransform/share/buffertransform/package.dsv
-- Installing: /home/dl/ROSHW_ws/install/buffertransform/share/ament_index/resource_index/packages/buffertransform
-- Installing: /home/dl/ROSHW_ws/install/buffertransform/share/buffertransform/cmake/buffertransformConfig.cmake
-- Installing: /home/dl/ROSHW_ws/install/buffertransform/share/buffertransform/cmake/buffertransformConfig-version.cmake
-- Installing: /home/dl/ROSHW_ws/install/buffertransform/share/buffertransform/package.xml
