[0.010s] Invoking command in '/home/dl/ROSHW_ws/build/buffertransform': CMAKE_PREFIX_PATH=/opt/ros/humble /usr/bin/cmake /home/dl/ROSHW_ws/src/buffertransform -DCMAKE_INSTALL_PREFIX=/home/dl/ROSHW_ws/install/buffertransform
[0.062s] -- The C compiler identification is GNU 11.4.0
[0.108s] -- The CXX compiler identification is GNU 11.4.0
[0.116s] -- Detecting C compiler ABI info
[0.199s] -- Detecting C compiler ABI info - done
[0.210s] -- Check for working C compiler: /usr/bin/cc - skipped
[0.211s] -- Detecting C compile features
[0.211s] -- Detecting C compile features - done
[0.215s] -- Detecting CXX compiler ABI info
[0.325s] -- Detecting CXX compiler ABI info - done
[0.335s] -- Check for working CXX compiler: /usr/bin/c++ - skipped
[0.335s] -- Detecting CXX compile features
[0.335s] -- Detecting CXX compile features - done
[0.337s] -- Found ament_cmake: 1.3.5 (/opt/ros/humble/share/ament_cmake/cmake)
[0.526s] -- Found Python3: /usr/bin/python3.10 (found version "3.10.12") found components: Interpreter 
[0.602s] -- Found geometry_msgs: 4.2.3 (/opt/ros/humble/share/geometry_msgs/cmake)
[0.651s] -- Found rosidl_generator_c: 3.1.5 (/opt/ros/humble/share/rosidl_generator_c/cmake)
[0.655s] -- Found rosidl_adapter: 3.1.5 (/opt/ros/humble/share/rosidl_adapter/cmake)
[0.661s] -- Found rosidl_generator_cpp: 3.1.5 (/opt/ros/humble/share/rosidl_generator_cpp/cmake)
[0.670s] -- Using all available rosidl_typesupport_c: rosidl_typesupport_fastrtps_c;rosidl_typesupport_introspection_c
[0.683s] -- Using all available rosidl_typesupport_cpp: rosidl_typesupport_fastrtps_cpp;rosidl_typesupport_introspection_cpp
[0.768s] -- Found rclcpp: 16.0.5 (/opt/ros/humble/share/rclcpp/cmake)
[0.810s] -- Found rmw_implementation_cmake: 6.1.1 (/opt/ros/humble/share/rmw_implementation_cmake/cmake)
[0.811s] -- Found rmw_fastrtps_cpp: 6.2.3 (/opt/ros/humble/share/rmw_fastrtps_cpp/cmake)
[0.878s] -- Found OpenSSL: /usr/lib/x86_64-linux-gnu/libcrypto.so (found version "3.0.2")  
[0.899s] -- Found FastRTPS: /opt/ros/humble/include  
[0.937s] -- Using RMW implementation 'rmw_fastrtps_cpp' as default
[0.945s] -- Looking for pthread.h
[1.029s] -- Looking for pthread.h - found
[1.029s] -- Performing Test CMAKE_HAVE_LIBC_PTHREAD
[1.116s] -- Performing Test CMAKE_HAVE_LIBC_PTHREAD - Success
[1.117s] -- Found Threads: TRUE  
[1.256s] -- Found tf2: 0.25.3 (/opt/ros/humble/share/tf2/cmake)
[1.268s] -- Found tf2_ros: 0.25.3 (/opt/ros/humble/share/tf2_ros/cmake)
[1.508s] [31mCMake Error at /opt/ros/humble/share/ament_cmake_target_dependencies/cmake/ament_target_dependencies.cmake:42 (message):
[1.508s]   ament_target_dependencies() the first argument must be a valid target name
[1.508s] Call Stack (most recent call first):
[1.508s]   CMakeLists.txt:16 (ament_target_dependencies)
[1.508s] 
[1.508s] [0m
[1.508s] -- Configuring incomplete, errors occurred!
[1.508s] See also "/home/dl/ROSHW_ws/build/buffertransform/CMakeFiles/CMakeOutput.log".
[1.515s] Invoked command in '/home/dl/ROSHW_ws/build/buffertransform' returned '1': CMAKE_PREFIX_PATH=/opt/ros/humble /usr/bin/cmake /home/dl/ROSHW_ws/src/buffertransform -DCMAKE_INSTALL_PREFIX=/home/dl/ROSHW_ws/install/buffertransform
