-- The C compiler identification is GNU 11.4.0
-- The CXX compiler identification is GNU 11.4.0
-- Detecting C compiler ABI info
-- Detecting C compiler ABI info - done
-- Check for working C compiler: /usr/bin/cc - skipped
-- Detecting C compile features
-- Detecting C compile features - done
-- Detecting CXX compiler ABI info
-- Detecting CXX compiler ABI info - done
-- Check for working CXX compiler: /usr/bin/c++ - skipped
-- Detecting CXX compile features
-- Detecting CXX compile features - done
-- Found ament_cmake: 1.3.5 (/opt/ros/humble/share/ament_cmake/cmake)
-- Found Python3: /usr/bin/python3.10 (found version "3.10.12") found components: Interpreter 
-- Found rosidl_default_generators: 1.2.0 (/opt/ros/humble/share/rosidl_default_generators/cmake)
-- Using all available rosidl_typesupport_c: rosidl_typesupport_fastrtps_c;rosidl_typesupport_introspection_c
-- Found rosidl_adapter: 3.1.5 (/opt/ros/humble/share/rosidl_adapter/cmake)
-- Using all available rosidl_typesupport_cpp: rosidl_typesupport_fastrtps_cpp;rosidl_typesupport_introspection_cpp
-- Found geometry_msgs: 4.2.3 (/opt/ros/humble/share/geometry_msgs/cmake)
-- Found ament_cmake_ros: 0.10.0 (/opt/ros/humble/share/ament_cmake_ros/cmake)
-- Using all available rosidl_typesupport_c: rosidl_typesupport_fastrtps_c;rosidl_typesupport_introspection_c
-- Using all available rosidl_typesupport_cpp: rosidl_typesupport_fastrtps_cpp;rosidl_typesupport_introspection_cpp
-- Found PythonInterp: /usr/bin/python3 (found suitable version "3.10.12", minimum required is "3.6") 
-- Found python_cmake_module: 0.10.0 (/opt/ros/humble/share/python_cmake_module/cmake)
-- Found PythonLibs: /usr/lib/x86_64-linux-gnu/libpython3.10.so (found suitable version "3.10.12", minimum required is "3.5") 
-- Using PYTHON_EXECUTABLE: /usr/bin/python3
-- Using PYTHON_INCLUDE_DIRS: /usr/include/python3.10
-- Using PYTHON_LIBRARIES: /usr/lib/x86_64-linux-gnu/libpython3.10.so
-- Found PythonExtra: .so  
-- Configuring done
-- Generating done
-- Build files have been written to: /media/dl/dlssd/Ubuntu/Hotpot/2024SeasonExam/2024_vision_secondtest/ROS2TF2andCpp_homework/ROSHW_ws/build/my_interfaces
[  2%] [34m[1mGenerating C code for ROS interfaces[0m
[  4%] [34m[1mGenerating C++ code for ROS interfaces[0m
[  4%] Built target ament_cmake_python_copy_my_interfaces
running egg_info
creating my_interfaces.egg-info
writing my_interfaces.egg-info/PKG-INFO
writing dependency_links to my_interfaces.egg-info/dependency_links.txt
writing top-level names to my_interfaces.egg-info/top_level.txt
writing manifest file 'my_interfaces.egg-info/SOURCES.txt'
reading manifest file 'my_interfaces.egg-info/SOURCES.txt'
writing manifest file 'my_interfaces.egg-info/SOURCES.txt'
[  4%] Built target ament_cmake_python_build_my_interfaces_egg
[ 10%] [32mBuilding C object CMakeFiles/my_interfaces__rosidl_generator_c.dir/rosidl_generator_c/my_interfaces/msg/detail/mineral__functions.c.o[0m
[ 10%] [32mBuilding C object CMakeFiles/my_interfaces__rosidl_generator_c.dir/rosidl_generator_c/my_interfaces/srv/detail/digging__functions.c.o[0m
[ 10%] [32mBuilding C object CMakeFiles/my_interfaces__rosidl_generator_c.dir/rosidl_generator_c/my_interfaces/msg/detail/mineral_array__functions.c.o[0m
[ 10%] Built target my_interfaces__cpp
[ 17%] [34m[1mGenerating C++ type support dispatch for ROS interfaces[0m
[ 17%] [34m[1mGenerating C++ type support for eProsima Fast-RTPS[0m
[ 17%] [34m[1mGenerating C++ introspection for ROS interfaces[0m
[ 19%] [32m[1mLinking C shared library libmy_interfaces__rosidl_generator_c.so[0m
[ 19%] Built target my_interfaces__rosidl_generator_c
[ 23%] [34m[1mGenerating C introspection for ROS interfaces[0m
[ 25%] [34m[1mGenerating C type support for eProsima Fast-RTPS[0m
[ 25%] [34m[1mGenerating C type support dispatch for ROS interfaces[0m
[ 31%] [32mBuilding CXX object CMakeFiles/my_interfaces__rosidl_typesupport_cpp.dir/rosidl_typesupport_cpp/my_interfaces/srv/digging__type_support.cpp.o[0m
[ 31%] [32mBuilding CXX object CMakeFiles/my_interfaces__rosidl_typesupport_cpp.dir/rosidl_typesupport_cpp/my_interfaces/msg/mineral__type_support.cpp.o[0m
[ 31%] [32mBuilding CXX object CMakeFiles/my_interfaces__rosidl_typesupport_cpp.dir/rosidl_typesupport_cpp/my_interfaces/msg/mineral_array__type_support.cpp.o[0m
[ 34%] [32mBuilding CXX object CMakeFiles/my_interfaces__rosidl_typesupport_introspection_cpp.dir/rosidl_typesupport_introspection_cpp/my_interfaces/msg/detail/mineral_array__type_support.cpp.o[0m
[ 36%] [32mBuilding CXX object CMakeFiles/my_interfaces__rosidl_typesupport_introspection_cpp.dir/rosidl_typesupport_introspection_cpp/my_interfaces/msg/detail/mineral__type_support.cpp.o[0m
[ 38%] [32mBuilding CXX object CMakeFiles/my_interfaces__rosidl_typesupport_introspection_cpp.dir/rosidl_typesupport_introspection_cpp/my_interfaces/srv/detail/digging__type_support.cpp.o[0m
[ 44%] [32mBuilding CXX object CMakeFiles/my_interfaces__rosidl_typesupport_fastrtps_cpp.dir/rosidl_typesupport_fastrtps_cpp/my_interfaces/msg/detail/dds_fastrtps/mineral_array__type_support.cpp.o[0m
[ 44%] [32mBuilding CXX object CMakeFiles/my_interfaces__rosidl_typesupport_fastrtps_cpp.dir/rosidl_typesupport_fastrtps_cpp/my_interfaces/msg/detail/dds_fastrtps/mineral__type_support.cpp.o[0m
[ 44%] [32mBuilding CXX object CMakeFiles/my_interfaces__rosidl_typesupport_fastrtps_cpp.dir/rosidl_typesupport_fastrtps_cpp/my_interfaces/srv/detail/dds_fastrtps/digging__type_support.cpp.o[0m
[ 48%] [32mBuilding CXX object CMakeFiles/my_interfaces__rosidl_typesupport_c.dir/rosidl_typesupport_c/my_interfaces/srv/digging__type_support.cpp.o[0m
[ 48%] [32mBuilding CXX object CMakeFiles/my_interfaces__rosidl_typesupport_c.dir/rosidl_typesupport_c/my_interfaces/msg/mineral_array__type_support.cpp.o[0m
[ 51%] [32mBuilding CXX object CMakeFiles/my_interfaces__rosidl_typesupport_c.dir/rosidl_typesupport_c/my_interfaces/msg/mineral__type_support.cpp.o[0m
[ 57%] [32mBuilding C object CMakeFiles/my_interfaces__rosidl_typesupport_introspection_c.dir/rosidl_typesupport_introspection_c/my_interfaces/msg/detail/mineral_array__type_support.c.o[0m
[ 57%] [32mBuilding C object CMakeFiles/my_interfaces__rosidl_typesupport_introspection_c.dir/rosidl_typesupport_introspection_c/my_interfaces/srv/detail/digging__type_support.c.o[0m
[ 57%] [32mBuilding C object CMakeFiles/my_interfaces__rosidl_typesupport_introspection_c.dir/rosidl_typesupport_introspection_c/my_interfaces/msg/detail/mineral__type_support.c.o[0m
[ 59%] [32m[1mLinking CXX shared library libmy_interfaces__rosidl_typesupport_c.so[0m
[ 61%] [32mBuilding CXX object CMakeFiles/my_interfaces__rosidl_typesupport_fastrtps_c.dir/rosidl_typesupport_fastrtps_c/my_interfaces/msg/detail/mineral__type_support_c.cpp.o[0m
[ 63%] [32m[1mLinking C shared library libmy_interfaces__rosidl_typesupport_introspection_c.so[0m
[ 65%] [32mBuilding CXX object CMakeFiles/my_interfaces__rosidl_typesupport_fastrtps_c.dir/rosidl_typesupport_fastrtps_c/my_interfaces/msg/detail/mineral_array__type_support_c.cpp.o[0m
[ 68%] [32mBuilding CXX object CMakeFiles/my_interfaces__rosidl_typesupport_fastrtps_c.dir/rosidl_typesupport_fastrtps_c/my_interfaces/srv/detail/digging__type_support_c.cpp.o[0m
[ 68%] Built target my_interfaces__rosidl_typesupport_c
[ 70%] [32m[1mLinking CXX shared library libmy_interfaces__rosidl_typesupport_cpp.so[0m
[ 70%] Built target my_interfaces__rosidl_typesupport_introspection_c
[ 70%] Built target my_interfaces__rosidl_typesupport_cpp
[ 72%] [32m[1mLinking CXX shared library libmy_interfaces__rosidl_typesupport_introspection_cpp.so[0m
[ 74%] [32m[1mLinking CXX shared library libmy_interfaces__rosidl_typesupport_fastrtps_cpp.so[0m
[ 74%] Built target my_interfaces__rosidl_typesupport_introspection_cpp
[ 76%] [32m[1mLinking CXX shared library libmy_interfaces__rosidl_typesupport_fastrtps_c.so[0m
[ 76%] Built target my_interfaces__rosidl_typesupport_fastrtps_cpp
[ 76%] Built target my_interfaces__rosidl_typesupport_fastrtps_c
[ 76%] Built target my_interfaces
[ 78%] [34m[1mGenerating Python code for ROS interfaces[0m
[ 78%] Built target my_interfaces__py
[ 85%] [32mBuilding C object CMakeFiles/my_interfaces__rosidl_generator_py.dir/rosidl_generator_py/my_interfaces/msg/_mineral_s.c.o[0m
[ 85%] [32mBuilding C object CMakeFiles/my_interfaces__rosidl_generator_py.dir/rosidl_generator_py/my_interfaces/msg/_mineral_array_s.c.o[0m
[ 85%] [32mBuilding C object CMakeFiles/my_interfaces__rosidl_generator_py.dir/rosidl_generator_py/my_interfaces/srv/_digging_s.c.o[0m
[ 87%] [32m[1mLinking C shared library rosidl_generator_py/my_interfaces/libmy_interfaces__rosidl_generator_py.so[0m
[ 87%] Built target my_interfaces__rosidl_generator_py
[ 93%] [32mBuilding C object CMakeFiles/my_interfaces__rosidl_typesupport_introspection_c__pyext.dir/rosidl_generator_py/my_interfaces/_my_interfaces_s.ep.rosidl_typesupport_introspection_c.c.o[0m
[ 93%] [32mBuilding C object CMakeFiles/my_interfaces__rosidl_typesupport_fastrtps_c__pyext.dir/rosidl_generator_py/my_interfaces/_my_interfaces_s.ep.rosidl_typesupport_fastrtps_c.c.o[0m
[ 93%] [32mBuilding C object CMakeFiles/my_interfaces__rosidl_typesupport_c__pyext.dir/rosidl_generator_py/my_interfaces/_my_interfaces_s.ep.rosidl_typesupport_c.c.o[0m
[ 95%] [32m[1mLinking C shared library rosidl_generator_py/my_interfaces/my_interfaces_s__rosidl_typesupport_introspection_c.cpython-310-x86_64-linux-gnu.so[0m
[100%] [32m[1mLinking C shared library rosidl_generator_py/my_interfaces/my_interfaces_s__rosidl_typesupport_fastrtps_c.cpython-310-x86_64-linux-gnu.so[0m
[100%] [32m[1mLinking C shared library rosidl_generator_py/my_interfaces/my_interfaces_s__rosidl_typesupport_c.cpython-310-x86_64-linux-gnu.so[0m
[100%] Built target my_interfaces__rosidl_typesupport_introspection_c__pyext
[100%] Built target my_interfaces__rosidl_typesupport_fastrtps_c__pyext
[100%] Built target my_interfaces__rosidl_typesupport_c__pyext
-- Install configuration: ""
-- Installing: /media/dl/dlssd/Ubuntu/Hotpot/2024SeasonExam/2024_vision_secondtest/ROS2TF2andCpp_homework/ROSHW_ws/install/my_interfaces/share/ament_index/resource_index/rosidl_interfaces/my_interfaces
-- Installing: /media/dl/dlssd/Ubuntu/Hotpot/2024SeasonExam/2024_vision_secondtest/ROS2TF2andCpp_homework/ROSHW_ws/install/my_interfaces/include/my_interfaces/my_interfaces
-- Installing: /media/dl/dlssd/Ubuntu/Hotpot/2024SeasonExam/2024_vision_secondtest/ROS2TF2andCpp_homework/ROSHW_ws/install/my_interfaces/include/my_interfaces/my_interfaces/msg
-- Installing: /media/dl/dlssd/Ubuntu/Hotpot/2024SeasonExam/2024_vision_secondtest/ROS2TF2andCpp_homework/ROSHW_ws/install/my_interfaces/include/my_interfaces/my_interfaces/msg/detail
-- Installing: /media/dl/dlssd/Ubuntu/Hotpot/2024SeasonExam/2024_vision_secondtest/ROS2TF2andCpp_homework/ROSHW_ws/install/my_interfaces/include/my_interfaces/my_interfaces/msg/detail/mineral_array__functions.c
-- Installing: /media/dl/dlssd/Ubuntu/Hotpot/2024SeasonExam/2024_vision_secondtest/ROS2TF2andCpp_homework/ROSHW_ws/install/my_interfaces/include/my_interfaces/my_interfaces/msg/detail/mineral_array__functions.h
-- Installing: /media/dl/dlssd/Ubuntu/Hotpot/2024SeasonExam/2024_vision_secondtest/ROS2TF2andCpp_homework/ROSHW_ws/install/my_interfaces/include/my_interfaces/my_interfaces/msg/detail/mineral_array__struct.h
-- Installing: /media/dl/dlssd/Ubuntu/Hotpot/2024SeasonExam/2024_vision_secondtest/ROS2TF2andCpp_homework/ROSHW_ws/install/my_interfaces/include/my_interfaces/my_interfaces/msg/detail/mineral_array__type_support.h
-- Installing: /media/dl/dlssd/Ubuntu/Hotpot/2024SeasonExam/2024_vision_secondtest/ROS2TF2andCpp_homework/ROSHW_ws/install/my_interfaces/include/my_interfaces/my_interfaces/msg/detail/mineral__functions.c
-- Installing: /media/dl/dlssd/Ubuntu/Hotpot/2024SeasonExam/2024_vision_secondtest/ROS2TF2andCpp_homework/ROSHW_ws/install/my_interfaces/include/my_interfaces/my_interfaces/msg/detail/mineral__functions.h
-- Installing: /media/dl/dlssd/Ubuntu/Hotpot/2024SeasonExam/2024_vision_secondtest/ROS2TF2andCpp_homework/ROSHW_ws/install/my_interfaces/include/my_interfaces/my_interfaces/msg/detail/mineral__struct.h
-- Installing: /media/dl/dlssd/Ubuntu/Hotpot/2024SeasonExam/2024_vision_secondtest/ROS2TF2andCpp_homework/ROSHW_ws/install/my_interfaces/include/my_interfaces/my_interfaces/msg/detail/mineral__type_support.h
-- Installing: /media/dl/dlssd/Ubuntu/Hotpot/2024SeasonExam/2024_vision_secondtest/ROS2TF2andCpp_homework/ROSHW_ws/install/my_interfaces/include/my_interfaces/my_interfaces/msg/mineral.h
-- Installing: /media/dl/dlssd/Ubuntu/Hotpot/2024SeasonExam/2024_vision_secondtest/ROS2TF2andCpp_homework/ROSHW_ws/install/my_interfaces/include/my_interfaces/my_interfaces/msg/mineral_array.h
-- Installing: /media/dl/dlssd/Ubuntu/Hotpot/2024SeasonExam/2024_vision_secondtest/ROS2TF2andCpp_homework/ROSHW_ws/install/my_interfaces/include/my_interfaces/my_interfaces/msg/rosidl_generator_c__visibility_control.h
-- Installing: /media/dl/dlssd/Ubuntu/Hotpot/2024SeasonExam/2024_vision_secondtest/ROS2TF2andCpp_homework/ROSHW_ws/install/my_interfaces/include/my_interfaces/my_interfaces/srv
-- Installing: /media/dl/dlssd/Ubuntu/Hotpot/2024SeasonExam/2024_vision_secondtest/ROS2TF2andCpp_homework/ROSHW_ws/install/my_interfaces/include/my_interfaces/my_interfaces/srv/detail
-- Installing: /media/dl/dlssd/Ubuntu/Hotpot/2024SeasonExam/2024_vision_secondtest/ROS2TF2andCpp_homework/ROSHW_ws/install/my_interfaces/include/my_interfaces/my_interfaces/srv/detail/digging__functions.c
-- Installing: /media/dl/dlssd/Ubuntu/Hotpot/2024SeasonExam/2024_vision_secondtest/ROS2TF2andCpp_homework/ROSHW_ws/install/my_interfaces/include/my_interfaces/my_interfaces/srv/detail/digging__functions.h
-- Installing: /media/dl/dlssd/Ubuntu/Hotpot/2024SeasonExam/2024_vision_secondtest/ROS2TF2andCpp_homework/ROSHW_ws/install/my_interfaces/include/my_interfaces/my_interfaces/srv/detail/digging__struct.h
-- Installing: /media/dl/dlssd/Ubuntu/Hotpot/2024SeasonExam/2024_vision_secondtest/ROS2TF2andCpp_homework/ROSHW_ws/install/my_interfaces/include/my_interfaces/my_interfaces/srv/detail/digging__type_support.h
-- Installing: /media/dl/dlssd/Ubuntu/Hotpot/2024SeasonExam/2024_vision_secondtest/ROS2TF2andCpp_homework/ROSHW_ws/install/my_interfaces/include/my_interfaces/my_interfaces/srv/digging.h
-- Installing: /media/dl/dlssd/Ubuntu/Hotpot/2024SeasonExam/2024_vision_secondtest/ROS2TF2andCpp_homework/ROSHW_ws/install/my_interfaces/share/my_interfaces/environment/library_path.sh
-- Installing: /media/dl/dlssd/Ubuntu/Hotpot/2024SeasonExam/2024_vision_secondtest/ROS2TF2andCpp_homework/ROSHW_ws/install/my_interfaces/share/my_interfaces/environment/library_path.dsv
-- Installing: /media/dl/dlssd/Ubuntu/Hotpot/2024SeasonExam/2024_vision_secondtest/ROS2TF2andCpp_homework/ROSHW_ws/install/my_interfaces/lib/libmy_interfaces__rosidl_generator_c.so
-- Set runtime path of "/media/dl/dlssd/Ubuntu/Hotpot/2024SeasonExam/2024_vision_secondtest/ROS2TF2andCpp_homework/ROSHW_ws/install/my_interfaces/lib/libmy_interfaces__rosidl_generator_c.so" to ""
-- Up-to-date: /media/dl/dlssd/Ubuntu/Hotpot/2024SeasonExam/2024_vision_secondtest/ROS2TF2andCpp_homework/ROSHW_ws/install/my_interfaces/include/my_interfaces/my_interfaces
-- Up-to-date: /media/dl/dlssd/Ubuntu/Hotpot/2024SeasonExam/2024_vision_secondtest/ROS2TF2andCpp_homework/ROSHW_ws/install/my_interfaces/include/my_interfaces/my_interfaces/msg
-- Up-to-date: /media/dl/dlssd/Ubuntu/Hotpot/2024SeasonExam/2024_vision_secondtest/ROS2TF2andCpp_homework/ROSHW_ws/install/my_interfaces/include/my_interfaces/my_interfaces/msg/detail
-- Installing: /media/dl/dlssd/Ubuntu/Hotpot/2024SeasonExam/2024_vision_secondtest/ROS2TF2andCpp_homework/ROSHW_ws/install/my_interfaces/include/my_interfaces/my_interfaces/msg/detail/mineral_array__rosidl_typesupport_fastrtps_c.h
-- Installing: /media/dl/dlssd/Ubuntu/Hotpot/2024SeasonExam/2024_vision_secondtest/ROS2TF2andCpp_homework/ROSHW_ws/install/my_interfaces/include/my_interfaces/my_interfaces/msg/detail/mineral__rosidl_typesupport_fastrtps_c.h
-- Installing: /media/dl/dlssd/Ubuntu/Hotpot/2024SeasonExam/2024_vision_secondtest/ROS2TF2andCpp_homework/ROSHW_ws/install/my_interfaces/include/my_interfaces/my_interfaces/msg/rosidl_typesupport_fastrtps_c__visibility_control.h
-- Up-to-date: /media/dl/dlssd/Ubuntu/Hotpot/2024SeasonExam/2024_vision_secondtest/ROS2TF2andCpp_homework/ROSHW_ws/install/my_interfaces/include/my_interfaces/my_interfaces/srv
-- Up-to-date: /media/dl/dlssd/Ubuntu/Hotpot/2024SeasonExam/2024_vision_secondtest/ROS2TF2andCpp_homework/ROSHW_ws/install/my_interfaces/include/my_interfaces/my_interfaces/srv/detail
-- Installing: /media/dl/dlssd/Ubuntu/Hotpot/2024SeasonExam/2024_vision_secondtest/ROS2TF2andCpp_homework/ROSHW_ws/install/my_interfaces/include/my_interfaces/my_interfaces/srv/detail/digging__rosidl_typesupport_fastrtps_c.h
-- Installing: /media/dl/dlssd/Ubuntu/Hotpot/2024SeasonExam/2024_vision_secondtest/ROS2TF2andCpp_homework/ROSHW_ws/install/my_interfaces/lib/libmy_interfaces__rosidl_typesupport_fastrtps_c.so
-- Set runtime path of "/media/dl/dlssd/Ubuntu/Hotpot/2024SeasonExam/2024_vision_secondtest/ROS2TF2andCpp_homework/ROSHW_ws/install/my_interfaces/lib/libmy_interfaces__rosidl_typesupport_fastrtps_c.so" to ""
-- Up-to-date: /media/dl/dlssd/Ubuntu/Hotpot/2024SeasonExam/2024_vision_secondtest/ROS2TF2andCpp_homework/ROSHW_ws/install/my_interfaces/include/my_interfaces/my_interfaces
-- Up-to-date: /media/dl/dlssd/Ubuntu/Hotpot/2024SeasonExam/2024_vision_secondtest/ROS2TF2andCpp_homework/ROSHW_ws/install/my_interfaces/include/my_interfaces/my_interfaces/msg
-- Up-to-date: /media/dl/dlssd/Ubuntu/Hotpot/2024SeasonExam/2024_vision_secondtest/ROS2TF2andCpp_homework/ROSHW_ws/install/my_interfaces/include/my_interfaces/my_interfaces/msg/detail
-- Installing: /media/dl/dlssd/Ubuntu/Hotpot/2024SeasonExam/2024_vision_secondtest/ROS2TF2andCpp_homework/ROSHW_ws/install/my_interfaces/include/my_interfaces/my_interfaces/msg/detail/mineral_array__rosidl_typesupport_introspection_c.h
-- Installing: /media/dl/dlssd/Ubuntu/Hotpot/2024SeasonExam/2024_vision_secondtest/ROS2TF2andCpp_homework/ROSHW_ws/install/my_interfaces/include/my_interfaces/my_interfaces/msg/detail/mineral_array__type_support.c
-- Installing: /media/dl/dlssd/Ubuntu/Hotpot/2024SeasonExam/2024_vision_secondtest/ROS2TF2andCpp_homework/ROSHW_ws/install/my_interfaces/include/my_interfaces/my_interfaces/msg/detail/mineral__rosidl_typesupport_introspection_c.h
-- Installing: /media/dl/dlssd/Ubuntu/Hotpot/2024SeasonExam/2024_vision_secondtest/ROS2TF2andCpp_homework/ROSHW_ws/install/my_interfaces/include/my_interfaces/my_interfaces/msg/detail/mineral__type_support.c
-- Installing: /media/dl/dlssd/Ubuntu/Hotpot/2024SeasonExam/2024_vision_secondtest/ROS2TF2andCpp_homework/ROSHW_ws/install/my_interfaces/include/my_interfaces/my_interfaces/msg/rosidl_typesupport_introspection_c__visibility_control.h
-- Up-to-date: /media/dl/dlssd/Ubuntu/Hotpot/2024SeasonExam/2024_vision_secondtest/ROS2TF2andCpp_homework/ROSHW_ws/install/my_interfaces/include/my_interfaces/my_interfaces/srv
-- Up-to-date: /media/dl/dlssd/Ubuntu/Hotpot/2024SeasonExam/2024_vision_secondtest/ROS2TF2andCpp_homework/ROSHW_ws/install/my_interfaces/include/my_interfaces/my_interfaces/srv/detail
-- Installing: /media/dl/dlssd/Ubuntu/Hotpot/2024SeasonExam/2024_vision_secondtest/ROS2TF2andCpp_homework/ROSHW_ws/install/my_interfaces/include/my_interfaces/my_interfaces/srv/detail/digging__rosidl_typesupport_introspection_c.h
-- Installing: /media/dl/dlssd/Ubuntu/Hotpot/2024SeasonExam/2024_vision_secondtest/ROS2TF2andCpp_homework/ROSHW_ws/install/my_interfaces/include/my_interfaces/my_interfaces/srv/detail/digging__type_support.c
-- Installing: /media/dl/dlssd/Ubuntu/Hotpot/2024SeasonExam/2024_vision_secondtest/ROS2TF2andCpp_homework/ROSHW_ws/install/my_interfaces/lib/libmy_interfaces__rosidl_typesupport_introspection_c.so
-- Set runtime path of "/media/dl/dlssd/Ubuntu/Hotpot/2024SeasonExam/2024_vision_secondtest/ROS2TF2andCpp_homework/ROSHW_ws/install/my_interfaces/lib/libmy_interfaces__rosidl_typesupport_introspection_c.so" to ""
-- Installing: /media/dl/dlssd/Ubuntu/Hotpot/2024SeasonExam/2024_vision_secondtest/ROS2TF2andCpp_homework/ROSHW_ws/install/my_interfaces/lib/libmy_interfaces__rosidl_typesupport_c.so
-- Set runtime path of "/media/dl/dlssd/Ubuntu/Hotpot/2024SeasonExam/2024_vision_secondtest/ROS2TF2andCpp_homework/ROSHW_ws/install/my_interfaces/lib/libmy_interfaces__rosidl_typesupport_c.so" to ""
-- Up-to-date: /media/dl/dlssd/Ubuntu/Hotpot/2024SeasonExam/2024_vision_secondtest/ROS2TF2andCpp_homework/ROSHW_ws/install/my_interfaces/include/my_interfaces/my_interfaces
-- Up-to-date: /media/dl/dlssd/Ubuntu/Hotpot/2024SeasonExam/2024_vision_secondtest/ROS2TF2andCpp_homework/ROSHW_ws/install/my_interfaces/include/my_interfaces/my_interfaces/msg
-- Up-to-date: /media/dl/dlssd/Ubuntu/Hotpot/2024SeasonExam/2024_vision_secondtest/ROS2TF2andCpp_homework/ROSHW_ws/install/my_interfaces/include/my_interfaces/my_interfaces/msg/detail
-- Installing: /media/dl/dlssd/Ubuntu/Hotpot/2024SeasonExam/2024_vision_secondtest/ROS2TF2andCpp_homework/ROSHW_ws/install/my_interfaces/include/my_interfaces/my_interfaces/msg/detail/mineral_array__builder.hpp
-- Installing: /media/dl/dlssd/Ubuntu/Hotpot/2024SeasonExam/2024_vision_secondtest/ROS2TF2andCpp_homework/ROSHW_ws/install/my_interfaces/include/my_interfaces/my_interfaces/msg/detail/mineral_array__struct.hpp
-- Installing: /media/dl/dlssd/Ubuntu/Hotpot/2024SeasonExam/2024_vision_secondtest/ROS2TF2andCpp_homework/ROSHW_ws/install/my_interfaces/include/my_interfaces/my_interfaces/msg/detail/mineral_array__traits.hpp
-- Installing: /media/dl/dlssd/Ubuntu/Hotpot/2024SeasonExam/2024_vision_secondtest/ROS2TF2andCpp_homework/ROSHW_ws/install/my_interfaces/include/my_interfaces/my_interfaces/msg/detail/mineral__builder.hpp
-- Installing: /media/dl/dlssd/Ubuntu/Hotpot/2024SeasonExam/2024_vision_secondtest/ROS2TF2andCpp_homework/ROSHW_ws/install/my_interfaces/include/my_interfaces/my_interfaces/msg/detail/mineral__struct.hpp
-- Installing: /media/dl/dlssd/Ubuntu/Hotpot/2024SeasonExam/2024_vision_secondtest/ROS2TF2andCpp_homework/ROSHW_ws/install/my_interfaces/include/my_interfaces/my_interfaces/msg/detail/mineral__traits.hpp
-- Installing: /media/dl/dlssd/Ubuntu/Hotpot/2024SeasonExam/2024_vision_secondtest/ROS2TF2andCpp_homework/ROSHW_ws/install/my_interfaces/include/my_interfaces/my_interfaces/msg/mineral.hpp
-- Installing: /media/dl/dlssd/Ubuntu/Hotpot/2024SeasonExam/2024_vision_secondtest/ROS2TF2andCpp_homework/ROSHW_ws/install/my_interfaces/include/my_interfaces/my_interfaces/msg/mineral_array.hpp
-- Up-to-date: /media/dl/dlssd/Ubuntu/Hotpot/2024SeasonExam/2024_vision_secondtest/ROS2TF2andCpp_homework/ROSHW_ws/install/my_interfaces/include/my_interfaces/my_interfaces/srv
-- Up-to-date: /media/dl/dlssd/Ubuntu/Hotpot/2024SeasonExam/2024_vision_secondtest/ROS2TF2andCpp_homework/ROSHW_ws/install/my_interfaces/include/my_interfaces/my_interfaces/srv/detail
-- Installing: /media/dl/dlssd/Ubuntu/Hotpot/2024SeasonExam/2024_vision_secondtest/ROS2TF2andCpp_homework/ROSHW_ws/install/my_interfaces/include/my_interfaces/my_interfaces/srv/detail/digging__builder.hpp
-- Installing: /media/dl/dlssd/Ubuntu/Hotpot/2024SeasonExam/2024_vision_secondtest/ROS2TF2andCpp_homework/ROSHW_ws/install/my_interfaces/include/my_interfaces/my_interfaces/srv/detail/digging__struct.hpp
-- Installing: /media/dl/dlssd/Ubuntu/Hotpot/2024SeasonExam/2024_vision_secondtest/ROS2TF2andCpp_homework/ROSHW_ws/install/my_interfaces/include/my_interfaces/my_interfaces/srv/detail/digging__traits.hpp
-- Installing: /media/dl/dlssd/Ubuntu/Hotpot/2024SeasonExam/2024_vision_secondtest/ROS2TF2andCpp_homework/ROSHW_ws/install/my_interfaces/include/my_interfaces/my_interfaces/srv/digging.hpp
-- Up-to-date: /media/dl/dlssd/Ubuntu/Hotpot/2024SeasonExam/2024_vision_secondtest/ROS2TF2andCpp_homework/ROSHW_ws/install/my_interfaces/include/my_interfaces/my_interfaces
-- Up-to-date: /media/dl/dlssd/Ubuntu/Hotpot/2024SeasonExam/2024_vision_secondtest/ROS2TF2andCpp_homework/ROSHW_ws/install/my_interfaces/include/my_interfaces/my_interfaces/msg
-- Up-to-date: /media/dl/dlssd/Ubuntu/Hotpot/2024SeasonExam/2024_vision_secondtest/ROS2TF2andCpp_homework/ROSHW_ws/install/my_interfaces/include/my_interfaces/my_interfaces/msg/detail
-- Installing: /media/dl/dlssd/Ubuntu/Hotpot/2024SeasonExam/2024_vision_secondtest/ROS2TF2andCpp_homework/ROSHW_ws/install/my_interfaces/include/my_interfaces/my_interfaces/msg/detail/dds_fastrtps
-- Installing: /media/dl/dlssd/Ubuntu/Hotpot/2024SeasonExam/2024_vision_secondtest/ROS2TF2andCpp_homework/ROSHW_ws/install/my_interfaces/include/my_interfaces/my_interfaces/msg/detail/mineral_array__rosidl_typesupport_fastrtps_cpp.hpp
-- Installing: /media/dl/dlssd/Ubuntu/Hotpot/2024SeasonExam/2024_vision_secondtest/ROS2TF2andCpp_homework/ROSHW_ws/install/my_interfaces/include/my_interfaces/my_interfaces/msg/detail/mineral__rosidl_typesupport_fastrtps_cpp.hpp
-- Installing: /media/dl/dlssd/Ubuntu/Hotpot/2024SeasonExam/2024_vision_secondtest/ROS2TF2andCpp_homework/ROSHW_ws/install/my_interfaces/include/my_interfaces/my_interfaces/msg/rosidl_typesupport_fastrtps_cpp__visibility_control.h
-- Up-to-date: /media/dl/dlssd/Ubuntu/Hotpot/2024SeasonExam/2024_vision_secondtest/ROS2TF2andCpp_homework/ROSHW_ws/install/my_interfaces/include/my_interfaces/my_interfaces/srv
-- Up-to-date: /media/dl/dlssd/Ubuntu/Hotpot/2024SeasonExam/2024_vision_secondtest/ROS2TF2andCpp_homework/ROSHW_ws/install/my_interfaces/include/my_interfaces/my_interfaces/srv/detail
-- Installing: /media/dl/dlssd/Ubuntu/Hotpot/2024SeasonExam/2024_vision_secondtest/ROS2TF2andCpp_homework/ROSHW_ws/install/my_interfaces/include/my_interfaces/my_interfaces/srv/detail/dds_fastrtps
-- Installing: /media/dl/dlssd/Ubuntu/Hotpot/2024SeasonExam/2024_vision_secondtest/ROS2TF2andCpp_homework/ROSHW_ws/install/my_interfaces/include/my_interfaces/my_interfaces/srv/detail/digging__rosidl_typesupport_fastrtps_cpp.hpp
-- Installing: /media/dl/dlssd/Ubuntu/Hotpot/2024SeasonExam/2024_vision_secondtest/ROS2TF2andCpp_homework/ROSHW_ws/install/my_interfaces/lib/libmy_interfaces__rosidl_typesupport_fastrtps_cpp.so
-- Set runtime path of "/media/dl/dlssd/Ubuntu/Hotpot/2024SeasonExam/2024_vision_secondtest/ROS2TF2andCpp_homework/ROSHW_ws/install/my_interfaces/lib/libmy_interfaces__rosidl_typesupport_fastrtps_cpp.so" to ""
-- Up-to-date: /media/dl/dlssd/Ubuntu/Hotpot/2024SeasonExam/2024_vision_secondtest/ROS2TF2andCpp_homework/ROSHW_ws/install/my_interfaces/include/my_interfaces/my_interfaces
-- Up-to-date: /media/dl/dlssd/Ubuntu/Hotpot/2024SeasonExam/2024_vision_secondtest/ROS2TF2andCpp_homework/ROSHW_ws/install/my_interfaces/include/my_interfaces/my_interfaces/msg
-- Up-to-date: /media/dl/dlssd/Ubuntu/Hotpot/2024SeasonExam/2024_vision_secondtest/ROS2TF2andCpp_homework/ROSHW_ws/install/my_interfaces/include/my_interfaces/my_interfaces/msg/detail
-- Installing: /media/dl/dlssd/Ubuntu/Hotpot/2024SeasonExam/2024_vision_secondtest/ROS2TF2andCpp_homework/ROSHW_ws/install/my_interfaces/include/my_interfaces/my_interfaces/msg/detail/mineral_array__rosidl_typesupport_introspection_cpp.hpp
-- Installing: /media/dl/dlssd/Ubuntu/Hotpot/2024SeasonExam/2024_vision_secondtest/ROS2TF2andCpp_homework/ROSHW_ws/install/my_interfaces/include/my_interfaces/my_interfaces/msg/detail/mineral_array__type_support.cpp
-- Installing: /media/dl/dlssd/Ubuntu/Hotpot/2024SeasonExam/2024_vision_secondtest/ROS2TF2andCpp_homework/ROSHW_ws/install/my_interfaces/include/my_interfaces/my_interfaces/msg/detail/mineral__rosidl_typesupport_introspection_cpp.hpp
-- Installing: /media/dl/dlssd/Ubuntu/Hotpot/2024SeasonExam/2024_vision_secondtest/ROS2TF2andCpp_homework/ROSHW_ws/install/my_interfaces/include/my_interfaces/my_interfaces/msg/detail/mineral__type_support.cpp
-- Up-to-date: /media/dl/dlssd/Ubuntu/Hotpot/2024SeasonExam/2024_vision_secondtest/ROS2TF2andCpp_homework/ROSHW_ws/install/my_interfaces/include/my_interfaces/my_interfaces/srv
-- Up-to-date: /media/dl/dlssd/Ubuntu/Hotpot/2024SeasonExam/2024_vision_secondtest/ROS2TF2andCpp_homework/ROSHW_ws/install/my_interfaces/include/my_interfaces/my_interfaces/srv/detail
-- Installing: /media/dl/dlssd/Ubuntu/Hotpot/2024SeasonExam/2024_vision_secondtest/ROS2TF2andCpp_homework/ROSHW_ws/install/my_interfaces/include/my_interfaces/my_interfaces/srv/detail/digging__rosidl_typesupport_introspection_cpp.hpp
-- Installing: /media/dl/dlssd/Ubuntu/Hotpot/2024SeasonExam/2024_vision_secondtest/ROS2TF2andCpp_homework/ROSHW_ws/install/my_interfaces/include/my_interfaces/my_interfaces/srv/detail/digging__type_support.cpp
-- Installing: /media/dl/dlssd/Ubuntu/Hotpot/2024SeasonExam/2024_vision_secondtest/ROS2TF2andCpp_homework/ROSHW_ws/install/my_interfaces/lib/libmy_interfaces__rosidl_typesupport_introspection_cpp.so
-- Set runtime path of "/media/dl/dlssd/Ubuntu/Hotpot/2024SeasonExam/2024_vision_secondtest/ROS2TF2andCpp_homework/ROSHW_ws/install/my_interfaces/lib/libmy_interfaces__rosidl_typesupport_introspection_cpp.so" to ""
-- Installing: /media/dl/dlssd/Ubuntu/Hotpot/2024SeasonExam/2024_vision_secondtest/ROS2TF2andCpp_homework/ROSHW_ws/install/my_interfaces/lib/libmy_interfaces__rosidl_typesupport_cpp.so
-- Set runtime path of "/media/dl/dlssd/Ubuntu/Hotpot/2024SeasonExam/2024_vision_secondtest/ROS2TF2andCpp_homework/ROSHW_ws/install/my_interfaces/lib/libmy_interfaces__rosidl_typesupport_cpp.so" to ""
-- Installing: /media/dl/dlssd/Ubuntu/Hotpot/2024SeasonExam/2024_vision_secondtest/ROS2TF2andCpp_homework/ROSHW_ws/install/my_interfaces/share/my_interfaces/environment/pythonpath.sh
-- Installing: /media/dl/dlssd/Ubuntu/Hotpot/2024SeasonExam/2024_vision_secondtest/ROS2TF2andCpp_homework/ROSHW_ws/install/my_interfaces/share/my_interfaces/environment/pythonpath.dsv
-- Installing: /media/dl/dlssd/Ubuntu/Hotpot/2024SeasonExam/2024_vision_secondtest/ROS2TF2andCpp_homework/ROSHW_ws/install/my_interfaces/local/lib/python3.10/dist-packages/my_interfaces-0.0.0-py3.10.egg-info
-- Installing: /media/dl/dlssd/Ubuntu/Hotpot/2024SeasonExam/2024_vision_secondtest/ROS2TF2andCpp_homework/ROSHW_ws/install/my_interfaces/local/lib/python3.10/dist-packages/my_interfaces-0.0.0-py3.10.egg-info/dependency_links.txt
-- Installing: /media/dl/dlssd/Ubuntu/Hotpot/2024SeasonExam/2024_vision_secondtest/ROS2TF2andCpp_homework/ROSHW_ws/install/my_interfaces/local/lib/python3.10/dist-packages/my_interfaces-0.0.0-py3.10.egg-info/PKG-INFO
-- Installing: /media/dl/dlssd/Ubuntu/Hotpot/2024SeasonExam/2024_vision_secondtest/ROS2TF2andCpp_homework/ROSHW_ws/install/my_interfaces/local/lib/python3.10/dist-packages/my_interfaces-0.0.0-py3.10.egg-info/SOURCES.txt
-- Installing: /media/dl/dlssd/Ubuntu/Hotpot/2024SeasonExam/2024_vision_secondtest/ROS2TF2andCpp_homework/ROSHW_ws/install/my_interfaces/local/lib/python3.10/dist-packages/my_interfaces-0.0.0-py3.10.egg-info/top_level.txt
-- Installing: /media/dl/dlssd/Ubuntu/Hotpot/2024SeasonExam/2024_vision_secondtest/ROS2TF2andCpp_homework/ROSHW_ws/install/my_interfaces/local/lib/python3.10/dist-packages/my_interfaces
-- Installing: /media/dl/dlssd/Ubuntu/Hotpot/2024SeasonExam/2024_vision_secondtest/ROS2TF2andCpp_homework/ROSHW_ws/install/my_interfaces/local/lib/python3.10/dist-packages/my_interfaces/libmy_interfaces__rosidl_generator_py.so
-- Installing: /media/dl/dlssd/Ubuntu/Hotpot/2024SeasonExam/2024_vision_secondtest/ROS2TF2andCpp_homework/ROSHW_ws/install/my_interfaces/local/lib/python3.10/dist-packages/my_interfaces/msg
-- Installing: /media/dl/dlssd/Ubuntu/Hotpot/2024SeasonExam/2024_vision_secondtest/ROS2TF2andCpp_homework/ROSHW_ws/install/my_interfaces/local/lib/python3.10/dist-packages/my_interfaces/msg/_mineral.py
-- Installing: /media/dl/dlssd/Ubuntu/Hotpot/2024SeasonExam/2024_vision_secondtest/ROS2TF2andCpp_homework/ROSHW_ws/install/my_interfaces/local/lib/python3.10/dist-packages/my_interfaces/msg/_mineral_array.py
-- Installing: /media/dl/dlssd/Ubuntu/Hotpot/2024SeasonExam/2024_vision_secondtest/ROS2TF2andCpp_homework/ROSHW_ws/install/my_interfaces/local/lib/python3.10/dist-packages/my_interfaces/msg/_mineral_array_s.c
-- Installing: /media/dl/dlssd/Ubuntu/Hotpot/2024SeasonExam/2024_vision_secondtest/ROS2TF2andCpp_homework/ROSHW_ws/install/my_interfaces/local/lib/python3.10/dist-packages/my_interfaces/msg/_mineral_s.c
-- Installing: /media/dl/dlssd/Ubuntu/Hotpot/2024SeasonExam/2024_vision_secondtest/ROS2TF2andCpp_homework/ROSHW_ws/install/my_interfaces/local/lib/python3.10/dist-packages/my_interfaces/msg/__init__.py
-- Installing: /media/dl/dlssd/Ubuntu/Hotpot/2024SeasonExam/2024_vision_secondtest/ROS2TF2andCpp_homework/ROSHW_ws/install/my_interfaces/local/lib/python3.10/dist-packages/my_interfaces/my_interfaces_s__rosidl_typesupport_c.cpython-310-x86_64-linux-gnu.so
-- Installing: /media/dl/dlssd/Ubuntu/Hotpot/2024SeasonExam/2024_vision_secondtest/ROS2TF2andCpp_homework/ROSHW_ws/install/my_interfaces/local/lib/python3.10/dist-packages/my_interfaces/my_interfaces_s__rosidl_typesupport_fastrtps_c.cpython-310-x86_64-linux-gnu.so
-- Installing: /media/dl/dlssd/Ubuntu/Hotpot/2024SeasonExam/2024_vision_secondtest/ROS2TF2andCpp_homework/ROSHW_ws/install/my_interfaces/local/lib/python3.10/dist-packages/my_interfaces/my_interfaces_s__rosidl_typesupport_introspection_c.cpython-310-x86_64-linux-gnu.so
-- Installing: /media/dl/dlssd/Ubuntu/Hotpot/2024SeasonExam/2024_vision_secondtest/ROS2TF2andCpp_homework/ROSHW_ws/install/my_interfaces/local/lib/python3.10/dist-packages/my_interfaces/srv
-- Installing: /media/dl/dlssd/Ubuntu/Hotpot/2024SeasonExam/2024_vision_secondtest/ROS2TF2andCpp_homework/ROSHW_ws/install/my_interfaces/local/lib/python3.10/dist-packages/my_interfaces/srv/_digging.py
-- Installing: /media/dl/dlssd/Ubuntu/Hotpot/2024SeasonExam/2024_vision_secondtest/ROS2TF2andCpp_homework/ROSHW_ws/install/my_interfaces/local/lib/python3.10/dist-packages/my_interfaces/srv/_digging_s.c
-- Installing: /media/dl/dlssd/Ubuntu/Hotpot/2024SeasonExam/2024_vision_secondtest/ROS2TF2andCpp_homework/ROSHW_ws/install/my_interfaces/local/lib/python3.10/dist-packages/my_interfaces/srv/__init__.py
-- Installing: /media/dl/dlssd/Ubuntu/Hotpot/2024SeasonExam/2024_vision_secondtest/ROS2TF2andCpp_homework/ROSHW_ws/install/my_interfaces/local/lib/python3.10/dist-packages/my_interfaces/_my_interfaces_s.ep.rosidl_typesupport_c.c
-- Installing: /media/dl/dlssd/Ubuntu/Hotpot/2024SeasonExam/2024_vision_secondtest/ROS2TF2andCpp_homework/ROSHW_ws/install/my_interfaces/local/lib/python3.10/dist-packages/my_interfaces/_my_interfaces_s.ep.rosidl_typesupport_fastrtps_c.c
-- Installing: /media/dl/dlssd/Ubuntu/Hotpot/2024SeasonExam/2024_vision_secondtest/ROS2TF2andCpp_homework/ROSHW_ws/install/my_interfaces/local/lib/python3.10/dist-packages/my_interfaces/_my_interfaces_s.ep.rosidl_typesupport_introspection_c.c
-- Installing: /media/dl/dlssd/Ubuntu/Hotpot/2024SeasonExam/2024_vision_secondtest/ROS2TF2andCpp_homework/ROSHW_ws/install/my_interfaces/local/lib/python3.10/dist-packages/my_interfaces/__init__.py
Listing '/media/dl/dlssd/Ubuntu/Hotpot/2024SeasonExam/2024_vision_secondtest/ROS2TF2andCpp_homework/ROSHW_ws/install/my_interfaces/local/lib/python3.10/dist-packages/my_interfaces'...
Compiling '/media/dl/dlssd/Ubuntu/Hotpot/2024SeasonExam/2024_vision_secondtest/ROS2TF2andCpp_homework/ROSHW_ws/install/my_interfaces/local/lib/python3.10/dist-packages/my_interfaces/__init__.py'...
Listing '/media/dl/dlssd/Ubuntu/Hotpot/2024SeasonExam/2024_vision_secondtest/ROS2TF2andCpp_homework/ROSHW_ws/install/my_interfaces/local/lib/python3.10/dist-packages/my_interfaces/msg'...
Compiling '/media/dl/dlssd/Ubuntu/Hotpot/2024SeasonExam/2024_vision_secondtest/ROS2TF2andCpp_homework/ROSHW_ws/install/my_interfaces/local/lib/python3.10/dist-packages/my_interfaces/msg/__init__.py'...
Compiling '/media/dl/dlssd/Ubuntu/Hotpot/2024SeasonExam/2024_vision_secondtest/ROS2TF2andCpp_homework/ROSHW_ws/install/my_interfaces/local/lib/python3.10/dist-packages/my_interfaces/msg/_mineral.py'...
Compiling '/media/dl/dlssd/Ubuntu/Hotpot/2024SeasonExam/2024_vision_secondtest/ROS2TF2andCpp_homework/ROSHW_ws/install/my_interfaces/local/lib/python3.10/dist-packages/my_interfaces/msg/_mineral_array.py'...
Listing '/media/dl/dlssd/Ubuntu/Hotpot/2024SeasonExam/2024_vision_secondtest/ROS2TF2andCpp_homework/ROSHW_ws/install/my_interfaces/local/lib/python3.10/dist-packages/my_interfaces/srv'...
Compiling '/media/dl/dlssd/Ubuntu/Hotpot/2024SeasonExam/2024_vision_secondtest/ROS2TF2andCpp_homework/ROSHW_ws/install/my_interfaces/local/lib/python3.10/dist-packages/my_interfaces/srv/__init__.py'...
Compiling '/media/dl/dlssd/Ubuntu/Hotpot/2024SeasonExam/2024_vision_secondtest/ROS2TF2andCpp_homework/ROSHW_ws/install/my_interfaces/local/lib/python3.10/dist-packages/my_interfaces/srv/_digging.py'...
-- Installing: /media/dl/dlssd/Ubuntu/Hotpot/2024SeasonExam/2024_vision_secondtest/ROS2TF2andCpp_homework/ROSHW_ws/install/my_interfaces/local/lib/python3.10/dist-packages/my_interfaces/my_interfaces_s__rosidl_typesupport_fastrtps_c.cpython-310-x86_64-linux-gnu.so
-- Set runtime path of "/media/dl/dlssd/Ubuntu/Hotpot/2024SeasonExam/2024_vision_secondtest/ROS2TF2andCpp_homework/ROSHW_ws/install/my_interfaces/local/lib/python3.10/dist-packages/my_interfaces/my_interfaces_s__rosidl_typesupport_fastrtps_c.cpython-310-x86_64-linux-gnu.so" to ""
-- Installing: /media/dl/dlssd/Ubuntu/Hotpot/2024SeasonExam/2024_vision_secondtest/ROS2TF2andCpp_homework/ROSHW_ws/install/my_interfaces/local/lib/python3.10/dist-packages/my_interfaces/my_interfaces_s__rosidl_typesupport_introspection_c.cpython-310-x86_64-linux-gnu.so
-- Set runtime path of "/media/dl/dlssd/Ubuntu/Hotpot/2024SeasonExam/2024_vision_secondtest/ROS2TF2andCpp_homework/ROSHW_ws/install/my_interfaces/local/lib/python3.10/dist-packages/my_interfaces/my_interfaces_s__rosidl_typesupport_introspection_c.cpython-310-x86_64-linux-gnu.so" to ""
-- Installing: /media/dl/dlssd/Ubuntu/Hotpot/2024SeasonExam/2024_vision_secondtest/ROS2TF2andCpp_homework/ROSHW_ws/install/my_interfaces/local/lib/python3.10/dist-packages/my_interfaces/my_interfaces_s__rosidl_typesupport_c.cpython-310-x86_64-linux-gnu.so
-- Set runtime path of "/media/dl/dlssd/Ubuntu/Hotpot/2024SeasonExam/2024_vision_secondtest/ROS2TF2andCpp_homework/ROSHW_ws/install/my_interfaces/local/lib/python3.10/dist-packages/my_interfaces/my_interfaces_s__rosidl_typesupport_c.cpython-310-x86_64-linux-gnu.so" to ""
-- Installing: /media/dl/dlssd/Ubuntu/Hotpot/2024SeasonExam/2024_vision_secondtest/ROS2TF2andCpp_homework/ROSHW_ws/install/my_interfaces/lib/libmy_interfaces__rosidl_generator_py.so
-- Set runtime path of "/media/dl/dlssd/Ubuntu/Hotpot/2024SeasonExam/2024_vision_secondtest/ROS2TF2andCpp_homework/ROSHW_ws/install/my_interfaces/lib/libmy_interfaces__rosidl_generator_py.so" to ""
-- Installing: /media/dl/dlssd/Ubuntu/Hotpot/2024SeasonExam/2024_vision_secondtest/ROS2TF2andCpp_homework/ROSHW_ws/install/my_interfaces/share/my_interfaces/msg/Mineral.idl
-- Installing: /media/dl/dlssd/Ubuntu/Hotpot/2024SeasonExam/2024_vision_secondtest/ROS2TF2andCpp_homework/ROSHW_ws/install/my_interfaces/share/my_interfaces/msg/MineralArray.idl
-- Installing: /media/dl/dlssd/Ubuntu/Hotpot/2024SeasonExam/2024_vision_secondtest/ROS2TF2andCpp_homework/ROSHW_ws/install/my_interfaces/share/my_interfaces/srv/Digging.idl
-- Installing: /media/dl/dlssd/Ubuntu/Hotpot/2024SeasonExam/2024_vision_secondtest/ROS2TF2andCpp_homework/ROSHW_ws/install/my_interfaces/share/my_interfaces/msg/Mineral.msg
-- Installing: /media/dl/dlssd/Ubuntu/Hotpot/2024SeasonExam/2024_vision_secondtest/ROS2TF2andCpp_homework/ROSHW_ws/install/my_interfaces/share/my_interfaces/msg/MineralArray.msg
-- Installing: /media/dl/dlssd/Ubuntu/Hotpot/2024SeasonExam/2024_vision_secondtest/ROS2TF2andCpp_homework/ROSHW_ws/install/my_interfaces/share/my_interfaces/srv/Digging.srv
-- Installing: /media/dl/dlssd/Ubuntu/Hotpot/2024SeasonExam/2024_vision_secondtest/ROS2TF2andCpp_homework/ROSHW_ws/install/my_interfaces/share/my_interfaces/srv/Digging_Request.msg
-- Installing: /media/dl/dlssd/Ubuntu/Hotpot/2024SeasonExam/2024_vision_secondtest/ROS2TF2andCpp_homework/ROSHW_ws/install/my_interfaces/share/my_interfaces/srv/Digging_Response.msg
-- Installing: /media/dl/dlssd/Ubuntu/Hotpot/2024SeasonExam/2024_vision_secondtest/ROS2TF2andCpp_homework/ROSHW_ws/install/my_interfaces/share/ament_index/resource_index/package_run_dependencies/my_interfaces
-- Installing: /media/dl/dlssd/Ubuntu/Hotpot/2024SeasonExam/2024_vision_secondtest/ROS2TF2andCpp_homework/ROSHW_ws/install/my_interfaces/share/ament_index/resource_index/parent_prefix_path/my_interfaces
-- Installing: /media/dl/dlssd/Ubuntu/Hotpot/2024SeasonExam/2024_vision_secondtest/ROS2TF2andCpp_homework/ROSHW_ws/install/my_interfaces/share/my_interfaces/environment/ament_prefix_path.sh
-- Installing: /media/dl/dlssd/Ubuntu/Hotpot/2024SeasonExam/2024_vision_secondtest/ROS2TF2andCpp_homework/ROSHW_ws/install/my_interfaces/share/my_interfaces/environment/ament_prefix_path.dsv
-- Installing: /media/dl/dlssd/Ubuntu/Hotpot/2024SeasonExam/2024_vision_secondtest/ROS2TF2andCpp_homework/ROSHW_ws/install/my_interfaces/share/my_interfaces/environment/path.sh
-- Installing: /media/dl/dlssd/Ubuntu/Hotpot/2024SeasonExam/2024_vision_secondtest/ROS2TF2andCpp_homework/ROSHW_ws/install/my_interfaces/share/my_interfaces/environment/path.dsv
-- Installing: /media/dl/dlssd/Ubuntu/Hotpot/2024SeasonExam/2024_vision_secondtest/ROS2TF2andCpp_homework/ROSHW_ws/install/my_interfaces/share/my_interfaces/local_setup.bash
-- Installing: /media/dl/dlssd/Ubuntu/Hotpot/2024SeasonExam/2024_vision_secondtest/ROS2TF2andCpp_homework/ROSHW_ws/install/my_interfaces/share/my_interfaces/local_setup.sh
-- Installing: /media/dl/dlssd/Ubuntu/Hotpot/2024SeasonExam/2024_vision_secondtest/ROS2TF2andCpp_homework/ROSHW_ws/install/my_interfaces/share/my_interfaces/local_setup.zsh
-- Installing: /media/dl/dlssd/Ubuntu/Hotpot/2024SeasonExam/2024_vision_secondtest/ROS2TF2andCpp_homework/ROSHW_ws/install/my_interfaces/share/my_interfaces/local_setup.dsv
-- Installing: /media/dl/dlssd/Ubuntu/Hotpot/2024SeasonExam/2024_vision_secondtest/ROS2TF2andCpp_homework/ROSHW_ws/install/my_interfaces/share/my_interfaces/package.dsv
-- Installing: /media/dl/dlssd/Ubuntu/Hotpot/2024SeasonExam/2024_vision_secondtest/ROS2TF2andCpp_homework/ROSHW_ws/install/my_interfaces/share/ament_index/resource_index/packages/my_interfaces
-- Installing: /media/dl/dlssd/Ubuntu/Hotpot/2024SeasonExam/2024_vision_secondtest/ROS2TF2andCpp_homework/ROSHW_ws/install/my_interfaces/share/my_interfaces/cmake/export_my_interfaces__rosidl_generator_cExport.cmake
-- Installing: /media/dl/dlssd/Ubuntu/Hotpot/2024SeasonExam/2024_vision_secondtest/ROS2TF2andCpp_homework/ROSHW_ws/install/my_interfaces/share/my_interfaces/cmake/export_my_interfaces__rosidl_generator_cExport-noconfig.cmake
-- Installing: /media/dl/dlssd/Ubuntu/Hotpot/2024SeasonExam/2024_vision_secondtest/ROS2TF2andCpp_homework/ROSHW_ws/install/my_interfaces/share/my_interfaces/cmake/export_my_interfaces__rosidl_typesupport_fastrtps_cExport.cmake
-- Installing: /media/dl/dlssd/Ubuntu/Hotpot/2024SeasonExam/2024_vision_secondtest/ROS2TF2andCpp_homework/ROSHW_ws/install/my_interfaces/share/my_interfaces/cmake/export_my_interfaces__rosidl_typesupport_fastrtps_cExport-noconfig.cmake
-- Installing: /media/dl/dlssd/Ubuntu/Hotpot/2024SeasonExam/2024_vision_secondtest/ROS2TF2andCpp_homework/ROSHW_ws/install/my_interfaces/share/my_interfaces/cmake/my_interfaces__rosidl_typesupport_introspection_cExport.cmake
-- Installing: /media/dl/dlssd/Ubuntu/Hotpot/2024SeasonExam/2024_vision_secondtest/ROS2TF2andCpp_homework/ROSHW_ws/install/my_interfaces/share/my_interfaces/cmake/my_interfaces__rosidl_typesupport_introspection_cExport-noconfig.cmake
-- Installing: /media/dl/dlssd/Ubuntu/Hotpot/2024SeasonExam/2024_vision_secondtest/ROS2TF2andCpp_homework/ROSHW_ws/install/my_interfaces/share/my_interfaces/cmake/my_interfaces__rosidl_typesupport_cExport.cmake
-- Installing: /media/dl/dlssd/Ubuntu/Hotpot/2024SeasonExam/2024_vision_secondtest/ROS2TF2andCpp_homework/ROSHW_ws/install/my_interfaces/share/my_interfaces/cmake/my_interfaces__rosidl_typesupport_cExport-noconfig.cmake
-- Installing: /media/dl/dlssd/Ubuntu/Hotpot/2024SeasonExam/2024_vision_secondtest/ROS2TF2andCpp_homework/ROSHW_ws/install/my_interfaces/share/my_interfaces/cmake/export_my_interfaces__rosidl_generator_cppExport.cmake
-- Installing: /media/dl/dlssd/Ubuntu/Hotpot/2024SeasonExam/2024_vision_secondtest/ROS2TF2andCpp_homework/ROSHW_ws/install/my_interfaces/share/my_interfaces/cmake/export_my_interfaces__rosidl_typesupport_fastrtps_cppExport.cmake
-- Installing: /media/dl/dlssd/Ubuntu/Hotpot/2024SeasonExam/2024_vision_secondtest/ROS2TF2andCpp_homework/ROSHW_ws/install/my_interfaces/share/my_interfaces/cmake/export_my_interfaces__rosidl_typesupport_fastrtps_cppExport-noconfig.cmake
-- Installing: /media/dl/dlssd/Ubuntu/Hotpot/2024SeasonExam/2024_vision_secondtest/ROS2TF2andCpp_homework/ROSHW_ws/install/my_interfaces/share/my_interfaces/cmake/my_interfaces__rosidl_typesupport_introspection_cppExport.cmake
-- Installing: /media/dl/dlssd/Ubuntu/Hotpot/2024SeasonExam/2024_vision_secondtest/ROS2TF2andCpp_homework/ROSHW_ws/install/my_interfaces/share/my_interfaces/cmake/my_interfaces__rosidl_typesupport_introspection_cppExport-noconfig.cmake
-- Installing: /media/dl/dlssd/Ubuntu/Hotpot/2024SeasonExam/2024_vision_secondtest/ROS2TF2andCpp_homework/ROSHW_ws/install/my_interfaces/share/my_interfaces/cmake/my_interfaces__rosidl_typesupport_cppExport.cmake
-- Installing: /media/dl/dlssd/Ubuntu/Hotpot/2024SeasonExam/2024_vision_secondtest/ROS2TF2andCpp_homework/ROSHW_ws/install/my_interfaces/share/my_interfaces/cmake/my_interfaces__rosidl_typesupport_cppExport-noconfig.cmake
-- Installing: /media/dl/dlssd/Ubuntu/Hotpot/2024SeasonExam/2024_vision_secondtest/ROS2TF2andCpp_homework/ROSHW_ws/install/my_interfaces/share/my_interfaces/cmake/export_my_interfaces__rosidl_generator_pyExport.cmake
-- Installing: /media/dl/dlssd/Ubuntu/Hotpot/2024SeasonExam/2024_vision_secondtest/ROS2TF2andCpp_homework/ROSHW_ws/install/my_interfaces/share/my_interfaces/cmake/export_my_interfaces__rosidl_generator_pyExport-noconfig.cmake
-- Installing: /media/dl/dlssd/Ubuntu/Hotpot/2024SeasonExam/2024_vision_secondtest/ROS2TF2andCpp_homework/ROSHW_ws/install/my_interfaces/share/my_interfaces/cmake/rosidl_cmake-extras.cmake
-- Installing: /media/dl/dlssd/Ubuntu/Hotpot/2024SeasonExam/2024_vision_secondtest/ROS2TF2andCpp_homework/ROSHW_ws/install/my_interfaces/share/my_interfaces/cmake/ament_cmake_export_dependencies-extras.cmake
-- Installing: /media/dl/dlssd/Ubuntu/Hotpot/2024SeasonExam/2024_vision_secondtest/ROS2TF2andCpp_homework/ROSHW_ws/install/my_interfaces/share/my_interfaces/cmake/ament_cmake_export_include_directories-extras.cmake
-- Installing: /media/dl/dlssd/Ubuntu/Hotpot/2024SeasonExam/2024_vision_secondtest/ROS2TF2andCpp_homework/ROSHW_ws/install/my_interfaces/share/my_interfaces/cmake/ament_cmake_export_libraries-extras.cmake
-- Installing: /media/dl/dlssd/Ubuntu/Hotpot/2024SeasonExam/2024_vision_secondtest/ROS2TF2andCpp_homework/ROSHW_ws/install/my_interfaces/share/my_interfaces/cmake/ament_cmake_export_targets-extras.cmake
-- Installing: /media/dl/dlssd/Ubuntu/Hotpot/2024SeasonExam/2024_vision_secondtest/ROS2TF2andCpp_homework/ROSHW_ws/install/my_interfaces/share/my_interfaces/cmake/rosidl_cmake_export_typesupport_targets-extras.cmake
-- Installing: /media/dl/dlssd/Ubuntu/Hotpot/2024SeasonExam/2024_vision_secondtest/ROS2TF2andCpp_homework/ROSHW_ws/install/my_interfaces/share/my_interfaces/cmake/rosidl_cmake_export_typesupport_libraries-extras.cmake
-- Installing: /media/dl/dlssd/Ubuntu/Hotpot/2024SeasonExam/2024_vision_secondtest/ROS2TF2andCpp_homework/ROSHW_ws/install/my_interfaces/share/my_interfaces/cmake/my_interfacesConfig.cmake
-- Installing: /media/dl/dlssd/Ubuntu/Hotpot/2024SeasonExam/2024_vision_secondtest/ROS2TF2andCpp_homework/ROSHW_ws/install/my_interfaces/share/my_interfaces/cmake/my_interfacesConfig-version.cmake
-- Installing: /media/dl/dlssd/Ubuntu/Hotpot/2024SeasonExam/2024_vision_secondtest/ROS2TF2andCpp_homework/ROSHW_ws/install/my_interfaces/share/my_interfaces/package.xml
