[0.012s] Invoking command in '/media/dl/dlssd/Ubuntu/Hotpot/2024SeasonExam/2024_vision_secondtest/Gazebo_homework/ignition_ws/build/my_ignition_demo': CMAKE_PREFIX_PATH=/opt/ros/humble /usr/bin/cmake /media/dl/dlssd/Ubuntu/Hotpot/2024SeasonExam/2024_vision_secondtest/Gazebo_homework/ignition_ws/src/my_ignition_demo -DCMAKE_INSTALL_PREFIX=/media/dl/dlssd/Ubuntu/Hotpot/2024SeasonExam/2024_vision_secondtest/Gazebo_homework/ignition_ws/install/my_ignition_demo
[0.142s] -- The C compiler identification is GNU 11.4.0
[0.238s] -- The CXX compiler identification is GNU 11.4.0
[0.249s] -- Detecting C compiler ABI info
[0.343s] -- Detecting C compiler ABI info - done
[0.350s] -- Check for working C compiler: /usr/bin/cc - skipped
[0.351s] -- Detecting C compile features
[0.351s] -- Detecting C compile features - done
[0.356s] -- Detecting CXX compiler ABI info
[0.454s] -- Detecting CXX compiler ABI info - done
[0.461s] -- Check for working CXX compiler: /usr/bin/c++ - skipped
[0.462s] -- Detecting CXX compile features
[0.462s] -- Detecting CXX compile features - done
[0.468s] -- Found ament_cmake: 1.3.5 (/opt/ros/humble/share/ament_cmake/cmake)
[0.614s] -- Found Python3: /usr/bin/python3.10 (found version "3.10.12") found components: Interpreter 
[0.706s] -- Found rclcpp: 16.0.5 (/opt/ros/humble/share/rclcpp/cmake)
[0.754s] -- Found rosidl_generator_c: 3.1.5 (/opt/ros/humble/share/rosidl_generator_c/cmake)
[0.760s] -- Found rosidl_adapter: 3.1.5 (/opt/ros/humble/share/rosidl_adapter/cmake)
[0.770s] -- Found rosidl_generator_cpp: 3.1.5 (/opt/ros/humble/share/rosidl_generator_cpp/cmake)
[0.787s] -- Using all available rosidl_typesupport_c: rosidl_typesupport_fastrtps_c;rosidl_typesupport_introspection_c
[0.809s] -- Using all available rosidl_typesupport_cpp: rosidl_typesupport_fastrtps_cpp;rosidl_typesupport_introspection_cpp
[0.874s] -- Found rmw_implementation_cmake: 6.1.1 (/opt/ros/humble/share/rmw_implementation_cmake/cmake)
[0.877s] -- Found rmw_fastrtps_cpp: 6.2.3 (/opt/ros/humble/share/rmw_fastrtps_cpp/cmake)
[0.966s] -- Found OpenSSL: /usr/lib/x86_64-linux-gnu/libcrypto.so (found version "3.0.2")  
[0.992s] -- Found FastRTPS: /opt/ros/humble/include  
[1.040s] -- Using RMW implementation 'rmw_fastrtps_cpp' as default
[1.058s] -- Looking for pthread.h
[1.159s] -- Looking for pthread.h - found
[1.160s] -- Performing Test CMAKE_HAVE_LIBC_PTHREAD
[1.252s] -- Performing Test CMAKE_HAVE_LIBC_PTHREAD - Success
[1.253s] -- Found Threads: TRUE  
[1.398s] -- Found geometry_msgs: 4.2.3 (/opt/ros/humble/share/geometry_msgs/cmake)
[1.441s] -- Found sensor_msgs: 4.2.3 (/opt/ros/humble/share/sensor_msgs/cmake)
[1.512s] -- Found cv_bridge: 3.2.1 (/opt/ros/humble/share/cv_bridge/cmake)
[1.524s] -- Found OpenCV: /usr/local (found suitable version "4.7.0", minimum required is "4.5.0") 
[1.600s] -- Configuring done
[1.638s] -- Generating done
[1.643s] -- Build files have been written to: /media/dl/dlssd/Ubuntu/Hotpot/2024SeasonExam/2024_vision_secondtest/Gazebo_homework/ignition_ws/build/my_ignition_demo
[1.655s] Invoked command in '/media/dl/dlssd/Ubuntu/Hotpot/2024SeasonExam/2024_vision_secondtest/Gazebo_homework/ignition_ws/build/my_ignition_demo' returned '0': CMAKE_PREFIX_PATH=/opt/ros/humble /usr/bin/cmake /media/dl/dlssd/Ubuntu/Hotpot/2024SeasonExam/2024_vision_secondtest/Gazebo_homework/ignition_ws/src/my_ignition_demo -DCMAKE_INSTALL_PREFIX=/media/dl/dlssd/Ubuntu/Hotpot/2024SeasonExam/2024_vision_secondtest/Gazebo_homework/ignition_ws/install/my_ignition_demo
[1.657s] Invoking command in '/media/dl/dlssd/Ubuntu/Hotpot/2024SeasonExam/2024_vision_secondtest/Gazebo_homework/ignition_ws/build/my_ignition_demo': CMAKE_PREFIX_PATH=/opt/ros/humble /usr/bin/cmake --build /media/dl/dlssd/Ubuntu/Hotpot/2024SeasonExam/2024_vision_secondtest/Gazebo_homework/ignition_ws/build/my_ignition_demo -- -j16 -l16
[1.704s] [ 50%] [32mBuilding CXX object CMakeFiles/myrobot_follow.dir/src/myrobot_follow.cpp.o[0m
[10.625s] [100%] [32m[1mLinking CXX executable myrobot_follow[0m
[10.846s] /usr/bin/ld: warning: libopencv_imgproc.so.4.5d, needed by /opt/ros/humble/lib/libcv_bridge.so, may conflict with libopencv_imgproc.so.407
[10.846s] /usr/bin/ld: warning: libopencv_core.so.4.5d, needed by /opt/ros/humble/lib/libcv_bridge.so, may conflict with libopencv_core.so.407
[11.423s] [100%] Built target myrobot_follow
[11.433s] Invoked command in '/media/dl/dlssd/Ubuntu/Hotpot/2024SeasonExam/2024_vision_secondtest/Gazebo_homework/ignition_ws/build/my_ignition_demo' returned '0': CMAKE_PREFIX_PATH=/opt/ros/humble /usr/bin/cmake --build /media/dl/dlssd/Ubuntu/Hotpot/2024SeasonExam/2024_vision_secondtest/Gazebo_homework/ignition_ws/build/my_ignition_demo -- -j16 -l16
[11.462s] Invoking command in '/media/dl/dlssd/Ubuntu/Hotpot/2024SeasonExam/2024_vision_secondtest/Gazebo_homework/ignition_ws/build/my_ignition_demo': CMAKE_PREFIX_PATH=/opt/ros/humble /usr/bin/cmake --install /media/dl/dlssd/Ubuntu/Hotpot/2024SeasonExam/2024_vision_secondtest/Gazebo_homework/ignition_ws/build/my_ignition_demo
[11.469s] -- Install configuration: ""
[11.471s] -- Installing: /media/dl/dlssd/Ubuntu/Hotpot/2024SeasonExam/2024_vision_secondtest/Gazebo_homework/ignition_ws/install/my_ignition_demo/lib/my_ignition_demo/myrobot_follow
[11.494s] -- Set runtime path of "/media/dl/dlssd/Ubuntu/Hotpot/2024SeasonExam/2024_vision_secondtest/Gazebo_homework/ignition_ws/install/my_ignition_demo/lib/my_ignition_demo/myrobot_follow" to ""
[11.494s] -- Installing: /media/dl/dlssd/Ubuntu/Hotpot/2024SeasonExam/2024_vision_secondtest/Gazebo_homework/ignition_ws/install/my_ignition_demo/share/my_ignition_demo/launch
[11.495s] -- Installing: /media/dl/dlssd/Ubuntu/Hotpot/2024SeasonExam/2024_vision_secondtest/Gazebo_homework/ignition_ws/install/my_ignition_demo/share/my_ignition_demo/launch/myrobot_follow.launch.py
[11.498s] -- Installing: /media/dl/dlssd/Ubuntu/Hotpot/2024SeasonExam/2024_vision_secondtest/Gazebo_homework/ignition_ws/install/my_ignition_demo/share/my_ignition_demo/launch/myrobot_follow.rviz
[11.499s] -- Installing: /media/dl/dlssd/Ubuntu/Hotpot/2024SeasonExam/2024_vision_secondtest/Gazebo_homework/ignition_ws/install/my_ignition_demo/share/my_ignition_demo/config
[11.500s] -- Installing: /media/dl/dlssd/Ubuntu/Hotpot/2024SeasonExam/2024_vision_secondtest/Gazebo_homework/ignition_ws/install/my_ignition_demo/share/my_ignition_demo/config/params.yaml
[11.504s] -- Installing: /media/dl/dlssd/Ubuntu/Hotpot/2024SeasonExam/2024_vision_secondtest/Gazebo_homework/ignition_ws/install/my_ignition_demo/share/ament_index/resource_index/package_run_dependencies/my_ignition_demo
[11.506s] -- Installing: /media/dl/dlssd/Ubuntu/Hotpot/2024SeasonExam/2024_vision_secondtest/Gazebo_homework/ignition_ws/install/my_ignition_demo/share/ament_index/resource_index/parent_prefix_path/my_ignition_demo
[11.508s] -- Installing: /media/dl/dlssd/Ubuntu/Hotpot/2024SeasonExam/2024_vision_secondtest/Gazebo_homework/ignition_ws/install/my_ignition_demo/share/my_ignition_demo/environment/ament_prefix_path.sh
[11.510s] -- Installing: /media/dl/dlssd/Ubuntu/Hotpot/2024SeasonExam/2024_vision_secondtest/Gazebo_homework/ignition_ws/install/my_ignition_demo/share/my_ignition_demo/environment/ament_prefix_path.dsv
[11.513s] -- Installing: /media/dl/dlssd/Ubuntu/Hotpot/2024SeasonExam/2024_vision_secondtest/Gazebo_homework/ignition_ws/install/my_ignition_demo/share/my_ignition_demo/environment/path.sh
[11.514s] -- Installing: /media/dl/dlssd/Ubuntu/Hotpot/2024SeasonExam/2024_vision_secondtest/Gazebo_homework/ignition_ws/install/my_ignition_demo/share/my_ignition_demo/environment/path.dsv
[11.516s] -- Installing: /media/dl/dlssd/Ubuntu/Hotpot/2024SeasonExam/2024_vision_secondtest/Gazebo_homework/ignition_ws/install/my_ignition_demo/share/my_ignition_demo/local_setup.bash
[11.518s] -- Installing: /media/dl/dlssd/Ubuntu/Hotpot/2024SeasonExam/2024_vision_secondtest/Gazebo_homework/ignition_ws/install/my_ignition_demo/share/my_ignition_demo/local_setup.sh
[11.520s] -- Installing: /media/dl/dlssd/Ubuntu/Hotpot/2024SeasonExam/2024_vision_secondtest/Gazebo_homework/ignition_ws/install/my_ignition_demo/share/my_ignition_demo/local_setup.zsh
[11.523s] -- Installing: /media/dl/dlssd/Ubuntu/Hotpot/2024SeasonExam/2024_vision_secondtest/Gazebo_homework/ignition_ws/install/my_ignition_demo/share/my_ignition_demo/local_setup.dsv
[11.525s] -- Installing: /media/dl/dlssd/Ubuntu/Hotpot/2024SeasonExam/2024_vision_secondtest/Gazebo_homework/ignition_ws/install/my_ignition_demo/share/my_ignition_demo/package.dsv
[11.527s] -- Installing: /media/dl/dlssd/Ubuntu/Hotpot/2024SeasonExam/2024_vision_secondtest/Gazebo_homework/ignition_ws/install/my_ignition_demo/share/ament_index/resource_index/packages/my_ignition_demo
[11.531s] -- Installing: /media/dl/dlssd/Ubuntu/Hotpot/2024SeasonExam/2024_vision_secondtest/Gazebo_homework/ignition_ws/install/my_ignition_demo/share/my_ignition_demo/cmake/my_ignition_demoConfig.cmake
[11.533s] -- Installing: /media/dl/dlssd/Ubuntu/Hotpot/2024SeasonExam/2024_vision_secondtest/Gazebo_homework/ignition_ws/install/my_ignition_demo/share/my_ignition_demo/cmake/my_ignition_demoConfig-version.cmake
[11.535s] -- Installing: /media/dl/dlssd/Ubuntu/Hotpot/2024SeasonExam/2024_vision_secondtest/Gazebo_homework/ignition_ws/install/my_ignition_demo/share/my_ignition_demo/package.xml
[11.540s] Invoked command in '/media/dl/dlssd/Ubuntu/Hotpot/2024SeasonExam/2024_vision_secondtest/Gazebo_homework/ignition_ws/build/my_ignition_demo' returned '0': CMAKE_PREFIX_PATH=/opt/ros/humble /usr/bin/cmake --install /media/dl/dlssd/Ubuntu/Hotpot/2024SeasonExam/2024_vision_secondtest/Gazebo_homework/ignition_ws/build/my_ignition_demo
