[0.243s] DEBUG:colcon:Command line arguments: ['/usr/bin/colcon', 'build', '--packages-select', 'hero_description']
[0.243s] DEBUG:colcon:Parsed command line arguments: Namespace(log_base=None, log_level=None, verb_name='build', build_base='build', install_base='install', merge_install=False, symlink_install=False, test_result_base=None, continue_on_error=False, executor='parallel', parallel_workers=16, event_handlers=None, ignore_user_meta=False, metas=['./colcon.meta'], base_paths=['.'], packages_ignore=None, packages_ignore_regex=None, paths=None, packages_up_to=None, packages_up_to_regex=None, packages_above=None, packages_above_and_dependencies=None, packages_above_depth=None, packages_select_by_dep=None, packages_skip_by_dep=None, packages_skip_up_to=None, packages_select_build_failed=False, packages_skip_build_finished=False, packages_select_test_failures=False, packages_skip_test_passed=False, packages_select=['hero_description'], packages_skip=None, packages_select_regex=None, packages_skip_regex=None, packages_start=None, packages_end=None, allow_overriding=[], cmake_args=None, cmake_target=None, cmake_target_skip_unavailable=False, cmake_clean_cache=False, cmake_clean_first=False, cmake_force_configure=False, ament_cmake_args=None, catkin_cmake_args=None, catkin_skip_building_tests=False, verb_parser=<colcon_defaults.argument_parser.defaults.DefaultArgumentsDecorator object at 0x7f2fe1e4b2e0>, verb_extension=<colcon_core.verb.build.BuildVerb object at 0x7f2fe1e4ad70>, main=<bound method BuildVerb.main of <colcon_core.verb.build.BuildVerb object at 0x7f2fe1e4ad70>>)
[0.259s] Level 1:colcon.colcon_core.package_discovery:discover_packages(colcon_meta) check parameters
[0.259s] Level 1:colcon.colcon_core.package_discovery:discover_packages(recursive) check parameters
[0.259s] Level 1:colcon.colcon_core.package_discovery:discover_packages(ignore) check parameters
[0.259s] Level 1:colcon.colcon_core.package_discovery:discover_packages(path) check parameters
[0.259s] Level 1:colcon.colcon_core.package_discovery:discover_packages(colcon_meta) discover
[0.259s] Level 1:colcon.colcon_core.package_discovery:discover_packages(recursive) discover
[0.259s] INFO:colcon.colcon_core.package_discovery:Crawling recursively for packages in '/home/dl/ROSHW_ws'
[0.259s] Level 1:colcon.colcon_core.package_identification:_identify(.) by extensions ['ignore', 'ignore_ament_install']
[0.259s] Level 1:colcon.colcon_core.package_identification:_identify(.) by extension 'ignore'
[0.259s] Level 1:colcon.colcon_core.package_identification:_identify(.) by extension 'ignore_ament_install'
[0.259s] Level 1:colcon.colcon_core.package_identification:_identify(.) by extensions ['colcon_pkg']
[0.259s] Level 1:colcon.colcon_core.package_identification:_identify(.) by extension 'colcon_pkg'
[0.259s] Level 1:colcon.colcon_core.package_identification:_identify(.) by extensions ['colcon_meta']
[0.259s] Level 1:colcon.colcon_core.package_identification:_identify(.) by extension 'colcon_meta'
[0.259s] Level 1:colcon.colcon_core.package_identification:_identify(.) by extensions ['ros']
[0.259s] Level 1:colcon.colcon_core.package_identification:_identify(.) by extension 'ros'
[0.267s] Level 1:colcon.colcon_core.package_identification:_identify(.) by extensions ['cmake', 'python']
[0.267s] Level 1:colcon.colcon_core.package_identification:_identify(.) by extension 'cmake'
[0.267s] Level 1:colcon.colcon_core.package_identification:_identify(.) by extension 'python'
[0.267s] Level 1:colcon.colcon_core.package_identification:_identify(.) by extensions ['python_setup_py']
[0.267s] Level 1:colcon.colcon_core.package_identification:_identify(.) by extension 'python_setup_py'
[0.267s] Level 1:colcon.colcon_core.package_identification:_identify(build) by extensions ['ignore', 'ignore_ament_install']
[0.267s] Level 1:colcon.colcon_core.package_identification:_identify(build) by extension 'ignore'
[0.267s] Level 1:colcon.colcon_core.package_identification:_identify(build) ignored
[0.267s] Level 1:colcon.colcon_core.package_identification:_identify(install) by extensions ['ignore', 'ignore_ament_install']
[0.267s] Level 1:colcon.colcon_core.package_identification:_identify(install) by extension 'ignore'
[0.267s] Level 1:colcon.colcon_core.package_identification:_identify(install) ignored
[0.267s] Level 1:colcon.colcon_core.package_identification:_identify(log) by extensions ['ignore', 'ignore_ament_install']
[0.267s] Level 1:colcon.colcon_core.package_identification:_identify(log) by extension 'ignore'
[0.267s] Level 1:colcon.colcon_core.package_identification:_identify(log) ignored
[0.267s] Level 1:colcon.colcon_core.package_identification:_identify(src) by extensions ['ignore', 'ignore_ament_install']
[0.268s] Level 1:colcon.colcon_core.package_identification:_identify(src) by extension 'ignore'
[0.268s] Level 1:colcon.colcon_core.package_identification:_identify(src) by extension 'ignore_ament_install'
[0.268s] Level 1:colcon.colcon_core.package_identification:_identify(src) by extensions ['colcon_pkg']
[0.268s] Level 1:colcon.colcon_core.package_identification:_identify(src) by extension 'colcon_pkg'
[0.268s] Level 1:colcon.colcon_core.package_identification:_identify(src) by extensions ['colcon_meta']
[0.268s] Level 1:colcon.colcon_core.package_identification:_identify(src) by extension 'colcon_meta'
[0.268s] Level 1:colcon.colcon_core.package_identification:_identify(src) by extensions ['ros']
[0.268s] Level 1:colcon.colcon_core.package_identification:_identify(src) by extension 'ros'
[0.268s] Level 1:colcon.colcon_core.package_identification:_identify(src) by extensions ['cmake', 'python']
[0.268s] Level 1:colcon.colcon_core.package_identification:_identify(src) by extension 'cmake'
[0.268s] Level 1:colcon.colcon_core.package_identification:_identify(src) by extension 'python'
[0.268s] Level 1:colcon.colcon_core.package_identification:_identify(src) by extensions ['python_setup_py']
[0.268s] Level 1:colcon.colcon_core.package_identification:_identify(src) by extension 'python_setup_py'
[0.268s] Level 1:colcon.colcon_core.package_identification:_identify(src/hero_description) by extensions ['ignore', 'ignore_ament_install']
[0.268s] Level 1:colcon.colcon_core.package_identification:_identify(src/hero_description) by extension 'ignore'
[0.268s] Level 1:colcon.colcon_core.package_identification:_identify(src/hero_description) by extension 'ignore_ament_install'
[0.268s] Level 1:colcon.colcon_core.package_identification:_identify(src/hero_description) by extensions ['colcon_pkg']
[0.268s] Level 1:colcon.colcon_core.package_identification:_identify(src/hero_description) by extension 'colcon_pkg'
[0.268s] Level 1:colcon.colcon_core.package_identification:_identify(src/hero_description) by extensions ['colcon_meta']
[0.268s] Level 1:colcon.colcon_core.package_identification:_identify(src/hero_description) by extension 'colcon_meta'
[0.268s] Level 1:colcon.colcon_core.package_identification:_identify(src/hero_description) by extensions ['ros']
[0.268s] Level 1:colcon.colcon_core.package_identification:_identify(src/hero_description) by extension 'ros'
[0.270s] DEBUG:colcon.colcon_core.package_identification:Package 'src/hero_description' with type 'ros.ament_cmake' and name 'hero_description'
[0.270s] Level 1:colcon.colcon_core.package_identification:_identify(src/learning_tf2_cpp) by extensions ['ignore', 'ignore_ament_install']
[0.270s] Level 1:colcon.colcon_core.package_identification:_identify(src/learning_tf2_cpp) by extension 'ignore'
[0.270s] Level 1:colcon.colcon_core.package_identification:_identify(src/learning_tf2_cpp) by extension 'ignore_ament_install'
[0.270s] Level 1:colcon.colcon_core.package_identification:_identify(src/learning_tf2_cpp) by extensions ['colcon_pkg']
[0.270s] Level 1:colcon.colcon_core.package_identification:_identify(src/learning_tf2_cpp) by extension 'colcon_pkg'
[0.270s] Level 1:colcon.colcon_core.package_identification:_identify(src/learning_tf2_cpp) by extensions ['colcon_meta']
[0.270s] Level 1:colcon.colcon_core.package_identification:_identify(src/learning_tf2_cpp) by extension 'colcon_meta'
[0.270s] Level 1:colcon.colcon_core.package_identification:_identify(src/learning_tf2_cpp) by extensions ['ros']
[0.270s] Level 1:colcon.colcon_core.package_identification:_identify(src/learning_tf2_cpp) by extension 'ros'
[0.271s] DEBUG:colcon.colcon_core.package_identification:Package 'src/learning_tf2_cpp' with type 'ros.ament_cmake' and name 'learning_tf2_cpp'
[0.271s] Level 1:colcon.colcon_core.package_identification:_identify(src/mine_pubsub) by extensions ['ignore', 'ignore_ament_install']
[0.271s] Level 1:colcon.colcon_core.package_identification:_identify(src/mine_pubsub) by extension 'ignore'
[0.271s] Level 1:colcon.colcon_core.package_identification:_identify(src/mine_pubsub) by extension 'ignore_ament_install'
[0.271s] Level 1:colcon.colcon_core.package_identification:_identify(src/mine_pubsub) by extensions ['colcon_pkg']
[0.271s] Level 1:colcon.colcon_core.package_identification:_identify(src/mine_pubsub) by extension 'colcon_pkg'
[0.271s] Level 1:colcon.colcon_core.package_identification:_identify(src/mine_pubsub) by extensions ['colcon_meta']
[0.271s] Level 1:colcon.colcon_core.package_identification:_identify(src/mine_pubsub) by extension 'colcon_meta'
[0.271s] Level 1:colcon.colcon_core.package_identification:_identify(src/mine_pubsub) by extensions ['ros']
[0.271s] Level 1:colcon.colcon_core.package_identification:_identify(src/mine_pubsub) by extension 'ros'
[0.272s] DEBUG:colcon.colcon_core.package_identification:Package 'src/mine_pubsub' with type 'ros.ament_cmake' and name 'mine_pubsub'
[0.272s] Level 1:colcon.colcon_core.package_identification:_identify(src/my_interfaces) by extensions ['ignore', 'ignore_ament_install']
[0.272s] Level 1:colcon.colcon_core.package_identification:_identify(src/my_interfaces) by extension 'ignore'
[0.272s] Level 1:colcon.colcon_core.package_identification:_identify(src/my_interfaces) by extension 'ignore_ament_install'
[0.272s] Level 1:colcon.colcon_core.package_identification:_identify(src/my_interfaces) by extensions ['colcon_pkg']
[0.272s] Level 1:colcon.colcon_core.package_identification:_identify(src/my_interfaces) by extension 'colcon_pkg'
[0.272s] Level 1:colcon.colcon_core.package_identification:_identify(src/my_interfaces) by extensions ['colcon_meta']
[0.272s] Level 1:colcon.colcon_core.package_identification:_identify(src/my_interfaces) by extension 'colcon_meta'
[0.272s] Level 1:colcon.colcon_core.package_identification:_identify(src/my_interfaces) by extensions ['ros']
[0.272s] Level 1:colcon.colcon_core.package_identification:_identify(src/my_interfaces) by extension 'ros'
[0.273s] DEBUG:colcon.colcon_core.package_identification:Package 'src/my_interfaces' with type 'ros.ament_cmake' and name 'my_interfaces'
[0.273s] Level 1:colcon.colcon_core.package_discovery:discover_packages(recursive) using defaults
[0.273s] Level 1:colcon.colcon_core.package_discovery:discover_packages(ignore) discover
[0.273s] Level 1:colcon.colcon_core.package_discovery:discover_packages(ignore) using defaults
[0.273s] Level 1:colcon.colcon_core.package_discovery:discover_packages(path) discover
[0.273s] Level 1:colcon.colcon_core.package_discovery:discover_packages(path) using defaults
[0.288s] INFO:colcon.colcon_core.package_selection:Skipping not selected package 'learning_tf2_cpp' in 'src/learning_tf2_cpp'
[0.288s] INFO:colcon.colcon_core.package_selection:Skipping not selected package 'my_interfaces' in 'src/my_interfaces'
[0.288s] INFO:colcon.colcon_core.package_selection:Skipping not selected package 'mine_pubsub' in 'src/mine_pubsub'
[0.288s] Level 1:colcon.colcon_core.package_discovery:discover_packages(prefix_path) check parameters
[0.288s] Level 1:colcon.colcon_core.package_discovery:discover_packages(prefix_path) discover
[0.291s] DEBUG:colcon.colcon_installed_package_information.package_discovery:Found 413 installed packages in /opt/ros/humble
[0.293s] Level 1:colcon.colcon_core.package_discovery:discover_packages(prefix_path) using defaults
[0.345s] Level 5:colcon.colcon_core.verb:set package 'hero_description' build argument 'cmake_args' from command line to 'None'
[0.345s] Level 5:colcon.colcon_core.verb:set package 'hero_description' build argument 'cmake_target' from command line to 'None'
[0.345s] Level 5:colcon.colcon_core.verb:set package 'hero_description' build argument 'cmake_target_skip_unavailable' from command line to 'False'
[0.345s] Level 5:colcon.colcon_core.verb:set package 'hero_description' build argument 'cmake_clean_cache' from command line to 'False'
[0.345s] Level 5:colcon.colcon_core.verb:set package 'hero_description' build argument 'cmake_clean_first' from command line to 'False'
[0.345s] Level 5:colcon.colcon_core.verb:set package 'hero_description' build argument 'cmake_force_configure' from command line to 'False'
[0.345s] Level 5:colcon.colcon_core.verb:set package 'hero_description' build argument 'ament_cmake_args' from command line to 'None'
[0.345s] Level 5:colcon.colcon_core.verb:set package 'hero_description' build argument 'catkin_cmake_args' from command line to 'None'
[0.345s] Level 5:colcon.colcon_core.verb:set package 'hero_description' build argument 'catkin_skip_building_tests' from command line to 'False'
[0.345s] DEBUG:colcon.colcon_core.verb:Building package 'hero_description' with the following arguments: {'ament_cmake_args': None, 'build_base': '/home/dl/ROSHW_ws/build/hero_description', 'catkin_cmake_args': None, 'catkin_skip_building_tests': False, 'cmake_args': None, 'cmake_clean_cache': False, 'cmake_clean_first': False, 'cmake_force_configure': False, 'cmake_target': None, 'cmake_target_skip_unavailable': False, 'install_base': '/home/dl/ROSHW_ws/install/hero_description', 'merge_install': False, 'path': '/home/dl/ROSHW_ws/src/hero_description', 'symlink_install': False, 'test_result_base': None}
[0.346s] INFO:colcon.colcon_core.executor:Executing jobs using 'parallel' executor
[0.348s] DEBUG:colcon.colcon_parallel_executor.executor.parallel:run_until_complete
[0.348s] INFO:colcon.colcon_ros.task.ament_cmake.build:Building ROS package in '/home/dl/ROSHW_ws/src/hero_description' with build type 'ament_cmake'
[0.348s] INFO:colcon.colcon_cmake.task.cmake.build:Building CMake package in '/home/dl/ROSHW_ws/src/hero_description'
[0.351s] INFO:colcon.colcon_core.plugin_system:Skipping extension 'colcon_core.shell.bat': Not used on non-Windows systems
[0.351s] INFO:colcon.colcon_core.shell:Skip shell extension 'powershell' for command environment: Not usable outside of PowerShell
[0.351s] DEBUG:colcon.colcon_core.shell:Skip shell extension 'dsv' for command environment
[0.358s] DEBUG:colcon.colcon_core.event_handler.log_command:Invoking command in '/home/dl/ROSHW_ws/build/hero_description': CMAKE_PREFIX_PATH=/opt/ros/humble /usr/bin/cmake /home/dl/ROSHW_ws/src/hero_description -DCMAKE_INSTALL_PREFIX=/home/dl/ROSHW_ws/install/hero_description
[1.195s] DEBUG:colcon.colcon_core.event_handler.log_command:Invoked command in '/home/dl/ROSHW_ws/build/hero_description' returned '0': CMAKE_PREFIX_PATH=/opt/ros/humble /usr/bin/cmake /home/dl/ROSHW_ws/src/hero_description -DCMAKE_INSTALL_PREFIX=/home/dl/ROSHW_ws/install/hero_description
[1.196s] DEBUG:colcon.colcon_core.event_handler.log_command:Invoking command in '/home/dl/ROSHW_ws/build/hero_description': CMAKE_PREFIX_PATH=/opt/ros/humble /usr/bin/cmake --build /home/dl/ROSHW_ws/build/hero_description -- -j16 -l16
[1.231s] DEBUG:colcon.colcon_core.event_handler.log_command:Invoked command in '/home/dl/ROSHW_ws/build/hero_description' returned '0': CMAKE_PREFIX_PATH=/opt/ros/humble /usr/bin/cmake --build /home/dl/ROSHW_ws/build/hero_description -- -j16 -l16
[1.255s] DEBUG:colcon.colcon_core.event_handler.log_command:Invoking command in '/home/dl/ROSHW_ws/build/hero_description': CMAKE_PREFIX_PATH=/opt/ros/humble /usr/bin/cmake --install /home/dl/ROSHW_ws/build/hero_description
[1.295s] Level 1:colcon.colcon_core.environment:create_environment_scripts_only(hero_description)
[1.296s] DEBUG:colcon.colcon_core.event_handler.log_command:Invoked command in '/home/dl/ROSHW_ws/build/hero_description' returned '0': CMAKE_PREFIX_PATH=/opt/ros/humble /usr/bin/cmake --install /home/dl/ROSHW_ws/build/hero_description
[1.304s] Level 1:colcon.colcon_core.environment:checking '/home/dl/ROSHW_ws/install/hero_description' for CMake module files
[1.305s] Level 1:colcon.colcon_core.environment:checking '/home/dl/ROSHW_ws/install/hero_description' for CMake config files
[1.306s] Level 1:colcon.colcon_core.shell:create_environment_hook('hero_description', 'cmake_prefix_path')
[1.308s] INFO:colcon.colcon_core.shell:Creating environment hook '/home/dl/ROSHW_ws/install/hero_description/share/hero_description/hook/cmake_prefix_path.ps1'
[1.310s] INFO:colcon.colcon_core.shell:Creating environment descriptor '/home/dl/ROSHW_ws/install/hero_description/share/hero_description/hook/cmake_prefix_path.dsv'
[1.311s] INFO:colcon.colcon_core.shell:Creating environment hook '/home/dl/ROSHW_ws/install/hero_description/share/hero_description/hook/cmake_prefix_path.sh'
[1.313s] Level 1:colcon.colcon_core.environment:checking '/home/dl/ROSHW_ws/install/hero_description/bin'
[1.313s] Level 1:colcon.colcon_core.environment:checking '/home/dl/ROSHW_ws/install/hero_description/lib/pkgconfig/hero_description.pc'
[1.314s] Level 1:colcon.colcon_core.environment:checking '/home/dl/ROSHW_ws/install/hero_description/lib/python3.10/site-packages'
[1.314s] Level 1:colcon.colcon_core.environment:checking '/home/dl/ROSHW_ws/install/hero_description/bin'
[1.317s] INFO:colcon.colcon_core.shell:Creating package script '/home/dl/ROSHW_ws/install/hero_description/share/hero_description/package.ps1'
[1.319s] INFO:colcon.colcon_core.shell:Creating package descriptor '/home/dl/ROSHW_ws/install/hero_description/share/hero_description/package.dsv'
[1.319s] INFO:colcon.colcon_core.shell:Creating package script '/home/dl/ROSHW_ws/install/hero_description/share/hero_description/package.sh'
[1.321s] INFO:colcon.colcon_core.shell:Creating package script '/home/dl/ROSHW_ws/install/hero_description/share/hero_description/package.bash'
[1.322s] INFO:colcon.colcon_core.shell:Creating package script '/home/dl/ROSHW_ws/install/hero_description/share/hero_description/package.zsh'
[1.324s] Level 1:colcon.colcon_core.environment:create_file_with_runtime_dependencies(/home/dl/ROSHW_ws/install/hero_description/share/colcon-core/packages/hero_description)
[1.349s] Level 1:colcon.colcon_core.environment:create_environment_scripts_only(hero_description)
[1.352s] Level 1:colcon.colcon_core.environment:checking '/home/dl/ROSHW_ws/install/hero_description' for CMake module files
[1.353s] Level 1:colcon.colcon_core.environment:checking '/home/dl/ROSHW_ws/install/hero_description' for CMake config files
[1.353s] Level 1:colcon.colcon_core.shell:create_environment_hook('hero_description', 'cmake_prefix_path')
[1.355s] INFO:colcon.colcon_core.shell:Creating environment hook '/home/dl/ROSHW_ws/install/hero_description/share/hero_description/hook/cmake_prefix_path.ps1'
[1.355s] INFO:colcon.colcon_core.shell:Creating environment descriptor '/home/dl/ROSHW_ws/install/hero_description/share/hero_description/hook/cmake_prefix_path.dsv'
[1.356s] INFO:colcon.colcon_core.shell:Creating environment hook '/home/dl/ROSHW_ws/install/hero_description/share/hero_description/hook/cmake_prefix_path.sh'
[1.357s] Level 1:colcon.colcon_core.environment:checking '/home/dl/ROSHW_ws/install/hero_description/bin'
[1.357s] Level 1:colcon.colcon_core.environment:checking '/home/dl/ROSHW_ws/install/hero_description/lib/pkgconfig/hero_description.pc'
[1.357s] Level 1:colcon.colcon_core.environment:checking '/home/dl/ROSHW_ws/install/hero_description/lib/python3.10/site-packages'
[1.358s] Level 1:colcon.colcon_core.environment:checking '/home/dl/ROSHW_ws/install/hero_description/bin'
[1.359s] INFO:colcon.colcon_core.shell:Creating package script '/home/dl/ROSHW_ws/install/hero_description/share/hero_description/package.ps1'
[1.360s] INFO:colcon.colcon_core.shell:Creating package descriptor '/home/dl/ROSHW_ws/install/hero_description/share/hero_description/package.dsv'
[1.360s] INFO:colcon.colcon_core.shell:Creating package script '/home/dl/ROSHW_ws/install/hero_description/share/hero_description/package.sh'
[1.361s] INFO:colcon.colcon_core.shell:Creating package script '/home/dl/ROSHW_ws/install/hero_description/share/hero_description/package.bash'
[1.361s] INFO:colcon.colcon_core.shell:Creating package script '/home/dl/ROSHW_ws/install/hero_description/share/hero_description/package.zsh'
[1.361s] Level 1:colcon.colcon_core.environment:create_file_with_runtime_dependencies(/home/dl/ROSHW_ws/install/hero_description/share/colcon-core/packages/hero_description)
[1.361s] DEBUG:colcon.colcon_parallel_executor.executor.parallel:closing loop
[1.362s] DEBUG:colcon.colcon_parallel_executor.executor.parallel:loop closed
[1.362s] DEBUG:colcon.colcon_parallel_executor.executor.parallel:run_until_complete finished with '0'
[1.362s] DEBUG:colcon.colcon_core.event_reactor:joining thread
[1.368s] INFO:colcon.colcon_core.plugin_system:Skipping extension 'colcon_notification.desktop_notification.terminal_notifier': Not used on non-Darwin systems
[1.368s] INFO:colcon.colcon_core.plugin_system:Skipping extension 'colcon_notification.desktop_notification.win32': Not used on non-Windows systems
[1.368s] INFO:colcon.colcon_notification.desktop_notification:Sending desktop notification using 'notify2'
[1.380s] DEBUG:colcon.colcon_core.event_reactor:joined thread
[1.381s] INFO:colcon.colcon_core.shell:Creating prefix script '/home/dl/ROSHW_ws/install/local_setup.ps1'
[1.383s] INFO:colcon.colcon_core.shell:Creating prefix util module '/home/dl/ROSHW_ws/install/_local_setup_util_ps1.py'
[1.385s] INFO:colcon.colcon_core.shell:Creating prefix chain script '/home/dl/ROSHW_ws/install/setup.ps1'
[1.386s] INFO:colcon.colcon_core.shell:Creating prefix script '/home/dl/ROSHW_ws/install/local_setup.sh'
[1.387s] INFO:colcon.colcon_core.shell:Creating prefix util module '/home/dl/ROSHW_ws/install/_local_setup_util_sh.py'
[1.388s] INFO:colcon.colcon_core.shell:Creating prefix chain script '/home/dl/ROSHW_ws/install/setup.sh'
[1.390s] INFO:colcon.colcon_core.shell:Creating prefix script '/home/dl/ROSHW_ws/install/local_setup.bash'
[1.390s] INFO:colcon.colcon_core.shell:Creating prefix chain script '/home/dl/ROSHW_ws/install/setup.bash'
[1.392s] INFO:colcon.colcon_core.shell:Creating prefix script '/home/dl/ROSHW_ws/install/local_setup.zsh'
[1.393s] INFO:colcon.colcon_core.shell:Creating prefix chain script '/home/dl/ROSHW_ws/install/setup.zsh'
