[0.024s] Invoking command in '/media/dl/dlssd/Ubuntu/Hotpot/2024SeasonExam/2024_vision_secondtest/ROS2TF2andCpp_homework/ROSHW_ws/build/hero_description': CMAKE_PREFIX_PATH=/opt/ros/humble /usr/bin/cmake --build /media/dl/dlssd/Ubuntu/Hotpot/2024SeasonExam/2024_vision_secondtest/ROS2TF2andCpp_homework/ROSHW_ws/build/hero_description -- -j16 -l16
[0.053s] Invoked command in '/media/dl/dlssd/Ubuntu/Hotpot/2024SeasonExam/2024_vision_secondtest/ROS2TF2andCpp_homework/ROSHW_ws/build/hero_description' returned '0': CMAKE_PREFIX_PATH=/opt/ros/humble /usr/bin/cmake --build /media/dl/dlssd/Ubuntu/Hotpot/2024SeasonExam/2024_vision_secondtest/ROS2TF2andCpp_homework/ROSHW_ws/build/hero_description -- -j16 -l16
[0.079s] Invoking command in '/media/dl/dlssd/Ubuntu/Hotpot/2024SeasonExam/2024_vision_secondtest/ROS2TF2andCpp_homework/ROSHW_ws/build/hero_description': CMAKE_PREFIX_PATH=/opt/ros/humble /usr/bin/cmake --install /media/dl/dlssd/Ubuntu/Hotpot/2024SeasonExam/2024_vision_secondtest/ROS2TF2andCpp_homework/ROSHW_ws/build/hero_description
[0.086s] -- Install configuration: ""
[0.088s] -- Up-to-date: /media/dl/dlssd/Ubuntu/Hotpot/2024SeasonExam/2024_vision_secondtest/ROS2TF2andCpp_homework/ROSHW_ws/install/hero_description/share/hero_description/launch
[0.092s] -- Up-to-date: /media/dl/dlssd/Ubuntu/Hotpot/2024SeasonExam/2024_vision_secondtest/ROS2TF2andCpp_homework/ROSHW_ws/install/hero_description/share/hero_description/launch/view_model.launch.py
[0.095s] -- Up-to-date: /media/dl/dlssd/Ubuntu/Hotpot/2024SeasonExam/2024_vision_secondtest/ROS2TF2andCpp_homework/ROSHW_ws/install/hero_description/share/hero_description/launch/view_model.rviz
[0.098s] -- Up-to-date: /media/dl/dlssd/Ubuntu/Hotpot/2024SeasonExam/2024_vision_secondtest/ROS2TF2andCpp_homework/ROSHW_ws/install/hero_description/share/hero_description/launch/__pycache__
[0.102s] -- Up-to-date: /media/dl/dlssd/Ubuntu/Hotpot/2024SeasonExam/2024_vision_secondtest/ROS2TF2andCpp_homework/ROSHW_ws/install/hero_description/share/hero_description/launch/__pycache__/view_model.launch.cpython-38.pyc
[0.105s] -- Up-to-date: /media/dl/dlssd/Ubuntu/Hotpot/2024SeasonExam/2024_vision_secondtest/ROS2TF2andCpp_homework/ROSHW_ws/install/hero_description/share/hero_description/meshes
[0.109s] -- Up-to-date: /media/dl/dlssd/Ubuntu/Hotpot/2024SeasonExam/2024_vision_secondtest/ROS2TF2andCpp_homework/ROSHW_ws/install/hero_description/share/hero_description/meshes/base_link.STL
[0.113s] -- Up-to-date: /media/dl/dlssd/Ubuntu/Hotpot/2024SeasonExam/2024_vision_secondtest/ROS2TF2andCpp_homework/ROSHW_ws/install/hero_description/share/hero_description/meshes/camera_link.STL
[0.117s] -- Up-to-date: /media/dl/dlssd/Ubuntu/Hotpot/2024SeasonExam/2024_vision_secondtest/ROS2TF2andCpp_homework/ROSHW_ws/install/hero_description/share/hero_description/meshes/camera_optical_link.STL
[0.120s] -- Up-to-date: /media/dl/dlssd/Ubuntu/Hotpot/2024SeasonExam/2024_vision_secondtest/ROS2TF2andCpp_homework/ROSHW_ws/install/hero_description/share/hero_description/meshes/imu_link.STL
[0.124s] -- Up-to-date: /media/dl/dlssd/Ubuntu/Hotpot/2024SeasonExam/2024_vision_secondtest/ROS2TF2andCpp_homework/ROSHW_ws/install/hero_description/share/hero_description/meshes/odom_link.STL
[0.127s] -- Up-to-date: /media/dl/dlssd/Ubuntu/Hotpot/2024SeasonExam/2024_vision_secondtest/ROS2TF2andCpp_homework/ROSHW_ws/install/hero_description/share/hero_description/meshes/pitch_link.STL
[0.131s] -- Up-to-date: /media/dl/dlssd/Ubuntu/Hotpot/2024SeasonExam/2024_vision_secondtest/ROS2TF2andCpp_homework/ROSHW_ws/install/hero_description/share/hero_description/meshes/yaw_link.STL
[0.134s] -- Up-to-date: /media/dl/dlssd/Ubuntu/Hotpot/2024SeasonExam/2024_vision_secondtest/ROS2TF2andCpp_homework/ROSHW_ws/install/hero_description/share/hero_description/urdf
[0.138s] -- Up-to-date: /media/dl/dlssd/Ubuntu/Hotpot/2024SeasonExam/2024_vision_secondtest/ROS2TF2andCpp_homework/ROSHW_ws/install/hero_description/share/hero_description/urdf/hero_description.urdf
[0.144s] -- Up-to-date: /media/dl/dlssd/Ubuntu/Hotpot/2024SeasonExam/2024_vision_secondtest/ROS2TF2andCpp_homework/ROSHW_ws/install/hero_description/share/ament_index/resource_index/package_run_dependencies/hero_description
[0.149s] -- Up-to-date: /media/dl/dlssd/Ubuntu/Hotpot/2024SeasonExam/2024_vision_secondtest/ROS2TF2andCpp_homework/ROSHW_ws/install/hero_description/share/ament_index/resource_index/parent_prefix_path/hero_description
[0.152s] -- Up-to-date: /media/dl/dlssd/Ubuntu/Hotpot/2024SeasonExam/2024_vision_secondtest/ROS2TF2andCpp_homework/ROSHW_ws/install/hero_description/share/hero_description/environment/ament_prefix_path.sh
[0.160s] -- Up-to-date: /media/dl/dlssd/Ubuntu/Hotpot/2024SeasonExam/2024_vision_secondtest/ROS2TF2andCpp_homework/ROSHW_ws/install/hero_description/share/hero_description/environment/ament_prefix_path.dsv
[0.162s] -- Up-to-date: /media/dl/dlssd/Ubuntu/Hotpot/2024SeasonExam/2024_vision_secondtest/ROS2TF2andCpp_homework/ROSHW_ws/install/hero_description/share/hero_description/environment/path.sh
[0.164s] -- Up-to-date: /media/dl/dlssd/Ubuntu/Hotpot/2024SeasonExam/2024_vision_secondtest/ROS2TF2andCpp_homework/ROSHW_ws/install/hero_description/share/hero_description/environment/path.dsv
[0.165s] -- Up-to-date: /media/dl/dlssd/Ubuntu/Hotpot/2024SeasonExam/2024_vision_secondtest/ROS2TF2andCpp_homework/ROSHW_ws/install/hero_description/share/hero_description/local_setup.bash
[0.168s] -- Up-to-date: /media/dl/dlssd/Ubuntu/Hotpot/2024SeasonExam/2024_vision_secondtest/ROS2TF2andCpp_homework/ROSHW_ws/install/hero_description/share/hero_description/local_setup.sh
[0.170s] -- Up-to-date: /media/dl/dlssd/Ubuntu/Hotpot/2024SeasonExam/2024_vision_secondtest/ROS2TF2andCpp_homework/ROSHW_ws/install/hero_description/share/hero_description/local_setup.zsh
[0.172s] -- Up-to-date: /media/dl/dlssd/Ubuntu/Hotpot/2024SeasonExam/2024_vision_secondtest/ROS2TF2andCpp_homework/ROSHW_ws/install/hero_description/share/hero_description/local_setup.dsv
[0.174s] -- Up-to-date: /media/dl/dlssd/Ubuntu/Hotpot/2024SeasonExam/2024_vision_secondtest/ROS2TF2andCpp_homework/ROSHW_ws/install/hero_description/share/hero_description/package.dsv
[0.176s] -- Up-to-date: /media/dl/dlssd/Ubuntu/Hotpot/2024SeasonExam/2024_vision_secondtest/ROS2TF2andCpp_homework/ROSHW_ws/install/hero_description/share/ament_index/resource_index/packages/hero_description
[0.177s] -- Up-to-date: /media/dl/dlssd/Ubuntu/Hotpot/2024SeasonExam/2024_vision_secondtest/ROS2TF2andCpp_homework/ROSHW_ws/install/hero_description/share/hero_description/cmake/hero_descriptionConfig.cmake
[0.180s] -- Up-to-date: /media/dl/dlssd/Ubuntu/Hotpot/2024SeasonExam/2024_vision_secondtest/ROS2TF2andCpp_homework/ROSHW_ws/install/hero_description/share/hero_description/cmake/hero_descriptionConfig-version.cmake
[0.181s] -- Up-to-date: /media/dl/dlssd/Ubuntu/Hotpot/2024SeasonExam/2024_vision_secondtest/ROS2TF2andCpp_homework/ROSHW_ws/install/hero_description/share/hero_description/package.xml
[0.184s] Invoked command in '/media/dl/dlssd/Ubuntu/Hotpot/2024SeasonExam/2024_vision_secondtest/ROS2TF2andCpp_homework/ROSHW_ws/build/hero_description' returned '0': CMAKE_PREFIX_PATH=/opt/ros/humble /usr/bin/cmake --install /media/dl/dlssd/Ubuntu/Hotpot/2024SeasonExam/2024_vision_secondtest/ROS2TF2andCpp_homework/ROSHW_ws/build/hero_description
