[0.007s] Invoking command in '/home/dl/ROSHW_ws/build/Mine_pubsub': CMAKE_PREFIX_PATH=/home/dl/ROSHW_ws/install/my_interfaces:/home/dl/ROSHW_ws/install/Mine_pubsub:/opt/ros/humble /usr/bin/cmake --build /home/dl/ROSHW_ws/build/Mine_pubsub -- -j16 -l16
[0.039s] [35m[1mConsolidate compiler generated dependencies of target oreyard[0m
[0.048s] [ 50%] Built target miner
[0.050s] [ 75%] [32mBuilding CXX object CMakeFiles/oreyard.dir/src/publisher_oreyard.cpp.o[0m
[3.162s] [100%] [32m[1mLinking CXX executable oreyard[0m
[3.296s] [100%] Built target oreyard
[3.303s] Invoked command in '/home/dl/ROSHW_ws/build/Mine_pubsub' returned '0': CMAKE_PREFIX_PATH=/home/dl/ROSHW_ws/install/my_interfaces:/home/dl/ROSHW_ws/install/Mine_pubsub:/opt/ros/humble /usr/bin/cmake --build /home/dl/ROSHW_ws/build/Mine_pubsub -- -j16 -l16
[3.321s] Invoking command in '/home/dl/ROSHW_ws/build/Mine_pubsub': CMAKE_PREFIX_PATH=/home/dl/ROSHW_ws/install/my_interfaces:/home/dl/ROSHW_ws/install/Mine_pubsub:/opt/ros/humble /usr/bin/cmake --install /home/dl/ROSHW_ws/build/Mine_pubsub
[3.326s] -- Install configuration: ""
[3.326s] -- Execute custom install script
[3.327s] -- Up-to-date symlink: /home/dl/ROSHW_ws/install/Mine_pubsub/lib/Mine_pubsub/oreyard
[3.327s] -- Up-to-date symlink: /home/dl/ROSHW_ws/install/Mine_pubsub/lib/Mine_pubsub/miner
[3.327s] -- Up-to-date symlink: /home/dl/ROSHW_ws/install/Mine_pubsub/share/ament_index/resource_index/package_run_dependencies/Mine_pubsub
[3.327s] -- Up-to-date symlink: /home/dl/ROSHW_ws/install/Mine_pubsub/share/ament_index/resource_index/parent_prefix_path/Mine_pubsub
[3.327s] -- Up-to-date symlink: /home/dl/ROSHW_ws/install/Mine_pubsub/share/Mine_pubsub/environment/ament_prefix_path.sh
[3.327s] -- Up-to-date symlink: /home/dl/ROSHW_ws/install/Mine_pubsub/share/Mine_pubsub/environment/ament_prefix_path.dsv
[3.327s] -- Up-to-date symlink: /home/dl/ROSHW_ws/install/Mine_pubsub/share/Mine_pubsub/environment/path.sh
[3.327s] -- Up-to-date symlink: /home/dl/ROSHW_ws/install/Mine_pubsub/share/Mine_pubsub/environment/path.dsv
[3.327s] -- Up-to-date symlink: /home/dl/ROSHW_ws/install/Mine_pubsub/share/Mine_pubsub/local_setup.bash
[3.327s] -- Up-to-date symlink: /home/dl/ROSHW_ws/install/Mine_pubsub/share/Mine_pubsub/local_setup.sh
[3.328s] -- Up-to-date symlink: /home/dl/ROSHW_ws/install/Mine_pubsub/share/Mine_pubsub/local_setup.zsh
[3.328s] -- Up-to-date symlink: /home/dl/ROSHW_ws/install/Mine_pubsub/share/Mine_pubsub/local_setup.dsv
[3.328s] -- Symlinking: /home/dl/ROSHW_ws/install/Mine_pubsub/share/Mine_pubsub/package.dsv
[3.334s] -- Up-to-date symlink: /home/dl/ROSHW_ws/install/Mine_pubsub/share/ament_index/resource_index/packages/Mine_pubsub
[3.335s] -- Up-to-date symlink: /home/dl/ROSHW_ws/install/Mine_pubsub/share/Mine_pubsub/cmake/Mine_pubsubConfig.cmake
[3.335s] -- Up-to-date symlink: /home/dl/ROSHW_ws/install/Mine_pubsub/share/Mine_pubsub/cmake/Mine_pubsubConfig-version.cmake
[3.335s] -- Up-to-date symlink: /home/dl/ROSHW_ws/install/Mine_pubsub/share/Mine_pubsub/package.xml
[3.338s] Invoked command in '/home/dl/ROSHW_ws/build/Mine_pubsub' returned '0': CMAKE_PREFIX_PATH=/home/dl/ROSHW_ws/install/my_interfaces:/home/dl/ROSHW_ws/install/Mine_pubsub:/opt/ros/humble /usr/bin/cmake --install /home/dl/ROSHW_ws/build/Mine_pubsub
