-- Found ament_cmake: 1.3.5 (/opt/ros/humble/share/ament_cmake/cmake)
-- Found geometry_msgs: 4.2.3 (/opt/ros/humble/share/geometry_msgs/cmake)
-- Found rosidl_generator_c: 3.1.5 (/opt/ros/humble/share/rosidl_generator_c/cmake)
-- Found rosidl_adapter: 3.1.5 (/opt/ros/humble/share/rosidl_adapter/cmake)
-- Found rosidl_generator_cpp: 3.1.5 (/opt/ros/humble/share/rosidl_generator_cpp/cmake)
-- Using all available rosidl_typesupport_c: rosidl_typesupport_fastrtps_c;rosidl_typesupport_introspection_c
-- Using all available rosidl_typesupport_cpp: rosidl_typesupport_fastrtps_cpp;rosidl_typesupport_introspection_cpp
-- Found rclcpp: 16.0.5 (/opt/ros/humble/share/rclcpp/cmake)
-- Found rmw_implementation_cmake: 6.1.1 (/opt/ros/humble/share/rmw_implementation_cmake/cmake)
-- Found rmw_fastrtps_cpp: 6.2.3 (/opt/ros/humble/share/rmw_fastrtps_cpp/cmake)
-- Using RMW implementation 'rmw_fastrtps_cpp' as default
-- Found tf2: 0.25.3 (/opt/ros/humble/share/tf2/cmake)
-- Found tf2_ros: 0.25.3 (/opt/ros/humble/share/tf2_ros/cmake)
-- Found tf2_geometry_msgs: 0.25.3 (/opt/ros/humble/share/tf2_geometry_msgs/cmake)
-- Found eigen3_cmake_module: 0.1.1 (/opt/ros/humble/share/eigen3_cmake_module/cmake)
-- Found Eigen3: TRUE (found version "3.4.0") 
-- Ensuring Eigen3 include directory is part of orocos-kdl CMake target
-- Configuring done
-- Generating done
-- Build files have been written to: /home/dl/ROSHW_ws/build/buffertransform
[35m[1mConsolidate compiler generated dependencies of target buffertransform[0m
[ 50%] [32mBuilding CXX object CMakeFiles/buffertransform.dir/src/buffertransform.cpp.o[0m
[100%] [32m[1mLinking CXX executable buffertransform[0m
[100%] Built target buffertransform
-- Install configuration: ""
-- Installing: /home/dl/ROSHW_ws/install/buffertransform/lib/buffertransform/buffertransform
-- Set runtime path of "/home/dl/ROSHW_ws/install/buffertransform/lib/buffertransform/buffertransform" to ""
-- Installing: /home/dl/ROSHW_ws/install/buffertransform/share/ament_index/resource_index/package_run_dependencies/buffertransform
-- Up-to-date: /home/dl/ROSHW_ws/install/buffertransform/share/ament_index/resource_index/parent_prefix_path/buffertransform
-- Up-to-date: /home/dl/ROSHW_ws/install/buffertransform/share/buffertransform/environment/ament_prefix_path.sh
-- Installing: /home/dl/ROSHW_ws/install/buffertransform/share/buffertransform/environment/ament_prefix_path.dsv
-- Up-to-date: /home/dl/ROSHW_ws/install/buffertransform/share/buffertransform/environment/path.sh
-- Installing: /home/dl/ROSHW_ws/install/buffertransform/share/buffertransform/environment/path.dsv
-- Up-to-date: /home/dl/ROSHW_ws/install/buffertransform/share/buffertransform/local_setup.bash
-- Up-to-date: /home/dl/ROSHW_ws/install/buffertransform/share/buffertransform/local_setup.sh
-- Up-to-date: /home/dl/ROSHW_ws/install/buffertransform/share/buffertransform/local_setup.zsh
-- Installing: /home/dl/ROSHW_ws/install/buffertransform/share/buffertransform/local_setup.dsv
-- Installing: /home/dl/ROSHW_ws/install/buffertransform/share/buffertransform/package.dsv
-- Up-to-date: /home/dl/ROSHW_ws/install/buffertransform/share/ament_index/resource_index/packages/buffertransform
-- Up-to-date: /home/dl/ROSHW_ws/install/buffertransform/share/buffertransform/cmake/buffertransformConfig.cmake
-- Up-to-date: /home/dl/ROSHW_ws/install/buffertransform/share/buffertransform/cmake/buffertransformConfig-version.cmake
-- Installing: /home/dl/ROSHW_ws/install/buffertransform/share/buffertransform/package.xml
