[0.010s] Invoking command in '/home/dl/ROSHW_ws/build/buffertransform': CMAKE_PREFIX_PATH=/opt/ros/humble /usr/bin/cmake --build /home/dl/ROSHW_ws/build/buffertransform -- -j16 -l16
[0.036s] -- Found ament_cmake: 1.3.5 (/opt/ros/humble/share/ament_cmake/cmake)
[0.210s] -- Found geometry_msgs: 4.2.3 (/opt/ros/humble/share/geometry_msgs/cmake)
[0.242s] -- Found rosidl_generator_c: 3.1.5 (/opt/ros/humble/share/rosidl_generator_c/cmake)
[0.243s] -- Found rosidl_adapter: 3.1.5 (/opt/ros/humble/share/rosidl_adapter/cmake)
[0.250s] -- Found rosidl_generator_cpp: 3.1.5 (/opt/ros/humble/share/rosidl_generator_cpp/cmake)
[0.261s] -- Using all available rosidl_typesupport_c: rosidl_typesupport_fastrtps_c;rosidl_typesupport_introspection_c
[0.281s] -- Using all available rosidl_typesupport_cpp: rosidl_typesupport_fastrtps_cpp;rosidl_typesupport_introspection_cpp
[0.364s] -- Found rclcpp: 16.0.5 (/opt/ros/humble/share/rclcpp/cmake)
[0.397s] -- Found rmw_implementation_cmake: 6.1.1 (/opt/ros/humble/share/rmw_implementation_cmake/cmake)
[0.398s] -- Found rmw_fastrtps_cpp: 6.2.3 (/opt/ros/humble/share/rmw_fastrtps_cpp/cmake)
[0.495s] -- Using RMW implementation 'rmw_fastrtps_cpp' as default
[0.589s] -- Found tf2: 0.25.3 (/opt/ros/humble/share/tf2/cmake)
[0.595s] -- Found tf2_ros: 0.25.3 (/opt/ros/humble/share/tf2_ros/cmake)
[0.838s] -- Found tf2_geometry_msgs: 0.25.3 (/opt/ros/humble/share/tf2_geometry_msgs/cmake)
[0.853s] -- Found eigen3_cmake_module: 0.1.1 (/opt/ros/humble/share/eigen3_cmake_module/cmake)
[0.855s] -- Found Eigen3: TRUE (found version "3.4.0") 
[0.855s] -- Ensuring Eigen3 include directory is part of orocos-kdl CMake target
[0.939s] -- Configuring done
[0.947s] -- Generating done
[0.948s] -- Build files have been written to: /home/dl/ROSHW_ws/build/buffertransform
[0.967s] [35m[1mConsolidate compiler generated dependencies of target buffertransform[0m
[0.984s] [ 50%] [32mBuilding CXX object CMakeFiles/buffertransform.dir/src/buffertransform.cpp.o[0m
[3.350s] [100%] [32m[1mLinking CXX executable buffertransform[0m
[3.470s] [100%] Built target buffertransform
[3.477s] Invoked command in '/home/dl/ROSHW_ws/build/buffertransform' returned '0': CMAKE_PREFIX_PATH=/opt/ros/humble /usr/bin/cmake --build /home/dl/ROSHW_ws/build/buffertransform -- -j16 -l16
[3.502s] Invoking command in '/home/dl/ROSHW_ws/build/buffertransform': CMAKE_PREFIX_PATH=/opt/ros/humble /usr/bin/cmake --install /home/dl/ROSHW_ws/build/buffertransform
[3.509s] -- Install configuration: ""
[3.509s] -- Installing: /home/dl/ROSHW_ws/install/buffertransform/lib/buffertransform/buffertransform
[3.510s] -- Set runtime path of "/home/dl/ROSHW_ws/install/buffertransform/lib/buffertransform/buffertransform" to ""
[3.510s] -- Installing: /home/dl/ROSHW_ws/install/buffertransform/share/ament_index/resource_index/package_run_dependencies/buffertransform
[3.510s] -- Up-to-date: /home/dl/ROSHW_ws/install/buffertransform/share/ament_index/resource_index/parent_prefix_path/buffertransform
[3.510s] -- Up-to-date: /home/dl/ROSHW_ws/install/buffertransform/share/buffertransform/environment/ament_prefix_path.sh
[3.510s] -- Installing: /home/dl/ROSHW_ws/install/buffertransform/share/buffertransform/environment/ament_prefix_path.dsv
[3.510s] -- Up-to-date: /home/dl/ROSHW_ws/install/buffertransform/share/buffertransform/environment/path.sh
[3.510s] -- Installing: /home/dl/ROSHW_ws/install/buffertransform/share/buffertransform/environment/path.dsv
[3.510s] -- Up-to-date: /home/dl/ROSHW_ws/install/buffertransform/share/buffertransform/local_setup.bash
[3.510s] -- Up-to-date: /home/dl/ROSHW_ws/install/buffertransform/share/buffertransform/local_setup.sh
[3.511s] -- Up-to-date: /home/dl/ROSHW_ws/install/buffertransform/share/buffertransform/local_setup.zsh
[3.511s] -- Installing: /home/dl/ROSHW_ws/install/buffertransform/share/buffertransform/local_setup.dsv
[3.511s] -- Installing: /home/dl/ROSHW_ws/install/buffertransform/share/buffertransform/package.dsv
[3.511s] -- Up-to-date: /home/dl/ROSHW_ws/install/buffertransform/share/ament_index/resource_index/packages/buffertransform
[3.511s] -- Up-to-date: /home/dl/ROSHW_ws/install/buffertransform/share/buffertransform/cmake/buffertransformConfig.cmake
[3.511s] -- Up-to-date: /home/dl/ROSHW_ws/install/buffertransform/share/buffertransform/cmake/buffertransformConfig-version.cmake
[3.511s] -- Installing: /home/dl/ROSHW_ws/install/buffertransform/share/buffertransform/package.xml
[3.513s] Invoked command in '/home/dl/ROSHW_ws/build/buffertransform' returned '0': CMAKE_PREFIX_PATH=/opt/ros/humble /usr/bin/cmake --install /home/dl/ROSHW_ws/build/buffertransform
