[0.009s] Invoking command in '/home/dl/ROSHW_ws/build/learning_tf2_cpp': CMAKE_PREFIX_PATH=/opt/ros/humble /usr/bin/cmake /home/dl/ROSHW_ws/src/learning_tf2_cpp -DCMAKE_INSTALL_PREFIX=/home/dl/ROSHW_ws/install/learning_tf2_cpp
[0.076s] -- The C compiler identification is GNU 11.4.0
[0.127s] -- The CXX compiler identification is GNU 11.4.0
[0.133s] -- Detecting C compiler ABI info
[0.193s] -- Detecting C compiler ABI info - done
[0.198s] -- Check for working C compiler: /usr/bin/cc - skipped
[0.198s] -- Detecting C compile features
[0.199s] -- Detecting C compile features - done
[0.201s] -- Detecting CXX compiler ABI info
[0.261s] -- Detecting CXX compiler ABI info - done
[0.271s] -- Check for working CXX compiler: /usr/bin/c++ - skipped
[0.271s] -- Detecting CXX compile features
[0.272s] -- Detecting CXX compile features - done
[0.277s] -- Found ament_cmake: 1.3.5 (/opt/ros/humble/share/ament_cmake/cmake)
[0.478s] -- Found Python3: /usr/bin/python3.10 (found version "3.10.12") found components: Interpreter 
[0.581s] -- Found geometry_msgs: 4.2.3 (/opt/ros/humble/share/geometry_msgs/cmake)
[0.613s] -- Found rosidl_generator_c: 3.1.5 (/opt/ros/humble/share/rosidl_generator_c/cmake)
[0.617s] -- Found rosidl_adapter: 3.1.5 (/opt/ros/humble/share/rosidl_adapter/cmake)
[0.625s] -- Found rosidl_generator_cpp: 3.1.5 (/opt/ros/humble/share/rosidl_generator_cpp/cmake)
[0.637s] -- Using all available rosidl_typesupport_c: rosidl_typesupport_fastrtps_c;rosidl_typesupport_introspection_c
[0.652s] -- Using all available rosidl_typesupport_cpp: rosidl_typesupport_fastrtps_cpp;rosidl_typesupport_introspection_cpp
[0.746s] -- Found rclcpp: 16.0.5 (/opt/ros/humble/share/rclcpp/cmake)
[0.794s] -- Found rmw_implementation_cmake: 6.1.1 (/opt/ros/humble/share/rmw_implementation_cmake/cmake)
[0.796s] -- Found rmw_fastrtps_cpp: 6.2.3 (/opt/ros/humble/share/rmw_fastrtps_cpp/cmake)
[0.872s] -- Found OpenSSL: /usr/lib/x86_64-linux-gnu/libcrypto.so (found version "3.0.2")  
[0.894s] -- Found FastRTPS: /opt/ros/humble/include  
[0.935s] -- Using RMW implementation 'rmw_fastrtps_cpp' as default
[0.943s] -- Looking for pthread.h
[1.012s] -- Looking for pthread.h - found
[1.012s] -- Performing Test CMAKE_HAVE_LIBC_PTHREAD
[1.080s] -- Performing Test CMAKE_HAVE_LIBC_PTHREAD - Success
[1.081s] -- Found Threads: TRUE  
[1.180s] -- Found tf2: 0.25.3 (/opt/ros/humble/share/tf2/cmake)
[1.195s] -- Found tf2_ros: 0.25.3 (/opt/ros/humble/share/tf2_ros/cmake)
[1.522s] -- Configuring done
[1.529s] -- Generating done
[1.530s] -- Build files have been written to: /home/dl/ROSHW_ws/build/learning_tf2_cpp
[1.538s] Invoked command in '/home/dl/ROSHW_ws/build/learning_tf2_cpp' returned '0': CMAKE_PREFIX_PATH=/opt/ros/humble /usr/bin/cmake /home/dl/ROSHW_ws/src/learning_tf2_cpp -DCMAKE_INSTALL_PREFIX=/home/dl/ROSHW_ws/install/learning_tf2_cpp
[1.539s] Invoking command in '/home/dl/ROSHW_ws/build/learning_tf2_cpp': CMAKE_PREFIX_PATH=/opt/ros/humble /usr/bin/cmake --build /home/dl/ROSHW_ws/build/learning_tf2_cpp -- -j16 -l16
[1.602s] [ 50%] [32mBuilding CXX object CMakeFiles/hero_tf2_listener.dir/src/hero_tf2_listener.cpp.o[0m
[1.770s] In file included from [01m[K/home/dl/ROSHW_ws/src/learning_tf2_cpp/src/hero_tf2_listener.cpp:1[m[K:
[1.770s] [01m[K/home/dl/ROSHW_ws/src/learning_tf2_cpp/include/learning_tf2_cpp/hero_tf2_listener.hpp:12:10:[m[K [01;31m[Kfatal error: [m[Kturtlesim/srv/spawn.hpp: 没有那个文件或目录
[1.770s]    12 | #include [01;31m[K"turtlesim/srv/spawn.hpp"[m[K
[1.770s]       |          [01;31m[K^~~~~~~~~~~~~~~~~~~~~~~~~[m[K
[1.770s] compilation terminated.
[1.778s] gmake[2]: *** [CMakeFiles/hero_tf2_listener.dir/build.make:76：CMakeFiles/hero_tf2_listener.dir/src/hero_tf2_listener.cpp.o] 错误 1
[1.778s] gmake[1]: *** [CMakeFiles/Makefile2:137：CMakeFiles/hero_tf2_listener.dir/all] 错误 2
[1.778s] gmake: *** [Makefile:146：all] 错误 2
[1.780s] Invoked command in '/home/dl/ROSHW_ws/build/learning_tf2_cpp' returned '2': CMAKE_PREFIX_PATH=/opt/ros/humble /usr/bin/cmake --build /home/dl/ROSHW_ws/build/learning_tf2_cpp -- -j16 -l16
