[0.009s] Invoking command in '/home/dl/ROSHW_ws/build/hero_description': CMAKE_PREFIX_PATH=/opt/ros/humble /usr/bin/cmake /home/dl/ROSHW_ws/src/hero_description -DCMAKE_INSTALL_PREFIX=/home/dl/ROSHW_ws/install/hero_description
[0.112s] -- The C compiler identification is GNU 11.4.0
[0.201s] -- The CXX compiler identification is GNU 11.4.0
[0.220s] -- Detecting C compiler ABI info
[0.336s] -- Detecting C compiler ABI info - done
[0.353s] -- Check for working C compiler: /usr/bin/cc - skipped
[0.354s] -- Detecting C compile features
[0.356s] -- Detecting C compile features - done
[0.363s] -- Detecting CXX compiler ABI info
[0.515s] -- Detecting CXX compiler ABI info - done
[0.525s] -- Check for working CXX compiler: /usr/bin/c++ - skipped
[0.525s] -- Detecting CXX compile features
[0.526s] -- Detecting CXX compile features - done
[0.529s] -- Found ament_cmake: 1.3.5 (/opt/ros/humble/share/ament_cmake/cmake)
[0.689s] -- Found Python3: /usr/bin/python3.10 (found version "3.10.12") found components: Interpreter 
[0.776s] -- Found ament_lint_auto: 0.12.7 (/opt/ros/humble/share/ament_lint_auto/cmake)
[0.836s] -- Added test 'copyright' to check source files copyright and LICENSE
[0.837s] -- Added test 'flake8' to check Python code syntax and style conventions
[0.838s] -- Added test 'lint_cmake' to check CMake code style
[0.838s] -- Added test 'pep257' to check Python code against some of the docstring style conventions in PEP 257
[0.839s] -- Added test 'xmllint' to check XML markup files
[0.840s] -- Configuring done
[0.842s] -- Generating done
[0.843s] -- Build files have been written to: /home/dl/ROSHW_ws/build/hero_description
[0.846s] Invoked command in '/home/dl/ROSHW_ws/build/hero_description' returned '0': CMAKE_PREFIX_PATH=/opt/ros/humble /usr/bin/cmake /home/dl/ROSHW_ws/src/hero_description -DCMAKE_INSTALL_PREFIX=/home/dl/ROSHW_ws/install/hero_description
[0.847s] Invoking command in '/home/dl/ROSHW_ws/build/hero_description': CMAKE_PREFIX_PATH=/opt/ros/humble /usr/bin/cmake --build /home/dl/ROSHW_ws/build/hero_description -- -j16 -l16
[0.882s] Invoked command in '/home/dl/ROSHW_ws/build/hero_description' returned '0': CMAKE_PREFIX_PATH=/opt/ros/humble /usr/bin/cmake --build /home/dl/ROSHW_ws/build/hero_description -- -j16 -l16
[0.906s] Invoking command in '/home/dl/ROSHW_ws/build/hero_description': CMAKE_PREFIX_PATH=/opt/ros/humble /usr/bin/cmake --install /home/dl/ROSHW_ws/build/hero_description
[0.913s] -- Install configuration: ""
[0.913s] -- Installing: /home/dl/ROSHW_ws/install/hero_description/share/hero_description/launch
[0.914s] -- Installing: /home/dl/ROSHW_ws/install/hero_description/share/hero_description/launch/view_model.launch.py
[0.914s] -- Installing: /home/dl/ROSHW_ws/install/hero_description/share/hero_description/launch/view_model.rviz
[0.914s] -- Installing: /home/dl/ROSHW_ws/install/hero_description/share/hero_description/launch/__pycache__
[0.914s] -- Installing: /home/dl/ROSHW_ws/install/hero_description/share/hero_description/launch/__pycache__/view_model.launch.cpython-38.pyc
[0.914s] -- Installing: /home/dl/ROSHW_ws/install/hero_description/share/hero_description/meshes
[0.914s] -- Installing: /home/dl/ROSHW_ws/install/hero_description/share/hero_description/meshes/yaw_link.STL
[0.920s] -- Installing: /home/dl/ROSHW_ws/install/hero_description/share/hero_description/meshes/camera_link.STL
[0.920s] -- Installing: /home/dl/ROSHW_ws/install/hero_description/share/hero_description/meshes/imu_link.STL
[0.920s] -- Installing: /home/dl/ROSHW_ws/install/hero_description/share/hero_description/meshes/camera_optical_link.STL
[0.920s] -- Installing: /home/dl/ROSHW_ws/install/hero_description/share/hero_description/meshes/pitch_link.STL
[0.941s] -- Installing: /home/dl/ROSHW_ws/install/hero_description/share/hero_description/meshes/odom_link.STL
[0.941s] -- Installing: /home/dl/ROSHW_ws/install/hero_description/share/hero_description/meshes/base_link.STL
[0.942s] -- Installing: /home/dl/ROSHW_ws/install/hero_description/share/hero_description/urdf
[0.942s] -- Installing: /home/dl/ROSHW_ws/install/hero_description/share/hero_description/urdf/hero_description.urdf
[0.942s] -- Installing: /home/dl/ROSHW_ws/install/hero_description/share/ament_index/resource_index/package_run_dependencies/hero_description
[0.942s] -- Installing: /home/dl/ROSHW_ws/install/hero_description/share/ament_index/resource_index/parent_prefix_path/hero_description
[0.942s] -- Installing: /home/dl/ROSHW_ws/install/hero_description/share/hero_description/environment/ament_prefix_path.sh
[0.942s] -- Installing: /home/dl/ROSHW_ws/install/hero_description/share/hero_description/environment/ament_prefix_path.dsv
[0.942s] -- Installing: /home/dl/ROSHW_ws/install/hero_description/share/hero_description/environment/path.sh
[0.942s] -- Installing: /home/dl/ROSHW_ws/install/hero_description/share/hero_description/environment/path.dsv
[0.942s] -- Installing: /home/dl/ROSHW_ws/install/hero_description/share/hero_description/local_setup.bash
[0.943s] -- Installing: /home/dl/ROSHW_ws/install/hero_description/share/hero_description/local_setup.sh
[0.943s] -- Installing: /home/dl/ROSHW_ws/install/hero_description/share/hero_description/local_setup.zsh
[0.943s] -- Installing: /home/dl/ROSHW_ws/install/hero_description/share/hero_description/local_setup.dsv
[0.943s] -- Installing: /home/dl/ROSHW_ws/install/hero_description/share/hero_description/package.dsv
[0.943s] -- Installing: /home/dl/ROSHW_ws/install/hero_description/share/ament_index/resource_index/packages/hero_description
[0.943s] -- Installing: /home/dl/ROSHW_ws/install/hero_description/share/hero_description/cmake/hero_descriptionConfig.cmake
[0.944s] -- Installing: /home/dl/ROSHW_ws/install/hero_description/share/hero_description/cmake/hero_descriptionConfig-version.cmake
[0.944s] -- Installing: /home/dl/ROSHW_ws/install/hero_description/share/hero_description/package.xml
[0.946s] Invoked command in '/home/dl/ROSHW_ws/build/hero_description' returned '0': CMAKE_PREFIX_PATH=/opt/ros/humble /usr/bin/cmake --install /home/dl/ROSHW_ws/build/hero_description
