-- Found ament_cmake: 1.3.5 (/opt/ros/humble/share/ament_cmake/cmake)
-- Found rclcpp: 16.0.5 (/opt/ros/humble/share/rclcpp/cmake)
-- Found rosidl_generator_c: 3.1.5 (/opt/ros/humble/share/rosidl_generator_c/cmake)
-- Found rosidl_adapter: 3.1.5 (/opt/ros/humble/share/rosidl_adapter/cmake)
-- Found rosidl_generator_cpp: 3.1.5 (/opt/ros/humble/share/rosidl_generator_cpp/cmake)
-- Using all available rosidl_typesupport_c: rosidl_typesupport_fastrtps_c;rosidl_typesupport_introspection_c
-- Using all available rosidl_typesupport_cpp: rosidl_typesupport_fastrtps_cpp;rosidl_typesupport_introspection_cpp
-- Found rmw_implementation_cmake: 6.1.1 (/opt/ros/humble/share/rmw_implementation_cmake/cmake)
-- Found rmw_fastrtps_cpp: 6.2.3 (/opt/ros/humble/share/rmw_fastrtps_cpp/cmake)
-- Using RMW implementation 'rmw_fastrtps_cpp' as default
-- Found geometry_msgs: 4.2.3 (/opt/ros/humble/share/geometry_msgs/cmake)
-- Found sensor_msgs: 4.2.3 (/opt/ros/humble/share/sensor_msgs/cmake)
-- Found cv_bridge: 3.2.1 (/opt/ros/humble/share/cv_bridge/cmake)
-- Configuring done
-- Generating done
-- Build files have been written to: /home/dl/ignition_ws/build/my_ignition_demo
[ 50%] [32mBuilding CXX object CMakeFiles/myrobot_follow.dir/src/myrobot_follow.cpp.o[0m
[100%] [32m[1mLinking CXX executable myrobot_follow[0m
[100%] Built target myrobot_follow
-- Install configuration: ""
-- Installing: /home/dl/ignition_ws/install/my_ignition_demo/lib/my_ignition_demo/myrobot_follow
-- Set runtime path of "/home/dl/ignition_ws/install/my_ignition_demo/lib/my_ignition_demo/myrobot_follow" to ""
-- Up-to-date: /home/dl/ignition_ws/install/my_ignition_demo/share/ament_index/resource_index/package_run_dependencies/my_ignition_demo
-- Up-to-date: /home/dl/ignition_ws/install/my_ignition_demo/share/ament_index/resource_index/parent_prefix_path/my_ignition_demo
-- Up-to-date: /home/dl/ignition_ws/install/my_ignition_demo/share/my_ignition_demo/environment/ament_prefix_path.sh
-- Installing: /home/dl/ignition_ws/install/my_ignition_demo/share/my_ignition_demo/environment/ament_prefix_path.dsv
-- Up-to-date: /home/dl/ignition_ws/install/my_ignition_demo/share/my_ignition_demo/environment/path.sh
-- Installing: /home/dl/ignition_ws/install/my_ignition_demo/share/my_ignition_demo/environment/path.dsv
-- Up-to-date: /home/dl/ignition_ws/install/my_ignition_demo/share/my_ignition_demo/local_setup.bash
-- Up-to-date: /home/dl/ignition_ws/install/my_ignition_demo/share/my_ignition_demo/local_setup.sh
-- Up-to-date: /home/dl/ignition_ws/install/my_ignition_demo/share/my_ignition_demo/local_setup.zsh
-- Installing: /home/dl/ignition_ws/install/my_ignition_demo/share/my_ignition_demo/local_setup.dsv
-- Installing: /home/dl/ignition_ws/install/my_ignition_demo/share/my_ignition_demo/package.dsv
-- Up-to-date: /home/dl/ignition_ws/install/my_ignition_demo/share/ament_index/resource_index/packages/my_ignition_demo
-- Up-to-date: /home/dl/ignition_ws/install/my_ignition_demo/share/my_ignition_demo/cmake/my_ignition_demoConfig.cmake
-- Up-to-date: /home/dl/ignition_ws/install/my_ignition_demo/share/my_ignition_demo/cmake/my_ignition_demoConfig-version.cmake
-- Up-to-date: /home/dl/ignition_ws/install/my_ignition_demo/share/my_ignition_demo/package.xml
