[0.265s] DEBUG:colcon:Command line arguments: ['/usr/bin/colcon', 'build']
[0.265s] DEBUG:colcon:Parsed command line arguments: Namespace(log_base=None, log_level=None, verb_name='build', build_base='build', install_base='install', merge_install=False, symlink_install=False, test_result_base=None, continue_on_error=False, executor='parallel', parallel_workers=16, event_handlers=None, ignore_user_meta=False, metas=['./colcon.meta'], base_paths=['.'], packages_ignore=None, packages_ignore_regex=None, paths=None, packages_up_to=None, packages_up_to_regex=None, packages_above=None, packages_above_and_dependencies=None, packages_above_depth=None, packages_select_by_dep=None, packages_skip_by_dep=None, packages_skip_up_to=None, packages_select_build_failed=False, packages_skip_build_finished=False, packages_select_test_failures=False, packages_skip_test_passed=False, packages_select=None, packages_skip=None, packages_select_regex=None, packages_skip_regex=None, packages_start=None, packages_end=None, allow_overriding=[], cmake_args=None, cmake_target=None, cmake_target_skip_unavailable=False, cmake_clean_cache=False, cmake_clean_first=False, cmake_force_configure=False, ament_cmake_args=None, catkin_cmake_args=None, catkin_skip_building_tests=False, verb_parser=<colcon_defaults.argument_parser.defaults.DefaultArgumentsDecorator object at 0x7f1b61643490>, verb_extension=<colcon_core.verb.build.BuildVerb object at 0x7f1b61642f20>, main=<bound method BuildVerb.main of <colcon_core.verb.build.BuildVerb object at 0x7f1b61642f20>>)
[0.282s] Level 1:colcon.colcon_core.package_discovery:discover_packages(colcon_meta) check parameters
[0.282s] Level 1:colcon.colcon_core.package_discovery:discover_packages(recursive) check parameters
[0.282s] Level 1:colcon.colcon_core.package_discovery:discover_packages(ignore) check parameters
[0.282s] Level 1:colcon.colcon_core.package_discovery:discover_packages(path) check parameters
[0.282s] Level 1:colcon.colcon_core.package_discovery:discover_packages(colcon_meta) discover
[0.282s] Level 1:colcon.colcon_core.package_discovery:discover_packages(recursive) discover
[0.282s] INFO:colcon.colcon_core.package_discovery:Crawling recursively for packages in '/home/dl/ignition_ws'
[0.282s] Level 1:colcon.colcon_core.package_identification:_identify(.) by extensions ['ignore', 'ignore_ament_install']
[0.282s] Level 1:colcon.colcon_core.package_identification:_identify(.) by extension 'ignore'
[0.282s] Level 1:colcon.colcon_core.package_identification:_identify(.) by extension 'ignore_ament_install'
[0.282s] Level 1:colcon.colcon_core.package_identification:_identify(.) by extensions ['colcon_pkg']
[0.282s] Level 1:colcon.colcon_core.package_identification:_identify(.) by extension 'colcon_pkg'
[0.283s] Level 1:colcon.colcon_core.package_identification:_identify(.) by extensions ['colcon_meta']
[0.283s] Level 1:colcon.colcon_core.package_identification:_identify(.) by extension 'colcon_meta'
[0.283s] Level 1:colcon.colcon_core.package_identification:_identify(.) by extensions ['ros']
[0.283s] Level 1:colcon.colcon_core.package_identification:_identify(.) by extension 'ros'
[0.291s] Level 1:colcon.colcon_core.package_identification:_identify(.) by extensions ['cmake', 'python']
[0.291s] Level 1:colcon.colcon_core.package_identification:_identify(.) by extension 'cmake'
[0.291s] Level 1:colcon.colcon_core.package_identification:_identify(.) by extension 'python'
[0.291s] Level 1:colcon.colcon_core.package_identification:_identify(.) by extensions ['python_setup_py']
[0.291s] Level 1:colcon.colcon_core.package_identification:_identify(.) by extension 'python_setup_py'
[0.291s] Level 1:colcon.colcon_core.package_identification:_identify(build) by extensions ['ignore', 'ignore_ament_install']
[0.292s] Level 1:colcon.colcon_core.package_identification:_identify(build) by extension 'ignore'
[0.292s] Level 1:colcon.colcon_core.package_identification:_identify(build) ignored
[0.292s] Level 1:colcon.colcon_core.package_identification:_identify(install) by extensions ['ignore', 'ignore_ament_install']
[0.292s] Level 1:colcon.colcon_core.package_identification:_identify(install) by extension 'ignore'
[0.292s] Level 1:colcon.colcon_core.package_identification:_identify(install) ignored
[0.292s] Level 1:colcon.colcon_core.package_identification:_identify(log) by extensions ['ignore', 'ignore_ament_install']
[0.292s] Level 1:colcon.colcon_core.package_identification:_identify(log) by extension 'ignore'
[0.292s] Level 1:colcon.colcon_core.package_identification:_identify(log) ignored
[0.292s] Level 1:colcon.colcon_core.package_identification:_identify(src) by extensions ['ignore', 'ignore_ament_install']
[0.292s] Level 1:colcon.colcon_core.package_identification:_identify(src) by extension 'ignore'
[0.292s] Level 1:colcon.colcon_core.package_identification:_identify(src) by extension 'ignore_ament_install'
[0.292s] Level 1:colcon.colcon_core.package_identification:_identify(src) by extensions ['colcon_pkg']
[0.292s] Level 1:colcon.colcon_core.package_identification:_identify(src) by extension 'colcon_pkg'
[0.292s] Level 1:colcon.colcon_core.package_identification:_identify(src) by extensions ['colcon_meta']
[0.292s] Level 1:colcon.colcon_core.package_identification:_identify(src) by extension 'colcon_meta'
[0.292s] Level 1:colcon.colcon_core.package_identification:_identify(src) by extensions ['ros']
[0.292s] Level 1:colcon.colcon_core.package_identification:_identify(src) by extension 'ros'
[0.292s] Level 1:colcon.colcon_core.package_identification:_identify(src) by extensions ['cmake', 'python']
[0.292s] Level 1:colcon.colcon_core.package_identification:_identify(src) by extension 'cmake'
[0.292s] Level 1:colcon.colcon_core.package_identification:_identify(src) by extension 'python'
[0.292s] Level 1:colcon.colcon_core.package_identification:_identify(src) by extensions ['python_setup_py']
[0.292s] Level 1:colcon.colcon_core.package_identification:_identify(src) by extension 'python_setup_py'
[0.293s] Level 1:colcon.colcon_core.package_identification:_identify(src/my_ignition_demo) by extensions ['ignore', 'ignore_ament_install']
[0.293s] Level 1:colcon.colcon_core.package_identification:_identify(src/my_ignition_demo) by extension 'ignore'
[0.293s] Level 1:colcon.colcon_core.package_identification:_identify(src/my_ignition_demo) by extension 'ignore_ament_install'
[0.293s] Level 1:colcon.colcon_core.package_identification:_identify(src/my_ignition_demo) by extensions ['colcon_pkg']
[0.293s] Level 1:colcon.colcon_core.package_identification:_identify(src/my_ignition_demo) by extension 'colcon_pkg'
[0.293s] Level 1:colcon.colcon_core.package_identification:_identify(src/my_ignition_demo) by extensions ['colcon_meta']
[0.293s] Level 1:colcon.colcon_core.package_identification:_identify(src/my_ignition_demo) by extension 'colcon_meta'
[0.293s] Level 1:colcon.colcon_core.package_identification:_identify(src/my_ignition_demo) by extensions ['ros']
[0.293s] Level 1:colcon.colcon_core.package_identification:_identify(src/my_ignition_demo) by extension 'ros'
[0.295s] DEBUG:colcon.colcon_core.package_identification:Package 'src/my_ignition_demo' with type 'ros.ament_cmake' and name 'my_ignition_demo'
[0.295s] Level 1:colcon.colcon_core.package_discovery:discover_packages(recursive) using defaults
[0.295s] Level 1:colcon.colcon_core.package_discovery:discover_packages(ignore) discover
[0.295s] Level 1:colcon.colcon_core.package_discovery:discover_packages(ignore) using defaults
[0.295s] Level 1:colcon.colcon_core.package_discovery:discover_packages(path) discover
[0.295s] Level 1:colcon.colcon_core.package_discovery:discover_packages(path) using defaults
[0.312s] Level 1:colcon.colcon_core.package_discovery:discover_packages(prefix_path) check parameters
[0.312s] Level 1:colcon.colcon_core.package_discovery:discover_packages(prefix_path) discover
[0.314s] DEBUG:colcon.colcon_installed_package_information.package_discovery:Found 413 installed packages in /opt/ros/humble
[0.316s] Level 1:colcon.colcon_core.package_discovery:discover_packages(prefix_path) using defaults
[0.370s] Level 5:colcon.colcon_core.verb:set package 'my_ignition_demo' build argument 'cmake_args' from command line to 'None'
[0.370s] Level 5:colcon.colcon_core.verb:set package 'my_ignition_demo' build argument 'cmake_target' from command line to 'None'
[0.370s] Level 5:colcon.colcon_core.verb:set package 'my_ignition_demo' build argument 'cmake_target_skip_unavailable' from command line to 'False'
[0.370s] Level 5:colcon.colcon_core.verb:set package 'my_ignition_demo' build argument 'cmake_clean_cache' from command line to 'False'
[0.370s] Level 5:colcon.colcon_core.verb:set package 'my_ignition_demo' build argument 'cmake_clean_first' from command line to 'False'
[0.370s] Level 5:colcon.colcon_core.verb:set package 'my_ignition_demo' build argument 'cmake_force_configure' from command line to 'False'
[0.370s] Level 5:colcon.colcon_core.verb:set package 'my_ignition_demo' build argument 'ament_cmake_args' from command line to 'None'
[0.370s] Level 5:colcon.colcon_core.verb:set package 'my_ignition_demo' build argument 'catkin_cmake_args' from command line to 'None'
[0.370s] Level 5:colcon.colcon_core.verb:set package 'my_ignition_demo' build argument 'catkin_skip_building_tests' from command line to 'False'
[0.370s] DEBUG:colcon.colcon_core.verb:Building package 'my_ignition_demo' with the following arguments: {'ament_cmake_args': None, 'build_base': '/home/dl/ignition_ws/build/my_ignition_demo', 'catkin_cmake_args': None, 'catkin_skip_building_tests': False, 'cmake_args': None, 'cmake_clean_cache': False, 'cmake_clean_first': False, 'cmake_force_configure': False, 'cmake_target': None, 'cmake_target_skip_unavailable': False, 'install_base': '/home/dl/ignition_ws/install/my_ignition_demo', 'merge_install': False, 'path': '/home/dl/ignition_ws/src/my_ignition_demo', 'symlink_install': False, 'test_result_base': None}
[0.371s] INFO:colcon.colcon_core.executor:Executing jobs using 'parallel' executor
[0.373s] DEBUG:colcon.colcon_parallel_executor.executor.parallel:run_until_complete
[0.373s] INFO:colcon.colcon_ros.task.ament_cmake.build:Building ROS package in '/home/dl/ignition_ws/src/my_ignition_demo' with build type 'ament_cmake'
[0.373s] INFO:colcon.colcon_cmake.task.cmake.build:Building CMake package in '/home/dl/ignition_ws/src/my_ignition_demo'
[0.376s] INFO:colcon.colcon_core.plugin_system:Skipping extension 'colcon_core.shell.bat': Not used on non-Windows systems
[0.377s] INFO:colcon.colcon_core.shell:Skip shell extension 'powershell' for command environment: Not usable outside of PowerShell
[0.377s] DEBUG:colcon.colcon_core.shell:Skip shell extension 'dsv' for command environment
[0.384s] DEBUG:colcon.colcon_core.event_handler.log_command:Invoking command in '/home/dl/ignition_ws/build/my_ignition_demo': CMAKE_PREFIX_PATH=/opt/ros/humble /usr/bin/cmake --build /home/dl/ignition_ws/build/my_ignition_demo -- -j16 -l16
[8.303s] DEBUG:colcon.colcon_core.event_handler.log_command:Invoked command in '/home/dl/ignition_ws/build/my_ignition_demo' returned '0': CMAKE_PREFIX_PATH=/opt/ros/humble /usr/bin/cmake --build /home/dl/ignition_ws/build/my_ignition_demo -- -j16 -l16
[8.326s] DEBUG:colcon.colcon_core.event_handler.log_command:Invoking command in '/home/dl/ignition_ws/build/my_ignition_demo': CMAKE_PREFIX_PATH=/opt/ros/humble /usr/bin/cmake --install /home/dl/ignition_ws/build/my_ignition_demo
[8.335s] Level 1:colcon.colcon_core.environment:create_environment_scripts_only(my_ignition_demo)
[8.336s] DEBUG:colcon.colcon_core.event_handler.log_command:Invoked command in '/home/dl/ignition_ws/build/my_ignition_demo' returned '0': CMAKE_PREFIX_PATH=/opt/ros/humble /usr/bin/cmake --install /home/dl/ignition_ws/build/my_ignition_demo
[8.339s] Level 1:colcon.colcon_core.environment:checking '/home/dl/ignition_ws/install/my_ignition_demo' for CMake module files
[8.339s] Level 1:colcon.colcon_core.environment:checking '/home/dl/ignition_ws/install/my_ignition_demo' for CMake config files
[8.339s] Level 1:colcon.colcon_core.shell:create_environment_hook('my_ignition_demo', 'cmake_prefix_path')
[8.340s] INFO:colcon.colcon_core.shell:Creating environment hook '/home/dl/ignition_ws/install/my_ignition_demo/share/my_ignition_demo/hook/cmake_prefix_path.ps1'
[8.341s] INFO:colcon.colcon_core.shell:Creating environment descriptor '/home/dl/ignition_ws/install/my_ignition_demo/share/my_ignition_demo/hook/cmake_prefix_path.dsv'
[8.341s] INFO:colcon.colcon_core.shell:Creating environment hook '/home/dl/ignition_ws/install/my_ignition_demo/share/my_ignition_demo/hook/cmake_prefix_path.sh'
[8.342s] Level 1:colcon.colcon_core.environment:checking '/home/dl/ignition_ws/install/my_ignition_demo/lib'
[8.342s] Level 1:colcon.colcon_core.environment:checking '/home/dl/ignition_ws/install/my_ignition_demo/bin'
[8.342s] Level 1:colcon.colcon_core.environment:checking '/home/dl/ignition_ws/install/my_ignition_demo/lib/pkgconfig/my_ignition_demo.pc'
[8.342s] Level 1:colcon.colcon_core.environment:checking '/home/dl/ignition_ws/install/my_ignition_demo/lib/python3.10/site-packages'
[8.342s] Level 1:colcon.colcon_core.environment:checking '/home/dl/ignition_ws/install/my_ignition_demo/bin'
[8.343s] INFO:colcon.colcon_core.shell:Creating package script '/home/dl/ignition_ws/install/my_ignition_demo/share/my_ignition_demo/package.ps1'
[8.344s] INFO:colcon.colcon_core.shell:Creating package descriptor '/home/dl/ignition_ws/install/my_ignition_demo/share/my_ignition_demo/package.dsv'
[8.344s] INFO:colcon.colcon_core.shell:Creating package script '/home/dl/ignition_ws/install/my_ignition_demo/share/my_ignition_demo/package.sh'
[8.344s] INFO:colcon.colcon_core.shell:Creating package script '/home/dl/ignition_ws/install/my_ignition_demo/share/my_ignition_demo/package.bash'
[8.345s] INFO:colcon.colcon_core.shell:Creating package script '/home/dl/ignition_ws/install/my_ignition_demo/share/my_ignition_demo/package.zsh'
[8.345s] Level 1:colcon.colcon_core.environment:create_file_with_runtime_dependencies(/home/dl/ignition_ws/install/my_ignition_demo/share/colcon-core/packages/my_ignition_demo)
[8.362s] Level 1:colcon.colcon_core.environment:create_environment_scripts_only(my_ignition_demo)
[8.363s] Level 1:colcon.colcon_core.environment:checking '/home/dl/ignition_ws/install/my_ignition_demo' for CMake module files
[8.363s] Level 1:colcon.colcon_core.environment:checking '/home/dl/ignition_ws/install/my_ignition_demo' for CMake config files
[8.364s] Level 1:colcon.colcon_core.shell:create_environment_hook('my_ignition_demo', 'cmake_prefix_path')
[8.364s] INFO:colcon.colcon_core.shell:Creating environment hook '/home/dl/ignition_ws/install/my_ignition_demo/share/my_ignition_demo/hook/cmake_prefix_path.ps1'
[8.365s] INFO:colcon.colcon_core.shell:Creating environment descriptor '/home/dl/ignition_ws/install/my_ignition_demo/share/my_ignition_demo/hook/cmake_prefix_path.dsv'
[8.365s] INFO:colcon.colcon_core.shell:Creating environment hook '/home/dl/ignition_ws/install/my_ignition_demo/share/my_ignition_demo/hook/cmake_prefix_path.sh'
[8.365s] Level 1:colcon.colcon_core.environment:checking '/home/dl/ignition_ws/install/my_ignition_demo/lib'
[8.365s] Level 1:colcon.colcon_core.environment:checking '/home/dl/ignition_ws/install/my_ignition_demo/bin'
[8.365s] Level 1:colcon.colcon_core.environment:checking '/home/dl/ignition_ws/install/my_ignition_demo/lib/pkgconfig/my_ignition_demo.pc'
[8.366s] Level 1:colcon.colcon_core.environment:checking '/home/dl/ignition_ws/install/my_ignition_demo/lib/python3.10/site-packages'
[8.366s] Level 1:colcon.colcon_core.environment:checking '/home/dl/ignition_ws/install/my_ignition_demo/bin'
[8.367s] INFO:colcon.colcon_core.shell:Creating package script '/home/dl/ignition_ws/install/my_ignition_demo/share/my_ignition_demo/package.ps1'
[8.367s] INFO:colcon.colcon_core.shell:Creating package descriptor '/home/dl/ignition_ws/install/my_ignition_demo/share/my_ignition_demo/package.dsv'
[8.367s] INFO:colcon.colcon_core.shell:Creating package script '/home/dl/ignition_ws/install/my_ignition_demo/share/my_ignition_demo/package.sh'
[8.368s] INFO:colcon.colcon_core.shell:Creating package script '/home/dl/ignition_ws/install/my_ignition_demo/share/my_ignition_demo/package.bash'
[8.368s] INFO:colcon.colcon_core.shell:Creating package script '/home/dl/ignition_ws/install/my_ignition_demo/share/my_ignition_demo/package.zsh'
[8.368s] Level 1:colcon.colcon_core.environment:create_file_with_runtime_dependencies(/home/dl/ignition_ws/install/my_ignition_demo/share/colcon-core/packages/my_ignition_demo)
[8.368s] DEBUG:colcon.colcon_parallel_executor.executor.parallel:closing loop
[8.368s] DEBUG:colcon.colcon_parallel_executor.executor.parallel:loop closed
[8.369s] DEBUG:colcon.colcon_parallel_executor.executor.parallel:run_until_complete finished with '0'
[8.369s] DEBUG:colcon.colcon_core.event_reactor:joining thread
[8.372s] INFO:colcon.colcon_core.plugin_system:Skipping extension 'colcon_notification.desktop_notification.terminal_notifier': Not used on non-Darwin systems
[8.373s] INFO:colcon.colcon_core.plugin_system:Skipping extension 'colcon_notification.desktop_notification.win32': Not used on non-Windows systems
[8.373s] INFO:colcon.colcon_notification.desktop_notification:Sending desktop notification using 'notify2'
[8.381s] DEBUG:colcon.colcon_core.event_reactor:joined thread
[8.383s] INFO:colcon.colcon_core.shell:Creating prefix script '/home/dl/ignition_ws/install/local_setup.ps1'
[8.383s] INFO:colcon.colcon_core.shell:Creating prefix util module '/home/dl/ignition_ws/install/_local_setup_util_ps1.py'
[8.384s] INFO:colcon.colcon_core.shell:Creating prefix chain script '/home/dl/ignition_ws/install/setup.ps1'
[8.385s] INFO:colcon.colcon_core.shell:Creating prefix script '/home/dl/ignition_ws/install/local_setup.sh'
[8.386s] INFO:colcon.colcon_core.shell:Creating prefix util module '/home/dl/ignition_ws/install/_local_setup_util_sh.py'
[8.386s] INFO:colcon.colcon_core.shell:Creating prefix chain script '/home/dl/ignition_ws/install/setup.sh'
[8.387s] INFO:colcon.colcon_core.shell:Creating prefix script '/home/dl/ignition_ws/install/local_setup.bash'
[8.387s] INFO:colcon.colcon_core.shell:Creating prefix chain script '/home/dl/ignition_ws/install/setup.bash'
[8.388s] INFO:colcon.colcon_core.shell:Creating prefix script '/home/dl/ignition_ws/install/local_setup.zsh'
[8.389s] INFO:colcon.colcon_core.shell:Creating prefix chain script '/home/dl/ignition_ws/install/setup.zsh'
