[0.263s] DEBUG:colcon:Command line arguments: ['/usr/bin/colcon', 'build', '--symlink-install']
[0.263s] DEBUG:colcon:Parsed command line arguments: Namespace(log_base=None, log_level=None, verb_name='build', build_base='build', install_base='install', merge_install=False, symlink_install=True, test_result_base=None, continue_on_error=False, executor='parallel', parallel_workers=16, event_handlers=None, ignore_user_meta=False, metas=['./colcon.meta'], base_paths=['.'], packages_ignore=None, packages_ignore_regex=None, paths=None, packages_up_to=None, packages_up_to_regex=None, packages_above=None, packages_above_and_dependencies=None, packages_above_depth=None, packages_select_by_dep=None, packages_skip_by_dep=None, packages_skip_up_to=None, packages_select_build_failed=False, packages_skip_build_finished=False, packages_select_test_failures=False, packages_skip_test_passed=False, packages_select=None, packages_skip=None, packages_select_regex=None, packages_skip_regex=None, packages_start=None, packages_end=None, allow_overriding=[], cmake_args=None, cmake_target=None, cmake_target_skip_unavailable=False, cmake_clean_cache=False, cmake_clean_first=False, cmake_force_configure=False, ament_cmake_args=None, catkin_cmake_args=None, catkin_skip_building_tests=False, verb_parser=<colcon_defaults.argument_parser.defaults.DefaultArgumentsDecorator object at 0x7f13de8b3850>, verb_extension=<colcon_core.verb.build.BuildVerb object at 0x7f13de8b32e0>, main=<bound method BuildVerb.main of <colcon_core.verb.build.BuildVerb object at 0x7f13de8b32e0>>)
[0.281s] Level 1:colcon.colcon_core.package_discovery:discover_packages(colcon_meta) check parameters
[0.281s] Level 1:colcon.colcon_core.package_discovery:discover_packages(recursive) check parameters
[0.281s] Level 1:colcon.colcon_core.package_discovery:discover_packages(ignore) check parameters
[0.281s] Level 1:colcon.colcon_core.package_discovery:discover_packages(path) check parameters
[0.281s] Level 1:colcon.colcon_core.package_discovery:discover_packages(colcon_meta) discover
[0.281s] Level 1:colcon.colcon_core.package_discovery:discover_packages(recursive) discover
[0.281s] INFO:colcon.colcon_core.package_discovery:Crawling recursively for packages in '/home/dl/ROSHW_ws'
[0.281s] Level 1:colcon.colcon_core.package_identification:_identify(.) by extensions ['ignore', 'ignore_ament_install']
[0.281s] Level 1:colcon.colcon_core.package_identification:_identify(.) by extension 'ignore'
[0.281s] Level 1:colcon.colcon_core.package_identification:_identify(.) by extension 'ignore_ament_install'
[0.282s] Level 1:colcon.colcon_core.package_identification:_identify(.) by extensions ['colcon_pkg']
[0.282s] Level 1:colcon.colcon_core.package_identification:_identify(.) by extension 'colcon_pkg'
[0.282s] Level 1:colcon.colcon_core.package_identification:_identify(.) by extensions ['colcon_meta']
[0.282s] Level 1:colcon.colcon_core.package_identification:_identify(.) by extension 'colcon_meta'
[0.282s] Level 1:colcon.colcon_core.package_identification:_identify(.) by extensions ['ros']
[0.282s] Level 1:colcon.colcon_core.package_identification:_identify(.) by extension 'ros'
[0.290s] Level 1:colcon.colcon_core.package_identification:_identify(.) by extensions ['cmake', 'python']
[0.290s] Level 1:colcon.colcon_core.package_identification:_identify(.) by extension 'cmake'
[0.290s] Level 1:colcon.colcon_core.package_identification:_identify(.) by extension 'python'
[0.290s] Level 1:colcon.colcon_core.package_identification:_identify(.) by extensions ['python_setup_py']
[0.290s] Level 1:colcon.colcon_core.package_identification:_identify(.) by extension 'python_setup_py'
[0.290s] Level 1:colcon.colcon_core.package_identification:_identify(build) by extensions ['ignore', 'ignore_ament_install']
[0.290s] Level 1:colcon.colcon_core.package_identification:_identify(build) by extension 'ignore'
[0.290s] Level 1:colcon.colcon_core.package_identification:_identify(build) ignored
[0.290s] Level 1:colcon.colcon_core.package_identification:_identify(install) by extensions ['ignore', 'ignore_ament_install']
[0.290s] Level 1:colcon.colcon_core.package_identification:_identify(install) by extension 'ignore'
[0.290s] Level 1:colcon.colcon_core.package_identification:_identify(install) ignored
[0.290s] Level 1:colcon.colcon_core.package_identification:_identify(log) by extensions ['ignore', 'ignore_ament_install']
[0.290s] Level 1:colcon.colcon_core.package_identification:_identify(log) by extension 'ignore'
[0.290s] Level 1:colcon.colcon_core.package_identification:_identify(log) ignored
[0.290s] Level 1:colcon.colcon_core.package_identification:_identify(src) by extensions ['ignore', 'ignore_ament_install']
[0.290s] Level 1:colcon.colcon_core.package_identification:_identify(src) by extension 'ignore'
[0.291s] Level 1:colcon.colcon_core.package_identification:_identify(src) by extension 'ignore_ament_install'
[0.291s] Level 1:colcon.colcon_core.package_identification:_identify(src) by extensions ['colcon_pkg']
[0.291s] Level 1:colcon.colcon_core.package_identification:_identify(src) by extension 'colcon_pkg'
[0.291s] Level 1:colcon.colcon_core.package_identification:_identify(src) by extensions ['colcon_meta']
[0.291s] Level 1:colcon.colcon_core.package_identification:_identify(src) by extension 'colcon_meta'
[0.291s] Level 1:colcon.colcon_core.package_identification:_identify(src) by extensions ['ros']
[0.291s] Level 1:colcon.colcon_core.package_identification:_identify(src) by extension 'ros'
[0.291s] Level 1:colcon.colcon_core.package_identification:_identify(src) by extensions ['cmake', 'python']
[0.291s] Level 1:colcon.colcon_core.package_identification:_identify(src) by extension 'cmake'
[0.291s] Level 1:colcon.colcon_core.package_identification:_identify(src) by extension 'python'
[0.291s] Level 1:colcon.colcon_core.package_identification:_identify(src) by extensions ['python_setup_py']
[0.291s] Level 1:colcon.colcon_core.package_identification:_identify(src) by extension 'python_setup_py'
[0.291s] Level 1:colcon.colcon_core.package_identification:_identify(src/Mine_pubsub) by extensions ['ignore', 'ignore_ament_install']
[0.291s] Level 1:colcon.colcon_core.package_identification:_identify(src/Mine_pubsub) by extension 'ignore'
[0.291s] Level 1:colcon.colcon_core.package_identification:_identify(src/Mine_pubsub) by extension 'ignore_ament_install'
[0.291s] Level 1:colcon.colcon_core.package_identification:_identify(src/Mine_pubsub) by extensions ['colcon_pkg']
[0.291s] Level 1:colcon.colcon_core.package_identification:_identify(src/Mine_pubsub) by extension 'colcon_pkg'
[0.291s] Level 1:colcon.colcon_core.package_identification:_identify(src/Mine_pubsub) by extensions ['colcon_meta']
[0.291s] Level 1:colcon.colcon_core.package_identification:_identify(src/Mine_pubsub) by extension 'colcon_meta'
[0.291s] Level 1:colcon.colcon_core.package_identification:_identify(src/Mine_pubsub) by extensions ['ros']
[0.291s] Level 1:colcon.colcon_core.package_identification:_identify(src/Mine_pubsub) by extension 'ros'
[0.293s] DEBUG:colcon.colcon_core.package_identification:Package 'src/Mine_pubsub' with type 'ros.ament_cmake' and name 'Mine_pubsub'
[0.293s] Level 1:colcon.colcon_core.package_identification:_identify(src/my_interfaces) by extensions ['ignore', 'ignore_ament_install']
[0.293s] Level 1:colcon.colcon_core.package_identification:_identify(src/my_interfaces) by extension 'ignore'
[0.293s] Level 1:colcon.colcon_core.package_identification:_identify(src/my_interfaces) by extension 'ignore_ament_install'
[0.293s] Level 1:colcon.colcon_core.package_identification:_identify(src/my_interfaces) by extensions ['colcon_pkg']
[0.293s] Level 1:colcon.colcon_core.package_identification:_identify(src/my_interfaces) by extension 'colcon_pkg'
[0.293s] Level 1:colcon.colcon_core.package_identification:_identify(src/my_interfaces) by extensions ['colcon_meta']
[0.293s] Level 1:colcon.colcon_core.package_identification:_identify(src/my_interfaces) by extension 'colcon_meta'
[0.293s] Level 1:colcon.colcon_core.package_identification:_identify(src/my_interfaces) by extensions ['ros']
[0.293s] Level 1:colcon.colcon_core.package_identification:_identify(src/my_interfaces) by extension 'ros'
[0.294s] DEBUG:colcon.colcon_core.package_identification:Package 'src/my_interfaces' with type 'ros.ament_cmake' and name 'my_interfaces'
[0.294s] Level 1:colcon.colcon_core.package_discovery:discover_packages(recursive) using defaults
[0.294s] Level 1:colcon.colcon_core.package_discovery:discover_packages(ignore) discover
[0.294s] Level 1:colcon.colcon_core.package_discovery:discover_packages(ignore) using defaults
[0.294s] Level 1:colcon.colcon_core.package_discovery:discover_packages(path) discover
[0.294s] Level 1:colcon.colcon_core.package_discovery:discover_packages(path) using defaults
[0.313s] Level 1:colcon.colcon_core.package_discovery:discover_packages(prefix_path) check parameters
[0.313s] Level 1:colcon.colcon_core.package_discovery:discover_packages(prefix_path) discover
[0.315s] DEBUG:colcon.colcon_installed_package_information.package_discovery:Found 2 installed packages in /home/dl/ROSHW_ws/install
[0.317s] DEBUG:colcon.colcon_installed_package_information.package_discovery:Found 413 installed packages in /opt/ros/humble
[0.319s] Level 1:colcon.colcon_core.package_discovery:discover_packages(prefix_path) using defaults
[0.379s] Level 5:colcon.colcon_core.verb:set package 'my_interfaces' build argument 'cmake_args' from command line to 'None'
[0.379s] Level 5:colcon.colcon_core.verb:set package 'my_interfaces' build argument 'cmake_target' from command line to 'None'
[0.379s] Level 5:colcon.colcon_core.verb:set package 'my_interfaces' build argument 'cmake_target_skip_unavailable' from command line to 'False'
[0.379s] Level 5:colcon.colcon_core.verb:set package 'my_interfaces' build argument 'cmake_clean_cache' from command line to 'False'
[0.379s] Level 5:colcon.colcon_core.verb:set package 'my_interfaces' build argument 'cmake_clean_first' from command line to 'False'
[0.379s] Level 5:colcon.colcon_core.verb:set package 'my_interfaces' build argument 'cmake_force_configure' from command line to 'False'
[0.379s] Level 5:colcon.colcon_core.verb:set package 'my_interfaces' build argument 'ament_cmake_args' from command line to 'None'
[0.379s] Level 5:colcon.colcon_core.verb:set package 'my_interfaces' build argument 'catkin_cmake_args' from command line to 'None'
[0.379s] Level 5:colcon.colcon_core.verb:set package 'my_interfaces' build argument 'catkin_skip_building_tests' from command line to 'False'
[0.379s] DEBUG:colcon.colcon_core.verb:Building package 'my_interfaces' with the following arguments: {'ament_cmake_args': None, 'build_base': '/home/dl/ROSHW_ws/build/my_interfaces', 'catkin_cmake_args': None, 'catkin_skip_building_tests': False, 'cmake_args': None, 'cmake_clean_cache': False, 'cmake_clean_first': False, 'cmake_force_configure': False, 'cmake_target': None, 'cmake_target_skip_unavailable': False, 'install_base': '/home/dl/ROSHW_ws/install/my_interfaces', 'merge_install': False, 'path': '/home/dl/ROSHW_ws/src/my_interfaces', 'symlink_install': True, 'test_result_base': None}
[0.380s] Level 5:colcon.colcon_core.verb:set package 'Mine_pubsub' build argument 'cmake_args' from command line to 'None'
[0.380s] Level 5:colcon.colcon_core.verb:set package 'Mine_pubsub' build argument 'cmake_target' from command line to 'None'
[0.380s] Level 5:colcon.colcon_core.verb:set package 'Mine_pubsub' build argument 'cmake_target_skip_unavailable' from command line to 'False'
[0.380s] Level 5:colcon.colcon_core.verb:set package 'Mine_pubsub' build argument 'cmake_clean_cache' from command line to 'False'
[0.380s] Level 5:colcon.colcon_core.verb:set package 'Mine_pubsub' build argument 'cmake_clean_first' from command line to 'False'
[0.380s] Level 5:colcon.colcon_core.verb:set package 'Mine_pubsub' build argument 'cmake_force_configure' from command line to 'False'
[0.380s] Level 5:colcon.colcon_core.verb:set package 'Mine_pubsub' build argument 'ament_cmake_args' from command line to 'None'
[0.380s] Level 5:colcon.colcon_core.verb:set package 'Mine_pubsub' build argument 'catkin_cmake_args' from command line to 'None'
[0.380s] Level 5:colcon.colcon_core.verb:set package 'Mine_pubsub' build argument 'catkin_skip_building_tests' from command line to 'False'
[0.380s] DEBUG:colcon.colcon_core.verb:Building package 'Mine_pubsub' with the following arguments: {'ament_cmake_args': None, 'build_base': '/home/dl/ROSHW_ws/build/Mine_pubsub', 'catkin_cmake_args': None, 'catkin_skip_building_tests': False, 'cmake_args': None, 'cmake_clean_cache': False, 'cmake_clean_first': False, 'cmake_force_configure': False, 'cmake_target': None, 'cmake_target_skip_unavailable': False, 'install_base': '/home/dl/ROSHW_ws/install/Mine_pubsub', 'merge_install': False, 'path': '/home/dl/ROSHW_ws/src/Mine_pubsub', 'symlink_install': True, 'test_result_base': None}
[0.380s] INFO:colcon.colcon_core.executor:Executing jobs using 'parallel' executor
[0.383s] DEBUG:colcon.colcon_parallel_executor.executor.parallel:run_until_complete
[0.383s] INFO:colcon.colcon_ros.task.ament_cmake.build:Building ROS package in '/home/dl/ROSHW_ws/src/my_interfaces' with build type 'ament_cmake'
[0.383s] INFO:colcon.colcon_cmake.task.cmake.build:Building CMake package in '/home/dl/ROSHW_ws/src/my_interfaces'
[0.386s] INFO:colcon.colcon_core.plugin_system:Skipping extension 'colcon_core.shell.bat': Not used on non-Windows systems
[0.386s] INFO:colcon.colcon_core.shell:Skip shell extension 'powershell' for command environment: Not usable outside of PowerShell
[0.386s] DEBUG:colcon.colcon_core.shell:Skip shell extension 'dsv' for command environment
[0.395s] DEBUG:colcon.colcon_core.event_handler.log_command:Invoking command in '/home/dl/ROSHW_ws/build/my_interfaces': CMAKE_PREFIX_PATH=${CMAKE_PREFIX_PATH}:/opt/ros/humble /usr/bin/cmake --build /home/dl/ROSHW_ws/build/my_interfaces -- -j16 -l16
[0.662s] DEBUG:colcon.colcon_core.event_handler.log_command:Invoked command in '/home/dl/ROSHW_ws/build/my_interfaces' returned '0': CMAKE_PREFIX_PATH=${CMAKE_PREFIX_PATH}:/opt/ros/humble /usr/bin/cmake --build /home/dl/ROSHW_ws/build/my_interfaces -- -j16 -l16
[0.717s] DEBUG:colcon.colcon_core.event_handler.log_command:Invoking command in '/home/dl/ROSHW_ws/build/my_interfaces': CMAKE_PREFIX_PATH=${CMAKE_PREFIX_PATH}:/opt/ros/humble /usr/bin/cmake --install /home/dl/ROSHW_ws/build/my_interfaces
[0.763s] Level 1:colcon.colcon_core.environment:create_environment_scripts_only(my_interfaces)
[0.764s] DEBUG:colcon.colcon_core.event_handler.log_command:Invoked command in '/home/dl/ROSHW_ws/build/my_interfaces' returned '0': CMAKE_PREFIX_PATH=${CMAKE_PREFIX_PATH}:/opt/ros/humble /usr/bin/cmake --install /home/dl/ROSHW_ws/build/my_interfaces
[0.767s] Level 1:colcon.colcon_core.environment:checking '/home/dl/ROSHW_ws/install/my_interfaces' for CMake module files
[0.767s] Level 1:colcon.colcon_core.environment:checking '/home/dl/ROSHW_ws/install/my_interfaces' for CMake config files
[0.768s] Level 1:colcon.colcon_core.shell:create_environment_hook('my_interfaces', 'cmake_prefix_path')
[0.769s] INFO:colcon.colcon_core.shell:Creating environment hook '/home/dl/ROSHW_ws/install/my_interfaces/share/my_interfaces/hook/cmake_prefix_path.ps1'
[0.769s] INFO:colcon.colcon_core.shell:Creating environment descriptor '/home/dl/ROSHW_ws/install/my_interfaces/share/my_interfaces/hook/cmake_prefix_path.dsv'
[0.769s] INFO:colcon.colcon_core.shell:Creating environment hook '/home/dl/ROSHW_ws/install/my_interfaces/share/my_interfaces/hook/cmake_prefix_path.sh'
[0.770s] Level 1:colcon.colcon_core.environment:checking '/home/dl/ROSHW_ws/install/my_interfaces/lib'
[0.770s] Level 1:colcon.colcon_core.shell:create_environment_hook('my_interfaces', 'ld_library_path_lib')
[0.771s] INFO:colcon.colcon_core.shell:Creating environment hook '/home/dl/ROSHW_ws/install/my_interfaces/share/my_interfaces/hook/ld_library_path_lib.ps1'
[0.771s] INFO:colcon.colcon_core.shell:Creating environment descriptor '/home/dl/ROSHW_ws/install/my_interfaces/share/my_interfaces/hook/ld_library_path_lib.dsv'
[0.771s] INFO:colcon.colcon_core.shell:Creating environment hook '/home/dl/ROSHW_ws/install/my_interfaces/share/my_interfaces/hook/ld_library_path_lib.sh'
[0.772s] Level 1:colcon.colcon_core.environment:checking '/home/dl/ROSHW_ws/install/my_interfaces/bin'
[0.772s] Level 1:colcon.colcon_core.environment:checking '/home/dl/ROSHW_ws/install/my_interfaces/lib/pkgconfig/my_interfaces.pc'
[0.772s] Level 1:colcon.colcon_core.environment:checking '/home/dl/ROSHW_ws/install/my_interfaces/lib/python3.10/site-packages'
[0.772s] Level 1:colcon.colcon_core.environment:checking '/home/dl/ROSHW_ws/install/my_interfaces/bin'
[0.773s] INFO:colcon.colcon_core.shell:Creating package script '/home/dl/ROSHW_ws/install/my_interfaces/share/my_interfaces/package.ps1'
[0.773s] INFO:colcon.colcon_core.shell:Creating package descriptor '/home/dl/ROSHW_ws/install/my_interfaces/share/my_interfaces/package.dsv'
[0.774s] INFO:colcon.colcon_core.shell:Creating package script '/home/dl/ROSHW_ws/install/my_interfaces/share/my_interfaces/package.sh'
[0.774s] INFO:colcon.colcon_core.shell:Creating package script '/home/dl/ROSHW_ws/install/my_interfaces/share/my_interfaces/package.bash'
[0.775s] INFO:colcon.colcon_core.shell:Creating package script '/home/dl/ROSHW_ws/install/my_interfaces/share/my_interfaces/package.zsh'
[0.775s] Level 1:colcon.colcon_core.environment:create_file_with_runtime_dependencies(/home/dl/ROSHW_ws/install/my_interfaces/share/colcon-core/packages/my_interfaces)
[0.822s] Level 1:colcon.colcon_core.environment:create_environment_scripts_only(my_interfaces)
[0.824s] Level 1:colcon.colcon_core.environment:checking '/home/dl/ROSHW_ws/install/my_interfaces' for CMake module files
[0.824s] Level 1:colcon.colcon_core.environment:checking '/home/dl/ROSHW_ws/install/my_interfaces' for CMake config files
[0.825s] Level 1:colcon.colcon_core.shell:create_environment_hook('my_interfaces', 'cmake_prefix_path')
[0.825s] INFO:colcon.colcon_core.shell:Creating environment hook '/home/dl/ROSHW_ws/install/my_interfaces/share/my_interfaces/hook/cmake_prefix_path.ps1'
[0.826s] INFO:colcon.colcon_core.shell:Creating environment descriptor '/home/dl/ROSHW_ws/install/my_interfaces/share/my_interfaces/hook/cmake_prefix_path.dsv'
[0.826s] INFO:colcon.colcon_core.shell:Creating environment hook '/home/dl/ROSHW_ws/install/my_interfaces/share/my_interfaces/hook/cmake_prefix_path.sh'
[0.826s] Level 1:colcon.colcon_core.environment:checking '/home/dl/ROSHW_ws/install/my_interfaces/lib'
[0.827s] Level 1:colcon.colcon_core.shell:create_environment_hook('my_interfaces', 'ld_library_path_lib')
[0.827s] INFO:colcon.colcon_core.shell:Creating environment hook '/home/dl/ROSHW_ws/install/my_interfaces/share/my_interfaces/hook/ld_library_path_lib.ps1'
[0.828s] INFO:colcon.colcon_core.shell:Creating environment descriptor '/home/dl/ROSHW_ws/install/my_interfaces/share/my_interfaces/hook/ld_library_path_lib.dsv'
[0.828s] INFO:colcon.colcon_core.shell:Creating environment hook '/home/dl/ROSHW_ws/install/my_interfaces/share/my_interfaces/hook/ld_library_path_lib.sh'
[0.828s] Level 1:colcon.colcon_core.environment:checking '/home/dl/ROSHW_ws/install/my_interfaces/bin'
[0.828s] Level 1:colcon.colcon_core.environment:checking '/home/dl/ROSHW_ws/install/my_interfaces/lib/pkgconfig/my_interfaces.pc'
[0.828s] Level 1:colcon.colcon_core.environment:checking '/home/dl/ROSHW_ws/install/my_interfaces/lib/python3.10/site-packages'
[0.829s] Level 1:colcon.colcon_core.environment:checking '/home/dl/ROSHW_ws/install/my_interfaces/bin'
[0.829s] INFO:colcon.colcon_core.shell:Creating package script '/home/dl/ROSHW_ws/install/my_interfaces/share/my_interfaces/package.ps1'
[0.830s] INFO:colcon.colcon_core.shell:Creating package descriptor '/home/dl/ROSHW_ws/install/my_interfaces/share/my_interfaces/package.dsv'
[0.830s] INFO:colcon.colcon_core.shell:Creating package script '/home/dl/ROSHW_ws/install/my_interfaces/share/my_interfaces/package.sh'
[0.830s] INFO:colcon.colcon_core.shell:Creating package script '/home/dl/ROSHW_ws/install/my_interfaces/share/my_interfaces/package.bash'
[0.831s] INFO:colcon.colcon_core.shell:Creating package script '/home/dl/ROSHW_ws/install/my_interfaces/share/my_interfaces/package.zsh'
[0.831s] Level 1:colcon.colcon_core.environment:create_file_with_runtime_dependencies(/home/dl/ROSHW_ws/install/my_interfaces/share/colcon-core/packages/my_interfaces)
[0.831s] INFO:colcon.colcon_ros.task.ament_cmake.build:Building ROS package in '/home/dl/ROSHW_ws/src/Mine_pubsub' with build type 'ament_cmake'
[0.831s] INFO:colcon.colcon_cmake.task.cmake.build:Building CMake package in '/home/dl/ROSHW_ws/src/Mine_pubsub'
[0.832s] INFO:colcon.colcon_core.shell:Skip shell extension 'powershell' for command environment: Not usable outside of PowerShell
[0.832s] DEBUG:colcon.colcon_core.shell:Skip shell extension 'dsv' for command environment
[0.840s] DEBUG:colcon.colcon_core.event_handler.log_command:Invoking command in '/home/dl/ROSHW_ws/build/Mine_pubsub': CMAKE_PREFIX_PATH=/home/dl/ROSHW_ws/install/my_interfaces:/home/dl/ROSHW_ws/install/Mine_pubsub:/opt/ros/humble /usr/bin/cmake --build /home/dl/ROSHW_ws/build/Mine_pubsub -- -j16 -l16
[4.157s] DEBUG:colcon.colcon_core.event_handler.log_command:Invoked command in '/home/dl/ROSHW_ws/build/Mine_pubsub' returned '0': CMAKE_PREFIX_PATH=/home/dl/ROSHW_ws/install/my_interfaces:/home/dl/ROSHW_ws/install/Mine_pubsub:/opt/ros/humble /usr/bin/cmake --build /home/dl/ROSHW_ws/build/Mine_pubsub -- -j16 -l16
[4.176s] DEBUG:colcon.colcon_core.event_handler.log_command:Invoking command in '/home/dl/ROSHW_ws/build/Mine_pubsub': CMAKE_PREFIX_PATH=/home/dl/ROSHW_ws/install/my_interfaces:/home/dl/ROSHW_ws/install/Mine_pubsub:/opt/ros/humble /usr/bin/cmake --install /home/dl/ROSHW_ws/build/Mine_pubsub
[4.190s] Level 1:colcon.colcon_core.environment:create_environment_scripts_only(Mine_pubsub)
[4.191s] Level 1:colcon.colcon_core.environment:checking '/home/dl/ROSHW_ws/install/Mine_pubsub' for CMake module files
[4.192s] DEBUG:colcon.colcon_core.event_handler.log_command:Invoked command in '/home/dl/ROSHW_ws/build/Mine_pubsub' returned '0': CMAKE_PREFIX_PATH=/home/dl/ROSHW_ws/install/my_interfaces:/home/dl/ROSHW_ws/install/Mine_pubsub:/opt/ros/humble /usr/bin/cmake --install /home/dl/ROSHW_ws/build/Mine_pubsub
[4.192s] Level 1:colcon.colcon_core.environment:checking '/home/dl/ROSHW_ws/install/Mine_pubsub' for CMake config files
[4.192s] Level 1:colcon.colcon_core.shell:create_environment_hook('Mine_pubsub', 'cmake_prefix_path')
[4.193s] INFO:colcon.colcon_core.shell:Creating environment hook '/home/dl/ROSHW_ws/install/Mine_pubsub/share/Mine_pubsub/hook/cmake_prefix_path.ps1'
[4.193s] INFO:colcon.colcon_core.shell:Creating environment descriptor '/home/dl/ROSHW_ws/install/Mine_pubsub/share/Mine_pubsub/hook/cmake_prefix_path.dsv'
[4.194s] INFO:colcon.colcon_core.shell:Creating environment hook '/home/dl/ROSHW_ws/install/Mine_pubsub/share/Mine_pubsub/hook/cmake_prefix_path.sh'
[4.194s] Level 1:colcon.colcon_core.environment:checking '/home/dl/ROSHW_ws/install/Mine_pubsub/lib'
[4.194s] Level 1:colcon.colcon_core.environment:checking '/home/dl/ROSHW_ws/install/Mine_pubsub/bin'
[4.194s] Level 1:colcon.colcon_core.environment:checking '/home/dl/ROSHW_ws/install/Mine_pubsub/lib/pkgconfig/Mine_pubsub.pc'
[4.194s] Level 1:colcon.colcon_core.environment:checking '/home/dl/ROSHW_ws/install/Mine_pubsub/lib/python3.10/site-packages'
[4.194s] Level 1:colcon.colcon_core.environment:checking '/home/dl/ROSHW_ws/install/Mine_pubsub/bin'
[4.195s] INFO:colcon.colcon_core.shell:Creating package script '/home/dl/ROSHW_ws/install/Mine_pubsub/share/Mine_pubsub/package.ps1'
[4.196s] INFO:colcon.colcon_core.shell:Creating package descriptor '/home/dl/ROSHW_ws/install/Mine_pubsub/share/Mine_pubsub/package.dsv'
[4.196s] INFO:colcon.colcon_core.shell:Creating package script '/home/dl/ROSHW_ws/install/Mine_pubsub/share/Mine_pubsub/package.sh'
[4.196s] INFO:colcon.colcon_core.shell:Creating package script '/home/dl/ROSHW_ws/install/Mine_pubsub/share/Mine_pubsub/package.bash'
[4.196s] INFO:colcon.colcon_core.shell:Creating package script '/home/dl/ROSHW_ws/install/Mine_pubsub/share/Mine_pubsub/package.zsh'
[4.196s] Level 1:colcon.colcon_core.environment:create_file_with_runtime_dependencies(/home/dl/ROSHW_ws/install/Mine_pubsub/share/colcon-core/packages/Mine_pubsub)
[4.216s] Level 1:colcon.colcon_core.environment:create_environment_scripts_only(Mine_pubsub)
[4.217s] Level 1:colcon.colcon_core.environment:checking '/home/dl/ROSHW_ws/install/Mine_pubsub' for CMake module files
[4.218s] Level 1:colcon.colcon_core.environment:checking '/home/dl/ROSHW_ws/install/Mine_pubsub' for CMake config files
[4.218s] Level 1:colcon.colcon_core.shell:create_environment_hook('Mine_pubsub', 'cmake_prefix_path')
[4.219s] INFO:colcon.colcon_core.shell:Creating environment hook '/home/dl/ROSHW_ws/install/Mine_pubsub/share/Mine_pubsub/hook/cmake_prefix_path.ps1'
[4.219s] INFO:colcon.colcon_core.shell:Creating environment descriptor '/home/dl/ROSHW_ws/install/Mine_pubsub/share/Mine_pubsub/hook/cmake_prefix_path.dsv'
[4.219s] INFO:colcon.colcon_core.shell:Creating environment hook '/home/dl/ROSHW_ws/install/Mine_pubsub/share/Mine_pubsub/hook/cmake_prefix_path.sh'
[4.219s] Level 1:colcon.colcon_core.environment:checking '/home/dl/ROSHW_ws/install/Mine_pubsub/lib'
[4.220s] Level 1:colcon.colcon_core.environment:checking '/home/dl/ROSHW_ws/install/Mine_pubsub/bin'
[4.220s] Level 1:colcon.colcon_core.environment:checking '/home/dl/ROSHW_ws/install/Mine_pubsub/lib/pkgconfig/Mine_pubsub.pc'
[4.220s] Level 1:colcon.colcon_core.environment:checking '/home/dl/ROSHW_ws/install/Mine_pubsub/lib/python3.10/site-packages'
[4.220s] Level 1:colcon.colcon_core.environment:checking '/home/dl/ROSHW_ws/install/Mine_pubsub/bin'
[4.221s] INFO:colcon.colcon_core.shell:Creating package script '/home/dl/ROSHW_ws/install/Mine_pubsub/share/Mine_pubsub/package.ps1'
[4.221s] INFO:colcon.colcon_core.shell:Creating package descriptor '/home/dl/ROSHW_ws/install/Mine_pubsub/share/Mine_pubsub/package.dsv'
[4.222s] INFO:colcon.colcon_core.shell:Creating package script '/home/dl/ROSHW_ws/install/Mine_pubsub/share/Mine_pubsub/package.sh'
[4.222s] INFO:colcon.colcon_core.shell:Creating package script '/home/dl/ROSHW_ws/install/Mine_pubsub/share/Mine_pubsub/package.bash'
[4.222s] INFO:colcon.colcon_core.shell:Creating package script '/home/dl/ROSHW_ws/install/Mine_pubsub/share/Mine_pubsub/package.zsh'
[4.223s] Level 1:colcon.colcon_core.environment:create_file_with_runtime_dependencies(/home/dl/ROSHW_ws/install/Mine_pubsub/share/colcon-core/packages/Mine_pubsub)
[4.223s] DEBUG:colcon.colcon_parallel_executor.executor.parallel:closing loop
[4.223s] DEBUG:colcon.colcon_parallel_executor.executor.parallel:loop closed
[4.223s] DEBUG:colcon.colcon_parallel_executor.executor.parallel:run_until_complete finished with '0'
[4.223s] DEBUG:colcon.colcon_core.event_reactor:joining thread
[4.228s] INFO:colcon.colcon_core.plugin_system:Skipping extension 'colcon_notification.desktop_notification.terminal_notifier': Not used on non-Darwin systems
[4.228s] INFO:colcon.colcon_core.plugin_system:Skipping extension 'colcon_notification.desktop_notification.win32': Not used on non-Windows systems
[4.228s] INFO:colcon.colcon_notification.desktop_notification:Sending desktop notification using 'notify2'
[4.237s] DEBUG:colcon.colcon_core.event_reactor:joined thread
[4.240s] INFO:colcon.colcon_core.shell:Creating prefix script '/home/dl/ROSHW_ws/install/local_setup.ps1'
[4.241s] INFO:colcon.colcon_core.shell:Creating prefix util module '/home/dl/ROSHW_ws/install/_local_setup_util_ps1.py'
[4.242s] INFO:colcon.colcon_core.shell:Creating prefix chain script '/home/dl/ROSHW_ws/install/setup.ps1'
[4.243s] INFO:colcon.colcon_core.shell:Creating prefix script '/home/dl/ROSHW_ws/install/local_setup.sh'
[4.243s] INFO:colcon.colcon_core.shell:Creating prefix util module '/home/dl/ROSHW_ws/install/_local_setup_util_sh.py'
[4.244s] INFO:colcon.colcon_core.shell:Creating prefix chain script '/home/dl/ROSHW_ws/install/setup.sh'
[4.245s] INFO:colcon.colcon_core.shell:Creating prefix script '/home/dl/ROSHW_ws/install/local_setup.bash'
[4.245s] INFO:colcon.colcon_core.shell:Creating prefix chain script '/home/dl/ROSHW_ws/install/setup.bash'
[4.246s] INFO:colcon.colcon_core.shell:Creating prefix script '/home/dl/ROSHW_ws/install/local_setup.zsh'
[4.246s] INFO:colcon.colcon_core.shell:Creating prefix chain script '/home/dl/ROSHW_ws/install/setup.zsh'
