[35m[1mConsolidate compiler generated dependencies of target buffertransform[0m
[ 50%] [32mBuilding CXX object CMakeFiles/buffertransform.dir/src/buffertransform.cpp.o[0m
In file included from [01m[K/usr/include/x86_64-linux-gnu/c++/11/bits/c++allocator.h:33[m[K,
                 from [01m[K/usr/include/c++/11/bits/allocator.h:46[m[K,
                 from [01m[K/usr/include/c++/11/unordered_map:40[m[K,
                 from [01m[K/usr/include/c++/11/functional:61[m[K,
                 from [01m[K/home/dl/ROSHW_ws/src/buffertransform/include/buffertransform/buffertransform.hpp:2[m[K,
                 from [01m[K/home/dl/ROSHW_ws/src/buffertransform/src/buffertransform.cpp:1[m[K:
/usr/include/c++/11/ext/new_allocator.h: In instantiation of ‘[01m[Kvoid __gnu_cxx::new_allocator<_Tp>::construct(_Up*, _Args&& ...) [with _Up = Buffertransform; _Args = {char**&}; _Tp = Buffertransform][m[K’:
[01m[K/usr/include/c++/11/bits/alloc_traits.h:516:17:[m[K   required from ‘[01m[Kstatic void std::allocator_traits<std::allocator<_Tp1> >::construct(std::allocator_traits<std::allocator<_Tp1> >::allocator_type&, _Up*, _Args&& ...) [with _Up = Buffertransform; _Args = {char**&}; _Tp = Buffertransform; std::allocator_traits<std::allocator<_Tp1> >::allocator_type = std::allocator<Buffertransform>][m[K’
[01m[K/usr/include/c++/11/bits/shared_ptr_base.h:519:39:[m[K   required from ‘[01m[Kstd::_Sp_counted_ptr_inplace<_Tp, _Alloc, _Lp>::_Sp_counted_ptr_inplace(_Alloc, _Args&& ...) [with _Args = {char**&}; _Tp = Buffertransform; _Alloc = std::allocator<Buffertransform>; __gnu_cxx::_Lock_policy _Lp = __gnu_cxx::_S_atomic][m[K’
[01m[K/usr/include/c++/11/bits/shared_ptr_base.h:650:16:[m[K   required from ‘[01m[Kstd::__shared_count<_Lp>::__shared_count(_Tp*&, std::_Sp_alloc_shared_tag<_Alloc>, _Args&& ...) [with _Tp = Buffertransform; _Alloc = std::allocator<Buffertransform>; _Args = {char**&}; __gnu_cxx::_Lock_policy _Lp = __gnu_cxx::_S_atomic][m[K’
[01m[K/usr/include/c++/11/bits/shared_ptr_base.h:1342:14:[m[K   required from ‘[01m[Kstd::__shared_ptr<_Tp, _Lp>::__shared_ptr(std::_Sp_alloc_shared_tag<_Tp>, _Args&& ...) [with _Alloc = std::allocator<Buffertransform>; _Args = {char**&}; _Tp = Buffertransform; __gnu_cxx::_Lock_policy _Lp = __gnu_cxx::_S_atomic][m[K’
[01m[K/usr/include/c++/11/bits/shared_ptr.h:409:59:[m[K   required from ‘[01m[Kstd::shared_ptr<_Tp>::shared_ptr(std::_Sp_alloc_shared_tag<_Tp>, _Args&& ...) [with _Alloc = std::allocator<Buffertransform>; _Args = {char**&}; _Tp = Buffertransform][m[K’
[01m[K/usr/include/c++/11/bits/shared_ptr.h:862:14:[m[K   required from ‘[01m[Kstd::shared_ptr<_Tp> std::allocate_shared(const _Alloc&, _Args&& ...) [with _Tp = Buffertransform; _Alloc = std::allocator<Buffertransform>; _Args = {char**&}][m[K’
[01m[K/usr/include/c++/11/bits/shared_ptr.h:878:39:[m[K   required from ‘[01m[Kstd::shared_ptr<_Tp> std::make_shared(_Args&& ...) [with _Tp = Buffertransform; _Args = {char**&}][m[K’
[01m[K/home/dl/ROSHW_ws/src/buffertransform/src/buffertransform.cpp:47:49:[m[K   required from here
[01m[K/usr/include/c++/11/ext/new_allocator.h:162:11:[m[K [01;31m[Kerror: [m[Kno matching function for call to ‘[01m[KBuffertransform::Buffertransform(char**&)[m[K’
  162 |         { [01;31m[K::new((void *)__p) _Up(std::forward<_Args>(__args)...)[m[K; }
      |           [01;31m[K^~~~~~~~~~~~~~~~~~~~~~~~~~~~~~~~~~~~~~~~~~~~~~~~~~~~~~[m[K
In file included from [01m[K/home/dl/ROSHW_ws/src/buffertransform/src/buffertransform.cpp:1[m[K:
[01m[K/home/dl/ROSHW_ws/src/buffertransform/include/buffertransform/buffertransform.hpp:18:5:[m[K [01;36m[Knote: [m[Kcandidate: ‘[01m[KBuffertransform::Buffertransform(char*)[m[K’
   18 |     [01;36m[KBuffertransform[m[K(char* argv)
      |     [01;36m[K^~~~~~~~~~~~~~~[m[K
[01m[K/home/dl/ROSHW_ws/src/buffertransform/include/buffertransform/buffertransform.hpp:18:27:[m[K [01;36m[Knote: [m[K  no known conversion for argument 1 from ‘[01m[Kchar**[m[K’ to ‘[01m[Kchar*[m[K’
   18 |     Buffertransform([01;36m[Kchar* argv[m[K)
      |                     [01;36m[K~~~~~~^~~~[m[K
gmake[2]: *** [CMakeFiles/buffertransform.dir/build.make:76：CMakeFiles/buffertransform.dir/src/buffertransform.cpp.o] 错误 1
gmake[1]: *** [CMakeFiles/Makefile2:137：CMakeFiles/buffertransform.dir/all] 错误 2
gmake: *** [Makefile:146：all] 错误 2
