[0.008s] Invoking command in '/home/dl/ROSHW_ws/build/Mine_pubsub': AMENT_PREFIX_PATH=/home/dl/ROSHW_ws/install/my_interfaces:${AMENT_PREFIX_PATH} CMAKE_PREFIX_PATH=/home/dl/ROSHW_ws/install/my_interfaces:/opt/ros/humble LD_LIBRARY_PATH=/home/dl/ROSHW_ws/install/my_interfaces/lib:${LD_LIBRARY_PATH} PYTHONPATH=/home/dl/ROSHW_ws/install/my_interfaces/local/lib/python3.10/dist-packages:${PYTHONPATH} /usr/bin/cmake --build /home/dl/ROSHW_ws/build/Mine_pubsub -- -j16 -l16
[0.040s] [35m[1mConsolidate compiler generated dependencies of target oreyard[0m
[0.050s] [ 25%] [32mBuilding CXX object CMakeFiles/miner.dir/src/subscriber_miner.cpp.o[0m
[0.054s] [ 50%] [32mBuilding CXX object CMakeFiles/oreyard.dir/src/publisher_oreyard.cpp.o[0m
[3.602s] [ 75%] [32m[1mLinking CXX executable oreyard[0m
[3.744s] [ 75%] Built target oreyard
[6.352s] [100%] [32m[1mLinking CXX executable miner[0m
[6.598s] [100%] Built target miner
[6.606s] Invoked command in '/home/dl/ROSHW_ws/build/Mine_pubsub' returned '0': AMENT_PREFIX_PATH=/home/dl/ROSHW_ws/install/my_interfaces:${AMENT_PREFIX_PATH} CMAKE_PREFIX_PATH=/home/dl/ROSHW_ws/install/my_interfaces:/opt/ros/humble LD_LIBRARY_PATH=/home/dl/ROSHW_ws/install/my_interfaces/lib:${LD_LIBRARY_PATH} PYTHONPATH=/home/dl/ROSHW_ws/install/my_interfaces/local/lib/python3.10/dist-packages:${PYTHONPATH} /usr/bin/cmake --build /home/dl/ROSHW_ws/build/Mine_pubsub -- -j16 -l16
[6.625s] Invoking command in '/home/dl/ROSHW_ws/build/Mine_pubsub': AMENT_PREFIX_PATH=/home/dl/ROSHW_ws/install/my_interfaces:${AMENT_PREFIX_PATH} CMAKE_PREFIX_PATH=/home/dl/ROSHW_ws/install/my_interfaces:/opt/ros/humble LD_LIBRARY_PATH=/home/dl/ROSHW_ws/install/my_interfaces/lib:${LD_LIBRARY_PATH} PYTHONPATH=/home/dl/ROSHW_ws/install/my_interfaces/local/lib/python3.10/dist-packages:${PYTHONPATH} /usr/bin/cmake --install /home/dl/ROSHW_ws/build/Mine_pubsub
[6.629s] -- Install configuration: ""
[6.629s] -- Execute custom install script
[6.630s] -- Up-to-date symlink: /home/dl/ROSHW_ws/install/Mine_pubsub/lib/Mine_pubsub/oreyard
[6.630s] -- Up-to-date symlink: /home/dl/ROSHW_ws/install/Mine_pubsub/lib/Mine_pubsub/miner
[6.630s] -- Up-to-date symlink: /home/dl/ROSHW_ws/install/Mine_pubsub/share/ament_index/resource_index/package_run_dependencies/Mine_pubsub
[6.630s] -- Up-to-date symlink: /home/dl/ROSHW_ws/install/Mine_pubsub/share/ament_index/resource_index/parent_prefix_path/Mine_pubsub
[6.630s] -- Up-to-date symlink: /home/dl/ROSHW_ws/install/Mine_pubsub/share/Mine_pubsub/environment/ament_prefix_path.sh
[6.630s] -- Up-to-date symlink: /home/dl/ROSHW_ws/install/Mine_pubsub/share/Mine_pubsub/environment/ament_prefix_path.dsv
[6.630s] -- Up-to-date symlink: /home/dl/ROSHW_ws/install/Mine_pubsub/share/Mine_pubsub/environment/path.sh
[6.630s] -- Up-to-date symlink: /home/dl/ROSHW_ws/install/Mine_pubsub/share/Mine_pubsub/environment/path.dsv
[6.630s] -- Up-to-date symlink: /home/dl/ROSHW_ws/install/Mine_pubsub/share/Mine_pubsub/local_setup.bash
[6.630s] -- Up-to-date symlink: /home/dl/ROSHW_ws/install/Mine_pubsub/share/Mine_pubsub/local_setup.sh
[6.630s] -- Up-to-date symlink: /home/dl/ROSHW_ws/install/Mine_pubsub/share/Mine_pubsub/local_setup.zsh
[6.631s] -- Up-to-date symlink: /home/dl/ROSHW_ws/install/Mine_pubsub/share/Mine_pubsub/local_setup.dsv
[6.631s] -- Symlinking: /home/dl/ROSHW_ws/install/Mine_pubsub/share/Mine_pubsub/package.dsv
[6.636s] -- Up-to-date symlink: /home/dl/ROSHW_ws/install/Mine_pubsub/share/ament_index/resource_index/packages/Mine_pubsub
[6.636s] -- Up-to-date symlink: /home/dl/ROSHW_ws/install/Mine_pubsub/share/Mine_pubsub/cmake/Mine_pubsubConfig.cmake
[6.636s] -- Up-to-date symlink: /home/dl/ROSHW_ws/install/Mine_pubsub/share/Mine_pubsub/cmake/Mine_pubsubConfig-version.cmake
[6.636s] -- Up-to-date symlink: /home/dl/ROSHW_ws/install/Mine_pubsub/share/Mine_pubsub/package.xml
[6.639s] Invoked command in '/home/dl/ROSHW_ws/build/Mine_pubsub' returned '0': AMENT_PREFIX_PATH=/home/dl/ROSHW_ws/install/my_interfaces:${AMENT_PREFIX_PATH} CMAKE_PREFIX_PATH=/home/dl/ROSHW_ws/install/my_interfaces:/opt/ros/humble LD_LIBRARY_PATH=/home/dl/ROSHW_ws/install/my_interfaces/lib:${LD_LIBRARY_PATH} PYTHONPATH=/home/dl/ROSHW_ws/install/my_interfaces/local/lib/python3.10/dist-packages:${PYTHONPATH} /usr/bin/cmake --install /home/dl/ROSHW_ws/build/Mine_pubsub
