-- Found ament_cmake: 1.3.5 (/opt/ros/humble/share/ament_cmake/cmake)
-- Override CMake install command with custom implementation using symlinks instead of copying resources
-- Found rosidl_default_generators: 1.2.0 (/opt/ros/humble/share/rosidl_default_generators/cmake)
-- Using all available rosidl_typesupport_c: rosidl_typesupport_fastrtps_c;rosidl_typesupport_introspection_c
-- Found rosidl_adapter: 3.1.5 (/opt/ros/humble/share/rosidl_adapter/cmake)
-- Using all available rosidl_typesupport_cpp: rosidl_typesupport_fastrtps_cpp;rosidl_typesupport_introspection_cpp
-- Found geometry_msgs: 4.2.3 (/opt/ros/humble/share/geometry_msgs/cmake)
-- Found ament_cmake_ros: 0.10.0 (/opt/ros/humble/share/ament_cmake_ros/cmake)
-- Using all available rosidl_typesupport_c: rosidl_typesupport_fastrtps_c;rosidl_typesupport_introspection_c
-- Using all available rosidl_typesupport_cpp: rosidl_typesupport_fastrtps_cpp;rosidl_typesupport_introspection_cpp
-- Found python_cmake_module: 0.10.0 (/opt/ros/humble/share/python_cmake_module/cmake)
-- Using PYTHON_EXECUTABLE: /usr/bin/python3
-- Using PYTHON_INCLUDE_DIRS: /usr/include/python3.10
-- Using PYTHON_LIBRARIES: /usr/lib/x86_64-linux-gnu/libpython3.10.so
-- Configuring done
-- Generating done
-- Build files have been written to: /home/dl/ROSHW_ws/build/my_interfaces
[  2%] [34m[1mGenerating C code for ROS interfaces[0m
[  5%] [34m[1mGenerating C++ code for ROS interfaces[0m
[  5%] Built target ament_cmake_python_symlink_my_interfaces
[  5%] Built target my_interfaces__cpp
running egg_info
writing my_interfaces.egg-info/PKG-INFO
writing dependency_links to my_interfaces.egg-info/dependency_links.txt
writing top-level names to my_interfaces.egg-info/top_level.txt
reading manifest file 'my_interfaces.egg-info/SOURCES.txt'
writing manifest file 'my_interfaces.egg-info/SOURCES.txt'
[ 12%] [34m[1mGenerating C++ type support for eProsima Fast-RTPS[0m
[ 12%] [34m[1mGenerating C++ type support dispatch for ROS interfaces[0m
[ 12%] [34m[1mGenerating C++ introspection for ROS interfaces[0m
[35m[1mConsolidate compiler generated dependencies of target my_interfaces__rosidl_generator_c[0m
[ 17%] [32mBuilding C object CMakeFiles/my_interfaces__rosidl_generator_c.dir/rosidl_generator_c/my_interfaces/msg/detail/mineral__functions.c.o[0m
[ 17%] [32mBuilding C object CMakeFiles/my_interfaces__rosidl_generator_c.dir/rosidl_generator_c/my_interfaces/msg/detail/mineral_array__functions.c.o[0m
[ 17%] Built target ament_cmake_python_build_my_interfaces_egg
[ 20%] [32m[1mLinking C shared library libmy_interfaces__rosidl_generator_c.so[0m
[ 20%] Built target my_interfaces__rosidl_generator_c
[ 28%] [34m[1mGenerating C introspection for ROS interfaces[0m
[ 28%] [34m[1mGenerating C type support dispatch for ROS interfaces[0m
[ 28%] [34m[1mGenerating C type support for eProsima Fast-RTPS[0m
[35m[1mConsolidate compiler generated dependencies of target my_interfaces__rosidl_typesupport_cpp[0m
[ 30%] [32mBuilding CXX object CMakeFiles/my_interfaces__rosidl_typesupport_cpp.dir/rosidl_typesupport_cpp/my_interfaces/msg/mineral__type_support.cpp.o[0m
[ 33%] [32mBuilding CXX object CMakeFiles/my_interfaces__rosidl_typesupport_cpp.dir/rosidl_typesupport_cpp/my_interfaces/msg/mineral_array__type_support.cpp.o[0m
[35m[1mConsolidate compiler generated dependencies of target my_interfaces__rosidl_typesupport_introspection_cpp[0m
[ 38%] [32mBuilding CXX object CMakeFiles/my_interfaces__rosidl_typesupport_introspection_cpp.dir/rosidl_typesupport_introspection_cpp/my_interfaces/msg/detail/mineral__type_support.cpp.o[0m
[ 38%] [32mBuilding CXX object CMakeFiles/my_interfaces__rosidl_typesupport_introspection_cpp.dir/rosidl_typesupport_introspection_cpp/my_interfaces/msg/detail/mineral_array__type_support.cpp.o[0m
[35m[1mConsolidate compiler generated dependencies of target my_interfaces__rosidl_typesupport_fastrtps_cpp[0m
[ 41%] [32mBuilding CXX object CMakeFiles/my_interfaces__rosidl_typesupport_fastrtps_cpp.dir/rosidl_typesupport_fastrtps_cpp/my_interfaces/msg/detail/dds_fastrtps/mineral__type_support.cpp.o[0m
[ 43%] [32mBuilding CXX object CMakeFiles/my_interfaces__rosidl_typesupport_fastrtps_cpp.dir/rosidl_typesupport_fastrtps_cpp/my_interfaces/msg/detail/dds_fastrtps/mineral_array__type_support.cpp.o[0m
[35m[1mConsolidate compiler generated dependencies of target my_interfaces__rosidl_typesupport_c[0m
[ 46%] [32mBuilding CXX object CMakeFiles/my_interfaces__rosidl_typesupport_c.dir/rosidl_typesupport_c/my_interfaces/msg/mineral__type_support.cpp.o[0m
[ 48%] [32mBuilding CXX object CMakeFiles/my_interfaces__rosidl_typesupport_c.dir/rosidl_typesupport_c/my_interfaces/msg/mineral_array__type_support.cpp.o[0m
[35m[1mConsolidate compiler generated dependencies of target my_interfaces__rosidl_typesupport_introspection_c[0m
[ 51%] [32m[1mLinking CXX shared library libmy_interfaces__rosidl_typesupport_c.so[0m
[ 56%] [32mBuilding C object CMakeFiles/my_interfaces__rosidl_typesupport_introspection_c.dir/rosidl_typesupport_introspection_c/my_interfaces/msg/detail/mineral__type_support.c.o[0m
[ 56%] [32mBuilding C object CMakeFiles/my_interfaces__rosidl_typesupport_introspection_c.dir/rosidl_typesupport_introspection_c/my_interfaces/msg/detail/mineral_array__type_support.c.o[0m
[35m[1mConsolidate compiler generated dependencies of target my_interfaces__rosidl_typesupport_fastrtps_c[0m
[ 58%] [32mBuilding CXX object CMakeFiles/my_interfaces__rosidl_typesupport_fastrtps_c.dir/rosidl_typesupport_fastrtps_c/my_interfaces/msg/detail/mineral__type_support_c.cpp.o[0m
[ 61%] [32mBuilding CXX object CMakeFiles/my_interfaces__rosidl_typesupport_fastrtps_c.dir/rosidl_typesupport_fastrtps_c/my_interfaces/msg/detail/mineral_array__type_support_c.cpp.o[0m
[ 64%] [32m[1mLinking C shared library libmy_interfaces__rosidl_typesupport_introspection_c.so[0m
[ 64%] Built target my_interfaces__rosidl_typesupport_c
[ 64%] Built target my_interfaces__rosidl_typesupport_introspection_c
[ 66%] [32m[1mLinking CXX shared library libmy_interfaces__rosidl_typesupport_cpp.so[0m
[ 66%] Built target my_interfaces__rosidl_typesupport_cpp
[ 69%] [32m[1mLinking CXX shared library libmy_interfaces__rosidl_typesupport_introspection_cpp.so[0m
[ 71%] [32m[1mLinking CXX shared library libmy_interfaces__rosidl_typesupport_fastrtps_c.so[0m
[ 71%] Built target my_interfaces__rosidl_typesupport_introspection_cpp
[ 74%] [32m[1mLinking CXX shared library libmy_interfaces__rosidl_typesupport_fastrtps_cpp.so[0m
[ 74%] Built target my_interfaces__rosidl_typesupport_fastrtps_c
[ 74%] Built target my_interfaces__rosidl_typesupport_fastrtps_cpp
[ 74%] Built target my_interfaces
[ 76%] [34m[1mGenerating Python code for ROS interfaces[0m
[ 76%] Built target my_interfaces__py
[35m[1mConsolidate compiler generated dependencies of target my_interfaces__rosidl_generator_py[0m
[ 82%] [32mBuilding C object CMakeFiles/my_interfaces__rosidl_generator_py.dir/rosidl_generator_py/my_interfaces/msg/_mineral_s.c.o[0m
[ 82%] [32mBuilding C object CMakeFiles/my_interfaces__rosidl_generator_py.dir/rosidl_generator_py/my_interfaces/msg/_mineral_array_s.c.o[0m
[ 84%] [32m[1mLinking C shared library rosidl_generator_py/my_interfaces/libmy_interfaces__rosidl_generator_py.so[0m
[ 84%] Built target my_interfaces__rosidl_generator_py
[35m[1mConsolidate compiler generated dependencies of target my_interfaces__rosidl_typesupport_c__pyext[0m
[35m[1mConsolidate compiler generated dependencies of target my_interfaces__rosidl_typesupport_fastrtps_c__pyext[0m
[35m[1mConsolidate compiler generated dependencies of target my_interfaces__rosidl_typesupport_introspection_c__pyext[0m
[ 92%] [32mBuilding C object CMakeFiles/my_interfaces__rosidl_typesupport_fastrtps_c__pyext.dir/rosidl_generator_py/my_interfaces/_my_interfaces_s.ep.rosidl_typesupport_fastrtps_c.c.o[0m
[ 92%] [32mBuilding C object CMakeFiles/my_interfaces__rosidl_typesupport_introspection_c__pyext.dir/rosidl_generator_py/my_interfaces/_my_interfaces_s.ep.rosidl_typesupport_introspection_c.c.o[0m
[ 92%] [32mBuilding C object CMakeFiles/my_interfaces__rosidl_typesupport_c__pyext.dir/rosidl_generator_py/my_interfaces/_my_interfaces_s.ep.rosidl_typesupport_c.c.o[0m
[100%] [32m[1mLinking C shared library rosidl_generator_py/my_interfaces/my_interfaces_s__rosidl_typesupport_introspection_c.cpython-310-x86_64-linux-gnu.so[0m
[100%] [32m[1mLinking C shared library rosidl_generator_py/my_interfaces/my_interfaces_s__rosidl_typesupport_c.cpython-310-x86_64-linux-gnu.so[0m
[100%] [32m[1mLinking C shared library rosidl_generator_py/my_interfaces/my_interfaces_s__rosidl_typesupport_fastrtps_c.cpython-310-x86_64-linux-gnu.so[0m
[100%] Built target my_interfaces__rosidl_typesupport_fastrtps_c__pyext
[100%] Built target my_interfaces__rosidl_typesupport_c__pyext
[100%] Built target my_interfaces__rosidl_typesupport_introspection_c__pyext
-- Install configuration: ""
-- Execute custom install script
-- Up-to-date symlink: /home/dl/ROSHW_ws/install/my_interfaces/share/ament_index/resource_index/rosidl_interfaces/my_interfaces
-- Up-to-date symlink: /home/dl/ROSHW_ws/install/my_interfaces/include/my_interfaces/my_interfaces/msg/detail/mineral__functions.h
-- Up-to-date symlink: /home/dl/ROSHW_ws/install/my_interfaces/include/my_interfaces/my_interfaces/msg/detail/mineral__struct.h
-- Up-to-date symlink: /home/dl/ROSHW_ws/install/my_interfaces/include/my_interfaces/my_interfaces/msg/detail/mineral__type_support.h
-- Up-to-date symlink: /home/dl/ROSHW_ws/install/my_interfaces/include/my_interfaces/my_interfaces/msg/detail/mineral_array__functions.h
-- Up-to-date symlink: /home/dl/ROSHW_ws/install/my_interfaces/include/my_interfaces/my_interfaces/msg/detail/mineral_array__struct.h
-- Up-to-date symlink: /home/dl/ROSHW_ws/install/my_interfaces/include/my_interfaces/my_interfaces/msg/detail/mineral_array__type_support.h
-- Up-to-date symlink: /home/dl/ROSHW_ws/install/my_interfaces/include/my_interfaces/my_interfaces/msg/mineral.h
-- Up-to-date symlink: /home/dl/ROSHW_ws/install/my_interfaces/include/my_interfaces/my_interfaces/msg/mineral_array.h
-- Up-to-date symlink: /home/dl/ROSHW_ws/install/my_interfaces/include/my_interfaces/my_interfaces/msg/rosidl_generator_c__visibility_control.h
-- Up-to-date symlink: /home/dl/ROSHW_ws/install/my_interfaces/share/my_interfaces/environment/library_path.sh
-- Up-to-date symlink: /home/dl/ROSHW_ws/install/my_interfaces/share/my_interfaces/environment/library_path.dsv
-- Up-to-date symlink: /home/dl/ROSHW_ws/install/my_interfaces/include/my_interfaces/my_interfaces/msg/detail/mineral__rosidl_typesupport_fastrtps_c.h
-- Up-to-date symlink: /home/dl/ROSHW_ws/install/my_interfaces/include/my_interfaces/my_interfaces/msg/detail/mineral_array__rosidl_typesupport_fastrtps_c.h
-- Up-to-date symlink: /home/dl/ROSHW_ws/install/my_interfaces/include/my_interfaces/my_interfaces/msg/rosidl_typesupport_fastrtps_c__visibility_control.h
-- Up-to-date symlink: /home/dl/ROSHW_ws/install/my_interfaces/include/my_interfaces/my_interfaces/msg/detail/mineral__rosidl_typesupport_introspection_c.h
-- Up-to-date symlink: /home/dl/ROSHW_ws/install/my_interfaces/include/my_interfaces/my_interfaces/msg/detail/mineral_array__rosidl_typesupport_introspection_c.h
-- Up-to-date symlink: /home/dl/ROSHW_ws/install/my_interfaces/include/my_interfaces/my_interfaces/msg/rosidl_typesupport_introspection_c__visibility_control.h
-- Up-to-date symlink: /home/dl/ROSHW_ws/install/my_interfaces/include/my_interfaces/my_interfaces/msg/detail/mineral__builder.hpp
-- Up-to-date symlink: /home/dl/ROSHW_ws/install/my_interfaces/include/my_interfaces/my_interfaces/msg/detail/mineral__struct.hpp
-- Up-to-date symlink: /home/dl/ROSHW_ws/install/my_interfaces/include/my_interfaces/my_interfaces/msg/detail/mineral__traits.hpp
-- Up-to-date symlink: /home/dl/ROSHW_ws/install/my_interfaces/include/my_interfaces/my_interfaces/msg/detail/mineral_array__builder.hpp
-- Up-to-date symlink: /home/dl/ROSHW_ws/install/my_interfaces/include/my_interfaces/my_interfaces/msg/detail/mineral_array__struct.hpp
-- Up-to-date symlink: /home/dl/ROSHW_ws/install/my_interfaces/include/my_interfaces/my_interfaces/msg/detail/mineral_array__traits.hpp
-- Up-to-date symlink: /home/dl/ROSHW_ws/install/my_interfaces/include/my_interfaces/my_interfaces/msg/mineral.hpp
-- Up-to-date symlink: /home/dl/ROSHW_ws/install/my_interfaces/include/my_interfaces/my_interfaces/msg/mineral_array.hpp
-- Up-to-date symlink: /home/dl/ROSHW_ws/install/my_interfaces/include/my_interfaces/my_interfaces/msg/detail/mineral__rosidl_typesupport_fastrtps_cpp.hpp
-- Up-to-date symlink: /home/dl/ROSHW_ws/install/my_interfaces/include/my_interfaces/my_interfaces/msg/detail/mineral_array__rosidl_typesupport_fastrtps_cpp.hpp
-- Up-to-date symlink: /home/dl/ROSHW_ws/install/my_interfaces/include/my_interfaces/my_interfaces/msg/rosidl_typesupport_fastrtps_cpp__visibility_control.h
-- Up-to-date symlink: /home/dl/ROSHW_ws/install/my_interfaces/include/my_interfaces/my_interfaces/msg/detail/mineral__rosidl_typesupport_introspection_cpp.hpp
-- Up-to-date symlink: /home/dl/ROSHW_ws/install/my_interfaces/include/my_interfaces/my_interfaces/msg/detail/mineral_array__rosidl_typesupport_introspection_cpp.hpp
-- Up-to-date symlink: /home/dl/ROSHW_ws/install/my_interfaces/share/my_interfaces/environment/pythonpath.sh
-- Up-to-date symlink: /home/dl/ROSHW_ws/install/my_interfaces/share/my_interfaces/environment/pythonpath.dsv
-- Up-to-date symlink: /home/dl/ROSHW_ws/install/my_interfaces/local/lib/python3.10/dist-packages/my_interfaces-0.0.0-py3.10.egg-info/PKG-INFO
-- Up-to-date symlink: /home/dl/ROSHW_ws/install/my_interfaces/local/lib/python3.10/dist-packages/my_interfaces-0.0.0-py3.10.egg-info/SOURCES.txt
-- Up-to-date symlink: /home/dl/ROSHW_ws/install/my_interfaces/local/lib/python3.10/dist-packages/my_interfaces-0.0.0-py3.10.egg-info/dependency_links.txt
-- Up-to-date symlink: /home/dl/ROSHW_ws/install/my_interfaces/local/lib/python3.10/dist-packages/my_interfaces-0.0.0-py3.10.egg-info/top_level.txt
-- Up-to-date symlink: /home/dl/ROSHW_ws/install/my_interfaces/local/lib/python3.10/dist-packages/my_interfaces/__init__.py
-- Up-to-date symlink: /home/dl/ROSHW_ws/install/my_interfaces/local/lib/python3.10/dist-packages/my_interfaces/_my_interfaces_s.ep.rosidl_typesupport_c.c
-- Up-to-date symlink: /home/dl/ROSHW_ws/install/my_interfaces/local/lib/python3.10/dist-packages/my_interfaces/_my_interfaces_s.ep.rosidl_typesupport_fastrtps_c.c
-- Up-to-date symlink: /home/dl/ROSHW_ws/install/my_interfaces/local/lib/python3.10/dist-packages/my_interfaces/_my_interfaces_s.ep.rosidl_typesupport_introspection_c.c
-- Up-to-date symlink: /home/dl/ROSHW_ws/install/my_interfaces/local/lib/python3.10/dist-packages/my_interfaces/libmy_interfaces__rosidl_generator_py.so
-- Up-to-date symlink: /home/dl/ROSHW_ws/install/my_interfaces/local/lib/python3.10/dist-packages/my_interfaces/msg/__init__.py
-- Up-to-date symlink: /home/dl/ROSHW_ws/install/my_interfaces/local/lib/python3.10/dist-packages/my_interfaces/msg/_mineral.py
-- Up-to-date symlink: /home/dl/ROSHW_ws/install/my_interfaces/local/lib/python3.10/dist-packages/my_interfaces/msg/_mineral_array.py
-- Up-to-date symlink: /home/dl/ROSHW_ws/install/my_interfaces/local/lib/python3.10/dist-packages/my_interfaces/msg/_mineral_array_s.c
-- Up-to-date symlink: /home/dl/ROSHW_ws/install/my_interfaces/local/lib/python3.10/dist-packages/my_interfaces/msg/_mineral_s.c
-- Up-to-date symlink: /home/dl/ROSHW_ws/install/my_interfaces/local/lib/python3.10/dist-packages/my_interfaces/my_interfaces_s__rosidl_typesupport_c.cpython-310-x86_64-linux-gnu.so
-- Up-to-date symlink: /home/dl/ROSHW_ws/install/my_interfaces/local/lib/python3.10/dist-packages/my_interfaces/my_interfaces_s__rosidl_typesupport_fastrtps_c.cpython-310-x86_64-linux-gnu.so
-- Up-to-date symlink: /home/dl/ROSHW_ws/install/my_interfaces/local/lib/python3.10/dist-packages/my_interfaces/my_interfaces_s__rosidl_typesupport_introspection_c.cpython-310-x86_64-linux-gnu.so
-- Up-to-date symlink: /home/dl/ROSHW_ws/install/my_interfaces/local/lib/python3.10/dist-packages/my_interfaces/my_interfaces_s__rosidl_typesupport_fastrtps_c.cpython-310-x86_64-linux-gnu.so
-- Up-to-date symlink: /home/dl/ROSHW_ws/install/my_interfaces/local/lib/python3.10/dist-packages/my_interfaces/my_interfaces_s__rosidl_typesupport_introspection_c.cpython-310-x86_64-linux-gnu.so
-- Up-to-date symlink: /home/dl/ROSHW_ws/install/my_interfaces/local/lib/python3.10/dist-packages/my_interfaces/my_interfaces_s__rosidl_typesupport_c.cpython-310-x86_64-linux-gnu.so
-- Up-to-date symlink: /home/dl/ROSHW_ws/install/my_interfaces/share/my_interfaces/msg/Mineral.idl
-- Up-to-date symlink: /home/dl/ROSHW_ws/install/my_interfaces/share/my_interfaces/msg/MineralArray.idl
-- Up-to-date symlink: /home/dl/ROSHW_ws/install/my_interfaces/share/my_interfaces/msg/Mineral.msg
-- Up-to-date symlink: /home/dl/ROSHW_ws/install/my_interfaces/share/my_interfaces/msg/MineralArray.msg
-- Up-to-date symlink: /home/dl/ROSHW_ws/install/my_interfaces/share/ament_index/resource_index/package_run_dependencies/my_interfaces
-- Up-to-date symlink: /home/dl/ROSHW_ws/install/my_interfaces/share/ament_index/resource_index/parent_prefix_path/my_interfaces
-- Up-to-date symlink: /home/dl/ROSHW_ws/install/my_interfaces/share/my_interfaces/environment/ament_prefix_path.sh
-- Up-to-date symlink: /home/dl/ROSHW_ws/install/my_interfaces/share/my_interfaces/environment/ament_prefix_path.dsv
-- Up-to-date symlink: /home/dl/ROSHW_ws/install/my_interfaces/share/my_interfaces/environment/path.sh
-- Up-to-date symlink: /home/dl/ROSHW_ws/install/my_interfaces/share/my_interfaces/environment/path.dsv
-- Up-to-date symlink: /home/dl/ROSHW_ws/install/my_interfaces/share/my_interfaces/local_setup.bash
-- Up-to-date symlink: /home/dl/ROSHW_ws/install/my_interfaces/share/my_interfaces/local_setup.sh
-- Up-to-date symlink: /home/dl/ROSHW_ws/install/my_interfaces/share/my_interfaces/local_setup.zsh
-- Up-to-date symlink: /home/dl/ROSHW_ws/install/my_interfaces/share/my_interfaces/local_setup.dsv
-- Symlinking: /home/dl/ROSHW_ws/install/my_interfaces/share/my_interfaces/package.dsv
-- Up-to-date symlink: /home/dl/ROSHW_ws/install/my_interfaces/share/ament_index/resource_index/packages/my_interfaces
-- Up-to-date symlink: /home/dl/ROSHW_ws/install/my_interfaces/share/my_interfaces/cmake/rosidl_cmake-extras.cmake
-- Up-to-date symlink: /home/dl/ROSHW_ws/install/my_interfaces/share/my_interfaces/cmake/ament_cmake_export_dependencies-extras.cmake
-- Up-to-date symlink: /home/dl/ROSHW_ws/install/my_interfaces/share/my_interfaces/cmake/ament_cmake_export_include_directories-extras.cmake
-- Up-to-date symlink: /home/dl/ROSHW_ws/install/my_interfaces/share/my_interfaces/cmake/ament_cmake_export_libraries-extras.cmake
-- Up-to-date symlink: /home/dl/ROSHW_ws/install/my_interfaces/share/my_interfaces/cmake/ament_cmake_export_targets-extras.cmake
-- Up-to-date symlink: /home/dl/ROSHW_ws/install/my_interfaces/share/my_interfaces/cmake/rosidl_cmake_export_typesupport_targets-extras.cmake
-- Up-to-date symlink: /home/dl/ROSHW_ws/install/my_interfaces/share/my_interfaces/cmake/rosidl_cmake_export_typesupport_libraries-extras.cmake
-- Up-to-date symlink: /home/dl/ROSHW_ws/install/my_interfaces/share/my_interfaces/cmake/my_interfacesConfig.cmake
-- Up-to-date symlink: /home/dl/ROSHW_ws/install/my_interfaces/share/my_interfaces/cmake/my_interfacesConfig-version.cmake
-- Up-to-date symlink: /home/dl/ROSHW_ws/install/my_interfaces/share/my_interfaces/package.xml
-- Installing: /home/dl/ROSHW_ws/install/my_interfaces/lib/libmy_interfaces__rosidl_generator_c.so
-- Set runtime path of "/home/dl/ROSHW_ws/install/my_interfaces/lib/libmy_interfaces__rosidl_generator_c.so" to ""
-- Installing: /home/dl/ROSHW_ws/install/my_interfaces/lib/libmy_interfaces__rosidl_typesupport_fastrtps_c.so
-- Set runtime path of "/home/dl/ROSHW_ws/install/my_interfaces/lib/libmy_interfaces__rosidl_typesupport_fastrtps_c.so" to ""
-- Installing: /home/dl/ROSHW_ws/install/my_interfaces/lib/libmy_interfaces__rosidl_typesupport_introspection_c.so
-- Set runtime path of "/home/dl/ROSHW_ws/install/my_interfaces/lib/libmy_interfaces__rosidl_typesupport_introspection_c.so" to ""
-- Installing: /home/dl/ROSHW_ws/install/my_interfaces/lib/libmy_interfaces__rosidl_typesupport_c.so
-- Set runtime path of "/home/dl/ROSHW_ws/install/my_interfaces/lib/libmy_interfaces__rosidl_typesupport_c.so" to ""
-- Installing: /home/dl/ROSHW_ws/install/my_interfaces/lib/libmy_interfaces__rosidl_typesupport_fastrtps_cpp.so
-- Set runtime path of "/home/dl/ROSHW_ws/install/my_interfaces/lib/libmy_interfaces__rosidl_typesupport_fastrtps_cpp.so" to ""
-- Installing: /home/dl/ROSHW_ws/install/my_interfaces/lib/libmy_interfaces__rosidl_typesupport_introspection_cpp.so
-- Set runtime path of "/home/dl/ROSHW_ws/install/my_interfaces/lib/libmy_interfaces__rosidl_typesupport_introspection_cpp.so" to ""
-- Installing: /home/dl/ROSHW_ws/install/my_interfaces/lib/libmy_interfaces__rosidl_typesupport_cpp.so
-- Set runtime path of "/home/dl/ROSHW_ws/install/my_interfaces/lib/libmy_interfaces__rosidl_typesupport_cpp.so" to ""
Listing '/home/dl/ROSHW_ws/install/my_interfaces/local/lib/python3.10/dist-packages/my_interfaces'...
Compiling '/home/dl/ROSHW_ws/install/my_interfaces/local/lib/python3.10/dist-packages/my_interfaces/__init__.py'...
Listing '/home/dl/ROSHW_ws/install/my_interfaces/local/lib/python3.10/dist-packages/my_interfaces/msg'...
Compiling '/home/dl/ROSHW_ws/install/my_interfaces/local/lib/python3.10/dist-packages/my_interfaces/msg/__init__.py'...
Compiling '/home/dl/ROSHW_ws/install/my_interfaces/local/lib/python3.10/dist-packages/my_interfaces/msg/_mineral.py'...
Compiling '/home/dl/ROSHW_ws/install/my_interfaces/local/lib/python3.10/dist-packages/my_interfaces/msg/_mineral_array.py'...
-- Installing: /home/dl/ROSHW_ws/install/my_interfaces/lib/libmy_interfaces__rosidl_generator_py.so
-- Set runtime path of "/home/dl/ROSHW_ws/install/my_interfaces/lib/libmy_interfaces__rosidl_generator_py.so" to ""
-- Up-to-date: /home/dl/ROSHW_ws/install/my_interfaces/share/my_interfaces/cmake/export_my_interfaces__rosidl_generator_cExport.cmake
-- Up-to-date: /home/dl/ROSHW_ws/install/my_interfaces/share/my_interfaces/cmake/export_my_interfaces__rosidl_generator_cExport-noconfig.cmake
-- Up-to-date: /home/dl/ROSHW_ws/install/my_interfaces/share/my_interfaces/cmake/export_my_interfaces__rosidl_typesupport_fastrtps_cExport.cmake
-- Up-to-date: /home/dl/ROSHW_ws/install/my_interfaces/share/my_interfaces/cmake/export_my_interfaces__rosidl_typesupport_fastrtps_cExport-noconfig.cmake
-- Up-to-date: /home/dl/ROSHW_ws/install/my_interfaces/share/my_interfaces/cmake/my_interfaces__rosidl_typesupport_introspection_cExport.cmake
-- Up-to-date: /home/dl/ROSHW_ws/install/my_interfaces/share/my_interfaces/cmake/my_interfaces__rosidl_typesupport_introspection_cExport-noconfig.cmake
-- Up-to-date: /home/dl/ROSHW_ws/install/my_interfaces/share/my_interfaces/cmake/my_interfaces__rosidl_typesupport_cExport.cmake
-- Up-to-date: /home/dl/ROSHW_ws/install/my_interfaces/share/my_interfaces/cmake/my_interfaces__rosidl_typesupport_cExport-noconfig.cmake
-- Up-to-date: /home/dl/ROSHW_ws/install/my_interfaces/share/my_interfaces/cmake/export_my_interfaces__rosidl_generator_cppExport.cmake
-- Up-to-date: /home/dl/ROSHW_ws/install/my_interfaces/share/my_interfaces/cmake/export_my_interfaces__rosidl_typesupport_fastrtps_cppExport.cmake
-- Up-to-date: /home/dl/ROSHW_ws/install/my_interfaces/share/my_interfaces/cmake/export_my_interfaces__rosidl_typesupport_fastrtps_cppExport-noconfig.cmake
-- Up-to-date: /home/dl/ROSHW_ws/install/my_interfaces/share/my_interfaces/cmake/my_interfaces__rosidl_typesupport_introspection_cppExport.cmake
-- Up-to-date: /home/dl/ROSHW_ws/install/my_interfaces/share/my_interfaces/cmake/my_interfaces__rosidl_typesupport_introspection_cppExport-noconfig.cmake
-- Up-to-date: /home/dl/ROSHW_ws/install/my_interfaces/share/my_interfaces/cmake/my_interfaces__rosidl_typesupport_cppExport.cmake
-- Up-to-date: /home/dl/ROSHW_ws/install/my_interfaces/share/my_interfaces/cmake/my_interfaces__rosidl_typesupport_cppExport-noconfig.cmake
-- Up-to-date: /home/dl/ROSHW_ws/install/my_interfaces/share/my_interfaces/cmake/export_my_interfaces__rosidl_generator_pyExport.cmake
-- Up-to-date: /home/dl/ROSHW_ws/install/my_interfaces/share/my_interfaces/cmake/export_my_interfaces__rosidl_generator_pyExport-noconfig.cmake
