In file included from [01m[K/home/dl/ROSHW_ws/build/my_interfaces/rosidl_generator_c/my_interfaces/msg/detail/mineral__functions.h:19[m[K,
                 from [01m[K/home/dl/ROSHW_ws/build/my_interfaces/rosidl_generator_c/my_interfaces/msg/detail/mineral__functions.c:4[m[K:
[01m[K/home/dl/ROSHW_ws/build/my_interfaces/rosidl_generator_c/my_interfaces/msg/detail/mineral__struct.h:26:10:[m[K [01;31m[Kfatal error: [m[Kmy_interfaces/msg/detail/point__struct.h: æ²¡æœ‰é‚£ä¸ªæ–‡ä»¶æˆ–ç›®å½•
   26 | #include [01;31m[K"my_interfaces/msg/detail/point__struct.h"[m[K
      |          [01;31m[K^~~~~~~~~~~~~~~~~~~~~~~~~~~~~~~~~~~~~~~~~~[m[K
compilation terminated.
In file included from [01m[K/home/dl/ROSHW_ws/build/my_interfaces/rosidl_generator_c/my_interfaces/msg/detail/mineral_array__struct.h:24[m[K,
                 from [01m[K/home/dl/ROSHW_ws/build/my_interfaces/rosidl_generator_c/my_interfaces/msg/detail/mineral_array__functions.h:19[m[K,
                 from [01m[K/home/dl/ROSHW_ws/build/my_interfaces/rosidl_generator_c/my_interfaces/msg/detail/mineral_array__functions.c:4[m[K:
[01m[K/home/dl/ROSHW_ws/build/my_interfaces/rosidl_generator_c/my_interfaces/msg/detail/mineral__struct.h:26:10:[m[K [01;31m[Kfatal error: [m[Kmy_interfaces/msg/detail/point__struct.h: æ²¡æœ‰é‚£ä¸ªæ–‡ä»¶æˆ–ç›®å½•
   26 | #include [01;31m[K"my_interfaces/msg/detail/point__struct.h"[m[K
      |          [01;31m[K^~~~~~~~~~~~~~~~~~~~~~~~~~~~~~~~~~~~~~~~~~[m[K
compilation terminated.
gmake[2]: *** [CMakeFiles/my_interfaces__rosidl_generator_c.dir/build.make:196ï¼šCMakeFiles/my_interfaces__rosidl_generator_c.dir/rosidl_generator_c/my_interfaces/msg/detail/mineral_array__functions.c.o] é”™è¯¯ 1
gmake[2]: *** æ­£åœ¨ç­‰å¾…æœªå®Œæˆçš„ä»»åŠ¡....
gmake[2]: *** [CMakeFiles/my_interfaces__rosidl_generator_c.dir/build.make:182ï¼šCMakeFiles/my_interfaces__rosidl_generator_c.dir/rosidl_generator_c/my_interfaces/msg/detail/mineral__functions.c.o] é”™è¯¯ 1
gmake[1]: *** [CMakeFiles/Makefile2:213ï¼šCMakeFiles/my_interfaces__rosidl_generator_c.dir/all] é”™è¯¯ 2
gmake[1]: *** æ­£åœ¨ç­‰å¾…æœªå®Œæˆçš„ä»»åŠ¡....
In file included from [01m[K/home/dl/ROSHW_ws/build/my_interfaces/rosidl_typesupport_cpp/my_interfaces/msg/mineral__type_support.cpp:7[m[K:
[01m[K/home/dl/ROSHW_ws/build/my_interfaces/rosidl_generator_cpp/my_interfaces/msg/detail/mineral__struct.hpp:22:10:[m[K [01;31m[Kfatal error: [m[Kmy_interfaces/msg/detail/point__struct.hpp: æ²¡æœ‰é‚£ä¸ªæ–‡ä»¶æˆ–ç›®å½•
   22 | #include [01;31m[K"my_interfaces/msg/detail/point__struct.hpp"[m[K
      |          [01;31m[K^~~~~~~~~~~~~~~~~~~~~~~~~~~~~~~~~~~~~~~~~~~~[m[K
compilation terminated.
gmake[2]: *** [CMakeFiles/my_interfaces__rosidl_typesupport_cpp.dir/build.make:151ï¼šCMakeFiles/my_interfaces__rosidl_typesupport_cpp.dir/rosidl_typesupport_cpp/my_interfaces/msg/mineral__type_support.cpp.o] é”™è¯¯ 1
gmake[2]: *** æ­£åœ¨ç­‰å¾…æœªå®Œæˆçš„ä»»åŠ¡....
In file included from [01m[K/home/dl/ROSHW_ws/build/my_interfaces/rosidl_generator_cpp/my_interfaces/msg/detail/mineral_array__struct.hpp:22[m[K,
                 from [01m[K/home/dl/ROSHW_ws/build/my_interfaces/rosidl_typesupport_cpp/my_interfaces/msg/mineral_array__type_support.cpp:7[m[K:
[01m[K/home/dl/ROSHW_ws/build/my_interfaces/rosidl_generator_cpp/my_interfaces/msg/detail/mineral__struct.hpp:22:10:[m[K [01;31m[Kfatal error: [m[Kmy_interfaces/msg/detail/point__struct.hpp: æ²¡æœ‰é‚£ä¸ªæ–‡ä»¶æˆ–ç›®å½•
   22 | #include [01;31m[K"my_interfaces/msg/detail/point__struct.hpp"[m[K
      |          [01;31m[K^~~~~~~~~~~~~~~~~~~~~~~~~~~~~~~~~~~~~~~~~~~~[m[K
compilation terminated.
gmake[2]: *** [CMakeFiles/my_interfaces__rosidl_typesupport_cpp.dir/build.make:165ï¼šCMakeFiles/my_interfaces__rosidl_typesupport_cpp.dir/rosidl_typesupport_cpp/my_interfaces/msg/mineral_array__type_support.cpp.o] é”™è¯¯ 1
gmake[1]: *** [CMakeFiles/Makefile2:395ï¼šCMakeFiles/my_interfaces__rosidl_typesupport_cpp.dir/all] é”™è¯¯ 2
In file included from [01m[K/home/dl/ROSHW_ws/build/my_interfaces/rosidl_generator_cpp/my_interfaces/msg/detail/mineral_array__struct.hpp:22[m[K,
                 from [01m[K/home/dl/ROSHW_ws/build/my_interfaces/rosidl_typesupport_introspection_cpp/my_interfaces/msg/detail/mineral_array__type_support.cpp:12[m[K:
[01m[K/home/dl/ROSHW_ws/build/my_interfaces/rosidl_generator_cpp/my_interfaces/msg/detail/mineral__struct.hpp:22:10:[m[K [01;31m[Kfatal error: [m[Kmy_interfaces/msg/detail/point__struct.hpp: æ²¡æœ‰é‚£ä¸ªæ–‡ä»¶æˆ–ç›®å½•
   22 | #include [01;31m[K"my_interfaces/msg/detail/point__struct.hpp"[m[K
      |          [01;31m[K^~~~~~~~~~~~~~~~~~~~~~~~~~~~~~~~~~~~~~~~~~~~[m[K
compilation terminated.
In file included from [01m[K/home/dl/ROSHW_ws/build/my_interfaces/rosidl_typesupport_introspection_cpp/my_interfaces/msg/detail/mineral__type_support.cpp:12[m[K:
[01m[K/home/dl/ROSHW_ws/build/my_interfaces/rosidl_generator_cpp/my_interfaces/msg/detail/mineral__struct.hpp:22:10:[m[K [01;31m[Kfatal error: [m[Kmy_interfaces/msg/detail/point__struct.hpp: æ²¡æœ‰é‚£ä¸ªæ–‡ä»¶æˆ–ç›®å½•
   22 | #include [01;31m[K"my_interfaces/msg/detail/point__struct.hpp"[m[K
      |          [01;31m[K^~~~~~~~~~~~~~~~~~~~~~~~~~~~~~~~~~~~~~~~~~~~[m[K
compilation terminated.
gmake[2]: *** [CMakeFiles/my_interfaces__rosidl_typesupport_introspection_cpp.dir/build.make:173ï¼šCMakeFiles/my_interfaces__rosidl_typesupport_introspection_cpp.dir/rosidl_typesupport_introspection_cpp/my_interfaces/msg/detail/mineral_array__type_support.cpp.o] é”™è¯¯ 1
gmake[2]: *** æ­£åœ¨ç­‰å¾…æœªå®Œæˆçš„ä»»åŠ¡....
gmake[2]: *** [CMakeFiles/my_interfaces__rosidl_typesupport_introspection_cpp.dir/build.make:159ï¼šCMakeFiles/my_interfaces__rosidl_typesupport_introspection_cpp.dir/rosidl_typesupport_introspection_cpp/my_interfaces/msg/detail/mineral__type_support.cpp.o] é”™è¯¯ 1
gmake[1]: *** [CMakeFiles/Makefile2:369ï¼šCMakeFiles/my_interfaces__rosidl_typesupport_introspection_cpp.dir/all] é”™è¯¯ 2
In file included from [01m[K/home/dl/ROSHW_ws/build/my_interfaces/rosidl_typesupport_fastrtps_cpp/my_interfaces/msg/detail/mineral__rosidl_typesupport_fastrtps_cpp.hpp:11[m[K,
                 from [01m[K/home/dl/ROSHW_ws/build/my_interfaces/rosidl_typesupport_fastrtps_cpp/my_interfaces/msg/detail/dds_fastrtps/mineral__type_support.cpp:4[m[K:
[01m[K/home/dl/ROSHW_ws/build/my_interfaces/rosidl_generator_cpp/my_interfaces/msg/detail/mineral__struct.hpp:22:10:[m[K [01;31m[Kfatal error: [m[Kmy_interfaces/msg/detail/point__struct.hpp: æ²¡æœ‰é‚£ä¸ªæ–‡ä»¶æˆ–ç›®å½•
   22 | #include [01;31m[K"my_interfaces/msg/detail/point__struct.hpp"[m[K
      |          [01;31m[K^~~~~~~~~~~~~~~~~~~~~~~~~~~~~~~~~~~~~~~~~~~~[m[K
compilation terminated.
gmake[2]: *** [CMakeFiles/my_interfaces__rosidl_typesupport_fastrtps_cpp.dir/build.make:159ï¼šCMakeFiles/my_interfaces__rosidl_typesupport_fastrtps_cpp.dir/rosidl_typesupport_fastrtps_cpp/my_interfaces/msg/detail/dds_fastrtps/mineral__type_support.cpp.o] é”™è¯¯ 1
gmake[2]: *** æ­£åœ¨ç­‰å¾…æœªå®Œæˆçš„ä»»åŠ¡....
In file included from [01m[K/home/dl/ROSHW_ws/build/my_interfaces/rosidl_generator_cpp/my_interfaces/msg/detail/mineral_array__struct.hpp:22[m[K,
                 from [01m[K/home/dl/ROSHW_ws/build/my_interfaces/rosidl_typesupport_fastrtps_cpp/my_interfaces/msg/detail/mineral_array__rosidl_typesupport_fastrtps_cpp.hpp:11[m[K,
                 from [01m[K/home/dl/ROSHW_ws/build/my_interfaces/rosidl_typesupport_fastrtps_cpp/my_interfaces/msg/detail/dds_fastrtps/mineral_array__type_support.cpp:4[m[K:
[01m[K/home/dl/ROSHW_ws/build/my_interfaces/rosidl_generator_cpp/my_interfaces/msg/detail/mineral__struct.hpp:22:10:[m[K [01;31m[Kfatal error: [m[Kmy_interfaces/msg/detail/point__struct.hpp: æ²¡æœ‰é‚£ä¸ªæ–‡ä»¶æˆ–ç›®å½•
   22 | #include [01;31m[K"my_interfaces/msg/detail/point__struct.hpp"[m[K
      |          [01;31m[K^~~~~~~~~~~~~~~~~~~~~~~~~~~~~~~~~~~~~~~~~~~~[m[K
compilation terminated.
gmake[2]: *** [CMakeFiles/my_interfaces__rosidl_typesupport_fastrtps_cpp.dir/build.make:173ï¼šCMakeFiles/my_interfaces__rosidl_typesupport_fastrtps_cpp.dir/rosidl_typesupport_fastrtps_cpp/my_interfaces/msg/detail/dds_fastrtps/mineral_array__type_support.cpp.o] é”™è¯¯ 1
gmake[1]: *** [CMakeFiles/Makefile2:343ï¼šCMakeFiles/my_interfaces__rosidl_typesupport_fastrtps_cpp.dir/all] é”™è¯¯ 2
gmake: *** [Makefile:146ï¼šall] é”™è¯¯ 2
