-- Found ament_cmake: 1.3.5 (/opt/ros/humble/share/ament_cmake/cmake)
-- Override CMake install command with custom implementation using symlinks instead of copying resources
-- Found rosidl_default_generators: 1.2.0 (/opt/ros/humble/share/rosidl_default_generators/cmake)
-- Using all available rosidl_typesupport_c: rosidl_typesupport_fastrtps_c;rosidl_typesupport_introspection_c
-- Found rosidl_adapter: 3.1.5 (/opt/ros/humble/share/rosidl_adapter/cmake)
-- Using all available rosidl_typesupport_cpp: rosidl_typesupport_fastrtps_cpp;rosidl_typesupport_introspection_cpp
-- Found geometry_msgs: 4.2.3 (/opt/ros/humble/share/geometry_msgs/cmake)
-- Found ament_cmake_ros: 0.10.0 (/opt/ros/humble/share/ament_cmake_ros/cmake)
-- Using all available rosidl_typesupport_c: rosidl_typesupport_fastrtps_c;rosidl_typesupport_introspection_c
-- Using all available rosidl_typesupport_cpp: rosidl_typesupport_fastrtps_cpp;rosidl_typesupport_introspection_cpp
-- Found python_cmake_module: 0.10.0 (/opt/ros/humble/share/python_cmake_module/cmake)
-- Using PYTHON_EXECUTABLE: /usr/bin/python3
-- Using PYTHON_INCLUDE_DIRS: /usr/include/python3.10
-- Using PYTHON_LIBRARIES: /usr/lib/x86_64-linux-gnu/libpython3.10.so
-- Configuring done
-- Generating done
-- Build files have been written to: /home/dl/ROSHW_ws/build/my_interfaces
[  2%] [34m[1mGenerating C code for ROS interfaces[0m
[  5%] [34m[1mGenerating C++ code for ROS interfaces[0m
[  5%] Built target ament_cmake_python_symlink_my_interfaces
running egg_info
writing my_interfaces.egg-info/PKG-INFO
writing dependency_links to my_interfaces.egg-info/dependency_links.txt
writing top-level names to my_interfaces.egg-info/top_level.txt
[35m[1mConsolidate compiler generated dependencies of target my_interfaces__rosidl_generator_c[0m
reading manifest file 'my_interfaces.egg-info/SOURCES.txt'
writing manifest file 'my_interfaces.egg-info/SOURCES.txt'
[  5%] Built target my_interfaces__cpp
[ 10%] [32mBuilding C object CMakeFiles/my_interfaces__rosidl_generator_c.dir/rosidl_generator_c/my_interfaces/msg/detail/mineral__functions.c.o[0m
[ 10%] [32mBuilding C object CMakeFiles/my_interfaces__rosidl_generator_c.dir/rosidl_generator_c/my_interfaces/msg/detail/mineral_array__functions.c.o[0m
[ 17%] [34m[1mGenerating C++ introspection for ROS interfaces[0m
[ 17%] [34m[1mGenerating C++ type support for eProsima Fast-RTPS[0m
[ 17%] [34m[1mGenerating C++ type support dispatch for ROS interfaces[0m
In file included from [01m[K/home/dl/ROSHW_ws/build/my_interfaces/rosidl_generator_c/my_interfaces/msg/detail/mineral__functions.h:19[m[K,
                 from [01m[K/home/dl/ROSHW_ws/build/my_interfaces/rosidl_generator_c/my_interfaces/msg/detail/mineral__functions.c:4[m[K:
[01m[K/home/dl/ROSHW_ws/build/my_interfaces/rosidl_generator_c/my_interfaces/msg/detail/mineral__struct.h:26:10:[m[K [01;31m[Kfatal error: [m[Kmy_interfaces/msg/detail/point__struct.h: æ²¡æœ‰é‚£ä¸ªæ–‡ä»¶æˆ–ç›®å½•
   26 | #include [01;31m[K"my_interfaces/msg/detail/point__struct.h"[m[K
      |          [01;31m[K^~~~~~~~~~~~~~~~~~~~~~~~~~~~~~~~~~~~~~~~~~[m[K
compilation terminated.
In file included from [01m[K/home/dl/ROSHW_ws/build/my_interfaces/rosidl_generator_c/my_interfaces/msg/detail/mineral_array__struct.h:24[m[K,
                 from [01m[K/home/dl/ROSHW_ws/build/my_interfaces/rosidl_generator_c/my_interfaces/msg/detail/mineral_array__functions.h:19[m[K,
                 from [01m[K/home/dl/ROSHW_ws/build/my_interfaces/rosidl_generator_c/my_interfaces/msg/detail/mineral_array__functions.c:4[m[K:
[01m[K/home/dl/ROSHW_ws/build/my_interfaces/rosidl_generator_c/my_interfaces/msg/detail/mineral__struct.h:26:10:[m[K [01;31m[Kfatal error: [m[Kmy_interfaces/msg/detail/point__struct.h: æ²¡æœ‰é‚£ä¸ªæ–‡ä»¶æˆ–ç›®å½•
   26 | #include [01;31m[K"my_interfaces/msg/detail/point__struct.h"[m[K
      |          [01;31m[K^~~~~~~~~~~~~~~~~~~~~~~~~~~~~~~~~~~~~~~~~~[m[K
compilation terminated.
gmake[2]: *** [CMakeFiles/my_interfaces__rosidl_generator_c.dir/build.make:196ï¼šCMakeFiles/my_interfaces__rosidl_generator_c.dir/rosidl_generator_c/my_interfaces/msg/detail/mineral_array__functions.c.o] é”™è¯¯ 1
gmake[2]: *** æ­£åœ¨ç­‰å¾…æœªå®Œæˆçš„ä»»åŠ¡....
gmake[2]: *** [CMakeFiles/my_interfaces__rosidl_generator_c.dir/build.make:182ï¼šCMakeFiles/my_interfaces__rosidl_generator_c.dir/rosidl_generator_c/my_interfaces/msg/detail/mineral__functions.c.o] é”™è¯¯ 1
gmake[1]: *** [CMakeFiles/Makefile2:213ï¼šCMakeFiles/my_interfaces__rosidl_generator_c.dir/all] é”™è¯¯ 2
gmake[1]: *** æ­£åœ¨ç­‰å¾…æœªå®Œæˆçš„ä»»åŠ¡....
[ 17%] Built target ament_cmake_python_build_my_interfaces_egg
[35m[1mConsolidate compiler generated dependencies of target my_interfaces__rosidl_typesupport_cpp[0m
[ 23%] [32mBuilding CXX object CMakeFiles/my_interfaces__rosidl_typesupport_cpp.dir/rosidl_typesupport_cpp/my_interfaces/msg/mineral_array__type_support.cpp.o[0m
[ 23%] [32mBuilding CXX object CMakeFiles/my_interfaces__rosidl_typesupport_cpp.dir/rosidl_typesupport_cpp/my_interfaces/msg/mineral__type_support.cpp.o[0m
[35m[1mConsolidate compiler generated dependencies of target my_interfaces__rosidl_typesupport_introspection_cpp[0m
[ 28%] [32mBuilding CXX object CMakeFiles/my_interfaces__rosidl_typesupport_introspection_cpp.dir/rosidl_typesupport_introspection_cpp/my_interfaces/msg/detail/mineral__type_support.cpp.o[0m
[ 28%] [32mBuilding CXX object CMakeFiles/my_interfaces__rosidl_typesupport_introspection_cpp.dir/rosidl_typesupport_introspection_cpp/my_interfaces/msg/detail/mineral_array__type_support.cpp.o[0m
[35m[1mConsolidate compiler generated dependencies of target my_interfaces__rosidl_typesupport_fastrtps_cpp[0m
[ 33%] [32mBuilding CXX object CMakeFiles/my_interfaces__rosidl_typesupport_fastrtps_cpp.dir/rosidl_typesupport_fastrtps_cpp/my_interfaces/msg/detail/dds_fastrtps/mineral_array__type_support.cpp.o[0m
[ 33%] [32mBuilding CXX object CMakeFiles/my_interfaces__rosidl_typesupport_fastrtps_cpp.dir/rosidl_typesupport_fastrtps_cpp/my_interfaces/msg/detail/dds_fastrtps/mineral__type_support.cpp.o[0m
In file included from [01m[K/home/dl/ROSHW_ws/build/my_interfaces/rosidl_typesupport_cpp/my_interfaces/msg/mineral__type_support.cpp:7[m[K:
[01m[K/home/dl/ROSHW_ws/build/my_interfaces/rosidl_generator_cpp/my_interfaces/msg/detail/mineral__struct.hpp:22:10:[m[K [01;31m[Kfatal error: [m[Kmy_interfaces/msg/detail/point__struct.hpp: æ²¡æœ‰é‚£ä¸ªæ–‡ä»¶æˆ–ç›®å½•
   22 | #include [01;31m[K"my_interfaces/msg/detail/point__struct.hpp"[m[K
      |          [01;31m[K^~~~~~~~~~~~~~~~~~~~~~~~~~~~~~~~~~~~~~~~~~~~[m[K
compilation terminated.
gmake[2]: *** [CMakeFiles/my_interfaces__rosidl_typesupport_cpp.dir/build.make:151ï¼šCMakeFiles/my_interfaces__rosidl_typesupport_cpp.dir/rosidl_typesupport_cpp/my_interfaces/msg/mineral__type_support.cpp.o] é”™è¯¯ 1
gmake[2]: *** æ­£åœ¨ç­‰å¾…æœªå®Œæˆçš„ä»»åŠ¡....
In file included from [01m[K/home/dl/ROSHW_ws/build/my_interfaces/rosidl_generator_cpp/my_interfaces/msg/detail/mineral_array__struct.hpp:22[m[K,
                 from [01m[K/home/dl/ROSHW_ws/build/my_interfaces/rosidl_typesupport_cpp/my_interfaces/msg/mineral_array__type_support.cpp:7[m[K:
[01m[K/home/dl/ROSHW_ws/build/my_interfaces/rosidl_generator_cpp/my_interfaces/msg/detail/mineral__struct.hpp:22:10:[m[K [01;31m[Kfatal error: [m[Kmy_interfaces/msg/detail/point__struct.hpp: æ²¡æœ‰é‚£ä¸ªæ–‡ä»¶æˆ–ç›®å½•
   22 | #include [01;31m[K"my_interfaces/msg/detail/point__struct.hpp"[m[K
      |          [01;31m[K^~~~~~~~~~~~~~~~~~~~~~~~~~~~~~~~~~~~~~~~~~~~[m[K
compilation terminated.
gmake[2]: *** [CMakeFiles/my_interfaces__rosidl_typesupport_cpp.dir/build.make:165ï¼šCMakeFiles/my_interfaces__rosidl_typesupport_cpp.dir/rosidl_typesupport_cpp/my_interfaces/msg/mineral_array__type_support.cpp.o] é”™è¯¯ 1
gmake[1]: *** [CMakeFiles/Makefile2:395ï¼šCMakeFiles/my_interfaces__rosidl_typesupport_cpp.dir/all] é”™è¯¯ 2
In file included from [01m[K/home/dl/ROSHW_ws/build/my_interfaces/rosidl_generator_cpp/my_interfaces/msg/detail/mineral_array__struct.hpp:22[m[K,
                 from [01m[K/home/dl/ROSHW_ws/build/my_interfaces/rosidl_typesupport_introspection_cpp/my_interfaces/msg/detail/mineral_array__type_support.cpp:12[m[K:
[01m[K/home/dl/ROSHW_ws/build/my_interfaces/rosidl_generator_cpp/my_interfaces/msg/detail/mineral__struct.hpp:22:10:[m[K [01;31m[Kfatal error: [m[Kmy_interfaces/msg/detail/point__struct.hpp: æ²¡æœ‰é‚£ä¸ªæ–‡ä»¶æˆ–ç›®å½•
   22 | #include [01;31m[K"my_interfaces/msg/detail/point__struct.hpp"[m[K
      |          [01;31m[K^~~~~~~~~~~~~~~~~~~~~~~~~~~~~~~~~~~~~~~~~~~~[m[K
compilation terminated.
In file included from [01m[K/home/dl/ROSHW_ws/build/my_interfaces/rosidl_typesupport_introspection_cpp/my_interfaces/msg/detail/mineral__type_support.cpp:12[m[K:
[01m[K/home/dl/ROSHW_ws/build/my_interfaces/rosidl_generator_cpp/my_interfaces/msg/detail/mineral__struct.hpp:22:10:[m[K [01;31m[Kfatal error: [m[Kmy_interfaces/msg/detail/point__struct.hpp: æ²¡æœ‰é‚£ä¸ªæ–‡ä»¶æˆ–ç›®å½•
   22 | #include [01;31m[K"my_interfaces/msg/detail/point__struct.hpp"[m[K
      |          [01;31m[K^~~~~~~~~~~~~~~~~~~~~~~~~~~~~~~~~~~~~~~~~~~~[m[K
compilation terminated.
gmake[2]: *** [CMakeFiles/my_interfaces__rosidl_typesupport_introspection_cpp.dir/build.make:173ï¼šCMakeFiles/my_interfaces__rosidl_typesupport_introspection_cpp.dir/rosidl_typesupport_introspection_cpp/my_interfaces/msg/detail/mineral_array__type_support.cpp.o] é”™è¯¯ 1
gmake[2]: *** æ­£åœ¨ç­‰å¾…æœªå®Œæˆçš„ä»»åŠ¡....
gmake[2]: *** [CMakeFiles/my_interfaces__rosidl_typesupport_introspection_cpp.dir/build.make:159ï¼šCMakeFiles/my_interfaces__rosidl_typesupport_introspection_cpp.dir/rosidl_typesupport_introspection_cpp/my_interfaces/msg/detail/mineral__type_support.cpp.o] é”™è¯¯ 1
gmake[1]: *** [CMakeFiles/Makefile2:369ï¼šCMakeFiles/my_interfaces__rosidl_typesupport_introspection_cpp.dir/all] é”™è¯¯ 2
In file included from [01m[K/home/dl/ROSHW_ws/build/my_interfaces/rosidl_typesupport_fastrtps_cpp/my_interfaces/msg/detail/mineral__rosidl_typesupport_fastrtps_cpp.hpp:11[m[K,
                 from [01m[K/home/dl/ROSHW_ws/build/my_interfaces/rosidl_typesupport_fastrtps_cpp/my_interfaces/msg/detail/dds_fastrtps/mineral__type_support.cpp:4[m[K:
[01m[K/home/dl/ROSHW_ws/build/my_interfaces/rosidl_generator_cpp/my_interfaces/msg/detail/mineral__struct.hpp:22:10:[m[K [01;31m[Kfatal error: [m[Kmy_interfaces/msg/detail/point__struct.hpp: æ²¡æœ‰é‚£ä¸ªæ–‡ä»¶æˆ–ç›®å½•
   22 | #include [01;31m[K"my_interfaces/msg/detail/point__struct.hpp"[m[K
      |          [01;31m[K^~~~~~~~~~~~~~~~~~~~~~~~~~~~~~~~~~~~~~~~~~~~[m[K
compilation terminated.
gmake[2]: *** [CMakeFiles/my_interfaces__rosidl_typesupport_fastrtps_cpp.dir/build.make:159ï¼šCMakeFiles/my_interfaces__rosidl_typesupport_fastrtps_cpp.dir/rosidl_typesupport_fastrtps_cpp/my_interfaces/msg/detail/dds_fastrtps/mineral__type_support.cpp.o] é”™è¯¯ 1
gmake[2]: *** æ­£åœ¨ç­‰å¾…æœªå®Œæˆçš„ä»»åŠ¡....
In file included from [01m[K/home/dl/ROSHW_ws/build/my_interfaces/rosidl_generator_cpp/my_interfaces/msg/detail/mineral_array__struct.hpp:22[m[K,
                 from [01m[K/home/dl/ROSHW_ws/build/my_interfaces/rosidl_typesupport_fastrtps_cpp/my_interfaces/msg/detail/mineral_array__rosidl_typesupport_fastrtps_cpp.hpp:11[m[K,
                 from [01m[K/home/dl/ROSHW_ws/build/my_interfaces/rosidl_typesupport_fastrtps_cpp/my_interfaces/msg/detail/dds_fastrtps/mineral_array__type_support.cpp:4[m[K:
[01m[K/home/dl/ROSHW_ws/build/my_interfaces/rosidl_generator_cpp/my_interfaces/msg/detail/mineral__struct.hpp:22:10:[m[K [01;31m[Kfatal error: [m[Kmy_interfaces/msg/detail/point__struct.hpp: æ²¡æœ‰é‚£ä¸ªæ–‡ä»¶æˆ–ç›®å½•
   22 | #include [01;31m[K"my_interfaces/msg/detail/point__struct.hpp"[m[K
      |          [01;31m[K^~~~~~~~~~~~~~~~~~~~~~~~~~~~~~~~~~~~~~~~~~~~[m[K
compilation terminated.
gmake[2]: *** [CMakeFiles/my_interfaces__rosidl_typesupport_fastrtps_cpp.dir/build.make:173ï¼šCMakeFiles/my_interfaces__rosidl_typesupport_fastrtps_cpp.dir/rosidl_typesupport_fastrtps_cpp/my_interfaces/msg/detail/dds_fastrtps/mineral_array__type_support.cpp.o] é”™è¯¯ 1
gmake[1]: *** [CMakeFiles/Makefile2:343ï¼šCMakeFiles/my_interfaces__rosidl_typesupport_fastrtps_cpp.dir/all] é”™è¯¯ 2
gmake: *** [Makefile:146ï¼šall] é”™è¯¯ 2
