[0.010s] Invoking command in '/home/dl/ROSHW_ws/build/my_interfaces': CMAKE_PREFIX_PATH=${CMAKE_PREFIX_PATH}:/opt/ros/humble /usr/bin/cmake --build /home/dl/ROSHW_ws/build/my_interfaces -- -j16 -l16
[0.028s] -- Found ament_cmake: 1.3.5 (/opt/ros/humble/share/ament_cmake/cmake)
[0.125s] -- Override CMake install command with custom implementation using symlinks instead of copying resources
[0.130s] -- Found rosidl_default_generators: 1.2.0 (/opt/ros/humble/share/rosidl_default_generators/cmake)
[0.131s] -- Using all available rosidl_typesupport_c: rosidl_typesupport_fastrtps_c;rosidl_typesupport_introspection_c
[0.133s] -- Found rosidl_adapter: 3.1.5 (/opt/ros/humble/share/rosidl_adapter/cmake)
[0.155s] -- Using all available rosidl_typesupport_cpp: rosidl_typesupport_fastrtps_cpp;rosidl_typesupport_introspection_cpp
[0.172s] -- Found geometry_msgs: 4.2.3 (/opt/ros/humble/share/geometry_msgs/cmake)
[0.451s] -- Found ament_cmake_ros: 0.10.0 (/opt/ros/humble/share/ament_cmake_ros/cmake)
[0.628s] -- Using all available rosidl_typesupport_c: rosidl_typesupport_fastrtps_c;rosidl_typesupport_introspection_c
[0.857s] -- Using all available rosidl_typesupport_cpp: rosidl_typesupport_fastrtps_cpp;rosidl_typesupport_introspection_cpp
[0.871s] -- Found python_cmake_module: 0.10.0 (/opt/ros/humble/share/python_cmake_module/cmake)
[0.885s] -- Using PYTHON_EXECUTABLE: /usr/bin/python3
[0.885s] -- Using PYTHON_INCLUDE_DIRS: /usr/include/python3.10
[0.885s] -- Using PYTHON_LIBRARIES: /usr/lib/x86_64-linux-gnu/libpython3.10.so
[0.919s] -- Configuring done
[0.941s] -- Generating done
[0.943s] -- Build files have been written to: /home/dl/ROSHW_ws/build/my_interfaces
[0.962s] [  2%] [34m[1mGenerating C code for ROS interfaces[0m
[0.969s] [  5%] [34m[1mGenerating C++ code for ROS interfaces[0m
[0.975s] [  5%] Built target ament_cmake_python_symlink_my_interfaces
[1.185s] running egg_info
[1.185s] writing my_interfaces.egg-info/PKG-INFO
[1.185s] writing dependency_links to my_interfaces.egg-info/dependency_links.txt
[1.185s] writing top-level names to my_interfaces.egg-info/top_level.txt
[1.187s] [35m[1mConsolidate compiler generated dependencies of target my_interfaces__rosidl_generator_c[0m
[1.188s] reading manifest file 'my_interfaces.egg-info/SOURCES.txt'
[1.188s] writing manifest file 'my_interfaces.egg-info/SOURCES.txt'
[1.193s] [  5%] Built target my_interfaces__cpp
[1.195s] [ 10%] [32mBuilding C object CMakeFiles/my_interfaces__rosidl_generator_c.dir/rosidl_generator_c/my_interfaces/msg/detail/mineral__functions.c.o[0m
[1.195s] [ 10%] [32mBuilding C object CMakeFiles/my_interfaces__rosidl_generator_c.dir/rosidl_generator_c/my_interfaces/msg/detail/mineral_array__functions.c.o[0m
[1.201s] [ 17%] [34m[1mGenerating C++ introspection for ROS interfaces[0m
[1.201s] [ 17%] [34m[1mGenerating C++ type support for eProsima Fast-RTPS[0m
[1.201s] [ 17%] [34m[1mGenerating C++ type support dispatch for ROS interfaces[0m
[1.205s] In file included from [01m[K/home/dl/ROSHW_ws/build/my_interfaces/rosidl_generator_c/my_interfaces/msg/detail/mineral__functions.h:19[m[K,
[1.205s]                  from [01m[K/home/dl/ROSHW_ws/build/my_interfaces/rosidl_generator_c/my_interfaces/msg/detail/mineral__functions.c:4[m[K:
[1.205s] [01m[K/home/dl/ROSHW_ws/build/my_interfaces/rosidl_generator_c/my_interfaces/msg/detail/mineral__struct.h:26:10:[m[K [01;31m[Kfatal error: [m[Kmy_interfaces/msg/detail/point__struct.h: æ²¡æœ‰é‚£ä¸ªæ–‡ä»¶æˆ–ç›®å½•
[1.205s]    26 | #include [01;31m[K"my_interfaces/msg/detail/point__struct.h"[m[K
[1.205s]       |          [01;31m[K^~~~~~~~~~~~~~~~~~~~~~~~~~~~~~~~~~~~~~~~~~[m[K
[1.205s] compilation terminated.
[1.205s] In file included from [01m[K/home/dl/ROSHW_ws/build/my_interfaces/rosidl_generator_c/my_interfaces/msg/detail/mineral_array__struct.h:24[m[K,
[1.205s]                  from [01m[K/home/dl/ROSHW_ws/build/my_interfaces/rosidl_generator_c/my_interfaces/msg/detail/mineral_array__functions.h:19[m[K,
[1.205s]                  from [01m[K/home/dl/ROSHW_ws/build/my_interfaces/rosidl_generator_c/my_interfaces/msg/detail/mineral_array__functions.c:4[m[K:
[1.205s] [01m[K/home/dl/ROSHW_ws/build/my_interfaces/rosidl_generator_c/my_interfaces/msg/detail/mineral__struct.h:26:10:[m[K [01;31m[Kfatal error: [m[Kmy_interfaces/msg/detail/point__struct.h: æ²¡æœ‰é‚£ä¸ªæ–‡ä»¶æˆ–ç›®å½•
[1.205s]    26 | #include [01;31m[K"my_interfaces/msg/detail/point__struct.h"[m[K
[1.205s]       |          [01;31m[K^~~~~~~~~~~~~~~~~~~~~~~~~~~~~~~~~~~~~~~~~~[m[K
[1.205s] compilation terminated.
[1.205s] gmake[2]: *** [CMakeFiles/my_interfaces__rosidl_generator_c.dir/build.make:196ï¼šCMakeFiles/my_interfaces__rosidl_generator_c.dir/rosidl_generator_c/my_interfaces/msg/detail/mineral_array__functions.c.o] é”™è¯¯ 1
[1.205s] gmake[2]: *** æ­£åœ¨ç­‰å¾…æœªå®Œæˆçš„ä»»åŠ¡....
[1.205s] gmake[2]: *** [CMakeFiles/my_interfaces__rosidl_generator_c.dir/build.make:182ï¼šCMakeFiles/my_interfaces__rosidl_generator_c.dir/rosidl_generator_c/my_interfaces/msg/detail/mineral__functions.c.o] é”™è¯¯ 1
[1.206s] gmake[1]: *** [CMakeFiles/Makefile2:213ï¼šCMakeFiles/my_interfaces__rosidl_generator_c.dir/all] é”™è¯¯ 2
[1.206s] gmake[1]: *** æ­£åœ¨ç­‰å¾…æœªå®Œæˆçš„ä»»åŠ¡....
[1.222s] [ 17%] Built target ament_cmake_python_build_my_interfaces_egg
[1.372s] [35m[1mConsolidate compiler generated dependencies of target my_interfaces__rosidl_typesupport_cpp[0m
[1.382s] [ 23%] [32mBuilding CXX object CMakeFiles/my_interfaces__rosidl_typesupport_cpp.dir/rosidl_typesupport_cpp/my_interfaces/msg/mineral_array__type_support.cpp.o[0m
[1.382s] [ 23%] [32mBuilding CXX object CMakeFiles/my_interfaces__rosidl_typesupport_cpp.dir/rosidl_typesupport_cpp/my_interfaces/msg/mineral__type_support.cpp.o[0m
[1.385s] [35m[1mConsolidate compiler generated dependencies of target my_interfaces__rosidl_typesupport_introspection_cpp[0m
[1.396s] [ 28%] [32mBuilding CXX object CMakeFiles/my_interfaces__rosidl_typesupport_introspection_cpp.dir/rosidl_typesupport_introspection_cpp/my_interfaces/msg/detail/mineral__type_support.cpp.o[0m
[1.396s] [ 28%] [32mBuilding CXX object CMakeFiles/my_interfaces__rosidl_typesupport_introspection_cpp.dir/rosidl_typesupport_introspection_cpp/my_interfaces/msg/detail/mineral_array__type_support.cpp.o[0m
[1.402s] [35m[1mConsolidate compiler generated dependencies of target my_interfaces__rosidl_typesupport_fastrtps_cpp[0m
[1.414s] [ 33%] [32mBuilding CXX object CMakeFiles/my_interfaces__rosidl_typesupport_fastrtps_cpp.dir/rosidl_typesupport_fastrtps_cpp/my_interfaces/msg/detail/dds_fastrtps/mineral_array__type_support.cpp.o[0m
[1.414s] [ 33%] [32mBuilding CXX object CMakeFiles/my_interfaces__rosidl_typesupport_fastrtps_cpp.dir/rosidl_typesupport_fastrtps_cpp/my_interfaces/msg/detail/dds_fastrtps/mineral__type_support.cpp.o[0m
[1.418s] In file included from [01m[K/home/dl/ROSHW_ws/build/my_interfaces/rosidl_typesupport_cpp/my_interfaces/msg/mineral__type_support.cpp:7[m[K:
[1.418s] [01m[K/home/dl/ROSHW_ws/build/my_interfaces/rosidl_generator_cpp/my_interfaces/msg/detail/mineral__struct.hpp:22:10:[m[K [01;31m[Kfatal error: [m[Kmy_interfaces/msg/detail/point__struct.hpp: æ²¡æœ‰é‚£ä¸ªæ–‡ä»¶æˆ–ç›®å½•
[1.418s]    22 | #include [01;31m[K"my_interfaces/msg/detail/point__struct.hpp"[m[K
[1.418s]       |          [01;31m[K^~~~~~~~~~~~~~~~~~~~~~~~~~~~~~~~~~~~~~~~~~~~[m[K
[1.418s] compilation terminated.
[1.419s] gmake[2]: *** [CMakeFiles/my_interfaces__rosidl_typesupport_cpp.dir/build.make:151ï¼šCMakeFiles/my_interfaces__rosidl_typesupport_cpp.dir/rosidl_typesupport_cpp/my_interfaces/msg/mineral__type_support.cpp.o] é”™è¯¯ 1
[1.419s] gmake[2]: *** æ­£åœ¨ç­‰å¾…æœªå®Œæˆçš„ä»»åŠ¡....
[1.422s] In file included from [01m[K/home/dl/ROSHW_ws/build/my_interfaces/rosidl_generator_cpp/my_interfaces/msg/detail/mineral_array__struct.hpp:22[m[K,
[1.422s]                  from [01m[K/home/dl/ROSHW_ws/build/my_interfaces/rosidl_typesupport_cpp/my_interfaces/msg/mineral_array__type_support.cpp:7[m[K:
[1.422s] [01m[K/home/dl/ROSHW_ws/build/my_interfaces/rosidl_generator_cpp/my_interfaces/msg/detail/mineral__struct.hpp:22:10:[m[K [01;31m[Kfatal error: [m[Kmy_interfaces/msg/detail/point__struct.hpp: æ²¡æœ‰é‚£ä¸ªæ–‡ä»¶æˆ–ç›®å½•
[1.422s]    22 | #include [01;31m[K"my_interfaces/msg/detail/point__struct.hpp"[m[K
[1.422s]       |          [01;31m[K^~~~~~~~~~~~~~~~~~~~~~~~~~~~~~~~~~~~~~~~~~~~[m[K
[1.422s] compilation terminated.
[1.423s] gmake[2]: *** [CMakeFiles/my_interfaces__rosidl_typesupport_cpp.dir/build.make:165ï¼šCMakeFiles/my_interfaces__rosidl_typesupport_cpp.dir/rosidl_typesupport_cpp/my_interfaces/msg/mineral_array__type_support.cpp.o] é”™è¯¯ 1
[1.423s] gmake[1]: *** [CMakeFiles/Makefile2:395ï¼šCMakeFiles/my_interfaces__rosidl_typesupport_cpp.dir/all] é”™è¯¯ 2
[1.437s] In file included from [01m[K/home/dl/ROSHW_ws/build/my_interfaces/rosidl_generator_cpp/my_interfaces/msg/detail/mineral_array__struct.hpp:22[m[K,
[1.437s]                  from [01m[K/home/dl/ROSHW_ws/build/my_interfaces/rosidl_typesupport_introspection_cpp/my_interfaces/msg/detail/mineral_array__type_support.cpp:12[m[K:
[1.437s] [01m[K/home/dl/ROSHW_ws/build/my_interfaces/rosidl_generator_cpp/my_interfaces/msg/detail/mineral__struct.hpp:22:10:[m[K [01;31m[Kfatal error: [m[Kmy_interfaces/msg/detail/point__struct.hpp: æ²¡æœ‰é‚£ä¸ªæ–‡ä»¶æˆ–ç›®å½•
[1.437s]    22 | #include [01;31m[K"my_interfaces/msg/detail/point__struct.hpp"[m[K
[1.437s]       |          [01;31m[K^~~~~~~~~~~~~~~~~~~~~~~~~~~~~~~~~~~~~~~~~~~~[m[K
[1.437s] compilation terminated.
[1.437s] In file included from [01m[K/home/dl/ROSHW_ws/build/my_interfaces/rosidl_typesupport_introspection_cpp/my_interfaces/msg/detail/mineral__type_support.cpp:12[m[K:
[1.437s] [01m[K/home/dl/ROSHW_ws/build/my_interfaces/rosidl_generator_cpp/my_interfaces/msg/detail/mineral__struct.hpp:22:10:[m[K [01;31m[Kfatal error: [m[Kmy_interfaces/msg/detail/point__struct.hpp: æ²¡æœ‰é‚£ä¸ªæ–‡ä»¶æˆ–ç›®å½•
[1.437s]    22 | #include [01;31m[K"my_interfaces/msg/detail/point__struct.hpp"[m[K
[1.437s]       |          [01;31m[K^~~~~~~~~~~~~~~~~~~~~~~~~~~~~~~~~~~~~~~~~~~~[m[K
[1.438s] compilation terminated.
[1.438s] gmake[2]: *** [CMakeFiles/my_interfaces__rosidl_typesupport_introspection_cpp.dir/build.make:173ï¼šCMakeFiles/my_interfaces__rosidl_typesupport_introspection_cpp.dir/rosidl_typesupport_introspection_cpp/my_interfaces/msg/detail/mineral_array__type_support.cpp.o] é”™è¯¯ 1
[1.438s] gmake[2]: *** æ­£åœ¨ç­‰å¾…æœªå®Œæˆçš„ä»»åŠ¡....
[1.438s] gmake[2]: *** [CMakeFiles/my_interfaces__rosidl_typesupport_introspection_cpp.dir/build.make:159ï¼šCMakeFiles/my_interfaces__rosidl_typesupport_introspection_cpp.dir/rosidl_typesupport_introspection_cpp/my_interfaces/msg/detail/mineral__type_support.cpp.o] é”™è¯¯ 1
[1.438s] gmake[1]: *** [CMakeFiles/Makefile2:369ï¼šCMakeFiles/my_interfaces__rosidl_typesupport_introspection_cpp.dir/all] é”™è¯¯ 2
[1.450s] In file included from [01m[K/home/dl/ROSHW_ws/build/my_interfaces/rosidl_typesupport_fastrtps_cpp/my_interfaces/msg/detail/mineral__rosidl_typesupport_fastrtps_cpp.hpp:11[m[K,
[1.450s]                  from [01m[K/home/dl/ROSHW_ws/build/my_interfaces/rosidl_typesupport_fastrtps_cpp/my_interfaces/msg/detail/dds_fastrtps/mineral__type_support.cpp:4[m[K:
[1.450s] [01m[K/home/dl/ROSHW_ws/build/my_interfaces/rosidl_generator_cpp/my_interfaces/msg/detail/mineral__struct.hpp:22:10:[m[K [01;31m[Kfatal error: [m[Kmy_interfaces/msg/detail/point__struct.hpp: æ²¡æœ‰é‚£ä¸ªæ–‡ä»¶æˆ–ç›®å½•
[1.450s]    22 | #include [01;31m[K"my_interfaces/msg/detail/point__struct.hpp"[m[K
[1.450s]       |          [01;31m[K^~~~~~~~~~~~~~~~~~~~~~~~~~~~~~~~~~~~~~~~~~~~[m[K
[1.450s] compilation terminated.
[1.451s] gmake[2]: *** [CMakeFiles/my_interfaces__rosidl_typesupport_fastrtps_cpp.dir/build.make:159ï¼šCMakeFiles/my_interfaces__rosidl_typesupport_fastrtps_cpp.dir/rosidl_typesupport_fastrtps_cpp/my_interfaces/msg/detail/dds_fastrtps/mineral__type_support.cpp.o] é”™è¯¯ 1
[1.451s] gmake[2]: *** æ­£åœ¨ç­‰å¾…æœªå®Œæˆçš„ä»»åŠ¡....
[1.452s] In file included from [01m[K/home/dl/ROSHW_ws/build/my_interfaces/rosidl_generator_cpp/my_interfaces/msg/detail/mineral_array__struct.hpp:22[m[K,
[1.452s]                  from [01m[K/home/dl/ROSHW_ws/build/my_interfaces/rosidl_typesupport_fastrtps_cpp/my_interfaces/msg/detail/mineral_array__rosidl_typesupport_fastrtps_cpp.hpp:11[m[K,
[1.452s]                  from [01m[K/home/dl/ROSHW_ws/build/my_interfaces/rosidl_typesupport_fastrtps_cpp/my_interfaces/msg/detail/dds_fastrtps/mineral_array__type_support.cpp:4[m[K:
[1.452s] [01m[K/home/dl/ROSHW_ws/build/my_interfaces/rosidl_generator_cpp/my_interfaces/msg/detail/mineral__struct.hpp:22:10:[m[K [01;31m[Kfatal error: [m[Kmy_interfaces/msg/detail/point__struct.hpp: æ²¡æœ‰é‚£ä¸ªæ–‡ä»¶æˆ–ç›®å½•
[1.452s]    22 | #include [01;31m[K"my_interfaces/msg/detail/point__struct.hpp"[m[K
[1.452s]       |          [01;31m[K^~~~~~~~~~~~~~~~~~~~~~~~~~~~~~~~~~~~~~~~~~~~[m[K
[1.452s] compilation terminated.
[1.453s] gmake[2]: *** [CMakeFiles/my_interfaces__rosidl_typesupport_fastrtps_cpp.dir/build.make:173ï¼šCMakeFiles/my_interfaces__rosidl_typesupport_fastrtps_cpp.dir/rosidl_typesupport_fastrtps_cpp/my_interfaces/msg/detail/dds_fastrtps/mineral_array__type_support.cpp.o] é”™è¯¯ 1
[1.453s] gmake[1]: *** [CMakeFiles/Makefile2:343ï¼šCMakeFiles/my_interfaces__rosidl_typesupport_fastrtps_cpp.dir/all] é”™è¯¯ 2
[1.453s] gmake: *** [Makefile:146ï¼šall] é”™è¯¯ 2
[1.454s] Invoked command in '/home/dl/ROSHW_ws/build/my_interfaces' returned '2': CMAKE_PREFIX_PATH=${CMAKE_PREFIX_PATH}:/opt/ros/humble /usr/bin/cmake --build /home/dl/ROSHW_ws/build/my_interfaces -- -j16 -l16
