[0.006s] Invoking command in '/home/dl/ROSHW_ws/build/Mine_pubsub': AMENT_PREFIX_PATH=/home/dl/ROSHW_ws/install/my_interfaces:${AMENT_PREFIX_PATH} CMAKE_PREFIX_PATH=/home/dl/ROSHW_ws/install/my_interfaces:/opt/ros/humble LD_LIBRARY_PATH=/home/dl/ROSHW_ws/install/my_interfaces/lib:${LD_LIBRARY_PATH} PYTHONPATH=/home/dl/ROSHW_ws/install/my_interfaces/local/lib/python3.10/dist-packages:${PYTHONPATH} /usr/bin/cmake /home/dl/ROSHW_ws/src/mine_pubsub -DAMENT_CMAKE_SYMLINK_INSTALL=1 -DCMAKE_INSTALL_PREFIX=/home/dl/ROSHW_ws/install/Mine_pubsub
[0.042s] -- The C compiler identification is GNU 11.4.0
[0.077s] -- The CXX compiler identification is GNU 11.4.0
[0.083s] -- Detecting C compiler ABI info
[0.128s] -- Detecting C compiler ABI info - done
[0.134s] -- Check for working C compiler: /usr/bin/cc - skipped
[0.134s] -- Detecting C compile features
[0.135s] -- Detecting C compile features - done
[0.137s] -- Detecting CXX compiler ABI info
[0.189s] -- Detecting CXX compiler ABI info - done
[0.196s] -- Check for working CXX compiler: /usr/bin/c++ - skipped
[0.196s] -- Detecting CXX compile features
[0.196s] -- Detecting CXX compile features - done
[0.198s] -- Found ament_cmake: 1.3.5 (/opt/ros/humble/share/ament_cmake/cmake)
[0.313s] -- Found Python3: /usr/bin/python3.10 (found version "3.10.12") found components: Interpreter 
[0.356s] -- Override CMake install command with custom implementation using symlinks instead of copying resources
[0.375s] -- Found rclcpp: 16.0.5 (/opt/ros/humble/share/rclcpp/cmake)
[0.406s] -- Found rosidl_generator_c: 3.1.5 (/opt/ros/humble/share/rosidl_generator_c/cmake)
[0.409s] -- Found rosidl_adapter: 3.1.5 (/opt/ros/humble/share/rosidl_adapter/cmake)
[0.415s] -- Found rosidl_generator_cpp: 3.1.5 (/opt/ros/humble/share/rosidl_generator_cpp/cmake)
[0.425s] -- Using all available rosidl_typesupport_c: rosidl_typesupport_fastrtps_c;rosidl_typesupport_introspection_c
[0.438s] -- Using all available rosidl_typesupport_cpp: rosidl_typesupport_fastrtps_cpp;rosidl_typesupport_introspection_cpp
[0.489s] -- Found rmw_implementation_cmake: 6.1.1 (/opt/ros/humble/share/rmw_implementation_cmake/cmake)
[0.490s] -- Found rmw_fastrtps_cpp: 6.2.3 (/opt/ros/humble/share/rmw_fastrtps_cpp/cmake)
[0.557s] -- Found OpenSSL: /usr/lib/x86_64-linux-gnu/libcrypto.so (found version "3.0.2")  
[0.577s] -- Found FastRTPS: /opt/ros/humble/include  
[0.615s] -- Using RMW implementation 'rmw_fastrtps_cpp' as default
[0.622s] -- Looking for pthread.h
[0.673s] -- Looking for pthread.h - found
[0.673s] -- Performing Test CMAKE_HAVE_LIBC_PTHREAD
[0.721s] -- Performing Test CMAKE_HAVE_LIBC_PTHREAD - Success
[0.722s] -- Found Threads: TRUE  
[0.836s] -- Found my_interfaces: 0.0.0 (/home/dl/ROSHW_ws/install/my_interfaces/share/my_interfaces/cmake)
[0.962s] WARNING: Package name "Mine_pubsub" does not follow the naming conventions. It should start with a lower case letter and only contain lower case letters, digits, underscores, and dashes.
[0.967s] [31mCMake Error at /opt/ros/humble/share/ament_cmake_core/cmake/core/ament_package_xml.cmake:53 (message):
[0.967s]   ament_package_xml() package name 'Mine_pubsub' in '/package.xml' does not
[0.967s]   match current PROJECT_NAME 'mine_pubsub'.  You must call project() with the
[0.967s]   same package name before.
[0.967s] Call Stack (most recent call first):
[0.967s]   /opt/ros/humble/share/ament_cmake_core/cmake/core/ament_package.cmake:63 (ament_package_xml)
[0.967s]   CMakeLists.txt:38 (ament_package)
[0.967s] 
[0.967s] [0m
[0.968s] -- Configuring incomplete, errors occurred!
[0.968s] See also "/home/dl/ROSHW_ws/build/Mine_pubsub/CMakeFiles/CMakeOutput.log".
[0.974s] Invoked command in '/home/dl/ROSHW_ws/build/Mine_pubsub' returned '1': AMENT_PREFIX_PATH=/home/dl/ROSHW_ws/install/my_interfaces:${AMENT_PREFIX_PATH} CMAKE_PREFIX_PATH=/home/dl/ROSHW_ws/install/my_interfaces:/opt/ros/humble LD_LIBRARY_PATH=/home/dl/ROSHW_ws/install/my_interfaces/lib:${LD_LIBRARY_PATH} PYTHONPATH=/home/dl/ROSHW_ws/install/my_interfaces/local/lib/python3.10/dist-packages:${PYTHONPATH} /usr/bin/cmake /home/dl/ROSHW_ws/src/mine_pubsub -DAMENT_CMAKE_SYMLINK_INSTALL=1 -DCMAKE_INSTALL_PREFIX=/home/dl/ROSHW_ws/install/Mine_pubsub
