[0.033s] Invoking command in '/media/dl/dlssd/Ubuntu/Hotpot/2024SeasonExam/2024_vision_secondtest/ROS2TF2andCpp_homework/ROSHW_ws/build/learning_tf2_cpp': CMAKE_PREFIX_PATH=/opt/ros/humble /usr/bin/cmake --build /media/dl/dlssd/Ubuntu/Hotpot/2024SeasonExam/2024_vision_secondtest/ROS2TF2andCpp_homework/ROSHW_ws/build/learning_tf2_cpp -- -j16 -l16
[0.086s] [100%] Built target hero_tf2_listener
[0.103s] Invoked command in '/media/dl/dlssd/Ubuntu/Hotpot/2024SeasonExam/2024_vision_secondtest/ROS2TF2andCpp_homework/ROSHW_ws/build/learning_tf2_cpp' returned '0': CMAKE_PREFIX_PATH=/opt/ros/humble /usr/bin/cmake --build /media/dl/dlssd/Ubuntu/Hotpot/2024SeasonExam/2024_vision_secondtest/ROS2TF2andCpp_homework/ROSHW_ws/build/learning_tf2_cpp -- -j16 -l16
[0.126s] Invoking command in '/media/dl/dlssd/Ubuntu/Hotpot/2024SeasonExam/2024_vision_secondtest/ROS2TF2andCpp_homework/ROSHW_ws/build/learning_tf2_cpp': CMAKE_PREFIX_PATH=/opt/ros/humble /usr/bin/cmake --install /media/dl/dlssd/Ubuntu/Hotpot/2024SeasonExam/2024_vision_secondtest/ROS2TF2andCpp_homework/ROSHW_ws/build/learning_tf2_cpp
[0.132s] -- Install configuration: ""
[0.134s] -- Up-to-date: /media/dl/dlssd/Ubuntu/Hotpot/2024SeasonExam/2024_vision_secondtest/ROS2TF2andCpp_homework/ROSHW_ws/install/learning_tf2_cpp/lib/learning_tf2_cpp/hero_tf2_listener
[0.138s] -- Up-to-date: /media/dl/dlssd/Ubuntu/Hotpot/2024SeasonExam/2024_vision_secondtest/ROS2TF2andCpp_homework/ROSHW_ws/install/learning_tf2_cpp/share/ament_index/resource_index/package_run_dependencies/learning_tf2_cpp
[0.140s] -- Up-to-date: /media/dl/dlssd/Ubuntu/Hotpot/2024SeasonExam/2024_vision_secondtest/ROS2TF2andCpp_homework/ROSHW_ws/install/learning_tf2_cpp/share/ament_index/resource_index/parent_prefix_path/learning_tf2_cpp
[0.141s] -- Up-to-date: /media/dl/dlssd/Ubuntu/Hotpot/2024SeasonExam/2024_vision_secondtest/ROS2TF2andCpp_homework/ROSHW_ws/install/learning_tf2_cpp/share/learning_tf2_cpp/environment/ament_prefix_path.sh
[0.142s] -- Up-to-date: /media/dl/dlssd/Ubuntu/Hotpot/2024SeasonExam/2024_vision_secondtest/ROS2TF2andCpp_homework/ROSHW_ws/install/learning_tf2_cpp/share/learning_tf2_cpp/environment/ament_prefix_path.dsv
[0.143s] -- Up-to-date: /media/dl/dlssd/Ubuntu/Hotpot/2024SeasonExam/2024_vision_secondtest/ROS2TF2andCpp_homework/ROSHW_ws/install/learning_tf2_cpp/share/learning_tf2_cpp/environment/path.sh
[0.145s] -- Up-to-date: /media/dl/dlssd/Ubuntu/Hotpot/2024SeasonExam/2024_vision_secondtest/ROS2TF2andCpp_homework/ROSHW_ws/install/learning_tf2_cpp/share/learning_tf2_cpp/environment/path.dsv
[0.146s] -- Up-to-date: /media/dl/dlssd/Ubuntu/Hotpot/2024SeasonExam/2024_vision_secondtest/ROS2TF2andCpp_homework/ROSHW_ws/install/learning_tf2_cpp/share/learning_tf2_cpp/local_setup.bash
[0.148s] -- Up-to-date: /media/dl/dlssd/Ubuntu/Hotpot/2024SeasonExam/2024_vision_secondtest/ROS2TF2andCpp_homework/ROSHW_ws/install/learning_tf2_cpp/share/learning_tf2_cpp/local_setup.sh
[0.150s] -- Up-to-date: /media/dl/dlssd/Ubuntu/Hotpot/2024SeasonExam/2024_vision_secondtest/ROS2TF2andCpp_homework/ROSHW_ws/install/learning_tf2_cpp/share/learning_tf2_cpp/local_setup.zsh
[0.151s] -- Up-to-date: /media/dl/dlssd/Ubuntu/Hotpot/2024SeasonExam/2024_vision_secondtest/ROS2TF2andCpp_homework/ROSHW_ws/install/learning_tf2_cpp/share/learning_tf2_cpp/local_setup.dsv
[0.152s] -- Installing: /media/dl/dlssd/Ubuntu/Hotpot/2024SeasonExam/2024_vision_secondtest/ROS2TF2andCpp_homework/ROSHW_ws/install/learning_tf2_cpp/share/learning_tf2_cpp/package.dsv
[0.155s] -- Up-to-date: /media/dl/dlssd/Ubuntu/Hotpot/2024SeasonExam/2024_vision_secondtest/ROS2TF2andCpp_homework/ROSHW_ws/install/learning_tf2_cpp/share/ament_index/resource_index/packages/learning_tf2_cpp
[0.156s] -- Up-to-date: /media/dl/dlssd/Ubuntu/Hotpot/2024SeasonExam/2024_vision_secondtest/ROS2TF2andCpp_homework/ROSHW_ws/install/learning_tf2_cpp/share/learning_tf2_cpp/cmake/learning_tf2_cppConfig.cmake
[0.157s] -- Up-to-date: /media/dl/dlssd/Ubuntu/Hotpot/2024SeasonExam/2024_vision_secondtest/ROS2TF2andCpp_homework/ROSHW_ws/install/learning_tf2_cpp/share/learning_tf2_cpp/cmake/learning_tf2_cppConfig-version.cmake
[0.157s] -- Up-to-date: /media/dl/dlssd/Ubuntu/Hotpot/2024SeasonExam/2024_vision_secondtest/ROS2TF2andCpp_homework/ROSHW_ws/install/learning_tf2_cpp/share/learning_tf2_cpp/package.xml
[0.174s] Invoked command in '/media/dl/dlssd/Ubuntu/Hotpot/2024SeasonExam/2024_vision_secondtest/ROS2TF2andCpp_homework/ROSHW_ws/build/learning_tf2_cpp' returned '0': CMAKE_PREFIX_PATH=/opt/ros/humble /usr/bin/cmake --install /media/dl/dlssd/Ubuntu/Hotpot/2024SeasonExam/2024_vision_secondtest/ROS2TF2andCpp_homework/ROSHW_ws/build/learning_tf2_cpp
