[0.011s] Invoking command in '/home/dl/ROSHW_ws/build/my_interfaces': CMAKE_PREFIX_PATH=${CMAKE_PREFIX_PATH}:/opt/ros/humble /usr/bin/cmake --build /home/dl/ROSHW_ws/build/my_interfaces -- -j16 -l16
[0.029s] -- Found ament_cmake: 1.3.5 (/opt/ros/humble/share/ament_cmake/cmake)
[0.123s] -- Override CMake install command with custom implementation using symlinks instead of copying resources
[0.128s] -- Found rosidl_default_generators: 1.2.0 (/opt/ros/humble/share/rosidl_default_generators/cmake)
[0.129s] -- Using all available rosidl_typesupport_c: rosidl_typesupport_fastrtps_c;rosidl_typesupport_introspection_c
[0.131s] -- Found rosidl_adapter: 3.1.5 (/opt/ros/humble/share/rosidl_adapter/cmake)
[0.152s] -- Using all available rosidl_typesupport_cpp: rosidl_typesupport_fastrtps_cpp;rosidl_typesupport_introspection_cpp
[0.171s] -- Found geometry_msgs: 4.2.3 (/opt/ros/humble/share/geometry_msgs/cmake)
[0.452s] -- Found ament_cmake_ros: 0.10.0 (/opt/ros/humble/share/ament_cmake_ros/cmake)
[0.633s] -- Using all available rosidl_typesupport_c: rosidl_typesupport_fastrtps_c;rosidl_typesupport_introspection_c
[0.857s] -- Using all available rosidl_typesupport_cpp: rosidl_typesupport_fastrtps_cpp;rosidl_typesupport_introspection_cpp
[0.872s] -- Found python_cmake_module: 0.10.0 (/opt/ros/humble/share/python_cmake_module/cmake)
[0.887s] -- Using PYTHON_EXECUTABLE: /usr/bin/python3
[0.887s] -- Using PYTHON_INCLUDE_DIRS: /usr/include/python3.10
[0.887s] -- Using PYTHON_LIBRARIES: /usr/lib/x86_64-linux-gnu/libpython3.10.so
[0.919s] -- Configuring done
[0.941s] -- Generating done
[0.943s] -- Build files have been written to: /home/dl/ROSHW_ws/build/my_interfaces
[0.963s] [  2%] [34m[1mGenerating C code for ROS interfaces[0m
[0.969s] [  5%] [34m[1mGenerating C++ code for ROS interfaces[0m
[0.975s] [  5%] Built target ament_cmake_python_symlink_my_interfaces
[1.182s] running egg_info
[1.182s] writing my_interfaces.egg-info/PKG-INFO
[1.182s] writing dependency_links to my_interfaces.egg-info/dependency_links.txt
[1.182s] writing top-level names to my_interfaces.egg-info/top_level.txt
[1.185s] [  5%] Built target my_interfaces__cpp
[1.185s] reading manifest file 'my_interfaces.egg-info/SOURCES.txt'
[1.186s] writing manifest file 'my_interfaces.egg-info/SOURCES.txt'
[1.192s] [ 12%] [34m[1mGenerating C++ type support dispatch for ROS interfaces[0m
[1.192s] [ 12%] [34m[1mGenerating C++ type support for eProsima Fast-RTPS[0m
[1.192s] [35m[1mConsolidate compiler generated dependencies of target my_interfaces__rosidl_generator_c[0m
[1.192s] [ 12%] [34m[1mGenerating C++ introspection for ROS interfaces[0m
[1.200s] [ 17%] [32mBuilding C object CMakeFiles/my_interfaces__rosidl_generator_c.dir/rosidl_generator_c/my_interfaces/msg/detail/mineral__functions.c.o[0m
[1.200s] [ 17%] [32mBuilding C object CMakeFiles/my_interfaces__rosidl_generator_c.dir/rosidl_generator_c/my_interfaces/msg/detail/mineral_array__functions.c.o[0m
[1.221s] [ 17%] Built target ament_cmake_python_build_my_interfaces_egg
[1.234s] [ 20%] [32m[1mLinking C shared library libmy_interfaces__rosidl_generator_c.so[0m
[1.262s] [ 20%] Built target my_interfaces__rosidl_generator_c
[1.270s] [ 23%] [34m[1mGenerating C type support for eProsima Fast-RTPS[0m
[1.270s] [ 25%] [34m[1mGenerating C introspection for ROS interfaces[0m
[1.270s] [ 28%] [34m[1mGenerating C type support dispatch for ROS interfaces[0m
[1.378s] [35m[1mConsolidate compiler generated dependencies of target my_interfaces__rosidl_typesupport_cpp[0m
[1.389s] [ 30%] [32mBuilding CXX object CMakeFiles/my_interfaces__rosidl_typesupport_cpp.dir/rosidl_typesupport_cpp/my_interfaces/msg/mineral__type_support.cpp.o[0m
[1.391s] [ 33%] [32mBuilding CXX object CMakeFiles/my_interfaces__rosidl_typesupport_cpp.dir/rosidl_typesupport_cpp/my_interfaces/msg/mineral_array__type_support.cpp.o[0m
[1.396s] [35m[1mConsolidate compiler generated dependencies of target my_interfaces__rosidl_typesupport_introspection_cpp[0m
[1.406s] [ 38%] [32mBuilding CXX object CMakeFiles/my_interfaces__rosidl_typesupport_introspection_cpp.dir/rosidl_typesupport_introspection_cpp/my_interfaces/msg/detail/mineral__type_support.cpp.o[0m
[1.406s] [ 38%] [32mBuilding CXX object CMakeFiles/my_interfaces__rosidl_typesupport_introspection_cpp.dir/rosidl_typesupport_introspection_cpp/my_interfaces/msg/detail/mineral_array__type_support.cpp.o[0m
[1.411s] [35m[1mConsolidate compiler generated dependencies of target my_interfaces__rosidl_typesupport_fastrtps_cpp[0m
[1.424s] [ 41%] [32mBuilding CXX object CMakeFiles/my_interfaces__rosidl_typesupport_fastrtps_cpp.dir/rosidl_typesupport_fastrtps_cpp/my_interfaces/msg/detail/dds_fastrtps/mineral__type_support.cpp.o[0m
[1.425s] [ 43%] [32mBuilding CXX object CMakeFiles/my_interfaces__rosidl_typesupport_fastrtps_cpp.dir/rosidl_typesupport_fastrtps_cpp/my_interfaces/msg/detail/dds_fastrtps/mineral_array__type_support.cpp.o[0m
[1.469s] [35m[1mConsolidate compiler generated dependencies of target my_interfaces__rosidl_typesupport_c[0m
[1.479s] [ 46%] [32mBuilding CXX object CMakeFiles/my_interfaces__rosidl_typesupport_c.dir/rosidl_typesupport_c/my_interfaces/msg/mineral__type_support.cpp.o[0m
[1.482s] [ 48%] [32mBuilding CXX object CMakeFiles/my_interfaces__rosidl_typesupport_c.dir/rosidl_typesupport_c/my_interfaces/msg/mineral_array__type_support.cpp.o[0m
[1.495s] [35m[1mConsolidate compiler generated dependencies of target my_interfaces__rosidl_typesupport_introspection_c[0m
[1.503s] [35m[1mConsolidate compiler generated dependencies of target my_interfaces__rosidl_typesupport_fastrtps_c[0m
[1.505s] [ 53%] [32mBuilding C object CMakeFiles/my_interfaces__rosidl_typesupport_introspection_c.dir/rosidl_typesupport_introspection_c/my_interfaces/msg/detail/mineral__type_support.c.o[0m
[1.505s] [ 53%] [32mBuilding C object CMakeFiles/my_interfaces__rosidl_typesupport_introspection_c.dir/rosidl_typesupport_introspection_c/my_interfaces/msg/detail/mineral_array__type_support.c.o[0m
[1.517s] [ 58%] [32mBuilding CXX object CMakeFiles/my_interfaces__rosidl_typesupport_fastrtps_c.dir/rosidl_typesupport_fastrtps_c/my_interfaces/msg/detail/mineral_array__type_support_c.cpp.o[0m
[1.517s] [ 58%] [32mBuilding CXX object CMakeFiles/my_interfaces__rosidl_typesupport_fastrtps_c.dir/rosidl_typesupport_fastrtps_c/my_interfaces/msg/detail/mineral__type_support_c.cpp.o[0m
[1.518s] [ 61%] [32m[1mLinking CXX shared library libmy_interfaces__rosidl_typesupport_c.so[0m
[1.546s] [ 64%] [32m[1mLinking C shared library libmy_interfaces__rosidl_typesupport_introspection_c.so[0m
[1.562s] [ 64%] Built target my_interfaces__rosidl_typesupport_c
[1.580s] [ 64%] Built target my_interfaces__rosidl_typesupport_introspection_c
[1.650s] [ 66%] [32m[1mLinking CXX shared library libmy_interfaces__rosidl_typesupport_cpp.so[0m
[1.681s] [ 66%] Built target my_interfaces__rosidl_typesupport_cpp
[1.787s] [ 69%] [32m[1mLinking CXX shared library libmy_interfaces__rosidl_typesupport_fastrtps_c.so[0m
[1.810s] [ 71%] [32m[1mLinking CXX shared library libmy_interfaces__rosidl_typesupport_introspection_cpp.so[0m
[1.850s] [ 71%] Built target my_interfaces__rosidl_typesupport_fastrtps_c
[1.862s] [ 74%] [32m[1mLinking CXX shared library libmy_interfaces__rosidl_typesupport_fastrtps_cpp.so[0m
[1.867s] [ 74%] Built target my_interfaces__rosidl_typesupport_introspection_cpp
[1.909s] [ 74%] Built target my_interfaces__rosidl_typesupport_fastrtps_cpp
[1.923s] [ 74%] Built target my_interfaces
[1.936s] [ 76%] [34m[1mGenerating Python code for ROS interfaces[0m
[2.207s] [ 76%] Built target my_interfaces__py
[2.214s] [35m[1mConsolidate compiler generated dependencies of target my_interfaces__rosidl_generator_py[0m
[2.225s] [ 82%] [32mBuilding C object CMakeFiles/my_interfaces__rosidl_generator_py.dir/rosidl_generator_py/my_interfaces/msg/_mineral_array_s.c.o[0m
[2.226s] [ 82%] [32mBuilding C object CMakeFiles/my_interfaces__rosidl_generator_py.dir/rosidl_generator_py/my_interfaces/msg/_mineral_s.c.o[0m
[2.292s] [ 84%] [32m[1mLinking C shared library rosidl_generator_py/my_interfaces/libmy_interfaces__rosidl_generator_py.so[0m
[2.323s] [ 84%] Built target my_interfaces__rosidl_generator_py
[2.330s] [35m[1mConsolidate compiler generated dependencies of target my_interfaces__rosidl_typesupport_introspection_c__pyext[0m
[2.330s] [35m[1mConsolidate compiler generated dependencies of target my_interfaces__rosidl_typesupport_fastrtps_c__pyext[0m
[2.330s] [35m[1mConsolidate compiler generated dependencies of target my_interfaces__rosidl_typesupport_c__pyext[0m
[2.339s] [ 92%] [32mBuilding C object CMakeFiles/my_interfaces__rosidl_typesupport_c__pyext.dir/rosidl_generator_py/my_interfaces/_my_interfaces_s.ep.rosidl_typesupport_c.c.o[0m
[2.339s] [ 92%] [32mBuilding C object CMakeFiles/my_interfaces__rosidl_typesupport_fastrtps_c__pyext.dir/rosidl_generator_py/my_interfaces/_my_interfaces_s.ep.rosidl_typesupport_fastrtps_c.c.o[0m
[2.339s] [ 92%] [32mBuilding C object CMakeFiles/my_interfaces__rosidl_typesupport_introspection_c__pyext.dir/rosidl_generator_py/my_interfaces/_my_interfaces_s.ep.rosidl_typesupport_introspection_c.c.o[0m
[2.405s] [100%] [32m[1mLinking C shared library rosidl_generator_py/my_interfaces/my_interfaces_s__rosidl_typesupport_fastrtps_c.cpython-310-x86_64-linux-gnu.so[0m
[2.405s] [100%] [32m[1mLinking C shared library rosidl_generator_py/my_interfaces/my_interfaces_s__rosidl_typesupport_c.cpython-310-x86_64-linux-gnu.so[0m
[2.405s] [100%] [32m[1mLinking C shared library rosidl_generator_py/my_interfaces/my_interfaces_s__rosidl_typesupport_introspection_c.cpython-310-x86_64-linux-gnu.so[0m
[2.435s] [100%] Built target my_interfaces__rosidl_typesupport_c__pyext
[2.435s] [100%] Built target my_interfaces__rosidl_typesupport_introspection_c__pyext
[2.435s] [100%] Built target my_interfaces__rosidl_typesupport_fastrtps_c__pyext
[2.442s] Invoked command in '/home/dl/ROSHW_ws/build/my_interfaces' returned '0': CMAKE_PREFIX_PATH=${CMAKE_PREFIX_PATH}:/opt/ros/humble /usr/bin/cmake --build /home/dl/ROSHW_ws/build/my_interfaces -- -j16 -l16
[2.492s] Invoking command in '/home/dl/ROSHW_ws/build/my_interfaces': CMAKE_PREFIX_PATH=${CMAKE_PREFIX_PATH}:/opt/ros/humble /usr/bin/cmake --install /home/dl/ROSHW_ws/build/my_interfaces
[2.497s] -- Install configuration: ""
[2.498s] -- Execute custom install script
[2.498s] -- Up-to-date symlink: /home/dl/ROSHW_ws/install/my_interfaces/share/ament_index/resource_index/rosidl_interfaces/my_interfaces
[2.498s] -- Up-to-date symlink: /home/dl/ROSHW_ws/install/my_interfaces/include/my_interfaces/my_interfaces/msg/detail/mineral__functions.h
[2.498s] -- Up-to-date symlink: /home/dl/ROSHW_ws/install/my_interfaces/include/my_interfaces/my_interfaces/msg/detail/mineral__struct.h
[2.498s] -- Up-to-date symlink: /home/dl/ROSHW_ws/install/my_interfaces/include/my_interfaces/my_interfaces/msg/detail/mineral__type_support.h
[2.498s] -- Up-to-date symlink: /home/dl/ROSHW_ws/install/my_interfaces/include/my_interfaces/my_interfaces/msg/detail/mineral_array__functions.h
[2.498s] -- Up-to-date symlink: /home/dl/ROSHW_ws/install/my_interfaces/include/my_interfaces/my_interfaces/msg/detail/mineral_array__struct.h
[2.498s] -- Up-to-date symlink: /home/dl/ROSHW_ws/install/my_interfaces/include/my_interfaces/my_interfaces/msg/detail/mineral_array__type_support.h
[2.498s] -- Up-to-date symlink: /home/dl/ROSHW_ws/install/my_interfaces/include/my_interfaces/my_interfaces/msg/mineral.h
[2.498s] -- Up-to-date symlink: /home/dl/ROSHW_ws/install/my_interfaces/include/my_interfaces/my_interfaces/msg/mineral_array.h
[2.499s] -- Up-to-date symlink: /home/dl/ROSHW_ws/install/my_interfaces/include/my_interfaces/my_interfaces/msg/rosidl_generator_c__visibility_control.h
[2.499s] -- Up-to-date symlink: /home/dl/ROSHW_ws/install/my_interfaces/share/my_interfaces/environment/library_path.sh
[2.499s] -- Up-to-date symlink: /home/dl/ROSHW_ws/install/my_interfaces/share/my_interfaces/environment/library_path.dsv
[2.499s] -- Up-to-date symlink: /home/dl/ROSHW_ws/install/my_interfaces/include/my_interfaces/my_interfaces/msg/detail/mineral__rosidl_typesupport_fastrtps_c.h
[2.499s] -- Up-to-date symlink: /home/dl/ROSHW_ws/install/my_interfaces/include/my_interfaces/my_interfaces/msg/detail/mineral_array__rosidl_typesupport_fastrtps_c.h
[2.499s] -- Up-to-date symlink: /home/dl/ROSHW_ws/install/my_interfaces/include/my_interfaces/my_interfaces/msg/rosidl_typesupport_fastrtps_c__visibility_control.h
[2.499s] -- Up-to-date symlink: /home/dl/ROSHW_ws/install/my_interfaces/include/my_interfaces/my_interfaces/msg/detail/mineral__rosidl_typesupport_introspection_c.h
[2.499s] -- Up-to-date symlink: /home/dl/ROSHW_ws/install/my_interfaces/include/my_interfaces/my_interfaces/msg/detail/mineral_array__rosidl_typesupport_introspection_c.h
[2.499s] -- Up-to-date symlink: /home/dl/ROSHW_ws/install/my_interfaces/include/my_interfaces/my_interfaces/msg/rosidl_typesupport_introspection_c__visibility_control.h
[2.500s] -- Up-to-date symlink: /home/dl/ROSHW_ws/install/my_interfaces/include/my_interfaces/my_interfaces/msg/detail/mineral__builder.hpp
[2.500s] -- Up-to-date symlink: /home/dl/ROSHW_ws/install/my_interfaces/include/my_interfaces/my_interfaces/msg/detail/mineral__struct.hpp
[2.500s] -- Up-to-date symlink: /home/dl/ROSHW_ws/install/my_interfaces/include/my_interfaces/my_interfaces/msg/detail/mineral__traits.hpp
[2.500s] -- Up-to-date symlink: /home/dl/ROSHW_ws/install/my_interfaces/include/my_interfaces/my_interfaces/msg/detail/mineral_array__builder.hpp
[2.500s] -- Up-to-date symlink: /home/dl/ROSHW_ws/install/my_interfaces/include/my_interfaces/my_interfaces/msg/detail/mineral_array__struct.hpp
[2.500s] -- Up-to-date symlink: /home/dl/ROSHW_ws/install/my_interfaces/include/my_interfaces/my_interfaces/msg/detail/mineral_array__traits.hpp
[2.500s] -- Up-to-date symlink: /home/dl/ROSHW_ws/install/my_interfaces/include/my_interfaces/my_interfaces/msg/mineral.hpp
[2.500s] -- Up-to-date symlink: /home/dl/ROSHW_ws/install/my_interfaces/include/my_interfaces/my_interfaces/msg/mineral_array.hpp
[2.500s] -- Up-to-date symlink: /home/dl/ROSHW_ws/install/my_interfaces/include/my_interfaces/my_interfaces/msg/detail/mineral__rosidl_typesupport_fastrtps_cpp.hpp
[2.500s] -- Up-to-date symlink: /home/dl/ROSHW_ws/install/my_interfaces/include/my_interfaces/my_interfaces/msg/detail/mineral_array__rosidl_typesupport_fastrtps_cpp.hpp
[2.500s] -- Up-to-date symlink: /home/dl/ROSHW_ws/install/my_interfaces/include/my_interfaces/my_interfaces/msg/rosidl_typesupport_fastrtps_cpp__visibility_control.h
[2.501s] -- Up-to-date symlink: /home/dl/ROSHW_ws/install/my_interfaces/include/my_interfaces/my_interfaces/msg/detail/mineral__rosidl_typesupport_introspection_cpp.hpp
[2.501s] -- Up-to-date symlink: /home/dl/ROSHW_ws/install/my_interfaces/include/my_interfaces/my_interfaces/msg/detail/mineral_array__rosidl_typesupport_introspection_cpp.hpp
[2.501s] -- Up-to-date symlink: /home/dl/ROSHW_ws/install/my_interfaces/share/my_interfaces/environment/pythonpath.sh
[2.501s] -- Up-to-date symlink: /home/dl/ROSHW_ws/install/my_interfaces/share/my_interfaces/environment/pythonpath.dsv
[2.501s] -- Up-to-date symlink: /home/dl/ROSHW_ws/install/my_interfaces/local/lib/python3.10/dist-packages/my_interfaces-0.0.0-py3.10.egg-info/PKG-INFO
[2.501s] -- Up-to-date symlink: /home/dl/ROSHW_ws/install/my_interfaces/local/lib/python3.10/dist-packages/my_interfaces-0.0.0-py3.10.egg-info/SOURCES.txt
[2.501s] -- Up-to-date symlink: /home/dl/ROSHW_ws/install/my_interfaces/local/lib/python3.10/dist-packages/my_interfaces-0.0.0-py3.10.egg-info/dependency_links.txt
[2.501s] -- Up-to-date symlink: /home/dl/ROSHW_ws/install/my_interfaces/local/lib/python3.10/dist-packages/my_interfaces-0.0.0-py3.10.egg-info/top_level.txt
[2.502s] -- Up-to-date symlink: /home/dl/ROSHW_ws/install/my_interfaces/local/lib/python3.10/dist-packages/my_interfaces/__init__.py
[2.502s] -- Up-to-date symlink: /home/dl/ROSHW_ws/install/my_interfaces/local/lib/python3.10/dist-packages/my_interfaces/_my_interfaces_s.ep.rosidl_typesupport_c.c
[2.502s] -- Up-to-date symlink: /home/dl/ROSHW_ws/install/my_interfaces/local/lib/python3.10/dist-packages/my_interfaces/_my_interfaces_s.ep.rosidl_typesupport_fastrtps_c.c
[2.502s] -- Up-to-date symlink: /home/dl/ROSHW_ws/install/my_interfaces/local/lib/python3.10/dist-packages/my_interfaces/_my_interfaces_s.ep.rosidl_typesupport_introspection_c.c
[2.502s] -- Up-to-date symlink: /home/dl/ROSHW_ws/install/my_interfaces/local/lib/python3.10/dist-packages/my_interfaces/libmy_interfaces__rosidl_generator_py.so
[2.502s] -- Up-to-date symlink: /home/dl/ROSHW_ws/install/my_interfaces/local/lib/python3.10/dist-packages/my_interfaces/msg/__init__.py
[2.502s] -- Up-to-date symlink: /home/dl/ROSHW_ws/install/my_interfaces/local/lib/python3.10/dist-packages/my_interfaces/msg/_mineral.py
[2.502s] -- Up-to-date symlink: /home/dl/ROSHW_ws/install/my_interfaces/local/lib/python3.10/dist-packages/my_interfaces/msg/_mineral_array.py
[2.502s] -- Up-to-date symlink: /home/dl/ROSHW_ws/install/my_interfaces/local/lib/python3.10/dist-packages/my_interfaces/msg/_mineral_array_s.c
[2.502s] -- Up-to-date symlink: /home/dl/ROSHW_ws/install/my_interfaces/local/lib/python3.10/dist-packages/my_interfaces/msg/_mineral_s.c
[2.502s] -- Up-to-date symlink: /home/dl/ROSHW_ws/install/my_interfaces/local/lib/python3.10/dist-packages/my_interfaces/my_interfaces_s__rosidl_typesupport_c.cpython-310-x86_64-linux-gnu.so
[2.502s] -- Up-to-date symlink: /home/dl/ROSHW_ws/install/my_interfaces/local/lib/python3.10/dist-packages/my_interfaces/my_interfaces_s__rosidl_typesupport_fastrtps_c.cpython-310-x86_64-linux-gnu.so
[2.502s] -- Up-to-date symlink: /home/dl/ROSHW_ws/install/my_interfaces/local/lib/python3.10/dist-packages/my_interfaces/my_interfaces_s__rosidl_typesupport_introspection_c.cpython-310-x86_64-linux-gnu.so
[2.502s] -- Up-to-date symlink: /home/dl/ROSHW_ws/install/my_interfaces/local/lib/python3.10/dist-packages/my_interfaces/my_interfaces_s__rosidl_typesupport_fastrtps_c.cpython-310-x86_64-linux-gnu.so
[2.503s] -- Up-to-date symlink: /home/dl/ROSHW_ws/install/my_interfaces/local/lib/python3.10/dist-packages/my_interfaces/my_interfaces_s__rosidl_typesupport_introspection_c.cpython-310-x86_64-linux-gnu.so
[2.503s] -- Up-to-date symlink: /home/dl/ROSHW_ws/install/my_interfaces/local/lib/python3.10/dist-packages/my_interfaces/my_interfaces_s__rosidl_typesupport_c.cpython-310-x86_64-linux-gnu.so
[2.503s] -- Up-to-date symlink: /home/dl/ROSHW_ws/install/my_interfaces/share/my_interfaces/msg/Mineral.idl
[2.503s] -- Up-to-date symlink: /home/dl/ROSHW_ws/install/my_interfaces/share/my_interfaces/msg/MineralArray.idl
[2.503s] -- Up-to-date symlink: /home/dl/ROSHW_ws/install/my_interfaces/share/my_interfaces/msg/Mineral.msg
[2.503s] -- Up-to-date symlink: /home/dl/ROSHW_ws/install/my_interfaces/share/my_interfaces/msg/MineralArray.msg
[2.503s] -- Up-to-date symlink: /home/dl/ROSHW_ws/install/my_interfaces/share/ament_index/resource_index/package_run_dependencies/my_interfaces
[2.503s] -- Up-to-date symlink: /home/dl/ROSHW_ws/install/my_interfaces/share/ament_index/resource_index/parent_prefix_path/my_interfaces
[2.503s] -- Up-to-date symlink: /home/dl/ROSHW_ws/install/my_interfaces/share/my_interfaces/environment/ament_prefix_path.sh
[2.503s] -- Up-to-date symlink: /home/dl/ROSHW_ws/install/my_interfaces/share/my_interfaces/environment/ament_prefix_path.dsv
[2.504s] -- Up-to-date symlink: /home/dl/ROSHW_ws/install/my_interfaces/share/my_interfaces/environment/path.sh
[2.504s] -- Up-to-date symlink: /home/dl/ROSHW_ws/install/my_interfaces/share/my_interfaces/environment/path.dsv
[2.504s] -- Up-to-date symlink: /home/dl/ROSHW_ws/install/my_interfaces/share/my_interfaces/local_setup.bash
[2.504s] -- Up-to-date symlink: /home/dl/ROSHW_ws/install/my_interfaces/share/my_interfaces/local_setup.sh
[2.504s] -- Up-to-date symlink: /home/dl/ROSHW_ws/install/my_interfaces/share/my_interfaces/local_setup.zsh
[2.504s] -- Up-to-date symlink: /home/dl/ROSHW_ws/install/my_interfaces/share/my_interfaces/local_setup.dsv
[2.504s] -- Symlinking: /home/dl/ROSHW_ws/install/my_interfaces/share/my_interfaces/package.dsv
[2.510s] -- Up-to-date symlink: /home/dl/ROSHW_ws/install/my_interfaces/share/ament_index/resource_index/packages/my_interfaces
[2.510s] -- Up-to-date symlink: /home/dl/ROSHW_ws/install/my_interfaces/share/my_interfaces/cmake/rosidl_cmake-extras.cmake
[2.510s] -- Up-to-date symlink: /home/dl/ROSHW_ws/install/my_interfaces/share/my_interfaces/cmake/ament_cmake_export_dependencies-extras.cmake
[2.510s] -- Up-to-date symlink: /home/dl/ROSHW_ws/install/my_interfaces/share/my_interfaces/cmake/ament_cmake_export_include_directories-extras.cmake
[2.511s] -- Up-to-date symlink: /home/dl/ROSHW_ws/install/my_interfaces/share/my_interfaces/cmake/ament_cmake_export_libraries-extras.cmake
[2.511s] -- Up-to-date symlink: /home/dl/ROSHW_ws/install/my_interfaces/share/my_interfaces/cmake/ament_cmake_export_targets-extras.cmake
[2.511s] -- Up-to-date symlink: /home/dl/ROSHW_ws/install/my_interfaces/share/my_interfaces/cmake/rosidl_cmake_export_typesupport_targets-extras.cmake
[2.511s] -- Up-to-date symlink: /home/dl/ROSHW_ws/install/my_interfaces/share/my_interfaces/cmake/rosidl_cmake_export_typesupport_libraries-extras.cmake
[2.511s] -- Up-to-date symlink: /home/dl/ROSHW_ws/install/my_interfaces/share/my_interfaces/cmake/my_interfacesConfig.cmake
[2.511s] -- Up-to-date symlink: /home/dl/ROSHW_ws/install/my_interfaces/share/my_interfaces/cmake/my_interfacesConfig-version.cmake
[2.511s] -- Up-to-date symlink: /home/dl/ROSHW_ws/install/my_interfaces/share/my_interfaces/package.xml
[2.511s] -- Installing: /home/dl/ROSHW_ws/install/my_interfaces/lib/libmy_interfaces__rosidl_generator_c.so
[2.512s] -- Set runtime path of "/home/dl/ROSHW_ws/install/my_interfaces/lib/libmy_interfaces__rosidl_generator_c.so" to ""
[2.512s] -- Installing: /home/dl/ROSHW_ws/install/my_interfaces/lib/libmy_interfaces__rosidl_typesupport_fastrtps_c.so
[2.512s] -- Set runtime path of "/home/dl/ROSHW_ws/install/my_interfaces/lib/libmy_interfaces__rosidl_typesupport_fastrtps_c.so" to ""
[2.512s] -- Installing: /home/dl/ROSHW_ws/install/my_interfaces/lib/libmy_interfaces__rosidl_typesupport_introspection_c.so
[2.513s] -- Set runtime path of "/home/dl/ROSHW_ws/install/my_interfaces/lib/libmy_interfaces__rosidl_typesupport_introspection_c.so" to ""
[2.513s] -- Installing: /home/dl/ROSHW_ws/install/my_interfaces/lib/libmy_interfaces__rosidl_typesupport_c.so
[2.513s] -- Set runtime path of "/home/dl/ROSHW_ws/install/my_interfaces/lib/libmy_interfaces__rosidl_typesupport_c.so" to ""
[2.513s] -- Installing: /home/dl/ROSHW_ws/install/my_interfaces/lib/libmy_interfaces__rosidl_typesupport_fastrtps_cpp.so
[2.513s] -- Set runtime path of "/home/dl/ROSHW_ws/install/my_interfaces/lib/libmy_interfaces__rosidl_typesupport_fastrtps_cpp.so" to ""
[2.513s] -- Installing: /home/dl/ROSHW_ws/install/my_interfaces/lib/libmy_interfaces__rosidl_typesupport_introspection_cpp.so
[2.513s] -- Set runtime path of "/home/dl/ROSHW_ws/install/my_interfaces/lib/libmy_interfaces__rosidl_typesupport_introspection_cpp.so" to ""
[2.514s] -- Installing: /home/dl/ROSHW_ws/install/my_interfaces/lib/libmy_interfaces__rosidl_typesupport_cpp.so
[2.514s] -- Set runtime path of "/home/dl/ROSHW_ws/install/my_interfaces/lib/libmy_interfaces__rosidl_typesupport_cpp.so" to ""
[2.537s] Listing '/home/dl/ROSHW_ws/install/my_interfaces/local/lib/python3.10/dist-packages/my_interfaces'...
[2.538s] Compiling '/home/dl/ROSHW_ws/install/my_interfaces/local/lib/python3.10/dist-packages/my_interfaces/__init__.py'...
[2.538s] Listing '/home/dl/ROSHW_ws/install/my_interfaces/local/lib/python3.10/dist-packages/my_interfaces/msg'...
[2.538s] Compiling '/home/dl/ROSHW_ws/install/my_interfaces/local/lib/python3.10/dist-packages/my_interfaces/msg/__init__.py'...
[2.538s] Compiling '/home/dl/ROSHW_ws/install/my_interfaces/local/lib/python3.10/dist-packages/my_interfaces/msg/_mineral.py'...
[2.538s] Compiling '/home/dl/ROSHW_ws/install/my_interfaces/local/lib/python3.10/dist-packages/my_interfaces/msg/_mineral_array.py'...
[2.540s] -- Installing: /home/dl/ROSHW_ws/install/my_interfaces/lib/libmy_interfaces__rosidl_generator_py.so
[2.541s] -- Set runtime path of "/home/dl/ROSHW_ws/install/my_interfaces/lib/libmy_interfaces__rosidl_generator_py.so" to ""
[2.541s] -- Up-to-date: /home/dl/ROSHW_ws/install/my_interfaces/share/my_interfaces/cmake/export_my_interfaces__rosidl_generator_cExport.cmake
[2.541s] -- Up-to-date: /home/dl/ROSHW_ws/install/my_interfaces/share/my_interfaces/cmake/export_my_interfaces__rosidl_generator_cExport-noconfig.cmake
[2.541s] -- Up-to-date: /home/dl/ROSHW_ws/install/my_interfaces/share/my_interfaces/cmake/export_my_interfaces__rosidl_typesupport_fastrtps_cExport.cmake
[2.541s] -- Up-to-date: /home/dl/ROSHW_ws/install/my_interfaces/share/my_interfaces/cmake/export_my_interfaces__rosidl_typesupport_fastrtps_cExport-noconfig.cmake
[2.541s] -- Up-to-date: /home/dl/ROSHW_ws/install/my_interfaces/share/my_interfaces/cmake/my_interfaces__rosidl_typesupport_introspection_cExport.cmake
[2.541s] -- Up-to-date: /home/dl/ROSHW_ws/install/my_interfaces/share/my_interfaces/cmake/my_interfaces__rosidl_typesupport_introspection_cExport-noconfig.cmake
[2.541s] -- Up-to-date: /home/dl/ROSHW_ws/install/my_interfaces/share/my_interfaces/cmake/my_interfaces__rosidl_typesupport_cExport.cmake
[2.541s] -- Up-to-date: /home/dl/ROSHW_ws/install/my_interfaces/share/my_interfaces/cmake/my_interfaces__rosidl_typesupport_cExport-noconfig.cmake
[2.541s] -- Up-to-date: /home/dl/ROSHW_ws/install/my_interfaces/share/my_interfaces/cmake/export_my_interfaces__rosidl_generator_cppExport.cmake
[2.541s] -- Up-to-date: /home/dl/ROSHW_ws/install/my_interfaces/share/my_interfaces/cmake/export_my_interfaces__rosidl_typesupport_fastrtps_cppExport.cmake
[2.541s] -- Up-to-date: /home/dl/ROSHW_ws/install/my_interfaces/share/my_interfaces/cmake/export_my_interfaces__rosidl_typesupport_fastrtps_cppExport-noconfig.cmake
[2.541s] -- Up-to-date: /home/dl/ROSHW_ws/install/my_interfaces/share/my_interfaces/cmake/my_interfaces__rosidl_typesupport_introspection_cppExport.cmake
[2.541s] -- Up-to-date: /home/dl/ROSHW_ws/install/my_interfaces/share/my_interfaces/cmake/my_interfaces__rosidl_typesupport_introspection_cppExport-noconfig.cmake
[2.542s] -- Up-to-date: /home/dl/ROSHW_ws/install/my_interfaces/share/my_interfaces/cmake/my_interfaces__rosidl_typesupport_cppExport.cmake
[2.542s] -- Up-to-date: /home/dl/ROSHW_ws/install/my_interfaces/share/my_interfaces/cmake/my_interfaces__rosidl_typesupport_cppExport-noconfig.cmake
[2.542s] -- Up-to-date: /home/dl/ROSHW_ws/install/my_interfaces/share/my_interfaces/cmake/export_my_interfaces__rosidl_generator_pyExport.cmake
[2.542s] -- Up-to-date: /home/dl/ROSHW_ws/install/my_interfaces/share/my_interfaces/cmake/export_my_interfaces__rosidl_generator_pyExport-noconfig.cmake
[2.543s] Invoked command in '/home/dl/ROSHW_ws/build/my_interfaces' returned '0': CMAKE_PREFIX_PATH=${CMAKE_PREFIX_PATH}:/opt/ros/humble /usr/bin/cmake --install /home/dl/ROSHW_ws/build/my_interfaces
