[35m[1mConsolidate compiler generated dependencies of target myrobot_follow[0m
[ 50%] [32mBuilding CXX object CMakeFiles/myrobot_follow.dir/src/myrobot_follow.cpp.o[0m
[100%] [32m[1mLinking CXX executable myrobot_follow[0m
[100%] Built target myrobot_follow
-- Install configuration: ""
-- Installing: /home/dl/ignition_ws/install/my_ignition_demo/lib/my_ignition_demo/myrobot_follow
-- Set runtime path of "/home/dl/ignition_ws/install/my_ignition_demo/lib/my_ignition_demo/myrobot_follow" to ""
-- Up-to-date: /home/dl/ignition_ws/install/my_ignition_demo/share/ament_index/resource_index/package_run_dependencies/my_ignition_demo
-- Up-to-date: /home/dl/ignition_ws/install/my_ignition_demo/share/ament_index/resource_index/parent_prefix_path/my_ignition_demo
-- Up-to-date: /home/dl/ignition_ws/install/my_ignition_demo/share/my_ignition_demo/environment/ament_prefix_path.sh
-- Up-to-date: /home/dl/ignition_ws/install/my_ignition_demo/share/my_ignition_demo/environment/ament_prefix_path.dsv
-- Up-to-date: /home/dl/ignition_ws/install/my_ignition_demo/share/my_ignition_demo/environment/path.sh
-- Up-to-date: /home/dl/ignition_ws/install/my_ignition_demo/share/my_ignition_demo/environment/path.dsv
-- Up-to-date: /home/dl/ignition_ws/install/my_ignition_demo/share/my_ignition_demo/local_setup.bash
-- Up-to-date: /home/dl/ignition_ws/install/my_ignition_demo/share/my_ignition_demo/local_setup.sh
-- Up-to-date: /home/dl/ignition_ws/install/my_ignition_demo/share/my_ignition_demo/local_setup.zsh
-- Up-to-date: /home/dl/ignition_ws/install/my_ignition_demo/share/my_ignition_demo/local_setup.dsv
-- Installing: /home/dl/ignition_ws/install/my_ignition_demo/share/my_ignition_demo/package.dsv
-- Up-to-date: /home/dl/ignition_ws/install/my_ignition_demo/share/ament_index/resource_index/packages/my_ignition_demo
-- Up-to-date: /home/dl/ignition_ws/install/my_ignition_demo/share/my_ignition_demo/cmake/my_ignition_demoConfig.cmake
-- Up-to-date: /home/dl/ignition_ws/install/my_ignition_demo/share/my_ignition_demo/cmake/my_ignition_demoConfig-version.cmake
-- Up-to-date: /home/dl/ignition_ws/install/my_ignition_demo/share/my_ignition_demo/package.xml
