[0.027s] Invoking command in '/media/dl/dlssd/Ubuntu/Hotpot/2024SeasonExam/2024_vision_secondtest/ROS2TF2andCpp_homework/ROSHW_ws/build/learning_tf2_cpp': CMAKE_PREFIX_PATH=/opt/ros/humble /usr/bin/cmake --build /media/dl/dlssd/Ubuntu/Hotpot/2024SeasonExam/2024_vision_secondtest/ROS2TF2andCpp_homework/ROSHW_ws/build/learning_tf2_cpp -- -j16 -l16
[0.079s] [100%] Built target hero_tf2_listener
[0.093s] Invoked command in '/media/dl/dlssd/Ubuntu/Hotpot/2024SeasonExam/2024_vision_secondtest/ROS2TF2andCpp_homework/ROSHW_ws/build/learning_tf2_cpp' returned '0': CMAKE_PREFIX_PATH=/opt/ros/humble /usr/bin/cmake --build /media/dl/dlssd/Ubuntu/Hotpot/2024SeasonExam/2024_vision_secondtest/ROS2TF2andCpp_homework/ROSHW_ws/build/learning_tf2_cpp -- -j16 -l16
[0.120s] Invoking command in '/media/dl/dlssd/Ubuntu/Hotpot/2024SeasonExam/2024_vision_secondtest/ROS2TF2andCpp_homework/ROSHW_ws/build/learning_tf2_cpp': CMAKE_PREFIX_PATH=/opt/ros/humble /usr/bin/cmake --install /media/dl/dlssd/Ubuntu/Hotpot/2024SeasonExam/2024_vision_secondtest/ROS2TF2andCpp_homework/ROSHW_ws/build/learning_tf2_cpp
[0.125s] -- Install configuration: ""
[0.128s] -- Up-to-date: /media/dl/dlssd/Ubuntu/Hotpot/2024SeasonExam/2024_vision_secondtest/ROS2TF2andCpp_homework/ROSHW_ws/install/learning_tf2_cpp/lib/learning_tf2_cpp/hero_tf2_listener
[0.132s] -- Up-to-date: /media/dl/dlssd/Ubuntu/Hotpot/2024SeasonExam/2024_vision_secondtest/ROS2TF2andCpp_homework/ROSHW_ws/install/learning_tf2_cpp/share/ament_index/resource_index/package_run_dependencies/learning_tf2_cpp
[0.134s] -- Up-to-date: /media/dl/dlssd/Ubuntu/Hotpot/2024SeasonExam/2024_vision_secondtest/ROS2TF2andCpp_homework/ROSHW_ws/install/learning_tf2_cpp/share/ament_index/resource_index/parent_prefix_path/learning_tf2_cpp
[0.135s] -- Up-to-date: /media/dl/dlssd/Ubuntu/Hotpot/2024SeasonExam/2024_vision_secondtest/ROS2TF2andCpp_homework/ROSHW_ws/install/learning_tf2_cpp/share/learning_tf2_cpp/environment/ament_prefix_path.sh
[0.137s] -- Up-to-date: /media/dl/dlssd/Ubuntu/Hotpot/2024SeasonExam/2024_vision_secondtest/ROS2TF2andCpp_homework/ROSHW_ws/install/learning_tf2_cpp/share/learning_tf2_cpp/environment/ament_prefix_path.dsv
[0.138s] -- Up-to-date: /media/dl/dlssd/Ubuntu/Hotpot/2024SeasonExam/2024_vision_secondtest/ROS2TF2andCpp_homework/ROSHW_ws/install/learning_tf2_cpp/share/learning_tf2_cpp/environment/path.sh
[0.139s] -- Up-to-date: /media/dl/dlssd/Ubuntu/Hotpot/2024SeasonExam/2024_vision_secondtest/ROS2TF2andCpp_homework/ROSHW_ws/install/learning_tf2_cpp/share/learning_tf2_cpp/environment/path.dsv
[0.141s] -- Up-to-date: /media/dl/dlssd/Ubuntu/Hotpot/2024SeasonExam/2024_vision_secondtest/ROS2TF2andCpp_homework/ROSHW_ws/install/learning_tf2_cpp/share/learning_tf2_cpp/local_setup.bash
[0.143s] -- Up-to-date: /media/dl/dlssd/Ubuntu/Hotpot/2024SeasonExam/2024_vision_secondtest/ROS2TF2andCpp_homework/ROSHW_ws/install/learning_tf2_cpp/share/learning_tf2_cpp/local_setup.sh
[0.145s] -- Up-to-date: /media/dl/dlssd/Ubuntu/Hotpot/2024SeasonExam/2024_vision_secondtest/ROS2TF2andCpp_homework/ROSHW_ws/install/learning_tf2_cpp/share/learning_tf2_cpp/local_setup.zsh
[0.146s] -- Up-to-date: /media/dl/dlssd/Ubuntu/Hotpot/2024SeasonExam/2024_vision_secondtest/ROS2TF2andCpp_homework/ROSHW_ws/install/learning_tf2_cpp/share/learning_tf2_cpp/local_setup.dsv
[0.148s] -- Installing: /media/dl/dlssd/Ubuntu/Hotpot/2024SeasonExam/2024_vision_secondtest/ROS2TF2andCpp_homework/ROSHW_ws/install/learning_tf2_cpp/share/learning_tf2_cpp/package.dsv
[0.151s] -- Up-to-date: /media/dl/dlssd/Ubuntu/Hotpot/2024SeasonExam/2024_vision_secondtest/ROS2TF2andCpp_homework/ROSHW_ws/install/learning_tf2_cpp/share/ament_index/resource_index/packages/learning_tf2_cpp
[0.153s] -- Up-to-date: /media/dl/dlssd/Ubuntu/Hotpot/2024SeasonExam/2024_vision_secondtest/ROS2TF2andCpp_homework/ROSHW_ws/install/learning_tf2_cpp/share/learning_tf2_cpp/cmake/learning_tf2_cppConfig.cmake
[0.154s] -- Up-to-date: /media/dl/dlssd/Ubuntu/Hotpot/2024SeasonExam/2024_vision_secondtest/ROS2TF2andCpp_homework/ROSHW_ws/install/learning_tf2_cpp/share/learning_tf2_cpp/cmake/learning_tf2_cppConfig-version.cmake
[0.155s] -- Up-to-date: /media/dl/dlssd/Ubuntu/Hotpot/2024SeasonExam/2024_vision_secondtest/ROS2TF2andCpp_homework/ROSHW_ws/install/learning_tf2_cpp/share/learning_tf2_cpp/package.xml
[0.173s] Invoked command in '/media/dl/dlssd/Ubuntu/Hotpot/2024SeasonExam/2024_vision_secondtest/ROS2TF2andCpp_homework/ROSHW_ws/build/learning_tf2_cpp' returned '0': CMAKE_PREFIX_PATH=/opt/ros/humble /usr/bin/cmake --install /media/dl/dlssd/Ubuntu/Hotpot/2024SeasonExam/2024_vision_secondtest/ROS2TF2andCpp_homework/ROSHW_ws/build/learning_tf2_cpp
